[2024-12-05T12:35:40.127+0000] {local_task_job_runner.py:123} INFO - ::group::Pre task execution logs
[2024-12-05T12:35:40.139+0000] {taskinstance.py:2613} INFO - Dependencies all met for dep_context=non-requeueable deps ti=<TaskInstance: set_and_read_airflow_variable.set_variable manual__2024-12-05T12:35:39.361522+00:00 [queued]>
[2024-12-05T12:35:40.144+0000] {taskinstance.py:2613} INFO - Dependencies all met for dep_context=requeueable deps ti=<TaskInstance: set_and_read_airflow_variable.set_variable manual__2024-12-05T12:35:39.361522+00:00 [queued]>
[2024-12-05T12:35:40.144+0000] {taskinstance.py:2866} INFO - Starting attempt 1 of 1
[2024-12-05T12:35:40.151+0000] {taskinstance.py:2889} INFO - Executing <Task(PythonOperator): set_variable> on 2024-12-05 12:35:39.361522+00:00
[2024-12-05T12:35:40.154+0000] {warnings.py:112} WARNING - /home/***/.local/lib/python3.12/site-packages/***/task/task_runner/standard_task_runner.py:70: DeprecationWarning: This process (pid=438) is multi-threaded, use of fork() may lead to deadlocks in the child.
  pid = os.fork()

[2024-12-05T12:35:40.156+0000] {standard_task_runner.py:72} INFO - Started process 439 to run task
[2024-12-05T12:35:40.156+0000] {standard_task_runner.py:104} INFO - Running: ['***', 'tasks', 'run', 'set_and_read_***_variable', 'set_variable', 'manual__2024-12-05T12:35:39.361522+00:00', '--job-id', '5', '--raw', '--subdir', 'DAGS_FOLDER/Assignment-1_dags/Q3_dag.py', '--cfg-path', '/tmp/tmp5iuc_toq']
[2024-12-05T12:35:40.157+0000] {standard_task_runner.py:105} INFO - Job 5: Subtask set_variable
[2024-12-05T12:35:40.185+0000] {task_command.py:467} INFO - Running <TaskInstance: set_and_read_airflow_variable.set_variable manual__2024-12-05T12:35:39.361522+00:00 [running]> on host 7ddf45434502
[2024-12-05T12:35:40.222+0000] {taskinstance.py:3132} INFO - Exporting env vars: AIRFLOW_CTX_DAG_OWNER='***' AIRFLOW_CTX_DAG_ID='set_and_read_***_variable' AIRFLOW_CTX_TASK_ID='set_variable' AIRFLOW_CTX_EXECUTION_DATE='2024-12-05T12:35:39.361522+00:00' AIRFLOW_CTX_TRY_NUMBER='1' AIRFLOW_CTX_DAG_RUN_ID='manual__2024-12-05T12:35:39.361522+00:00'
[2024-12-05T12:35:40.222+0000] {taskinstance.py:731} INFO - ::endgroup::
[2024-12-05T12:35:40.233+0000] {crypto.py:82} WARNING - empty cryptography key - values will not be stored encrypted.
[2024-12-05T12:35:40.235+0000] {logging_mixin.py:190} INFO - Variable 'My_name' has been set.
[2024-12-05T12:35:40.236+0000] {python.py:240} INFO - Done. Returned value was: None
[2024-12-05T12:35:40.240+0000] {taskinstance.py:340} INFO - ::group::Post task execution logs
[2024-12-05T12:35:40.241+0000] {taskinstance.py:352} INFO - Marking task as SUCCESS. dag_id=set_and_read_***_variable, task_id=set_variable, run_id=manual__2024-12-05T12:35:39.361522+00:00, execution_date=20241205T123539, start_date=20241205T123540, end_date=20241205T123540
[2024-12-05T12:35:40.258+0000] {local_task_job_runner.py:266} INFO - Task exited with return code 0
[2024-12-05T12:35:40.269+0000] {taskinstance.py:3895} INFO - 1 downstream tasks scheduled from follow-on schedule check
[2024-12-05T12:35:40.270+0000] {local_task_job_runner.py:245} INFO - ::endgroup::
