[2024-12-13T01:15:57.057+0000] {processor.py:186} INFO - Started process (PID=16262) to work on /opt/airflow/dags/Assignment-1_dags/Q2_dag.py
[2024-12-13T01:15:57.058+0000] {processor.py:914} INFO - Processing file /opt/airflow/dags/Assignment-1_dags/Q2_dag.py for tasks to queue
[2024-12-13T01:15:57.059+0000] {logging_mixin.py:190} INFO - [2024-12-13T01:15:57.059+0000] {dagbag.py:588} INFO - Filling up the DagBag from /opt/airflow/dags/Assignment-1_dags/Q2_dag.py
[2024-12-13T01:15:57.064+0000] {processor.py:925} INFO - DAG(s) 'hello_airflow_demo' retrieved from /opt/airflow/dags/Assignment-1_dags/Q2_dag.py
[2024-12-13T01:15:57.075+0000] {logging_mixin.py:190} INFO - [2024-12-13T01:15:57.075+0000] {dag.py:3239} INFO - Sync 1 DAGs
[2024-12-13T01:15:57.081+0000] {logging_mixin.py:190} INFO - [2024-12-13T01:15:57.081+0000] {dag.py:4180} INFO - Setting next_dagrun for hello_airflow_demo to None, run_after=None
[2024-12-13T01:15:57.088+0000] {processor.py:208} INFO - Processing /opt/airflow/dags/Assignment-1_dags/Q2_dag.py took 0.037 seconds
[2024-12-13T02:37:47.876+0000] {processor.py:186} INFO - Started process (PID=16271) to work on /opt/airflow/dags/Assignment-1_dags/Q2_dag.py
[2024-12-13T02:37:47.876+0000] {processor.py:914} INFO - Processing file /opt/airflow/dags/Assignment-1_dags/Q2_dag.py for tasks to queue
[2024-12-13T02:37:47.877+0000] {logging_mixin.py:190} INFO - [2024-12-13T02:37:47.877+0000] {dagbag.py:588} INFO - Filling up the DagBag from /opt/airflow/dags/Assignment-1_dags/Q2_dag.py
[2024-12-13T02:37:47.882+0000] {processor.py:925} INFO - DAG(s) 'hello_airflow_demo' retrieved from /opt/airflow/dags/Assignment-1_dags/Q2_dag.py
[2024-12-13T02:37:47.895+0000] {logging_mixin.py:190} INFO - [2024-12-13T02:37:47.895+0000] {dag.py:3239} INFO - Sync 1 DAGs
[2024-12-13T02:37:47.901+0000] {logging_mixin.py:190} INFO - [2024-12-13T02:37:47.901+0000] {dag.py:4180} INFO - Setting next_dagrun for hello_airflow_demo to None, run_after=None
[2024-12-13T02:37:47.908+0000] {processor.py:208} INFO - Processing /opt/airflow/dags/Assignment-1_dags/Q2_dag.py took 0.037 seconds
[2024-12-13T04:18:48.218+0000] {processor.py:186} INFO - Started process (PID=16280) to work on /opt/airflow/dags/Assignment-1_dags/Q2_dag.py
[2024-12-13T04:18:48.219+0000] {processor.py:914} INFO - Processing file /opt/airflow/dags/Assignment-1_dags/Q2_dag.py for tasks to queue
[2024-12-13T04:18:48.220+0000] {logging_mixin.py:190} INFO - [2024-12-13T04:18:48.219+0000] {dagbag.py:588} INFO - Filling up the DagBag from /opt/airflow/dags/Assignment-1_dags/Q2_dag.py
[2024-12-13T04:18:48.224+0000] {processor.py:925} INFO - DAG(s) 'hello_airflow_demo' retrieved from /opt/airflow/dags/Assignment-1_dags/Q2_dag.py
[2024-12-13T04:18:48.237+0000] {logging_mixin.py:190} INFO - [2024-12-13T04:18:48.237+0000] {dag.py:3239} INFO - Sync 1 DAGs
[2024-12-13T04:18:48.243+0000] {logging_mixin.py:190} INFO - [2024-12-13T04:18:48.243+0000] {dag.py:4180} INFO - Setting next_dagrun for hello_airflow_demo to None, run_after=None
[2024-12-13T04:18:48.250+0000] {processor.py:208} INFO - Processing /opt/airflow/dags/Assignment-1_dags/Q2_dag.py took 0.034 seconds
[2024-12-13T04:19:18.712+0000] {processor.py:186} INFO - Started process (PID=16289) to work on /opt/airflow/dags/Assignment-1_dags/Q2_dag.py
[2024-12-13T04:19:18.713+0000] {processor.py:914} INFO - Processing file /opt/airflow/dags/Assignment-1_dags/Q2_dag.py for tasks to queue
[2024-12-13T04:19:18.714+0000] {logging_mixin.py:190} INFO - [2024-12-13T04:19:18.713+0000] {dagbag.py:588} INFO - Filling up the DagBag from /opt/airflow/dags/Assignment-1_dags/Q2_dag.py
[2024-12-13T04:19:18.718+0000] {processor.py:925} INFO - DAG(s) 'hello_airflow_demo' retrieved from /opt/airflow/dags/Assignment-1_dags/Q2_dag.py
[2024-12-13T04:19:18.731+0000] {logging_mixin.py:190} INFO - [2024-12-13T04:19:18.731+0000] {dag.py:3239} INFO - Sync 1 DAGs
[2024-12-13T04:19:18.737+0000] {logging_mixin.py:190} INFO - [2024-12-13T04:19:18.737+0000] {dag.py:4180} INFO - Setting next_dagrun for hello_airflow_demo to None, run_after=None
[2024-12-13T04:19:18.744+0000] {processor.py:208} INFO - Processing /opt/airflow/dags/Assignment-1_dags/Q2_dag.py took 0.035 seconds
[2024-12-13T04:19:49.209+0000] {processor.py:186} INFO - Started process (PID=16298) to work on /opt/airflow/dags/Assignment-1_dags/Q2_dag.py
[2024-12-13T04:19:49.210+0000] {processor.py:914} INFO - Processing file /opt/airflow/dags/Assignment-1_dags/Q2_dag.py for tasks to queue
[2024-12-13T04:19:49.211+0000] {logging_mixin.py:190} INFO - [2024-12-13T04:19:49.211+0000] {dagbag.py:588} INFO - Filling up the DagBag from /opt/airflow/dags/Assignment-1_dags/Q2_dag.py
[2024-12-13T04:19:49.215+0000] {processor.py:925} INFO - DAG(s) 'hello_airflow_demo' retrieved from /opt/airflow/dags/Assignment-1_dags/Q2_dag.py
[2024-12-13T04:19:49.227+0000] {logging_mixin.py:190} INFO - [2024-12-13T04:19:49.227+0000] {dag.py:3239} INFO - Sync 1 DAGs
[2024-12-13T04:19:49.233+0000] {logging_mixin.py:190} INFO - [2024-12-13T04:19:49.233+0000] {dag.py:4180} INFO - Setting next_dagrun for hello_airflow_demo to None, run_after=None
[2024-12-13T04:19:49.240+0000] {processor.py:208} INFO - Processing /opt/airflow/dags/Assignment-1_dags/Q2_dag.py took 0.034 seconds
[2024-12-13T04:35:44.548+0000] {processor.py:186} INFO - Started process (PID=16307) to work on /opt/airflow/dags/Assignment-1_dags/Q2_dag.py
[2024-12-13T04:35:44.549+0000] {processor.py:914} INFO - Processing file /opt/airflow/dags/Assignment-1_dags/Q2_dag.py for tasks to queue
[2024-12-13T04:35:44.550+0000] {logging_mixin.py:190} INFO - [2024-12-13T04:35:44.550+0000] {dagbag.py:588} INFO - Filling up the DagBag from /opt/airflow/dags/Assignment-1_dags/Q2_dag.py
[2024-12-13T04:35:44.556+0000] {processor.py:925} INFO - DAG(s) 'hello_airflow_demo' retrieved from /opt/airflow/dags/Assignment-1_dags/Q2_dag.py
[2024-12-13T04:35:44.568+0000] {logging_mixin.py:190} INFO - [2024-12-13T04:35:44.568+0000] {dag.py:3239} INFO - Sync 1 DAGs
[2024-12-13T04:35:44.574+0000] {logging_mixin.py:190} INFO - [2024-12-13T04:35:44.574+0000] {dag.py:4180} INFO - Setting next_dagrun for hello_airflow_demo to None, run_after=None
[2024-12-13T04:35:44.583+0000] {processor.py:208} INFO - Processing /opt/airflow/dags/Assignment-1_dags/Q2_dag.py took 0.041 seconds
[2024-12-13T05:29:57.315+0000] {processor.py:186} INFO - Started process (PID=16316) to work on /opt/airflow/dags/Assignment-1_dags/Q2_dag.py
[2024-12-13T05:29:57.316+0000] {processor.py:914} INFO - Processing file /opt/airflow/dags/Assignment-1_dags/Q2_dag.py for tasks to queue
[2024-12-13T05:29:57.317+0000] {logging_mixin.py:190} INFO - [2024-12-13T05:29:57.317+0000] {dagbag.py:588} INFO - Filling up the DagBag from /opt/airflow/dags/Assignment-1_dags/Q2_dag.py
[2024-12-13T05:29:57.323+0000] {processor.py:925} INFO - DAG(s) 'hello_airflow_demo' retrieved from /opt/airflow/dags/Assignment-1_dags/Q2_dag.py
[2024-12-13T05:29:57.336+0000] {logging_mixin.py:190} INFO - [2024-12-13T05:29:57.336+0000] {dag.py:3239} INFO - Sync 1 DAGs
[2024-12-13T05:29:57.343+0000] {logging_mixin.py:190} INFO - [2024-12-13T05:29:57.343+0000] {dag.py:4180} INFO - Setting next_dagrun for hello_airflow_demo to None, run_after=None
[2024-12-13T05:29:57.350+0000] {processor.py:208} INFO - Processing /opt/airflow/dags/Assignment-1_dags/Q2_dag.py took 0.040 seconds
[2024-12-13T07:11:37.678+0000] {processor.py:186} INFO - Started process (PID=16325) to work on /opt/airflow/dags/Assignment-1_dags/Q2_dag.py
[2024-12-13T07:11:37.678+0000] {processor.py:914} INFO - Processing file /opt/airflow/dags/Assignment-1_dags/Q2_dag.py for tasks to queue
[2024-12-13T07:11:37.679+0000] {logging_mixin.py:190} INFO - [2024-12-13T07:11:37.679+0000] {dagbag.py:588} INFO - Filling up the DagBag from /opt/airflow/dags/Assignment-1_dags/Q2_dag.py
[2024-12-13T07:11:37.684+0000] {processor.py:925} INFO - DAG(s) 'hello_airflow_demo' retrieved from /opt/airflow/dags/Assignment-1_dags/Q2_dag.py
[2024-12-13T07:11:37.696+0000] {logging_mixin.py:190} INFO - [2024-12-13T07:11:37.696+0000] {dag.py:3239} INFO - Sync 1 DAGs
[2024-12-13T07:11:37.702+0000] {logging_mixin.py:190} INFO - [2024-12-13T07:11:37.702+0000] {dag.py:4180} INFO - Setting next_dagrun for hello_airflow_demo to None, run_after=None
[2024-12-13T07:11:37.709+0000] {processor.py:208} INFO - Processing /opt/airflow/dags/Assignment-1_dags/Q2_dag.py took 0.035 seconds
[2024-12-13T08:34:07.539+0000] {processor.py:186} INFO - Started process (PID=16334) to work on /opt/airflow/dags/Assignment-1_dags/Q2_dag.py
[2024-12-13T08:34:07.540+0000] {processor.py:914} INFO - Processing file /opt/airflow/dags/Assignment-1_dags/Q2_dag.py for tasks to queue
[2024-12-13T08:34:07.541+0000] {logging_mixin.py:190} INFO - [2024-12-13T08:34:07.541+0000] {dagbag.py:588} INFO - Filling up the DagBag from /opt/airflow/dags/Assignment-1_dags/Q2_dag.py
[2024-12-13T08:34:07.546+0000] {processor.py:925} INFO - DAG(s) 'hello_airflow_demo' retrieved from /opt/airflow/dags/Assignment-1_dags/Q2_dag.py
[2024-12-13T08:34:07.558+0000] {logging_mixin.py:190} INFO - [2024-12-13T08:34:07.557+0000] {dag.py:3239} INFO - Sync 1 DAGs
[2024-12-13T08:34:07.563+0000] {logging_mixin.py:190} INFO - [2024-12-13T08:34:07.563+0000] {dag.py:4180} INFO - Setting next_dagrun for hello_airflow_demo to None, run_after=None
[2024-12-13T08:34:07.571+0000] {processor.py:208} INFO - Processing /opt/airflow/dags/Assignment-1_dags/Q2_dag.py took 0.034 seconds
[2024-12-13T09:03:40.250+0000] {processor.py:186} INFO - Started process (PID=16343) to work on /opt/airflow/dags/Assignment-1_dags/Q2_dag.py
[2024-12-13T09:03:40.251+0000] {processor.py:914} INFO - Processing file /opt/airflow/dags/Assignment-1_dags/Q2_dag.py for tasks to queue
[2024-12-13T09:03:40.252+0000] {logging_mixin.py:190} INFO - [2024-12-13T09:03:40.252+0000] {dagbag.py:588} INFO - Filling up the DagBag from /opt/airflow/dags/Assignment-1_dags/Q2_dag.py
[2024-12-13T09:03:40.257+0000] {processor.py:925} INFO - DAG(s) 'hello_airflow_demo' retrieved from /opt/airflow/dags/Assignment-1_dags/Q2_dag.py
[2024-12-13T09:03:40.271+0000] {logging_mixin.py:190} INFO - [2024-12-13T09:03:40.270+0000] {dag.py:3239} INFO - Sync 1 DAGs
[2024-12-13T09:03:40.277+0000] {logging_mixin.py:190} INFO - [2024-12-13T09:03:40.277+0000] {dag.py:4180} INFO - Setting next_dagrun for hello_airflow_demo to None, run_after=None
[2024-12-13T09:03:40.285+0000] {processor.py:208} INFO - Processing /opt/airflow/dags/Assignment-1_dags/Q2_dag.py took 0.037 seconds
[2024-12-13T09:04:10.940+0000] {processor.py:186} INFO - Started process (PID=16352) to work on /opt/airflow/dags/Assignment-1_dags/Q2_dag.py
[2024-12-13T09:04:10.943+0000] {processor.py:914} INFO - Processing file /opt/airflow/dags/Assignment-1_dags/Q2_dag.py for tasks to queue
[2024-12-13T09:04:10.950+0000] {logging_mixin.py:190} INFO - [2024-12-13T09:04:10.949+0000] {dagbag.py:588} INFO - Filling up the DagBag from /opt/airflow/dags/Assignment-1_dags/Q2_dag.py
[2024-12-13T09:04:10.968+0000] {processor.py:925} INFO - DAG(s) 'hello_airflow_demo' retrieved from /opt/airflow/dags/Assignment-1_dags/Q2_dag.py
[2024-12-13T09:04:11.036+0000] {logging_mixin.py:190} INFO - [2024-12-13T09:04:11.036+0000] {dag.py:3239} INFO - Sync 1 DAGs
[2024-12-13T09:04:11.053+0000] {logging_mixin.py:190} INFO - [2024-12-13T09:04:11.052+0000] {dag.py:4180} INFO - Setting next_dagrun for hello_airflow_demo to None, run_after=None
[2024-12-13T09:04:11.074+0000] {processor.py:208} INFO - Processing /opt/airflow/dags/Assignment-1_dags/Q2_dag.py took 0.145 seconds
[2024-12-13T09:04:41.379+0000] {processor.py:186} INFO - Started process (PID=16361) to work on /opt/airflow/dags/Assignment-1_dags/Q2_dag.py
[2024-12-13T09:04:41.380+0000] {processor.py:914} INFO - Processing file /opt/airflow/dags/Assignment-1_dags/Q2_dag.py for tasks to queue
[2024-12-13T09:04:41.382+0000] {logging_mixin.py:190} INFO - [2024-12-13T09:04:41.382+0000] {dagbag.py:588} INFO - Filling up the DagBag from /opt/airflow/dags/Assignment-1_dags/Q2_dag.py
[2024-12-13T09:04:41.391+0000] {processor.py:925} INFO - DAG(s) 'hello_airflow_demo' retrieved from /opt/airflow/dags/Assignment-1_dags/Q2_dag.py
[2024-12-13T09:04:41.415+0000] {logging_mixin.py:190} INFO - [2024-12-13T09:04:41.415+0000] {dag.py:3239} INFO - Sync 1 DAGs
[2024-12-13T09:04:41.423+0000] {logging_mixin.py:190} INFO - [2024-12-13T09:04:41.423+0000] {dag.py:4180} INFO - Setting next_dagrun for hello_airflow_demo to None, run_after=None
[2024-12-13T09:04:41.431+0000] {processor.py:208} INFO - Processing /opt/airflow/dags/Assignment-1_dags/Q2_dag.py took 0.060 seconds
[2024-12-13T09:05:11.865+0000] {processor.py:186} INFO - Started process (PID=16370) to work on /opt/airflow/dags/Assignment-1_dags/Q2_dag.py
[2024-12-13T09:05:11.865+0000] {processor.py:914} INFO - Processing file /opt/airflow/dags/Assignment-1_dags/Q2_dag.py for tasks to queue
[2024-12-13T09:05:11.867+0000] {logging_mixin.py:190} INFO - [2024-12-13T09:05:11.867+0000] {dagbag.py:588} INFO - Filling up the DagBag from /opt/airflow/dags/Assignment-1_dags/Q2_dag.py
[2024-12-13T09:05:11.871+0000] {processor.py:925} INFO - DAG(s) 'hello_airflow_demo' retrieved from /opt/airflow/dags/Assignment-1_dags/Q2_dag.py
[2024-12-13T09:05:11.883+0000] {logging_mixin.py:190} INFO - [2024-12-13T09:05:11.883+0000] {dag.py:3239} INFO - Sync 1 DAGs
[2024-12-13T09:05:11.890+0000] {logging_mixin.py:190} INFO - [2024-12-13T09:05:11.890+0000] {dag.py:4180} INFO - Setting next_dagrun for hello_airflow_demo to None, run_after=None
[2024-12-13T09:05:11.901+0000] {processor.py:208} INFO - Processing /opt/airflow/dags/Assignment-1_dags/Q2_dag.py took 0.041 seconds
[2024-12-13T09:05:42.360+0000] {processor.py:186} INFO - Started process (PID=16379) to work on /opt/airflow/dags/Assignment-1_dags/Q2_dag.py
[2024-12-13T09:05:42.365+0000] {processor.py:914} INFO - Processing file /opt/airflow/dags/Assignment-1_dags/Q2_dag.py for tasks to queue
[2024-12-13T09:05:42.368+0000] {logging_mixin.py:190} INFO - [2024-12-13T09:05:42.368+0000] {dagbag.py:588} INFO - Filling up the DagBag from /opt/airflow/dags/Assignment-1_dags/Q2_dag.py
[2024-12-13T09:05:42.377+0000] {processor.py:925} INFO - DAG(s) 'hello_airflow_demo' retrieved from /opt/airflow/dags/Assignment-1_dags/Q2_dag.py
[2024-12-13T09:05:42.393+0000] {logging_mixin.py:190} INFO - [2024-12-13T09:05:42.393+0000] {dag.py:3239} INFO - Sync 1 DAGs
[2024-12-13T09:05:42.400+0000] {logging_mixin.py:190} INFO - [2024-12-13T09:05:42.400+0000] {dag.py:4180} INFO - Setting next_dagrun for hello_airflow_demo to None, run_after=None
[2024-12-13T09:05:42.408+0000] {processor.py:208} INFO - Processing /opt/airflow/dags/Assignment-1_dags/Q2_dag.py took 0.055 seconds
[2024-12-13T09:06:12.829+0000] {processor.py:186} INFO - Started process (PID=16388) to work on /opt/airflow/dags/Assignment-1_dags/Q2_dag.py
[2024-12-13T09:06:12.830+0000] {processor.py:914} INFO - Processing file /opt/airflow/dags/Assignment-1_dags/Q2_dag.py for tasks to queue
[2024-12-13T09:06:12.832+0000] {logging_mixin.py:190} INFO - [2024-12-13T09:06:12.832+0000] {dagbag.py:588} INFO - Filling up the DagBag from /opt/airflow/dags/Assignment-1_dags/Q2_dag.py
[2024-12-13T09:06:12.837+0000] {processor.py:925} INFO - DAG(s) 'hello_airflow_demo' retrieved from /opt/airflow/dags/Assignment-1_dags/Q2_dag.py
[2024-12-13T09:06:12.852+0000] {logging_mixin.py:190} INFO - [2024-12-13T09:06:12.851+0000] {dag.py:3239} INFO - Sync 1 DAGs
[2024-12-13T09:06:12.859+0000] {logging_mixin.py:190} INFO - [2024-12-13T09:06:12.859+0000] {dag.py:4180} INFO - Setting next_dagrun for hello_airflow_demo to None, run_after=None
[2024-12-13T09:06:12.867+0000] {processor.py:208} INFO - Processing /opt/airflow/dags/Assignment-1_dags/Q2_dag.py took 0.042 seconds
[2024-12-13T09:06:43.360+0000] {processor.py:186} INFO - Started process (PID=16397) to work on /opt/airflow/dags/Assignment-1_dags/Q2_dag.py
[2024-12-13T09:06:43.361+0000] {processor.py:914} INFO - Processing file /opt/airflow/dags/Assignment-1_dags/Q2_dag.py for tasks to queue
[2024-12-13T09:06:43.362+0000] {logging_mixin.py:190} INFO - [2024-12-13T09:06:43.362+0000] {dagbag.py:588} INFO - Filling up the DagBag from /opt/airflow/dags/Assignment-1_dags/Q2_dag.py
[2024-12-13T09:06:43.368+0000] {processor.py:925} INFO - DAG(s) 'hello_airflow_demo' retrieved from /opt/airflow/dags/Assignment-1_dags/Q2_dag.py
[2024-12-13T09:06:43.384+0000] {logging_mixin.py:190} INFO - [2024-12-13T09:06:43.384+0000] {dag.py:3239} INFO - Sync 1 DAGs
[2024-12-13T09:06:43.391+0000] {logging_mixin.py:190} INFO - [2024-12-13T09:06:43.391+0000] {dag.py:4180} INFO - Setting next_dagrun for hello_airflow_demo to None, run_after=None
[2024-12-13T09:06:43.400+0000] {processor.py:208} INFO - Processing /opt/airflow/dags/Assignment-1_dags/Q2_dag.py took 0.046 seconds
[2024-12-13T09:07:13.784+0000] {processor.py:186} INFO - Started process (PID=16406) to work on /opt/airflow/dags/Assignment-1_dags/Q2_dag.py
[2024-12-13T09:07:13.784+0000] {processor.py:914} INFO - Processing file /opt/airflow/dags/Assignment-1_dags/Q2_dag.py for tasks to queue
[2024-12-13T09:07:13.786+0000] {logging_mixin.py:190} INFO - [2024-12-13T09:07:13.785+0000] {dagbag.py:588} INFO - Filling up the DagBag from /opt/airflow/dags/Assignment-1_dags/Q2_dag.py
[2024-12-13T09:07:13.790+0000] {processor.py:925} INFO - DAG(s) 'hello_airflow_demo' retrieved from /opt/airflow/dags/Assignment-1_dags/Q2_dag.py
[2024-12-13T09:07:13.803+0000] {logging_mixin.py:190} INFO - [2024-12-13T09:07:13.802+0000] {dag.py:3239} INFO - Sync 1 DAGs
[2024-12-13T09:07:13.809+0000] {logging_mixin.py:190} INFO - [2024-12-13T09:07:13.809+0000] {dag.py:4180} INFO - Setting next_dagrun for hello_airflow_demo to None, run_after=None
[2024-12-13T09:07:13.816+0000] {processor.py:208} INFO - Processing /opt/airflow/dags/Assignment-1_dags/Q2_dag.py took 0.036 seconds
[2024-12-13T09:07:44.179+0000] {processor.py:186} INFO - Started process (PID=16415) to work on /opt/airflow/dags/Assignment-1_dags/Q2_dag.py
[2024-12-13T09:07:44.179+0000] {processor.py:914} INFO - Processing file /opt/airflow/dags/Assignment-1_dags/Q2_dag.py for tasks to queue
[2024-12-13T09:07:44.181+0000] {logging_mixin.py:190} INFO - [2024-12-13T09:07:44.180+0000] {dagbag.py:588} INFO - Filling up the DagBag from /opt/airflow/dags/Assignment-1_dags/Q2_dag.py
[2024-12-13T09:07:44.185+0000] {processor.py:925} INFO - DAG(s) 'hello_airflow_demo' retrieved from /opt/airflow/dags/Assignment-1_dags/Q2_dag.py
[2024-12-13T09:07:44.198+0000] {logging_mixin.py:190} INFO - [2024-12-13T09:07:44.198+0000] {dag.py:3239} INFO - Sync 1 DAGs
[2024-12-13T09:07:44.204+0000] {logging_mixin.py:190} INFO - [2024-12-13T09:07:44.204+0000] {dag.py:4180} INFO - Setting next_dagrun for hello_airflow_demo to None, run_after=None
[2024-12-13T09:07:44.212+0000] {processor.py:208} INFO - Processing /opt/airflow/dags/Assignment-1_dags/Q2_dag.py took 0.037 seconds
[2024-12-13T09:08:14.593+0000] {processor.py:186} INFO - Started process (PID=16424) to work on /opt/airflow/dags/Assignment-1_dags/Q2_dag.py
[2024-12-13T09:08:14.594+0000] {processor.py:914} INFO - Processing file /opt/airflow/dags/Assignment-1_dags/Q2_dag.py for tasks to queue
[2024-12-13T09:08:14.595+0000] {logging_mixin.py:190} INFO - [2024-12-13T09:08:14.594+0000] {dagbag.py:588} INFO - Filling up the DagBag from /opt/airflow/dags/Assignment-1_dags/Q2_dag.py
[2024-12-13T09:08:14.599+0000] {processor.py:925} INFO - DAG(s) 'hello_airflow_demo' retrieved from /opt/airflow/dags/Assignment-1_dags/Q2_dag.py
[2024-12-13T09:08:14.611+0000] {logging_mixin.py:190} INFO - [2024-12-13T09:08:14.611+0000] {dag.py:3239} INFO - Sync 1 DAGs
[2024-12-13T09:08:14.617+0000] {logging_mixin.py:190} INFO - [2024-12-13T09:08:14.617+0000] {dag.py:4180} INFO - Setting next_dagrun for hello_airflow_demo to None, run_after=None
[2024-12-13T09:08:14.624+0000] {processor.py:208} INFO - Processing /opt/airflow/dags/Assignment-1_dags/Q2_dag.py took 0.034 seconds
[2024-12-13T09:08:45.048+0000] {processor.py:186} INFO - Started process (PID=16433) to work on /opt/airflow/dags/Assignment-1_dags/Q2_dag.py
[2024-12-13T09:08:45.049+0000] {processor.py:914} INFO - Processing file /opt/airflow/dags/Assignment-1_dags/Q2_dag.py for tasks to queue
[2024-12-13T09:08:45.050+0000] {logging_mixin.py:190} INFO - [2024-12-13T09:08:45.050+0000] {dagbag.py:588} INFO - Filling up the DagBag from /opt/airflow/dags/Assignment-1_dags/Q2_dag.py
[2024-12-13T09:08:45.054+0000] {processor.py:925} INFO - DAG(s) 'hello_airflow_demo' retrieved from /opt/airflow/dags/Assignment-1_dags/Q2_dag.py
[2024-12-13T09:08:45.066+0000] {logging_mixin.py:190} INFO - [2024-12-13T09:08:45.066+0000] {dag.py:3239} INFO - Sync 1 DAGs
[2024-12-13T09:08:45.072+0000] {logging_mixin.py:190} INFO - [2024-12-13T09:08:45.072+0000] {dag.py:4180} INFO - Setting next_dagrun for hello_airflow_demo to None, run_after=None
[2024-12-13T09:08:45.079+0000] {processor.py:208} INFO - Processing /opt/airflow/dags/Assignment-1_dags/Q2_dag.py took 0.035 seconds
[2024-12-13T09:09:15.466+0000] {processor.py:186} INFO - Started process (PID=16442) to work on /opt/airflow/dags/Assignment-1_dags/Q2_dag.py
[2024-12-13T09:09:15.466+0000] {processor.py:914} INFO - Processing file /opt/airflow/dags/Assignment-1_dags/Q2_dag.py for tasks to queue
[2024-12-13T09:09:15.467+0000] {logging_mixin.py:190} INFO - [2024-12-13T09:09:15.467+0000] {dagbag.py:588} INFO - Filling up the DagBag from /opt/airflow/dags/Assignment-1_dags/Q2_dag.py
[2024-12-13T09:09:15.471+0000] {processor.py:925} INFO - DAG(s) 'hello_airflow_demo' retrieved from /opt/airflow/dags/Assignment-1_dags/Q2_dag.py
[2024-12-13T09:09:15.484+0000] {logging_mixin.py:190} INFO - [2024-12-13T09:09:15.483+0000] {dag.py:3239} INFO - Sync 1 DAGs
[2024-12-13T09:09:15.489+0000] {logging_mixin.py:190} INFO - [2024-12-13T09:09:15.489+0000] {dag.py:4180} INFO - Setting next_dagrun for hello_airflow_demo to None, run_after=None
[2024-12-13T09:09:15.497+0000] {processor.py:208} INFO - Processing /opt/airflow/dags/Assignment-1_dags/Q2_dag.py took 0.034 seconds
[2024-12-13T09:09:45.894+0000] {processor.py:186} INFO - Started process (PID=16451) to work on /opt/airflow/dags/Assignment-1_dags/Q2_dag.py
[2024-12-13T09:09:45.894+0000] {processor.py:914} INFO - Processing file /opt/airflow/dags/Assignment-1_dags/Q2_dag.py for tasks to queue
[2024-12-13T09:09:45.895+0000] {logging_mixin.py:190} INFO - [2024-12-13T09:09:45.895+0000] {dagbag.py:588} INFO - Filling up the DagBag from /opt/airflow/dags/Assignment-1_dags/Q2_dag.py
[2024-12-13T09:09:45.900+0000] {processor.py:925} INFO - DAG(s) 'hello_airflow_demo' retrieved from /opt/airflow/dags/Assignment-1_dags/Q2_dag.py
[2024-12-13T09:09:45.911+0000] {logging_mixin.py:190} INFO - [2024-12-13T09:09:45.911+0000] {dag.py:3239} INFO - Sync 1 DAGs
[2024-12-13T09:09:45.917+0000] {logging_mixin.py:190} INFO - [2024-12-13T09:09:45.917+0000] {dag.py:4180} INFO - Setting next_dagrun for hello_airflow_demo to None, run_after=None
[2024-12-13T09:09:45.924+0000] {processor.py:208} INFO - Processing /opt/airflow/dags/Assignment-1_dags/Q2_dag.py took 0.035 seconds
[2024-12-13T09:10:16.343+0000] {processor.py:186} INFO - Started process (PID=16460) to work on /opt/airflow/dags/Assignment-1_dags/Q2_dag.py
[2024-12-13T09:10:16.343+0000] {processor.py:914} INFO - Processing file /opt/airflow/dags/Assignment-1_dags/Q2_dag.py for tasks to queue
[2024-12-13T09:10:16.344+0000] {logging_mixin.py:190} INFO - [2024-12-13T09:10:16.344+0000] {dagbag.py:588} INFO - Filling up the DagBag from /opt/airflow/dags/Assignment-1_dags/Q2_dag.py
[2024-12-13T09:10:16.349+0000] {processor.py:925} INFO - DAG(s) 'hello_airflow_demo' retrieved from /opt/airflow/dags/Assignment-1_dags/Q2_dag.py
[2024-12-13T09:10:16.361+0000] {logging_mixin.py:190} INFO - [2024-12-13T09:10:16.361+0000] {dag.py:3239} INFO - Sync 1 DAGs
[2024-12-13T09:10:16.368+0000] {logging_mixin.py:190} INFO - [2024-12-13T09:10:16.368+0000] {dag.py:4180} INFO - Setting next_dagrun for hello_airflow_demo to None, run_after=None
[2024-12-13T09:10:16.375+0000] {processor.py:208} INFO - Processing /opt/airflow/dags/Assignment-1_dags/Q2_dag.py took 0.035 seconds
[2024-12-13T09:12:28.681+0000] {processor.py:186} INFO - Started process (PID=16469) to work on /opt/airflow/dags/Assignment-1_dags/Q2_dag.py
[2024-12-13T09:12:28.682+0000] {processor.py:914} INFO - Processing file /opt/airflow/dags/Assignment-1_dags/Q2_dag.py for tasks to queue
[2024-12-13T09:12:28.683+0000] {logging_mixin.py:190} INFO - [2024-12-13T09:12:28.683+0000] {dagbag.py:588} INFO - Filling up the DagBag from /opt/airflow/dags/Assignment-1_dags/Q2_dag.py
[2024-12-13T09:12:28.689+0000] {processor.py:925} INFO - DAG(s) 'hello_airflow_demo' retrieved from /opt/airflow/dags/Assignment-1_dags/Q2_dag.py
[2024-12-13T09:12:28.703+0000] {logging_mixin.py:190} INFO - [2024-12-13T09:12:28.703+0000] {dag.py:3239} INFO - Sync 1 DAGs
[2024-12-13T09:12:28.709+0000] {logging_mixin.py:190} INFO - [2024-12-13T09:12:28.709+0000] {dag.py:4180} INFO - Setting next_dagrun for hello_airflow_demo to None, run_after=None
[2024-12-13T09:12:28.717+0000] {processor.py:208} INFO - Processing /opt/airflow/dags/Assignment-1_dags/Q2_dag.py took 0.039 seconds
[2024-12-13T09:12:59.142+0000] {processor.py:186} INFO - Started process (PID=16478) to work on /opt/airflow/dags/Assignment-1_dags/Q2_dag.py
[2024-12-13T09:12:59.143+0000] {processor.py:914} INFO - Processing file /opt/airflow/dags/Assignment-1_dags/Q2_dag.py for tasks to queue
[2024-12-13T09:12:59.144+0000] {logging_mixin.py:190} INFO - [2024-12-13T09:12:59.144+0000] {dagbag.py:588} INFO - Filling up the DagBag from /opt/airflow/dags/Assignment-1_dags/Q2_dag.py
[2024-12-13T09:12:59.148+0000] {processor.py:925} INFO - DAG(s) 'hello_airflow_demo' retrieved from /opt/airflow/dags/Assignment-1_dags/Q2_dag.py
[2024-12-13T09:12:59.160+0000] {logging_mixin.py:190} INFO - [2024-12-13T09:12:59.160+0000] {dag.py:3239} INFO - Sync 1 DAGs
[2024-12-13T09:12:59.166+0000] {logging_mixin.py:190} INFO - [2024-12-13T09:12:59.166+0000] {dag.py:4180} INFO - Setting next_dagrun for hello_airflow_demo to None, run_after=None
[2024-12-13T09:12:59.173+0000] {processor.py:208} INFO - Processing /opt/airflow/dags/Assignment-1_dags/Q2_dag.py took 0.034 seconds
[2024-12-13T09:13:29.527+0000] {processor.py:186} INFO - Started process (PID=16487) to work on /opt/airflow/dags/Assignment-1_dags/Q2_dag.py
[2024-12-13T09:13:29.528+0000] {processor.py:914} INFO - Processing file /opt/airflow/dags/Assignment-1_dags/Q2_dag.py for tasks to queue
[2024-12-13T09:13:29.529+0000] {logging_mixin.py:190} INFO - [2024-12-13T09:13:29.529+0000] {dagbag.py:588} INFO - Filling up the DagBag from /opt/airflow/dags/Assignment-1_dags/Q2_dag.py
[2024-12-13T09:13:29.534+0000] {processor.py:925} INFO - DAG(s) 'hello_airflow_demo' retrieved from /opt/airflow/dags/Assignment-1_dags/Q2_dag.py
[2024-12-13T09:13:29.545+0000] {logging_mixin.py:190} INFO - [2024-12-13T09:13:29.545+0000] {dag.py:3239} INFO - Sync 1 DAGs
[2024-12-13T09:13:29.551+0000] {logging_mixin.py:190} INFO - [2024-12-13T09:13:29.551+0000] {dag.py:4180} INFO - Setting next_dagrun for hello_airflow_demo to None, run_after=None
[2024-12-13T09:13:29.558+0000] {processor.py:208} INFO - Processing /opt/airflow/dags/Assignment-1_dags/Q2_dag.py took 0.034 seconds
[2024-12-13T09:13:59.938+0000] {processor.py:186} INFO - Started process (PID=16496) to work on /opt/airflow/dags/Assignment-1_dags/Q2_dag.py
[2024-12-13T09:13:59.939+0000] {processor.py:914} INFO - Processing file /opt/airflow/dags/Assignment-1_dags/Q2_dag.py for tasks to queue
[2024-12-13T09:13:59.940+0000] {logging_mixin.py:190} INFO - [2024-12-13T09:13:59.940+0000] {dagbag.py:588} INFO - Filling up the DagBag from /opt/airflow/dags/Assignment-1_dags/Q2_dag.py
[2024-12-13T09:13:59.944+0000] {processor.py:925} INFO - DAG(s) 'hello_airflow_demo' retrieved from /opt/airflow/dags/Assignment-1_dags/Q2_dag.py
[2024-12-13T09:13:59.956+0000] {logging_mixin.py:190} INFO - [2024-12-13T09:13:59.956+0000] {dag.py:3239} INFO - Sync 1 DAGs
[2024-12-13T09:13:59.962+0000] {logging_mixin.py:190} INFO - [2024-12-13T09:13:59.962+0000] {dag.py:4180} INFO - Setting next_dagrun for hello_airflow_demo to None, run_after=None
[2024-12-13T09:13:59.969+0000] {processor.py:208} INFO - Processing /opt/airflow/dags/Assignment-1_dags/Q2_dag.py took 0.034 seconds
[2024-12-13T09:14:30.289+0000] {processor.py:186} INFO - Started process (PID=16505) to work on /opt/airflow/dags/Assignment-1_dags/Q2_dag.py
[2024-12-13T09:14:30.289+0000] {processor.py:914} INFO - Processing file /opt/airflow/dags/Assignment-1_dags/Q2_dag.py for tasks to queue
[2024-12-13T09:14:30.291+0000] {logging_mixin.py:190} INFO - [2024-12-13T09:14:30.291+0000] {dagbag.py:588} INFO - Filling up the DagBag from /opt/airflow/dags/Assignment-1_dags/Q2_dag.py
[2024-12-13T09:14:30.295+0000] {processor.py:925} INFO - DAG(s) 'hello_airflow_demo' retrieved from /opt/airflow/dags/Assignment-1_dags/Q2_dag.py
[2024-12-13T09:14:30.307+0000] {logging_mixin.py:190} INFO - [2024-12-13T09:14:30.307+0000] {dag.py:3239} INFO - Sync 1 DAGs
[2024-12-13T09:14:30.313+0000] {logging_mixin.py:190} INFO - [2024-12-13T09:14:30.313+0000] {dag.py:4180} INFO - Setting next_dagrun for hello_airflow_demo to None, run_after=None
[2024-12-13T09:14:30.320+0000] {processor.py:208} INFO - Processing /opt/airflow/dags/Assignment-1_dags/Q2_dag.py took 0.034 seconds
[2024-12-13T09:15:00.656+0000] {processor.py:186} INFO - Started process (PID=16514) to work on /opt/airflow/dags/Assignment-1_dags/Q2_dag.py
[2024-12-13T09:15:00.657+0000] {processor.py:914} INFO - Processing file /opt/airflow/dags/Assignment-1_dags/Q2_dag.py for tasks to queue
[2024-12-13T09:15:00.659+0000] {logging_mixin.py:190} INFO - [2024-12-13T09:15:00.659+0000] {dagbag.py:588} INFO - Filling up the DagBag from /opt/airflow/dags/Assignment-1_dags/Q2_dag.py
[2024-12-13T09:15:00.663+0000] {processor.py:925} INFO - DAG(s) 'hello_airflow_demo' retrieved from /opt/airflow/dags/Assignment-1_dags/Q2_dag.py
[2024-12-13T09:15:00.677+0000] {logging_mixin.py:190} INFO - [2024-12-13T09:15:00.677+0000] {dag.py:3239} INFO - Sync 1 DAGs
[2024-12-13T09:15:00.684+0000] {logging_mixin.py:190} INFO - [2024-12-13T09:15:00.684+0000] {dag.py:4180} INFO - Setting next_dagrun for hello_airflow_demo to None, run_after=None
[2024-12-13T09:15:00.693+0000] {processor.py:208} INFO - Processing /opt/airflow/dags/Assignment-1_dags/Q2_dag.py took 0.040 seconds
[2024-12-13T09:18:23.970+0000] {processor.py:186} INFO - Started process (PID=16523) to work on /opt/airflow/dags/Assignment-1_dags/Q2_dag.py
[2024-12-13T09:18:23.971+0000] {processor.py:914} INFO - Processing file /opt/airflow/dags/Assignment-1_dags/Q2_dag.py for tasks to queue
[2024-12-13T09:18:23.972+0000] {logging_mixin.py:190} INFO - [2024-12-13T09:18:23.972+0000] {dagbag.py:588} INFO - Filling up the DagBag from /opt/airflow/dags/Assignment-1_dags/Q2_dag.py
[2024-12-13T09:18:23.977+0000] {processor.py:925} INFO - DAG(s) 'hello_airflow_demo' retrieved from /opt/airflow/dags/Assignment-1_dags/Q2_dag.py
[2024-12-13T09:18:23.991+0000] {logging_mixin.py:190} INFO - [2024-12-13T09:18:23.990+0000] {dag.py:3239} INFO - Sync 1 DAGs
[2024-12-13T09:18:23.997+0000] {logging_mixin.py:190} INFO - [2024-12-13T09:18:23.997+0000] {dag.py:4180} INFO - Setting next_dagrun for hello_airflow_demo to None, run_after=None
[2024-12-13T09:18:24.005+0000] {processor.py:208} INFO - Processing /opt/airflow/dags/Assignment-1_dags/Q2_dag.py took 0.038 seconds
[2024-12-13T09:18:54.379+0000] {processor.py:186} INFO - Started process (PID=16532) to work on /opt/airflow/dags/Assignment-1_dags/Q2_dag.py
[2024-12-13T09:18:54.380+0000] {processor.py:914} INFO - Processing file /opt/airflow/dags/Assignment-1_dags/Q2_dag.py for tasks to queue
[2024-12-13T09:18:54.381+0000] {logging_mixin.py:190} INFO - [2024-12-13T09:18:54.380+0000] {dagbag.py:588} INFO - Filling up the DagBag from /opt/airflow/dags/Assignment-1_dags/Q2_dag.py
[2024-12-13T09:18:54.385+0000] {processor.py:925} INFO - DAG(s) 'hello_airflow_demo' retrieved from /opt/airflow/dags/Assignment-1_dags/Q2_dag.py
[2024-12-13T09:18:54.397+0000] {logging_mixin.py:190} INFO - [2024-12-13T09:18:54.397+0000] {dag.py:3239} INFO - Sync 1 DAGs
[2024-12-13T09:18:54.403+0000] {logging_mixin.py:190} INFO - [2024-12-13T09:18:54.403+0000] {dag.py:4180} INFO - Setting next_dagrun for hello_airflow_demo to None, run_after=None
[2024-12-13T09:18:54.410+0000] {processor.py:208} INFO - Processing /opt/airflow/dags/Assignment-1_dags/Q2_dag.py took 0.035 seconds
[2024-12-13T09:19:24.769+0000] {processor.py:186} INFO - Started process (PID=16541) to work on /opt/airflow/dags/Assignment-1_dags/Q2_dag.py
[2024-12-13T09:19:24.770+0000] {processor.py:914} INFO - Processing file /opt/airflow/dags/Assignment-1_dags/Q2_dag.py for tasks to queue
[2024-12-13T09:19:24.771+0000] {logging_mixin.py:190} INFO - [2024-12-13T09:19:24.771+0000] {dagbag.py:588} INFO - Filling up the DagBag from /opt/airflow/dags/Assignment-1_dags/Q2_dag.py
[2024-12-13T09:19:24.775+0000] {processor.py:925} INFO - DAG(s) 'hello_airflow_demo' retrieved from /opt/airflow/dags/Assignment-1_dags/Q2_dag.py
[2024-12-13T09:19:24.787+0000] {logging_mixin.py:190} INFO - [2024-12-13T09:19:24.787+0000] {dag.py:3239} INFO - Sync 1 DAGs
[2024-12-13T09:19:24.793+0000] {logging_mixin.py:190} INFO - [2024-12-13T09:19:24.793+0000] {dag.py:4180} INFO - Setting next_dagrun for hello_airflow_demo to None, run_after=None
[2024-12-13T09:19:24.800+0000] {processor.py:208} INFO - Processing /opt/airflow/dags/Assignment-1_dags/Q2_dag.py took 0.034 seconds
[2024-12-13T09:19:55.172+0000] {processor.py:186} INFO - Started process (PID=16550) to work on /opt/airflow/dags/Assignment-1_dags/Q2_dag.py
[2024-12-13T09:19:55.172+0000] {processor.py:914} INFO - Processing file /opt/airflow/dags/Assignment-1_dags/Q2_dag.py for tasks to queue
[2024-12-13T09:19:55.174+0000] {logging_mixin.py:190} INFO - [2024-12-13T09:19:55.173+0000] {dagbag.py:588} INFO - Filling up the DagBag from /opt/airflow/dags/Assignment-1_dags/Q2_dag.py
[2024-12-13T09:19:55.181+0000] {processor.py:925} INFO - DAG(s) 'hello_airflow_demo' retrieved from /opt/airflow/dags/Assignment-1_dags/Q2_dag.py
[2024-12-13T09:19:55.197+0000] {logging_mixin.py:190} INFO - [2024-12-13T09:19:55.197+0000] {dag.py:3239} INFO - Sync 1 DAGs
[2024-12-13T09:19:55.203+0000] {logging_mixin.py:190} INFO - [2024-12-13T09:19:55.203+0000] {dag.py:4180} INFO - Setting next_dagrun for hello_airflow_demo to None, run_after=None
[2024-12-13T09:19:55.212+0000] {processor.py:208} INFO - Processing /opt/airflow/dags/Assignment-1_dags/Q2_dag.py took 0.046 seconds
[2024-12-13T09:20:25.541+0000] {processor.py:186} INFO - Started process (PID=16558) to work on /opt/airflow/dags/Assignment-1_dags/Q2_dag.py
[2024-12-13T09:20:25.542+0000] {processor.py:914} INFO - Processing file /opt/airflow/dags/Assignment-1_dags/Q2_dag.py for tasks to queue
[2024-12-13T09:20:25.543+0000] {logging_mixin.py:190} INFO - [2024-12-13T09:20:25.542+0000] {dagbag.py:588} INFO - Filling up the DagBag from /opt/airflow/dags/Assignment-1_dags/Q2_dag.py
[2024-12-13T09:20:25.547+0000] {processor.py:925} INFO - DAG(s) 'hello_airflow_demo' retrieved from /opt/airflow/dags/Assignment-1_dags/Q2_dag.py
[2024-12-13T09:20:25.559+0000] {logging_mixin.py:190} INFO - [2024-12-13T09:20:25.559+0000] {dag.py:3239} INFO - Sync 1 DAGs
[2024-12-13T09:20:25.565+0000] {logging_mixin.py:190} INFO - [2024-12-13T09:20:25.565+0000] {dag.py:4180} INFO - Setting next_dagrun for hello_airflow_demo to None, run_after=None
[2024-12-13T09:20:25.572+0000] {processor.py:208} INFO - Processing /opt/airflow/dags/Assignment-1_dags/Q2_dag.py took 0.036 seconds
[2024-12-13T09:20:55.918+0000] {processor.py:186} INFO - Started process (PID=16567) to work on /opt/airflow/dags/Assignment-1_dags/Q2_dag.py
[2024-12-13T09:20:55.919+0000] {processor.py:914} INFO - Processing file /opt/airflow/dags/Assignment-1_dags/Q2_dag.py for tasks to queue
[2024-12-13T09:20:55.920+0000] {logging_mixin.py:190} INFO - [2024-12-13T09:20:55.920+0000] {dagbag.py:588} INFO - Filling up the DagBag from /opt/airflow/dags/Assignment-1_dags/Q2_dag.py
[2024-12-13T09:20:55.925+0000] {processor.py:925} INFO - DAG(s) 'hello_airflow_demo' retrieved from /opt/airflow/dags/Assignment-1_dags/Q2_dag.py
[2024-12-13T09:20:55.937+0000] {logging_mixin.py:190} INFO - [2024-12-13T09:20:55.937+0000] {dag.py:3239} INFO - Sync 1 DAGs
[2024-12-13T09:20:55.943+0000] {logging_mixin.py:190} INFO - [2024-12-13T09:20:55.943+0000] {dag.py:4180} INFO - Setting next_dagrun for hello_airflow_demo to None, run_after=None
[2024-12-13T09:20:55.950+0000] {processor.py:208} INFO - Processing /opt/airflow/dags/Assignment-1_dags/Q2_dag.py took 0.035 seconds
[2024-12-13T09:21:26.254+0000] {processor.py:186} INFO - Started process (PID=16576) to work on /opt/airflow/dags/Assignment-1_dags/Q2_dag.py
[2024-12-13T09:21:26.255+0000] {processor.py:914} INFO - Processing file /opt/airflow/dags/Assignment-1_dags/Q2_dag.py for tasks to queue
[2024-12-13T09:21:26.256+0000] {logging_mixin.py:190} INFO - [2024-12-13T09:21:26.256+0000] {dagbag.py:588} INFO - Filling up the DagBag from /opt/airflow/dags/Assignment-1_dags/Q2_dag.py
[2024-12-13T09:21:26.261+0000] {processor.py:925} INFO - DAG(s) 'hello_airflow_demo' retrieved from /opt/airflow/dags/Assignment-1_dags/Q2_dag.py
[2024-12-13T09:21:26.273+0000] {logging_mixin.py:190} INFO - [2024-12-13T09:21:26.272+0000] {dag.py:3239} INFO - Sync 1 DAGs
[2024-12-13T09:21:26.278+0000] {logging_mixin.py:190} INFO - [2024-12-13T09:21:26.278+0000] {dag.py:4180} INFO - Setting next_dagrun for hello_airflow_demo to None, run_after=None
[2024-12-13T09:21:26.285+0000] {processor.py:208} INFO - Processing /opt/airflow/dags/Assignment-1_dags/Q2_dag.py took 0.034 seconds
[2024-12-13T09:21:56.635+0000] {processor.py:186} INFO - Started process (PID=16585) to work on /opt/airflow/dags/Assignment-1_dags/Q2_dag.py
[2024-12-13T09:21:56.635+0000] {processor.py:914} INFO - Processing file /opt/airflow/dags/Assignment-1_dags/Q2_dag.py for tasks to queue
[2024-12-13T09:21:56.637+0000] {logging_mixin.py:190} INFO - [2024-12-13T09:21:56.636+0000] {dagbag.py:588} INFO - Filling up the DagBag from /opt/airflow/dags/Assignment-1_dags/Q2_dag.py
[2024-12-13T09:21:56.641+0000] {processor.py:925} INFO - DAG(s) 'hello_airflow_demo' retrieved from /opt/airflow/dags/Assignment-1_dags/Q2_dag.py
[2024-12-13T09:21:56.653+0000] {logging_mixin.py:190} INFO - [2024-12-13T09:21:56.653+0000] {dag.py:3239} INFO - Sync 1 DAGs
[2024-12-13T09:21:56.659+0000] {logging_mixin.py:190} INFO - [2024-12-13T09:21:56.658+0000] {dag.py:4180} INFO - Setting next_dagrun for hello_airflow_demo to None, run_after=None
[2024-12-13T09:21:56.666+0000] {processor.py:208} INFO - Processing /opt/airflow/dags/Assignment-1_dags/Q2_dag.py took 0.034 seconds
[2024-12-13T09:22:27.024+0000] {processor.py:186} INFO - Started process (PID=16594) to work on /opt/airflow/dags/Assignment-1_dags/Q2_dag.py
[2024-12-13T09:22:27.024+0000] {processor.py:914} INFO - Processing file /opt/airflow/dags/Assignment-1_dags/Q2_dag.py for tasks to queue
[2024-12-13T09:22:27.025+0000] {logging_mixin.py:190} INFO - [2024-12-13T09:22:27.025+0000] {dagbag.py:588} INFO - Filling up the DagBag from /opt/airflow/dags/Assignment-1_dags/Q2_dag.py
[2024-12-13T09:22:27.030+0000] {processor.py:925} INFO - DAG(s) 'hello_airflow_demo' retrieved from /opt/airflow/dags/Assignment-1_dags/Q2_dag.py
[2024-12-13T09:22:27.042+0000] {logging_mixin.py:190} INFO - [2024-12-13T09:22:27.042+0000] {dag.py:3239} INFO - Sync 1 DAGs
[2024-12-13T09:22:27.048+0000] {logging_mixin.py:190} INFO - [2024-12-13T09:22:27.048+0000] {dag.py:4180} INFO - Setting next_dagrun for hello_airflow_demo to None, run_after=None
[2024-12-13T09:22:27.055+0000] {processor.py:208} INFO - Processing /opt/airflow/dags/Assignment-1_dags/Q2_dag.py took 0.035 seconds
[2024-12-13T09:22:57.387+0000] {processor.py:186} INFO - Started process (PID=16603) to work on /opt/airflow/dags/Assignment-1_dags/Q2_dag.py
[2024-12-13T09:22:57.387+0000] {processor.py:914} INFO - Processing file /opt/airflow/dags/Assignment-1_dags/Q2_dag.py for tasks to queue
[2024-12-13T09:22:57.388+0000] {logging_mixin.py:190} INFO - [2024-12-13T09:22:57.388+0000] {dagbag.py:588} INFO - Filling up the DagBag from /opt/airflow/dags/Assignment-1_dags/Q2_dag.py
[2024-12-13T09:22:57.393+0000] {processor.py:925} INFO - DAG(s) 'hello_airflow_demo' retrieved from /opt/airflow/dags/Assignment-1_dags/Q2_dag.py
[2024-12-13T09:22:57.405+0000] {logging_mixin.py:190} INFO - [2024-12-13T09:22:57.404+0000] {dag.py:3239} INFO - Sync 1 DAGs
[2024-12-13T09:22:57.410+0000] {logging_mixin.py:190} INFO - [2024-12-13T09:22:57.410+0000] {dag.py:4180} INFO - Setting next_dagrun for hello_airflow_demo to None, run_after=None
[2024-12-13T09:22:57.418+0000] {processor.py:208} INFO - Processing /opt/airflow/dags/Assignment-1_dags/Q2_dag.py took 0.034 seconds
[2024-12-13T09:23:27.764+0000] {processor.py:186} INFO - Started process (PID=16611) to work on /opt/airflow/dags/Assignment-1_dags/Q2_dag.py
[2024-12-13T09:23:27.764+0000] {processor.py:914} INFO - Processing file /opt/airflow/dags/Assignment-1_dags/Q2_dag.py for tasks to queue
[2024-12-13T09:23:27.766+0000] {logging_mixin.py:190} INFO - [2024-12-13T09:23:27.765+0000] {dagbag.py:588} INFO - Filling up the DagBag from /opt/airflow/dags/Assignment-1_dags/Q2_dag.py
[2024-12-13T09:23:27.770+0000] {processor.py:925} INFO - DAG(s) 'hello_airflow_demo' retrieved from /opt/airflow/dags/Assignment-1_dags/Q2_dag.py
[2024-12-13T09:23:27.782+0000] {logging_mixin.py:190} INFO - [2024-12-13T09:23:27.782+0000] {dag.py:3239} INFO - Sync 1 DAGs
[2024-12-13T09:23:27.788+0000] {logging_mixin.py:190} INFO - [2024-12-13T09:23:27.788+0000] {dag.py:4180} INFO - Setting next_dagrun for hello_airflow_demo to None, run_after=None
[2024-12-13T09:23:27.795+0000] {processor.py:208} INFO - Processing /opt/airflow/dags/Assignment-1_dags/Q2_dag.py took 0.035 seconds
[2024-12-13T09:23:58.145+0000] {processor.py:186} INFO - Started process (PID=16620) to work on /opt/airflow/dags/Assignment-1_dags/Q2_dag.py
[2024-12-13T09:23:58.145+0000] {processor.py:914} INFO - Processing file /opt/airflow/dags/Assignment-1_dags/Q2_dag.py for tasks to queue
[2024-12-13T09:23:58.147+0000] {logging_mixin.py:190} INFO - [2024-12-13T09:23:58.146+0000] {dagbag.py:588} INFO - Filling up the DagBag from /opt/airflow/dags/Assignment-1_dags/Q2_dag.py
[2024-12-13T09:23:58.151+0000] {processor.py:925} INFO - DAG(s) 'hello_airflow_demo' retrieved from /opt/airflow/dags/Assignment-1_dags/Q2_dag.py
[2024-12-13T09:23:58.163+0000] {logging_mixin.py:190} INFO - [2024-12-13T09:23:58.163+0000] {dag.py:3239} INFO - Sync 1 DAGs
[2024-12-13T09:23:58.169+0000] {logging_mixin.py:190} INFO - [2024-12-13T09:23:58.169+0000] {dag.py:4180} INFO - Setting next_dagrun for hello_airflow_demo to None, run_after=None
[2024-12-13T09:23:58.176+0000] {processor.py:208} INFO - Processing /opt/airflow/dags/Assignment-1_dags/Q2_dag.py took 0.034 seconds
[2024-12-13T09:24:28.515+0000] {processor.py:186} INFO - Started process (PID=16629) to work on /opt/airflow/dags/Assignment-1_dags/Q2_dag.py
[2024-12-13T09:24:28.516+0000] {processor.py:914} INFO - Processing file /opt/airflow/dags/Assignment-1_dags/Q2_dag.py for tasks to queue
[2024-12-13T09:24:28.517+0000] {logging_mixin.py:190} INFO - [2024-12-13T09:24:28.517+0000] {dagbag.py:588} INFO - Filling up the DagBag from /opt/airflow/dags/Assignment-1_dags/Q2_dag.py
[2024-12-13T09:24:28.521+0000] {processor.py:925} INFO - DAG(s) 'hello_airflow_demo' retrieved from /opt/airflow/dags/Assignment-1_dags/Q2_dag.py
[2024-12-13T09:24:28.533+0000] {logging_mixin.py:190} INFO - [2024-12-13T09:24:28.533+0000] {dag.py:3239} INFO - Sync 1 DAGs
[2024-12-13T09:24:28.539+0000] {logging_mixin.py:190} INFO - [2024-12-13T09:24:28.539+0000] {dag.py:4180} INFO - Setting next_dagrun for hello_airflow_demo to None, run_after=None
[2024-12-13T09:24:28.546+0000] {processor.py:208} INFO - Processing /opt/airflow/dags/Assignment-1_dags/Q2_dag.py took 0.034 seconds
[2024-12-13T09:24:58.882+0000] {processor.py:186} INFO - Started process (PID=16638) to work on /opt/airflow/dags/Assignment-1_dags/Q2_dag.py
[2024-12-13T09:24:58.882+0000] {processor.py:914} INFO - Processing file /opt/airflow/dags/Assignment-1_dags/Q2_dag.py for tasks to queue
[2024-12-13T09:24:58.883+0000] {logging_mixin.py:190} INFO - [2024-12-13T09:24:58.883+0000] {dagbag.py:588} INFO - Filling up the DagBag from /opt/airflow/dags/Assignment-1_dags/Q2_dag.py
[2024-12-13T09:24:58.888+0000] {processor.py:925} INFO - DAG(s) 'hello_airflow_demo' retrieved from /opt/airflow/dags/Assignment-1_dags/Q2_dag.py
[2024-12-13T09:24:58.900+0000] {logging_mixin.py:190} INFO - [2024-12-13T09:24:58.900+0000] {dag.py:3239} INFO - Sync 1 DAGs
[2024-12-13T09:24:58.906+0000] {logging_mixin.py:190} INFO - [2024-12-13T09:24:58.906+0000] {dag.py:4180} INFO - Setting next_dagrun for hello_airflow_demo to None, run_after=None
[2024-12-13T09:24:58.913+0000] {processor.py:208} INFO - Processing /opt/airflow/dags/Assignment-1_dags/Q2_dag.py took 0.035 seconds
[2024-12-13T09:25:29.298+0000] {processor.py:186} INFO - Started process (PID=16647) to work on /opt/airflow/dags/Assignment-1_dags/Q2_dag.py
[2024-12-13T09:25:29.298+0000] {processor.py:914} INFO - Processing file /opt/airflow/dags/Assignment-1_dags/Q2_dag.py for tasks to queue
[2024-12-13T09:25:29.300+0000] {logging_mixin.py:190} INFO - [2024-12-13T09:25:29.299+0000] {dagbag.py:588} INFO - Filling up the DagBag from /opt/airflow/dags/Assignment-1_dags/Q2_dag.py
[2024-12-13T09:25:29.304+0000] {processor.py:925} INFO - DAG(s) 'hello_airflow_demo' retrieved from /opt/airflow/dags/Assignment-1_dags/Q2_dag.py
[2024-12-13T09:25:29.320+0000] {logging_mixin.py:190} INFO - [2024-12-13T09:25:29.320+0000] {dag.py:3239} INFO - Sync 1 DAGs
[2024-12-13T09:25:29.328+0000] {logging_mixin.py:190} INFO - [2024-12-13T09:25:29.328+0000] {dag.py:4180} INFO - Setting next_dagrun for hello_airflow_demo to None, run_after=None
[2024-12-13T09:25:29.339+0000] {processor.py:208} INFO - Processing /opt/airflow/dags/Assignment-1_dags/Q2_dag.py took 0.044 seconds
[2024-12-13T09:25:59.627+0000] {processor.py:186} INFO - Started process (PID=16656) to work on /opt/airflow/dags/Assignment-1_dags/Q2_dag.py
[2024-12-13T09:25:59.628+0000] {processor.py:914} INFO - Processing file /opt/airflow/dags/Assignment-1_dags/Q2_dag.py for tasks to queue
[2024-12-13T09:25:59.628+0000] {logging_mixin.py:190} INFO - [2024-12-13T09:25:59.628+0000] {dagbag.py:588} INFO - Filling up the DagBag from /opt/airflow/dags/Assignment-1_dags/Q2_dag.py
[2024-12-13T09:25:59.633+0000] {processor.py:925} INFO - DAG(s) 'hello_airflow_demo' retrieved from /opt/airflow/dags/Assignment-1_dags/Q2_dag.py
[2024-12-13T09:25:59.645+0000] {logging_mixin.py:190} INFO - [2024-12-13T09:25:59.644+0000] {dag.py:3239} INFO - Sync 1 DAGs
[2024-12-13T09:25:59.651+0000] {logging_mixin.py:190} INFO - [2024-12-13T09:25:59.651+0000] {dag.py:4180} INFO - Setting next_dagrun for hello_airflow_demo to None, run_after=None
[2024-12-13T09:25:59.658+0000] {processor.py:208} INFO - Processing /opt/airflow/dags/Assignment-1_dags/Q2_dag.py took 0.033 seconds
[2024-12-13T09:26:30.007+0000] {processor.py:186} INFO - Started process (PID=16665) to work on /opt/airflow/dags/Assignment-1_dags/Q2_dag.py
[2024-12-13T09:26:30.007+0000] {processor.py:914} INFO - Processing file /opt/airflow/dags/Assignment-1_dags/Q2_dag.py for tasks to queue
[2024-12-13T09:26:30.008+0000] {logging_mixin.py:190} INFO - [2024-12-13T09:26:30.008+0000] {dagbag.py:588} INFO - Filling up the DagBag from /opt/airflow/dags/Assignment-1_dags/Q2_dag.py
[2024-12-13T09:26:30.013+0000] {processor.py:925} INFO - DAG(s) 'hello_airflow_demo' retrieved from /opt/airflow/dags/Assignment-1_dags/Q2_dag.py
[2024-12-13T09:26:30.025+0000] {logging_mixin.py:190} INFO - [2024-12-13T09:26:30.024+0000] {dag.py:3239} INFO - Sync 1 DAGs
[2024-12-13T09:26:30.031+0000] {logging_mixin.py:190} INFO - [2024-12-13T09:26:30.030+0000] {dag.py:4180} INFO - Setting next_dagrun for hello_airflow_demo to None, run_after=None
[2024-12-13T09:26:30.038+0000] {processor.py:208} INFO - Processing /opt/airflow/dags/Assignment-1_dags/Q2_dag.py took 0.034 seconds
[2024-12-13T09:27:00.368+0000] {processor.py:186} INFO - Started process (PID=16674) to work on /opt/airflow/dags/Assignment-1_dags/Q2_dag.py
[2024-12-13T09:27:00.368+0000] {processor.py:914} INFO - Processing file /opt/airflow/dags/Assignment-1_dags/Q2_dag.py for tasks to queue
[2024-12-13T09:27:00.370+0000] {logging_mixin.py:190} INFO - [2024-12-13T09:27:00.370+0000] {dagbag.py:588} INFO - Filling up the DagBag from /opt/airflow/dags/Assignment-1_dags/Q2_dag.py
[2024-12-13T09:27:00.374+0000] {processor.py:925} INFO - DAG(s) 'hello_airflow_demo' retrieved from /opt/airflow/dags/Assignment-1_dags/Q2_dag.py
[2024-12-13T09:27:00.388+0000] {logging_mixin.py:190} INFO - [2024-12-13T09:27:00.388+0000] {dag.py:3239} INFO - Sync 1 DAGs
[2024-12-13T09:27:00.394+0000] {logging_mixin.py:190} INFO - [2024-12-13T09:27:00.394+0000] {dag.py:4180} INFO - Setting next_dagrun for hello_airflow_demo to None, run_after=None
[2024-12-13T09:27:00.404+0000] {processor.py:208} INFO - Processing /opt/airflow/dags/Assignment-1_dags/Q2_dag.py took 0.040 seconds
[2024-12-13T09:27:30.724+0000] {processor.py:186} INFO - Started process (PID=16683) to work on /opt/airflow/dags/Assignment-1_dags/Q2_dag.py
[2024-12-13T09:27:30.725+0000] {processor.py:914} INFO - Processing file /opt/airflow/dags/Assignment-1_dags/Q2_dag.py for tasks to queue
[2024-12-13T09:27:30.726+0000] {logging_mixin.py:190} INFO - [2024-12-13T09:27:30.726+0000] {dagbag.py:588} INFO - Filling up the DagBag from /opt/airflow/dags/Assignment-1_dags/Q2_dag.py
[2024-12-13T09:27:30.731+0000] {processor.py:925} INFO - DAG(s) 'hello_airflow_demo' retrieved from /opt/airflow/dags/Assignment-1_dags/Q2_dag.py
[2024-12-13T09:27:30.743+0000] {logging_mixin.py:190} INFO - [2024-12-13T09:27:30.742+0000] {dag.py:3239} INFO - Sync 1 DAGs
[2024-12-13T09:27:30.749+0000] {logging_mixin.py:190} INFO - [2024-12-13T09:27:30.748+0000] {dag.py:4180} INFO - Setting next_dagrun for hello_airflow_demo to None, run_after=None
[2024-12-13T09:27:30.756+0000] {processor.py:208} INFO - Processing /opt/airflow/dags/Assignment-1_dags/Q2_dag.py took 0.035 seconds
[2024-12-13T09:28:01.110+0000] {processor.py:186} INFO - Started process (PID=16692) to work on /opt/airflow/dags/Assignment-1_dags/Q2_dag.py
[2024-12-13T09:28:01.110+0000] {processor.py:914} INFO - Processing file /opt/airflow/dags/Assignment-1_dags/Q2_dag.py for tasks to queue
[2024-12-13T09:28:01.111+0000] {logging_mixin.py:190} INFO - [2024-12-13T09:28:01.111+0000] {dagbag.py:588} INFO - Filling up the DagBag from /opt/airflow/dags/Assignment-1_dags/Q2_dag.py
[2024-12-13T09:28:01.116+0000] {processor.py:925} INFO - DAG(s) 'hello_airflow_demo' retrieved from /opt/airflow/dags/Assignment-1_dags/Q2_dag.py
[2024-12-13T09:28:01.128+0000] {logging_mixin.py:190} INFO - [2024-12-13T09:28:01.127+0000] {dag.py:3239} INFO - Sync 1 DAGs
[2024-12-13T09:28:01.133+0000] {logging_mixin.py:190} INFO - [2024-12-13T09:28:01.133+0000] {dag.py:4180} INFO - Setting next_dagrun for hello_airflow_demo to None, run_after=None
[2024-12-13T09:28:01.140+0000] {processor.py:208} INFO - Processing /opt/airflow/dags/Assignment-1_dags/Q2_dag.py took 0.034 seconds
[2024-12-13T09:28:31.524+0000] {processor.py:186} INFO - Started process (PID=16701) to work on /opt/airflow/dags/Assignment-1_dags/Q2_dag.py
[2024-12-13T09:28:31.524+0000] {processor.py:914} INFO - Processing file /opt/airflow/dags/Assignment-1_dags/Q2_dag.py for tasks to queue
[2024-12-13T09:28:31.525+0000] {logging_mixin.py:190} INFO - [2024-12-13T09:28:31.525+0000] {dagbag.py:588} INFO - Filling up the DagBag from /opt/airflow/dags/Assignment-1_dags/Q2_dag.py
[2024-12-13T09:28:31.530+0000] {processor.py:925} INFO - DAG(s) 'hello_airflow_demo' retrieved from /opt/airflow/dags/Assignment-1_dags/Q2_dag.py
[2024-12-13T09:28:31.542+0000] {logging_mixin.py:190} INFO - [2024-12-13T09:28:31.541+0000] {dag.py:3239} INFO - Sync 1 DAGs
[2024-12-13T09:28:31.547+0000] {logging_mixin.py:190} INFO - [2024-12-13T09:28:31.547+0000] {dag.py:4180} INFO - Setting next_dagrun for hello_airflow_demo to None, run_after=None
[2024-12-13T09:28:31.555+0000] {processor.py:208} INFO - Processing /opt/airflow/dags/Assignment-1_dags/Q2_dag.py took 0.035 seconds
[2024-12-13T09:29:01.901+0000] {processor.py:186} INFO - Started process (PID=16709) to work on /opt/airflow/dags/Assignment-1_dags/Q2_dag.py
[2024-12-13T09:29:01.901+0000] {processor.py:914} INFO - Processing file /opt/airflow/dags/Assignment-1_dags/Q2_dag.py for tasks to queue
[2024-12-13T09:29:01.903+0000] {logging_mixin.py:190} INFO - [2024-12-13T09:29:01.902+0000] {dagbag.py:588} INFO - Filling up the DagBag from /opt/airflow/dags/Assignment-1_dags/Q2_dag.py
[2024-12-13T09:29:01.907+0000] {processor.py:925} INFO - DAG(s) 'hello_airflow_demo' retrieved from /opt/airflow/dags/Assignment-1_dags/Q2_dag.py
[2024-12-13T09:29:01.920+0000] {logging_mixin.py:190} INFO - [2024-12-13T09:29:01.920+0000] {dag.py:3239} INFO - Sync 1 DAGs
[2024-12-13T09:29:01.927+0000] {logging_mixin.py:190} INFO - [2024-12-13T09:29:01.927+0000] {dag.py:4180} INFO - Setting next_dagrun for hello_airflow_demo to None, run_after=None
[2024-12-13T09:29:01.935+0000] {processor.py:208} INFO - Processing /opt/airflow/dags/Assignment-1_dags/Q2_dag.py took 0.037 seconds
[2024-12-13T09:29:32.272+0000] {processor.py:186} INFO - Started process (PID=16718) to work on /opt/airflow/dags/Assignment-1_dags/Q2_dag.py
[2024-12-13T09:29:32.273+0000] {processor.py:914} INFO - Processing file /opt/airflow/dags/Assignment-1_dags/Q2_dag.py for tasks to queue
[2024-12-13T09:29:32.275+0000] {logging_mixin.py:190} INFO - [2024-12-13T09:29:32.275+0000] {dagbag.py:588} INFO - Filling up the DagBag from /opt/airflow/dags/Assignment-1_dags/Q2_dag.py
[2024-12-13T09:29:32.280+0000] {processor.py:925} INFO - DAG(s) 'hello_airflow_demo' retrieved from /opt/airflow/dags/Assignment-1_dags/Q2_dag.py
[2024-12-13T09:29:32.295+0000] {logging_mixin.py:190} INFO - [2024-12-13T09:29:32.295+0000] {dag.py:3239} INFO - Sync 1 DAGs
[2024-12-13T09:29:32.302+0000] {logging_mixin.py:190} INFO - [2024-12-13T09:29:32.302+0000] {dag.py:4180} INFO - Setting next_dagrun for hello_airflow_demo to None, run_after=None
[2024-12-13T09:29:32.312+0000] {processor.py:208} INFO - Processing /opt/airflow/dags/Assignment-1_dags/Q2_dag.py took 0.043 seconds
[2024-12-13T09:30:02.681+0000] {processor.py:186} INFO - Started process (PID=16727) to work on /opt/airflow/dags/Assignment-1_dags/Q2_dag.py
[2024-12-13T09:30:02.682+0000] {processor.py:914} INFO - Processing file /opt/airflow/dags/Assignment-1_dags/Q2_dag.py for tasks to queue
[2024-12-13T09:30:02.683+0000] {logging_mixin.py:190} INFO - [2024-12-13T09:30:02.683+0000] {dagbag.py:588} INFO - Filling up the DagBag from /opt/airflow/dags/Assignment-1_dags/Q2_dag.py
[2024-12-13T09:30:02.687+0000] {processor.py:925} INFO - DAG(s) 'hello_airflow_demo' retrieved from /opt/airflow/dags/Assignment-1_dags/Q2_dag.py
[2024-12-13T09:30:02.699+0000] {logging_mixin.py:190} INFO - [2024-12-13T09:30:02.699+0000] {dag.py:3239} INFO - Sync 1 DAGs
[2024-12-13T09:30:02.705+0000] {logging_mixin.py:190} INFO - [2024-12-13T09:30:02.704+0000] {dag.py:4180} INFO - Setting next_dagrun for hello_airflow_demo to None, run_after=None
[2024-12-13T09:30:02.712+0000] {processor.py:208} INFO - Processing /opt/airflow/dags/Assignment-1_dags/Q2_dag.py took 0.033 seconds
[2024-12-13T09:30:33.062+0000] {processor.py:186} INFO - Started process (PID=16736) to work on /opt/airflow/dags/Assignment-1_dags/Q2_dag.py
[2024-12-13T09:30:33.062+0000] {processor.py:914} INFO - Processing file /opt/airflow/dags/Assignment-1_dags/Q2_dag.py for tasks to queue
[2024-12-13T09:30:33.064+0000] {logging_mixin.py:190} INFO - [2024-12-13T09:30:33.063+0000] {dagbag.py:588} INFO - Filling up the DagBag from /opt/airflow/dags/Assignment-1_dags/Q2_dag.py
[2024-12-13T09:30:33.068+0000] {processor.py:925} INFO - DAG(s) 'hello_airflow_demo' retrieved from /opt/airflow/dags/Assignment-1_dags/Q2_dag.py
[2024-12-13T09:30:33.080+0000] {logging_mixin.py:190} INFO - [2024-12-13T09:30:33.080+0000] {dag.py:3239} INFO - Sync 1 DAGs
[2024-12-13T09:30:33.086+0000] {logging_mixin.py:190} INFO - [2024-12-13T09:30:33.086+0000] {dag.py:4180} INFO - Setting next_dagrun for hello_airflow_demo to None, run_after=None
[2024-12-13T09:30:33.093+0000] {processor.py:208} INFO - Processing /opt/airflow/dags/Assignment-1_dags/Q2_dag.py took 0.035 seconds
[2024-12-13T09:31:03.398+0000] {processor.py:186} INFO - Started process (PID=16745) to work on /opt/airflow/dags/Assignment-1_dags/Q2_dag.py
[2024-12-13T09:31:03.398+0000] {processor.py:914} INFO - Processing file /opt/airflow/dags/Assignment-1_dags/Q2_dag.py for tasks to queue
[2024-12-13T09:31:03.399+0000] {logging_mixin.py:190} INFO - [2024-12-13T09:31:03.399+0000] {dagbag.py:588} INFO - Filling up the DagBag from /opt/airflow/dags/Assignment-1_dags/Q2_dag.py
[2024-12-13T09:31:03.404+0000] {processor.py:925} INFO - DAG(s) 'hello_airflow_demo' retrieved from /opt/airflow/dags/Assignment-1_dags/Q2_dag.py
[2024-12-13T09:31:03.416+0000] {logging_mixin.py:190} INFO - [2024-12-13T09:31:03.416+0000] {dag.py:3239} INFO - Sync 1 DAGs
[2024-12-13T09:31:03.422+0000] {logging_mixin.py:190} INFO - [2024-12-13T09:31:03.422+0000] {dag.py:4180} INFO - Setting next_dagrun for hello_airflow_demo to None, run_after=None
[2024-12-13T09:31:03.429+0000] {processor.py:208} INFO - Processing /opt/airflow/dags/Assignment-1_dags/Q2_dag.py took 0.036 seconds
[2024-12-13T09:31:33.777+0000] {processor.py:186} INFO - Started process (PID=16754) to work on /opt/airflow/dags/Assignment-1_dags/Q2_dag.py
[2024-12-13T09:31:33.778+0000] {processor.py:914} INFO - Processing file /opt/airflow/dags/Assignment-1_dags/Q2_dag.py for tasks to queue
[2024-12-13T09:31:33.779+0000] {logging_mixin.py:190} INFO - [2024-12-13T09:31:33.779+0000] {dagbag.py:588} INFO - Filling up the DagBag from /opt/airflow/dags/Assignment-1_dags/Q2_dag.py
[2024-12-13T09:31:33.783+0000] {processor.py:925} INFO - DAG(s) 'hello_airflow_demo' retrieved from /opt/airflow/dags/Assignment-1_dags/Q2_dag.py
[2024-12-13T09:31:33.796+0000] {logging_mixin.py:190} INFO - [2024-12-13T09:31:33.796+0000] {dag.py:3239} INFO - Sync 1 DAGs
[2024-12-13T09:31:33.802+0000] {logging_mixin.py:190} INFO - [2024-12-13T09:31:33.802+0000] {dag.py:4180} INFO - Setting next_dagrun for hello_airflow_demo to None, run_after=None
[2024-12-13T09:31:33.809+0000] {processor.py:208} INFO - Processing /opt/airflow/dags/Assignment-1_dags/Q2_dag.py took 0.036 seconds
[2024-12-13T09:32:04.180+0000] {processor.py:186} INFO - Started process (PID=16763) to work on /opt/airflow/dags/Assignment-1_dags/Q2_dag.py
[2024-12-13T09:32:04.180+0000] {processor.py:914} INFO - Processing file /opt/airflow/dags/Assignment-1_dags/Q2_dag.py for tasks to queue
[2024-12-13T09:32:04.181+0000] {logging_mixin.py:190} INFO - [2024-12-13T09:32:04.181+0000] {dagbag.py:588} INFO - Filling up the DagBag from /opt/airflow/dags/Assignment-1_dags/Q2_dag.py
[2024-12-13T09:32:04.187+0000] {processor.py:925} INFO - DAG(s) 'hello_airflow_demo' retrieved from /opt/airflow/dags/Assignment-1_dags/Q2_dag.py
[2024-12-13T09:32:04.199+0000] {logging_mixin.py:190} INFO - [2024-12-13T09:32:04.199+0000] {dag.py:3239} INFO - Sync 1 DAGs
[2024-12-13T09:32:04.205+0000] {logging_mixin.py:190} INFO - [2024-12-13T09:32:04.205+0000] {dag.py:4180} INFO - Setting next_dagrun for hello_airflow_demo to None, run_after=None
[2024-12-13T09:32:04.212+0000] {processor.py:208} INFO - Processing /opt/airflow/dags/Assignment-1_dags/Q2_dag.py took 0.037 seconds
[2024-12-13T09:32:34.637+0000] {processor.py:186} INFO - Started process (PID=16778) to work on /opt/airflow/dags/Assignment-1_dags/Q2_dag.py
[2024-12-13T09:32:34.638+0000] {processor.py:914} INFO - Processing file /opt/airflow/dags/Assignment-1_dags/Q2_dag.py for tasks to queue
[2024-12-13T09:32:34.639+0000] {logging_mixin.py:190} INFO - [2024-12-13T09:32:34.639+0000] {dagbag.py:588} INFO - Filling up the DagBag from /opt/airflow/dags/Assignment-1_dags/Q2_dag.py
[2024-12-13T09:32:34.644+0000] {processor.py:925} INFO - DAG(s) 'hello_airflow_demo' retrieved from /opt/airflow/dags/Assignment-1_dags/Q2_dag.py
[2024-12-13T09:32:34.656+0000] {logging_mixin.py:190} INFO - [2024-12-13T09:32:34.656+0000] {dag.py:3239} INFO - Sync 1 DAGs
[2024-12-13T09:32:34.662+0000] {logging_mixin.py:190} INFO - [2024-12-13T09:32:34.662+0000] {dag.py:4180} INFO - Setting next_dagrun for hello_airflow_demo to None, run_after=None
[2024-12-13T09:32:34.669+0000] {processor.py:208} INFO - Processing /opt/airflow/dags/Assignment-1_dags/Q2_dag.py took 0.035 seconds
[2024-12-13T09:33:05.070+0000] {processor.py:186} INFO - Started process (PID=16786) to work on /opt/airflow/dags/Assignment-1_dags/Q2_dag.py
[2024-12-13T09:33:05.070+0000] {processor.py:914} INFO - Processing file /opt/airflow/dags/Assignment-1_dags/Q2_dag.py for tasks to queue
[2024-12-13T09:33:05.071+0000] {logging_mixin.py:190} INFO - [2024-12-13T09:33:05.071+0000] {dagbag.py:588} INFO - Filling up the DagBag from /opt/airflow/dags/Assignment-1_dags/Q2_dag.py
[2024-12-13T09:33:05.076+0000] {processor.py:925} INFO - DAG(s) 'hello_airflow_demo' retrieved from /opt/airflow/dags/Assignment-1_dags/Q2_dag.py
[2024-12-13T09:33:05.087+0000] {logging_mixin.py:190} INFO - [2024-12-13T09:33:05.087+0000] {dag.py:3239} INFO - Sync 1 DAGs
[2024-12-13T09:33:05.093+0000] {logging_mixin.py:190} INFO - [2024-12-13T09:33:05.093+0000] {dag.py:4180} INFO - Setting next_dagrun for hello_airflow_demo to None, run_after=None
[2024-12-13T09:33:05.100+0000] {processor.py:208} INFO - Processing /opt/airflow/dags/Assignment-1_dags/Q2_dag.py took 0.034 seconds
[2024-12-13T09:33:35.495+0000] {processor.py:186} INFO - Started process (PID=16795) to work on /opt/airflow/dags/Assignment-1_dags/Q2_dag.py
[2024-12-13T09:33:35.495+0000] {processor.py:914} INFO - Processing file /opt/airflow/dags/Assignment-1_dags/Q2_dag.py for tasks to queue
[2024-12-13T09:33:35.497+0000] {logging_mixin.py:190} INFO - [2024-12-13T09:33:35.497+0000] {dagbag.py:588} INFO - Filling up the DagBag from /opt/airflow/dags/Assignment-1_dags/Q2_dag.py
[2024-12-13T09:33:35.501+0000] {processor.py:925} INFO - DAG(s) 'hello_airflow_demo' retrieved from /opt/airflow/dags/Assignment-1_dags/Q2_dag.py
[2024-12-13T09:33:35.513+0000] {logging_mixin.py:190} INFO - [2024-12-13T09:33:35.513+0000] {dag.py:3239} INFO - Sync 1 DAGs
[2024-12-13T09:33:35.519+0000] {logging_mixin.py:190} INFO - [2024-12-13T09:33:35.519+0000] {dag.py:4180} INFO - Setting next_dagrun for hello_airflow_demo to None, run_after=None
[2024-12-13T09:33:35.526+0000] {processor.py:208} INFO - Processing /opt/airflow/dags/Assignment-1_dags/Q2_dag.py took 0.034 seconds
[2024-12-13T09:34:06.029+0000] {processor.py:186} INFO - Started process (PID=16804) to work on /opt/airflow/dags/Assignment-1_dags/Q2_dag.py
[2024-12-13T09:34:06.029+0000] {processor.py:914} INFO - Processing file /opt/airflow/dags/Assignment-1_dags/Q2_dag.py for tasks to queue
[2024-12-13T09:34:06.030+0000] {logging_mixin.py:190} INFO - [2024-12-13T09:34:06.030+0000] {dagbag.py:588} INFO - Filling up the DagBag from /opt/airflow/dags/Assignment-1_dags/Q2_dag.py
[2024-12-13T09:34:06.035+0000] {processor.py:925} INFO - DAG(s) 'hello_airflow_demo' retrieved from /opt/airflow/dags/Assignment-1_dags/Q2_dag.py
[2024-12-13T09:34:06.049+0000] {logging_mixin.py:190} INFO - [2024-12-13T09:34:06.049+0000] {dag.py:3239} INFO - Sync 1 DAGs
[2024-12-13T09:34:06.057+0000] {logging_mixin.py:190} INFO - [2024-12-13T09:34:06.057+0000] {dag.py:4180} INFO - Setting next_dagrun for hello_airflow_demo to None, run_after=None
[2024-12-13T09:34:06.069+0000] {processor.py:208} INFO - Processing /opt/airflow/dags/Assignment-1_dags/Q2_dag.py took 0.050 seconds
[2024-12-13T09:44:12.636+0000] {processor.py:186} INFO - Started process (PID=16807) to work on /opt/airflow/dags/Assignment-1_dags/Q2_dag.py
[2024-12-13T09:44:12.637+0000] {processor.py:914} INFO - Processing file /opt/airflow/dags/Assignment-1_dags/Q2_dag.py for tasks to queue
[2024-12-13T09:44:12.638+0000] {logging_mixin.py:190} INFO - [2024-12-13T09:44:12.638+0000] {dagbag.py:588} INFO - Filling up the DagBag from /opt/airflow/dags/Assignment-1_dags/Q2_dag.py
[2024-12-13T09:44:12.643+0000] {processor.py:925} INFO - DAG(s) 'hello_airflow_demo' retrieved from /opt/airflow/dags/Assignment-1_dags/Q2_dag.py
[2024-12-13T09:44:12.654+0000] {logging_mixin.py:190} INFO - [2024-12-13T09:44:12.654+0000] {dag.py:3239} INFO - Sync 1 DAGs
[2024-12-13T09:44:12.661+0000] {logging_mixin.py:190} INFO - [2024-12-13T09:44:12.661+0000] {dag.py:4180} INFO - Setting next_dagrun for hello_airflow_demo to None, run_after=None
[2024-12-13T09:44:12.668+0000] {processor.py:208} INFO - Processing /opt/airflow/dags/Assignment-1_dags/Q2_dag.py took 0.035 seconds
[2024-12-13T10:05:39.836+0000] {processor.py:186} INFO - Started process (PID=16816) to work on /opt/airflow/dags/Assignment-1_dags/Q2_dag.py
[2024-12-13T10:05:39.837+0000] {processor.py:914} INFO - Processing file /opt/airflow/dags/Assignment-1_dags/Q2_dag.py for tasks to queue
[2024-12-13T10:05:39.839+0000] {logging_mixin.py:190} INFO - [2024-12-13T10:05:39.838+0000] {dagbag.py:588} INFO - Filling up the DagBag from /opt/airflow/dags/Assignment-1_dags/Q2_dag.py
[2024-12-13T10:05:39.844+0000] {processor.py:925} INFO - DAG(s) 'hello_airflow_demo' retrieved from /opt/airflow/dags/Assignment-1_dags/Q2_dag.py
[2024-12-13T10:05:39.861+0000] {logging_mixin.py:190} INFO - [2024-12-13T10:05:39.860+0000] {dag.py:3239} INFO - Sync 1 DAGs
[2024-12-13T10:05:39.869+0000] {logging_mixin.py:190} INFO - [2024-12-13T10:05:39.869+0000] {dag.py:4180} INFO - Setting next_dagrun for hello_airflow_demo to None, run_after=None
[2024-12-13T10:05:39.880+0000] {processor.py:208} INFO - Processing /opt/airflow/dags/Assignment-1_dags/Q2_dag.py took 0.047 seconds
[2024-12-13T10:30:36.667+0000] {processor.py:186} INFO - Started process (PID=16825) to work on /opt/airflow/dags/Assignment-1_dags/Q2_dag.py
[2024-12-13T10:30:36.671+0000] {processor.py:914} INFO - Processing file /opt/airflow/dags/Assignment-1_dags/Q2_dag.py for tasks to queue
[2024-12-13T10:30:36.674+0000] {logging_mixin.py:190} INFO - [2024-12-13T10:30:36.674+0000] {dagbag.py:588} INFO - Filling up the DagBag from /opt/airflow/dags/Assignment-1_dags/Q2_dag.py
[2024-12-13T10:30:36.691+0000] {processor.py:925} INFO - DAG(s) 'hello_airflow_demo' retrieved from /opt/airflow/dags/Assignment-1_dags/Q2_dag.py
[2024-12-13T10:30:36.715+0000] {logging_mixin.py:190} INFO - [2024-12-13T10:30:36.715+0000] {dag.py:3239} INFO - Sync 1 DAGs
[2024-12-13T10:30:36.727+0000] {logging_mixin.py:190} INFO - [2024-12-13T10:30:36.727+0000] {dag.py:4180} INFO - Setting next_dagrun for hello_airflow_demo to None, run_after=None
[2024-12-13T10:30:36.742+0000] {processor.py:208} INFO - Processing /opt/airflow/dags/Assignment-1_dags/Q2_dag.py took 0.083 seconds
[2024-12-13T10:31:07.120+0000] {processor.py:186} INFO - Started process (PID=16834) to work on /opt/airflow/dags/Assignment-1_dags/Q2_dag.py
[2024-12-13T10:31:07.121+0000] {processor.py:914} INFO - Processing file /opt/airflow/dags/Assignment-1_dags/Q2_dag.py for tasks to queue
[2024-12-13T10:31:07.122+0000] {logging_mixin.py:190} INFO - [2024-12-13T10:31:07.122+0000] {dagbag.py:588} INFO - Filling up the DagBag from /opt/airflow/dags/Assignment-1_dags/Q2_dag.py
[2024-12-13T10:31:07.129+0000] {processor.py:925} INFO - DAG(s) 'hello_airflow_demo' retrieved from /opt/airflow/dags/Assignment-1_dags/Q2_dag.py
[2024-12-13T10:31:07.142+0000] {logging_mixin.py:190} INFO - [2024-12-13T10:31:07.142+0000] {dag.py:3239} INFO - Sync 1 DAGs
[2024-12-13T10:31:07.149+0000] {logging_mixin.py:190} INFO - [2024-12-13T10:31:07.149+0000] {dag.py:4180} INFO - Setting next_dagrun for hello_airflow_demo to None, run_after=None
[2024-12-13T10:31:07.159+0000] {processor.py:208} INFO - Processing /opt/airflow/dags/Assignment-1_dags/Q2_dag.py took 0.045 seconds
[2024-12-13T10:31:37.606+0000] {processor.py:186} INFO - Started process (PID=16843) to work on /opt/airflow/dags/Assignment-1_dags/Q2_dag.py
[2024-12-13T10:31:37.606+0000] {processor.py:914} INFO - Processing file /opt/airflow/dags/Assignment-1_dags/Q2_dag.py for tasks to queue
[2024-12-13T10:31:37.608+0000] {logging_mixin.py:190} INFO - [2024-12-13T10:31:37.607+0000] {dagbag.py:588} INFO - Filling up the DagBag from /opt/airflow/dags/Assignment-1_dags/Q2_dag.py
[2024-12-13T10:31:37.612+0000] {processor.py:925} INFO - DAG(s) 'hello_airflow_demo' retrieved from /opt/airflow/dags/Assignment-1_dags/Q2_dag.py
[2024-12-13T10:31:37.624+0000] {logging_mixin.py:190} INFO - [2024-12-13T10:31:37.624+0000] {dag.py:3239} INFO - Sync 1 DAGs
[2024-12-13T10:31:37.631+0000] {logging_mixin.py:190} INFO - [2024-12-13T10:31:37.630+0000] {dag.py:4180} INFO - Setting next_dagrun for hello_airflow_demo to None, run_after=None
[2024-12-13T10:31:37.638+0000] {processor.py:208} INFO - Processing /opt/airflow/dags/Assignment-1_dags/Q2_dag.py took 0.036 seconds
[2024-12-13T10:46:30.706+0000] {processor.py:186} INFO - Started process (PID=16852) to work on /opt/airflow/dags/Assignment-1_dags/Q2_dag.py
[2024-12-13T10:46:30.706+0000] {processor.py:914} INFO - Processing file /opt/airflow/dags/Assignment-1_dags/Q2_dag.py for tasks to queue
[2024-12-13T10:46:30.708+0000] {logging_mixin.py:190} INFO - [2024-12-13T10:46:30.708+0000] {dagbag.py:588} INFO - Filling up the DagBag from /opt/airflow/dags/Assignment-1_dags/Q2_dag.py
[2024-12-13T10:46:30.712+0000] {processor.py:925} INFO - DAG(s) 'hello_airflow_demo' retrieved from /opt/airflow/dags/Assignment-1_dags/Q2_dag.py
[2024-12-13T10:46:30.726+0000] {logging_mixin.py:190} INFO - [2024-12-13T10:46:30.726+0000] {dag.py:3239} INFO - Sync 1 DAGs
[2024-12-13T10:46:30.733+0000] {logging_mixin.py:190} INFO - [2024-12-13T10:46:30.733+0000] {dag.py:4180} INFO - Setting next_dagrun for hello_airflow_demo to None, run_after=None
[2024-12-13T10:46:30.741+0000] {processor.py:208} INFO - Processing /opt/airflow/dags/Assignment-1_dags/Q2_dag.py took 0.039 seconds
[2024-12-13T11:29:38.238+0000] {processor.py:186} INFO - Started process (PID=16861) to work on /opt/airflow/dags/Assignment-1_dags/Q2_dag.py
[2024-12-13T11:29:38.239+0000] {processor.py:914} INFO - Processing file /opt/airflow/dags/Assignment-1_dags/Q2_dag.py for tasks to queue
[2024-12-13T11:29:38.240+0000] {logging_mixin.py:190} INFO - [2024-12-13T11:29:38.240+0000] {dagbag.py:588} INFO - Filling up the DagBag from /opt/airflow/dags/Assignment-1_dags/Q2_dag.py
[2024-12-13T11:29:38.246+0000] {processor.py:925} INFO - DAG(s) 'hello_airflow_demo' retrieved from /opt/airflow/dags/Assignment-1_dags/Q2_dag.py
[2024-12-13T11:29:38.259+0000] {logging_mixin.py:190} INFO - [2024-12-13T11:29:38.259+0000] {dag.py:3239} INFO - Sync 1 DAGs
[2024-12-13T11:29:38.266+0000] {logging_mixin.py:190} INFO - [2024-12-13T11:29:38.266+0000] {dag.py:4180} INFO - Setting next_dagrun for hello_airflow_demo to None, run_after=None
[2024-12-13T11:29:38.273+0000] {processor.py:208} INFO - Processing /opt/airflow/dags/Assignment-1_dags/Q2_dag.py took 0.040 seconds
[2024-12-13T12:50:17.220+0000] {processor.py:186} INFO - Started process (PID=16870) to work on /opt/airflow/dags/Assignment-1_dags/Q2_dag.py
[2024-12-13T12:50:17.221+0000] {processor.py:914} INFO - Processing file /opt/airflow/dags/Assignment-1_dags/Q2_dag.py for tasks to queue
[2024-12-13T12:50:17.222+0000] {logging_mixin.py:190} INFO - [2024-12-13T12:50:17.222+0000] {dagbag.py:588} INFO - Filling up the DagBag from /opt/airflow/dags/Assignment-1_dags/Q2_dag.py
[2024-12-13T12:50:17.227+0000] {processor.py:925} INFO - DAG(s) 'hello_airflow_demo' retrieved from /opt/airflow/dags/Assignment-1_dags/Q2_dag.py
[2024-12-13T12:50:17.241+0000] {logging_mixin.py:190} INFO - [2024-12-13T12:50:17.241+0000] {dag.py:3239} INFO - Sync 1 DAGs
[2024-12-13T12:50:17.248+0000] {logging_mixin.py:190} INFO - [2024-12-13T12:50:17.248+0000] {dag.py:4180} INFO - Setting next_dagrun for hello_airflow_demo to None, run_after=None
[2024-12-13T12:50:17.257+0000] {processor.py:208} INFO - Processing /opt/airflow/dags/Assignment-1_dags/Q2_dag.py took 0.041 seconds
[2024-12-13T13:29:01.133+0000] {processor.py:186} INFO - Started process (PID=16878) to work on /opt/airflow/dags/Assignment-1_dags/Q2_dag.py
[2024-12-13T13:29:01.134+0000] {processor.py:914} INFO - Processing file /opt/airflow/dags/Assignment-1_dags/Q2_dag.py for tasks to queue
[2024-12-13T13:29:01.136+0000] {logging_mixin.py:190} INFO - [2024-12-13T13:29:01.135+0000] {dagbag.py:588} INFO - Filling up the DagBag from /opt/airflow/dags/Assignment-1_dags/Q2_dag.py
[2024-12-13T13:29:01.141+0000] {processor.py:925} INFO - DAG(s) 'hello_airflow_demo' retrieved from /opt/airflow/dags/Assignment-1_dags/Q2_dag.py
[2024-12-13T13:29:01.155+0000] {logging_mixin.py:190} INFO - [2024-12-13T13:29:01.155+0000] {dag.py:3239} INFO - Sync 1 DAGs
[2024-12-13T13:29:01.162+0000] {logging_mixin.py:190} INFO - [2024-12-13T13:29:01.162+0000] {dag.py:4180} INFO - Setting next_dagrun for hello_airflow_demo to None, run_after=None
[2024-12-13T13:29:01.170+0000] {processor.py:208} INFO - Processing /opt/airflow/dags/Assignment-1_dags/Q2_dag.py took 0.043 seconds
[2024-12-13T13:32:10.424+0000] {processor.py:186} INFO - Started process (PID=16887) to work on /opt/airflow/dags/Assignment-1_dags/Q2_dag.py
[2024-12-13T13:32:10.425+0000] {processor.py:914} INFO - Processing file /opt/airflow/dags/Assignment-1_dags/Q2_dag.py for tasks to queue
[2024-12-13T13:32:10.426+0000] {logging_mixin.py:190} INFO - [2024-12-13T13:32:10.426+0000] {dagbag.py:588} INFO - Filling up the DagBag from /opt/airflow/dags/Assignment-1_dags/Q2_dag.py
[2024-12-13T13:32:10.431+0000] {processor.py:925} INFO - DAG(s) 'hello_airflow_demo' retrieved from /opt/airflow/dags/Assignment-1_dags/Q2_dag.py
[2024-12-13T13:32:10.449+0000] {logging_mixin.py:190} INFO - [2024-12-13T13:32:10.449+0000] {dag.py:3239} INFO - Sync 1 DAGs
[2024-12-13T13:32:10.455+0000] {logging_mixin.py:190} INFO - [2024-12-13T13:32:10.455+0000] {dag.py:4180} INFO - Setting next_dagrun for hello_airflow_demo to None, run_after=None
[2024-12-13T13:32:10.463+0000] {processor.py:208} INFO - Processing /opt/airflow/dags/Assignment-1_dags/Q2_dag.py took 0.042 seconds
[2024-12-13T14:15:36.953+0000] {processor.py:186} INFO - Started process (PID=16896) to work on /opt/airflow/dags/Assignment-1_dags/Q2_dag.py
[2024-12-13T14:15:36.953+0000] {processor.py:914} INFO - Processing file /opt/airflow/dags/Assignment-1_dags/Q2_dag.py for tasks to queue
[2024-12-13T14:15:36.954+0000] {logging_mixin.py:190} INFO - [2024-12-13T14:15:36.954+0000] {dagbag.py:588} INFO - Filling up the DagBag from /opt/airflow/dags/Assignment-1_dags/Q2_dag.py
[2024-12-13T14:15:36.959+0000] {processor.py:925} INFO - DAG(s) 'hello_airflow_demo' retrieved from /opt/airflow/dags/Assignment-1_dags/Q2_dag.py
[2024-12-13T14:15:36.970+0000] {logging_mixin.py:190} INFO - [2024-12-13T14:15:36.970+0000] {dag.py:3239} INFO - Sync 1 DAGs
[2024-12-13T14:15:36.976+0000] {logging_mixin.py:190} INFO - [2024-12-13T14:15:36.976+0000] {dag.py:4180} INFO - Setting next_dagrun for hello_airflow_demo to None, run_after=None
[2024-12-13T14:15:36.984+0000] {processor.py:208} INFO - Processing /opt/airflow/dags/Assignment-1_dags/Q2_dag.py took 0.034 seconds
[2024-12-13T14:49:23.993+0000] {processor.py:186} INFO - Started process (PID=16905) to work on /opt/airflow/dags/Assignment-1_dags/Q2_dag.py
[2024-12-13T14:49:23.993+0000] {processor.py:914} INFO - Processing file /opt/airflow/dags/Assignment-1_dags/Q2_dag.py for tasks to queue
[2024-12-13T14:49:23.994+0000] {logging_mixin.py:190} INFO - [2024-12-13T14:49:23.994+0000] {dagbag.py:588} INFO - Filling up the DagBag from /opt/airflow/dags/Assignment-1_dags/Q2_dag.py
[2024-12-13T14:49:23.999+0000] {processor.py:925} INFO - DAG(s) 'hello_airflow_demo' retrieved from /opt/airflow/dags/Assignment-1_dags/Q2_dag.py
[2024-12-13T14:49:24.011+0000] {logging_mixin.py:190} INFO - [2024-12-13T14:49:24.010+0000] {dag.py:3239} INFO - Sync 1 DAGs
[2024-12-13T14:49:24.017+0000] {logging_mixin.py:190} INFO - [2024-12-13T14:49:24.017+0000] {dag.py:4180} INFO - Setting next_dagrun for hello_airflow_demo to None, run_after=None
[2024-12-13T14:49:24.024+0000] {processor.py:208} INFO - Processing /opt/airflow/dags/Assignment-1_dags/Q2_dag.py took 0.034 seconds
[2024-12-13T16:12:32.274+0000] {processor.py:186} INFO - Started process (PID=16914) to work on /opt/airflow/dags/Assignment-1_dags/Q2_dag.py
[2024-12-13T16:12:32.275+0000] {processor.py:914} INFO - Processing file /opt/airflow/dags/Assignment-1_dags/Q2_dag.py for tasks to queue
[2024-12-13T16:12:32.276+0000] {logging_mixin.py:190} INFO - [2024-12-13T16:12:32.276+0000] {dagbag.py:588} INFO - Filling up the DagBag from /opt/airflow/dags/Assignment-1_dags/Q2_dag.py
[2024-12-13T16:12:32.281+0000] {processor.py:925} INFO - DAG(s) 'hello_airflow_demo' retrieved from /opt/airflow/dags/Assignment-1_dags/Q2_dag.py
[2024-12-13T16:12:32.293+0000] {logging_mixin.py:190} INFO - [2024-12-13T16:12:32.293+0000] {dag.py:3239} INFO - Sync 1 DAGs
[2024-12-13T16:12:32.299+0000] {logging_mixin.py:190} INFO - [2024-12-13T16:12:32.299+0000] {dag.py:4180} INFO - Setting next_dagrun for hello_airflow_demo to None, run_after=None
[2024-12-13T16:12:32.307+0000] {processor.py:208} INFO - Processing /opt/airflow/dags/Assignment-1_dags/Q2_dag.py took 0.036 seconds
[2024-12-13T17:50:48.826+0000] {processor.py:186} INFO - Started process (PID=16923) to work on /opt/airflow/dags/Assignment-1_dags/Q2_dag.py
[2024-12-13T17:50:48.826+0000] {processor.py:914} INFO - Processing file /opt/airflow/dags/Assignment-1_dags/Q2_dag.py for tasks to queue
[2024-12-13T17:50:48.827+0000] {logging_mixin.py:190} INFO - [2024-12-13T17:50:48.827+0000] {dagbag.py:588} INFO - Filling up the DagBag from /opt/airflow/dags/Assignment-1_dags/Q2_dag.py
[2024-12-13T17:50:48.832+0000] {processor.py:925} INFO - DAG(s) 'hello_airflow_demo' retrieved from /opt/airflow/dags/Assignment-1_dags/Q2_dag.py
[2024-12-13T17:50:48.844+0000] {logging_mixin.py:190} INFO - [2024-12-13T17:50:48.844+0000] {dag.py:3239} INFO - Sync 1 DAGs
[2024-12-13T17:50:48.850+0000] {logging_mixin.py:190} INFO - [2024-12-13T17:50:48.850+0000] {dag.py:4180} INFO - Setting next_dagrun for hello_airflow_demo to None, run_after=None
[2024-12-13T17:50:48.857+0000] {processor.py:208} INFO - Processing /opt/airflow/dags/Assignment-1_dags/Q2_dag.py took 0.035 seconds
