[2024-12-13T01:15:56.945+0000] {processor.py:186} INFO - Started process (PID=16261) to work on /opt/airflow/dags/Assignment-1_dags/Q3_dag.py
[2024-12-13T01:15:56.946+0000] {processor.py:914} INFO - Processing file /opt/airflow/dags/Assignment-1_dags/Q3_dag.py for tasks to queue
[2024-12-13T01:15:56.950+0000] {logging_mixin.py:190} INFO - [2024-12-13T01:15:56.950+0000] {dagbag.py:588} INFO - Filling up the DagBag from /opt/airflow/dags/Assignment-1_dags/Q3_dag.py
[2024-12-13T01:15:56.964+0000] {processor.py:925} INFO - DAG(s) 'set_and_read_airflow_variable' retrieved from /opt/airflow/dags/Assignment-1_dags/Q3_dag.py
[2024-12-13T01:15:57.004+0000] {logging_mixin.py:190} INFO - [2024-12-13T01:15:57.004+0000] {dag.py:3239} INFO - Sync 1 DAGs
[2024-12-13T01:15:57.018+0000] {logging_mixin.py:190} INFO - [2024-12-13T01:15:57.018+0000] {dag.py:4180} INFO - Setting next_dagrun for set_and_read_airflow_variable to None, run_after=None
[2024-12-13T01:15:57.037+0000] {processor.py:208} INFO - Processing /opt/airflow/dags/Assignment-1_dags/Q3_dag.py took 0.099 seconds
[2024-12-13T02:37:47.789+0000] {processor.py:186} INFO - Started process (PID=16270) to work on /opt/airflow/dags/Assignment-1_dags/Q3_dag.py
[2024-12-13T02:37:47.791+0000] {processor.py:914} INFO - Processing file /opt/airflow/dags/Assignment-1_dags/Q3_dag.py for tasks to queue
[2024-12-13T02:37:47.793+0000] {logging_mixin.py:190} INFO - [2024-12-13T02:37:47.793+0000] {dagbag.py:588} INFO - Filling up the DagBag from /opt/airflow/dags/Assignment-1_dags/Q3_dag.py
[2024-12-13T02:37:47.807+0000] {processor.py:925} INFO - DAG(s) 'set_and_read_airflow_variable' retrieved from /opt/airflow/dags/Assignment-1_dags/Q3_dag.py
[2024-12-13T02:37:47.832+0000] {logging_mixin.py:190} INFO - [2024-12-13T02:37:47.832+0000] {dag.py:3239} INFO - Sync 1 DAGs
[2024-12-13T02:37:47.845+0000] {logging_mixin.py:190} INFO - [2024-12-13T02:37:47.844+0000] {dag.py:4180} INFO - Setting next_dagrun for set_and_read_airflow_variable to None, run_after=None
[2024-12-13T02:37:47.863+0000] {processor.py:208} INFO - Processing /opt/airflow/dags/Assignment-1_dags/Q3_dag.py took 0.082 seconds
[2024-12-13T04:18:48.117+0000] {processor.py:186} INFO - Started process (PID=16279) to work on /opt/airflow/dags/Assignment-1_dags/Q3_dag.py
[2024-12-13T04:18:48.118+0000] {processor.py:914} INFO - Processing file /opt/airflow/dags/Assignment-1_dags/Q3_dag.py for tasks to queue
[2024-12-13T04:18:48.121+0000] {logging_mixin.py:190} INFO - [2024-12-13T04:18:48.121+0000] {dagbag.py:588} INFO - Filling up the DagBag from /opt/airflow/dags/Assignment-1_dags/Q3_dag.py
[2024-12-13T04:18:48.144+0000] {processor.py:925} INFO - DAG(s) 'set_and_read_airflow_variable' retrieved from /opt/airflow/dags/Assignment-1_dags/Q3_dag.py
[2024-12-13T04:18:48.179+0000] {logging_mixin.py:190} INFO - [2024-12-13T04:18:48.178+0000] {dag.py:3239} INFO - Sync 1 DAGs
[2024-12-13T04:18:48.190+0000] {logging_mixin.py:190} INFO - [2024-12-13T04:18:48.190+0000] {dag.py:4180} INFO - Setting next_dagrun for set_and_read_airflow_variable to None, run_after=None
[2024-12-13T04:18:48.206+0000] {processor.py:208} INFO - Processing /opt/airflow/dags/Assignment-1_dags/Q3_dag.py took 0.097 seconds
[2024-12-13T04:19:18.616+0000] {processor.py:186} INFO - Started process (PID=16288) to work on /opt/airflow/dags/Assignment-1_dags/Q3_dag.py
[2024-12-13T04:19:18.618+0000] {processor.py:914} INFO - Processing file /opt/airflow/dags/Assignment-1_dags/Q3_dag.py for tasks to queue
[2024-12-13T04:19:18.621+0000] {logging_mixin.py:190} INFO - [2024-12-13T04:19:18.620+0000] {dagbag.py:588} INFO - Filling up the DagBag from /opt/airflow/dags/Assignment-1_dags/Q3_dag.py
[2024-12-13T04:19:18.636+0000] {processor.py:925} INFO - DAG(s) 'set_and_read_airflow_variable' retrieved from /opt/airflow/dags/Assignment-1_dags/Q3_dag.py
[2024-12-13T04:19:18.673+0000] {logging_mixin.py:190} INFO - [2024-12-13T04:19:18.673+0000] {dag.py:3239} INFO - Sync 1 DAGs
[2024-12-13T04:19:18.687+0000] {logging_mixin.py:190} INFO - [2024-12-13T04:19:18.686+0000] {dag.py:4180} INFO - Setting next_dagrun for set_and_read_airflow_variable to None, run_after=None
[2024-12-13T04:19:18.699+0000] {processor.py:208} INFO - Processing /opt/airflow/dags/Assignment-1_dags/Q3_dag.py took 0.095 seconds
[2024-12-13T04:19:49.134+0000] {processor.py:186} INFO - Started process (PID=16297) to work on /opt/airflow/dags/Assignment-1_dags/Q3_dag.py
[2024-12-13T04:19:49.135+0000] {processor.py:914} INFO - Processing file /opt/airflow/dags/Assignment-1_dags/Q3_dag.py for tasks to queue
[2024-12-13T04:19:49.139+0000] {logging_mixin.py:190} INFO - [2024-12-13T04:19:49.139+0000] {dagbag.py:588} INFO - Filling up the DagBag from /opt/airflow/dags/Assignment-1_dags/Q3_dag.py
[2024-12-13T04:19:49.154+0000] {processor.py:925} INFO - DAG(s) 'set_and_read_airflow_variable' retrieved from /opt/airflow/dags/Assignment-1_dags/Q3_dag.py
[2024-12-13T04:19:49.176+0000] {logging_mixin.py:190} INFO - [2024-12-13T04:19:49.176+0000] {dag.py:3239} INFO - Sync 1 DAGs
[2024-12-13T04:19:49.185+0000] {logging_mixin.py:190} INFO - [2024-12-13T04:19:49.184+0000] {dag.py:4180} INFO - Setting next_dagrun for set_and_read_airflow_variable to None, run_after=None
[2024-12-13T04:19:49.197+0000] {processor.py:208} INFO - Processing /opt/airflow/dags/Assignment-1_dags/Q3_dag.py took 0.070 seconds
[2024-12-13T04:35:44.433+0000] {processor.py:186} INFO - Started process (PID=16306) to work on /opt/airflow/dags/Assignment-1_dags/Q3_dag.py
[2024-12-13T04:35:44.435+0000] {processor.py:914} INFO - Processing file /opt/airflow/dags/Assignment-1_dags/Q3_dag.py for tasks to queue
[2024-12-13T04:35:44.439+0000] {logging_mixin.py:190} INFO - [2024-12-13T04:35:44.439+0000] {dagbag.py:588} INFO - Filling up the DagBag from /opt/airflow/dags/Assignment-1_dags/Q3_dag.py
[2024-12-13T04:35:44.453+0000] {processor.py:925} INFO - DAG(s) 'set_and_read_airflow_variable' retrieved from /opt/airflow/dags/Assignment-1_dags/Q3_dag.py
[2024-12-13T04:35:44.495+0000] {logging_mixin.py:190} INFO - [2024-12-13T04:35:44.495+0000] {dag.py:3239} INFO - Sync 1 DAGs
[2024-12-13T04:35:44.509+0000] {logging_mixin.py:190} INFO - [2024-12-13T04:35:44.509+0000] {dag.py:4180} INFO - Setting next_dagrun for set_and_read_airflow_variable to None, run_after=None
[2024-12-13T04:35:44.526+0000] {processor.py:208} INFO - Processing /opt/airflow/dags/Assignment-1_dags/Q3_dag.py took 0.101 seconds
[2024-12-13T05:29:57.218+0000] {processor.py:186} INFO - Started process (PID=16315) to work on /opt/airflow/dags/Assignment-1_dags/Q3_dag.py
[2024-12-13T05:29:57.222+0000] {processor.py:914} INFO - Processing file /opt/airflow/dags/Assignment-1_dags/Q3_dag.py for tasks to queue
[2024-12-13T05:29:57.226+0000] {logging_mixin.py:190} INFO - [2024-12-13T05:29:57.226+0000] {dagbag.py:588} INFO - Filling up the DagBag from /opt/airflow/dags/Assignment-1_dags/Q3_dag.py
[2024-12-13T05:29:57.250+0000] {processor.py:925} INFO - DAG(s) 'set_and_read_airflow_variable' retrieved from /opt/airflow/dags/Assignment-1_dags/Q3_dag.py
[2024-12-13T05:29:57.274+0000] {logging_mixin.py:190} INFO - [2024-12-13T05:29:57.274+0000] {dag.py:3239} INFO - Sync 1 DAGs
[2024-12-13T05:29:57.284+0000] {logging_mixin.py:190} INFO - [2024-12-13T05:29:57.284+0000] {dag.py:4180} INFO - Setting next_dagrun for set_and_read_airflow_variable to None, run_after=None
[2024-12-13T05:29:57.301+0000] {processor.py:208} INFO - Processing /opt/airflow/dags/Assignment-1_dags/Q3_dag.py took 0.093 seconds
[2024-12-13T07:11:37.579+0000] {processor.py:186} INFO - Started process (PID=16324) to work on /opt/airflow/dags/Assignment-1_dags/Q3_dag.py
[2024-12-13T07:11:37.580+0000] {processor.py:914} INFO - Processing file /opt/airflow/dags/Assignment-1_dags/Q3_dag.py for tasks to queue
[2024-12-13T07:11:37.584+0000] {logging_mixin.py:190} INFO - [2024-12-13T07:11:37.584+0000] {dagbag.py:588} INFO - Filling up the DagBag from /opt/airflow/dags/Assignment-1_dags/Q3_dag.py
[2024-12-13T07:11:37.598+0000] {processor.py:925} INFO - DAG(s) 'set_and_read_airflow_variable' retrieved from /opt/airflow/dags/Assignment-1_dags/Q3_dag.py
[2024-12-13T07:11:37.636+0000] {logging_mixin.py:190} INFO - [2024-12-13T07:11:37.635+0000] {dag.py:3239} INFO - Sync 1 DAGs
[2024-12-13T07:11:37.647+0000] {logging_mixin.py:190} INFO - [2024-12-13T07:11:37.647+0000] {dag.py:4180} INFO - Setting next_dagrun for set_and_read_airflow_variable to None, run_after=None
[2024-12-13T07:11:37.663+0000] {processor.py:208} INFO - Processing /opt/airflow/dags/Assignment-1_dags/Q3_dag.py took 0.091 seconds
[2024-12-13T08:34:07.458+0000] {processor.py:186} INFO - Started process (PID=16333) to work on /opt/airflow/dags/Assignment-1_dags/Q3_dag.py
[2024-12-13T08:34:07.459+0000] {processor.py:914} INFO - Processing file /opt/airflow/dags/Assignment-1_dags/Q3_dag.py for tasks to queue
[2024-12-13T08:34:07.468+0000] {logging_mixin.py:190} INFO - [2024-12-13T08:34:07.467+0000] {dagbag.py:588} INFO - Filling up the DagBag from /opt/airflow/dags/Assignment-1_dags/Q3_dag.py
[2024-12-13T08:34:07.484+0000] {processor.py:925} INFO - DAG(s) 'set_and_read_airflow_variable' retrieved from /opt/airflow/dags/Assignment-1_dags/Q3_dag.py
[2024-12-13T08:34:07.506+0000] {logging_mixin.py:190} INFO - [2024-12-13T08:34:07.506+0000] {dag.py:3239} INFO - Sync 1 DAGs
[2024-12-13T08:34:07.515+0000] {logging_mixin.py:190} INFO - [2024-12-13T08:34:07.515+0000] {dag.py:4180} INFO - Setting next_dagrun for set_and_read_airflow_variable to None, run_after=None
[2024-12-13T08:34:07.527+0000] {processor.py:208} INFO - Processing /opt/airflow/dags/Assignment-1_dags/Q3_dag.py took 0.074 seconds
[2024-12-13T09:03:40.160+0000] {processor.py:186} INFO - Started process (PID=16342) to work on /opt/airflow/dags/Assignment-1_dags/Q3_dag.py
[2024-12-13T09:03:40.161+0000] {processor.py:914} INFO - Processing file /opt/airflow/dags/Assignment-1_dags/Q3_dag.py for tasks to queue
[2024-12-13T09:03:40.164+0000] {logging_mixin.py:190} INFO - [2024-12-13T09:03:40.164+0000] {dagbag.py:588} INFO - Filling up the DagBag from /opt/airflow/dags/Assignment-1_dags/Q3_dag.py
[2024-12-13T09:03:40.177+0000] {processor.py:925} INFO - DAG(s) 'set_and_read_airflow_variable' retrieved from /opt/airflow/dags/Assignment-1_dags/Q3_dag.py
[2024-12-13T09:03:40.200+0000] {logging_mixin.py:190} INFO - [2024-12-13T09:03:40.200+0000] {dag.py:3239} INFO - Sync 1 DAGs
[2024-12-13T09:03:40.211+0000] {logging_mixin.py:190} INFO - [2024-12-13T09:03:40.211+0000] {dag.py:4180} INFO - Setting next_dagrun for set_and_read_airflow_variable to None, run_after=None
[2024-12-13T09:03:40.228+0000] {processor.py:208} INFO - Processing /opt/airflow/dags/Assignment-1_dags/Q3_dag.py took 0.074 seconds
[2024-12-13T09:04:10.746+0000] {processor.py:186} INFO - Started process (PID=16351) to work on /opt/airflow/dags/Assignment-1_dags/Q3_dag.py
[2024-12-13T09:04:10.747+0000] {processor.py:914} INFO - Processing file /opt/airflow/dags/Assignment-1_dags/Q3_dag.py for tasks to queue
[2024-12-13T09:04:10.753+0000] {logging_mixin.py:190} INFO - [2024-12-13T09:04:10.752+0000] {dagbag.py:588} INFO - Filling up the DagBag from /opt/airflow/dags/Assignment-1_dags/Q3_dag.py
[2024-12-13T09:04:10.810+0000] {processor.py:925} INFO - DAG(s) 'set_and_read_airflow_variable' retrieved from /opt/airflow/dags/Assignment-1_dags/Q3_dag.py
[2024-12-13T09:04:10.852+0000] {logging_mixin.py:190} INFO - [2024-12-13T09:04:10.852+0000] {dag.py:3239} INFO - Sync 1 DAGs
[2024-12-13T09:04:10.867+0000] {logging_mixin.py:190} INFO - [2024-12-13T09:04:10.867+0000] {dag.py:4180} INFO - Setting next_dagrun for set_and_read_airflow_variable to None, run_after=None
[2024-12-13T09:04:10.892+0000] {processor.py:208} INFO - Processing /opt/airflow/dags/Assignment-1_dags/Q3_dag.py took 0.163 seconds
[2024-12-13T09:04:41.252+0000] {processor.py:186} INFO - Started process (PID=16360) to work on /opt/airflow/dags/Assignment-1_dags/Q3_dag.py
[2024-12-13T09:04:41.253+0000] {processor.py:914} INFO - Processing file /opt/airflow/dags/Assignment-1_dags/Q3_dag.py for tasks to queue
[2024-12-13T09:04:41.257+0000] {logging_mixin.py:190} INFO - [2024-12-13T09:04:41.257+0000] {dagbag.py:588} INFO - Filling up the DagBag from /opt/airflow/dags/Assignment-1_dags/Q3_dag.py
[2024-12-13T09:04:41.281+0000] {processor.py:925} INFO - DAG(s) 'set_and_read_airflow_variable' retrieved from /opt/airflow/dags/Assignment-1_dags/Q3_dag.py
[2024-12-13T09:04:41.321+0000] {logging_mixin.py:190} INFO - [2024-12-13T09:04:41.321+0000] {dag.py:3239} INFO - Sync 1 DAGs
[2024-12-13T09:04:41.334+0000] {logging_mixin.py:190} INFO - [2024-12-13T09:04:41.334+0000] {dag.py:4180} INFO - Setting next_dagrun for set_and_read_airflow_variable to None, run_after=None
[2024-12-13T09:04:41.352+0000] {processor.py:208} INFO - Processing /opt/airflow/dags/Assignment-1_dags/Q3_dag.py took 0.110 seconds
[2024-12-13T09:05:11.714+0000] {processor.py:186} INFO - Started process (PID=16369) to work on /opt/airflow/dags/Assignment-1_dags/Q3_dag.py
[2024-12-13T09:05:11.716+0000] {processor.py:914} INFO - Processing file /opt/airflow/dags/Assignment-1_dags/Q3_dag.py for tasks to queue
[2024-12-13T09:05:11.723+0000] {logging_mixin.py:190} INFO - [2024-12-13T09:05:11.722+0000] {dagbag.py:588} INFO - Filling up the DagBag from /opt/airflow/dags/Assignment-1_dags/Q3_dag.py
[2024-12-13T09:05:11.767+0000] {processor.py:925} INFO - DAG(s) 'set_and_read_airflow_variable' retrieved from /opt/airflow/dags/Assignment-1_dags/Q3_dag.py
[2024-12-13T09:05:11.814+0000] {logging_mixin.py:190} INFO - [2024-12-13T09:05:11.814+0000] {dag.py:3239} INFO - Sync 1 DAGs
[2024-12-13T09:05:11.830+0000] {logging_mixin.py:190} INFO - [2024-12-13T09:05:11.830+0000] {dag.py:4180} INFO - Setting next_dagrun for set_and_read_airflow_variable to None, run_after=None
[2024-12-13T09:05:11.849+0000] {processor.py:208} INFO - Processing /opt/airflow/dags/Assignment-1_dags/Q3_dag.py took 0.170 seconds
[2024-12-13T09:05:42.222+0000] {processor.py:186} INFO - Started process (PID=16378) to work on /opt/airflow/dags/Assignment-1_dags/Q3_dag.py
[2024-12-13T09:05:42.224+0000] {processor.py:914} INFO - Processing file /opt/airflow/dags/Assignment-1_dags/Q3_dag.py for tasks to queue
[2024-12-13T09:05:42.241+0000] {logging_mixin.py:190} INFO - [2024-12-13T09:05:42.240+0000] {dagbag.py:588} INFO - Filling up the DagBag from /opt/airflow/dags/Assignment-1_dags/Q3_dag.py
[2024-12-13T09:05:42.265+0000] {processor.py:925} INFO - DAG(s) 'set_and_read_airflow_variable' retrieved from /opt/airflow/dags/Assignment-1_dags/Q3_dag.py
[2024-12-13T09:05:42.307+0000] {logging_mixin.py:190} INFO - [2024-12-13T09:05:42.307+0000] {dag.py:3239} INFO - Sync 1 DAGs
[2024-12-13T09:05:42.322+0000] {logging_mixin.py:190} INFO - [2024-12-13T09:05:42.322+0000] {dag.py:4180} INFO - Setting next_dagrun for set_and_read_airflow_variable to None, run_after=None
[2024-12-13T09:05:42.340+0000] {processor.py:208} INFO - Processing /opt/airflow/dags/Assignment-1_dags/Q3_dag.py took 0.129 seconds
[2024-12-13T09:06:12.708+0000] {processor.py:186} INFO - Started process (PID=16387) to work on /opt/airflow/dags/Assignment-1_dags/Q3_dag.py
[2024-12-13T09:06:12.709+0000] {processor.py:914} INFO - Processing file /opt/airflow/dags/Assignment-1_dags/Q3_dag.py for tasks to queue
[2024-12-13T09:06:12.715+0000] {logging_mixin.py:190} INFO - [2024-12-13T09:06:12.715+0000] {dagbag.py:588} INFO - Filling up the DagBag from /opt/airflow/dags/Assignment-1_dags/Q3_dag.py
[2024-12-13T09:06:12.733+0000] {processor.py:925} INFO - DAG(s) 'set_and_read_airflow_variable' retrieved from /opt/airflow/dags/Assignment-1_dags/Q3_dag.py
[2024-12-13T09:06:12.772+0000] {logging_mixin.py:190} INFO - [2024-12-13T09:06:12.772+0000] {dag.py:3239} INFO - Sync 1 DAGs
[2024-12-13T09:06:12.788+0000] {logging_mixin.py:190} INFO - [2024-12-13T09:06:12.788+0000] {dag.py:4180} INFO - Setting next_dagrun for set_and_read_airflow_variable to None, run_after=None
[2024-12-13T09:06:12.811+0000] {processor.py:208} INFO - Processing /opt/airflow/dags/Assignment-1_dags/Q3_dag.py took 0.115 seconds
[2024-12-13T09:06:43.218+0000] {processor.py:186} INFO - Started process (PID=16396) to work on /opt/airflow/dags/Assignment-1_dags/Q3_dag.py
[2024-12-13T09:06:43.221+0000] {processor.py:914} INFO - Processing file /opt/airflow/dags/Assignment-1_dags/Q3_dag.py for tasks to queue
[2024-12-13T09:06:43.227+0000] {logging_mixin.py:190} INFO - [2024-12-13T09:06:43.227+0000] {dagbag.py:588} INFO - Filling up the DagBag from /opt/airflow/dags/Assignment-1_dags/Q3_dag.py
[2024-12-13T09:06:43.254+0000] {processor.py:925} INFO - DAG(s) 'set_and_read_airflow_variable' retrieved from /opt/airflow/dags/Assignment-1_dags/Q3_dag.py
[2024-12-13T09:06:43.294+0000] {logging_mixin.py:190} INFO - [2024-12-13T09:06:43.294+0000] {dag.py:3239} INFO - Sync 1 DAGs
[2024-12-13T09:06:43.321+0000] {logging_mixin.py:190} INFO - [2024-12-13T09:06:43.321+0000] {dag.py:4180} INFO - Setting next_dagrun for set_and_read_airflow_variable to None, run_after=None
[2024-12-13T09:06:43.338+0000] {processor.py:208} INFO - Processing /opt/airflow/dags/Assignment-1_dags/Q3_dag.py took 0.136 seconds
[2024-12-13T09:07:13.694+0000] {processor.py:186} INFO - Started process (PID=16405) to work on /opt/airflow/dags/Assignment-1_dags/Q3_dag.py
[2024-12-13T09:07:13.694+0000] {processor.py:914} INFO - Processing file /opt/airflow/dags/Assignment-1_dags/Q3_dag.py for tasks to queue
[2024-12-13T09:07:13.699+0000] {logging_mixin.py:190} INFO - [2024-12-13T09:07:13.698+0000] {dagbag.py:588} INFO - Filling up the DagBag from /opt/airflow/dags/Assignment-1_dags/Q3_dag.py
[2024-12-13T09:07:13.711+0000] {processor.py:925} INFO - DAG(s) 'set_and_read_airflow_variable' retrieved from /opt/airflow/dags/Assignment-1_dags/Q3_dag.py
[2024-12-13T09:07:13.740+0000] {logging_mixin.py:190} INFO - [2024-12-13T09:07:13.740+0000] {dag.py:3239} INFO - Sync 1 DAGs
[2024-12-13T09:07:13.757+0000] {logging_mixin.py:190} INFO - [2024-12-13T09:07:13.757+0000] {dag.py:4180} INFO - Setting next_dagrun for set_and_read_airflow_variable to None, run_after=None
[2024-12-13T09:07:13.770+0000] {processor.py:208} INFO - Processing /opt/airflow/dags/Assignment-1_dags/Q3_dag.py took 0.085 seconds
[2024-12-13T09:07:44.098+0000] {processor.py:186} INFO - Started process (PID=16414) to work on /opt/airflow/dags/Assignment-1_dags/Q3_dag.py
[2024-12-13T09:07:44.100+0000] {processor.py:914} INFO - Processing file /opt/airflow/dags/Assignment-1_dags/Q3_dag.py for tasks to queue
[2024-12-13T09:07:44.103+0000] {logging_mixin.py:190} INFO - [2024-12-13T09:07:44.102+0000] {dagbag.py:588} INFO - Filling up the DagBag from /opt/airflow/dags/Assignment-1_dags/Q3_dag.py
[2024-12-13T09:07:44.119+0000] {processor.py:925} INFO - DAG(s) 'set_and_read_airflow_variable' retrieved from /opt/airflow/dags/Assignment-1_dags/Q3_dag.py
[2024-12-13T09:07:44.139+0000] {logging_mixin.py:190} INFO - [2024-12-13T09:07:44.139+0000] {dag.py:3239} INFO - Sync 1 DAGs
[2024-12-13T09:07:44.151+0000] {logging_mixin.py:190} INFO - [2024-12-13T09:07:44.150+0000] {dag.py:4180} INFO - Setting next_dagrun for set_and_read_airflow_variable to None, run_after=None
[2024-12-13T09:07:44.164+0000] {processor.py:208} INFO - Processing /opt/airflow/dags/Assignment-1_dags/Q3_dag.py took 0.076 seconds
[2024-12-13T09:08:14.517+0000] {processor.py:186} INFO - Started process (PID=16423) to work on /opt/airflow/dags/Assignment-1_dags/Q3_dag.py
[2024-12-13T09:08:14.519+0000] {processor.py:914} INFO - Processing file /opt/airflow/dags/Assignment-1_dags/Q3_dag.py for tasks to queue
[2024-12-13T09:08:14.521+0000] {logging_mixin.py:190} INFO - [2024-12-13T09:08:14.521+0000] {dagbag.py:588} INFO - Filling up the DagBag from /opt/airflow/dags/Assignment-1_dags/Q3_dag.py
[2024-12-13T09:08:14.535+0000] {processor.py:925} INFO - DAG(s) 'set_and_read_airflow_variable' retrieved from /opt/airflow/dags/Assignment-1_dags/Q3_dag.py
[2024-12-13T09:08:14.558+0000] {logging_mixin.py:190} INFO - [2024-12-13T09:08:14.557+0000] {dag.py:3239} INFO - Sync 1 DAGs
[2024-12-13T09:08:14.568+0000] {logging_mixin.py:190} INFO - [2024-12-13T09:08:14.567+0000] {dag.py:4180} INFO - Setting next_dagrun for set_and_read_airflow_variable to None, run_after=None
[2024-12-13T09:08:14.581+0000] {processor.py:208} INFO - Processing /opt/airflow/dags/Assignment-1_dags/Q3_dag.py took 0.072 seconds
[2024-12-13T09:08:44.968+0000] {processor.py:186} INFO - Started process (PID=16432) to work on /opt/airflow/dags/Assignment-1_dags/Q3_dag.py
[2024-12-13T09:08:44.971+0000] {processor.py:914} INFO - Processing file /opt/airflow/dags/Assignment-1_dags/Q3_dag.py for tasks to queue
[2024-12-13T09:08:44.976+0000] {logging_mixin.py:190} INFO - [2024-12-13T09:08:44.976+0000] {dagbag.py:588} INFO - Filling up the DagBag from /opt/airflow/dags/Assignment-1_dags/Q3_dag.py
[2024-12-13T09:08:44.995+0000] {processor.py:925} INFO - DAG(s) 'set_and_read_airflow_variable' retrieved from /opt/airflow/dags/Assignment-1_dags/Q3_dag.py
[2024-12-13T09:08:45.019+0000] {logging_mixin.py:190} INFO - [2024-12-13T09:08:45.019+0000] {dag.py:3239} INFO - Sync 1 DAGs
[2024-12-13T09:08:45.028+0000] {logging_mixin.py:190} INFO - [2024-12-13T09:08:45.028+0000] {dag.py:4180} INFO - Setting next_dagrun for set_and_read_airflow_variable to None, run_after=None
[2024-12-13T09:08:45.040+0000] {processor.py:208} INFO - Processing /opt/airflow/dags/Assignment-1_dags/Q3_dag.py took 0.081 seconds
[2024-12-13T09:09:15.385+0000] {processor.py:186} INFO - Started process (PID=16441) to work on /opt/airflow/dags/Assignment-1_dags/Q3_dag.py
[2024-12-13T09:09:15.388+0000] {processor.py:914} INFO - Processing file /opt/airflow/dags/Assignment-1_dags/Q3_dag.py for tasks to queue
[2024-12-13T09:09:15.390+0000] {logging_mixin.py:190} INFO - [2024-12-13T09:09:15.390+0000] {dagbag.py:588} INFO - Filling up the DagBag from /opt/airflow/dags/Assignment-1_dags/Q3_dag.py
[2024-12-13T09:09:15.408+0000] {processor.py:925} INFO - DAG(s) 'set_and_read_airflow_variable' retrieved from /opt/airflow/dags/Assignment-1_dags/Q3_dag.py
[2024-12-13T09:09:15.430+0000] {logging_mixin.py:190} INFO - [2024-12-13T09:09:15.430+0000] {dag.py:3239} INFO - Sync 1 DAGs
[2024-12-13T09:09:15.439+0000] {logging_mixin.py:190} INFO - [2024-12-13T09:09:15.439+0000] {dag.py:4180} INFO - Setting next_dagrun for set_and_read_airflow_variable to None, run_after=None
[2024-12-13T09:09:15.453+0000] {processor.py:208} INFO - Processing /opt/airflow/dags/Assignment-1_dags/Q3_dag.py took 0.075 seconds
[2024-12-13T09:09:45.813+0000] {processor.py:186} INFO - Started process (PID=16450) to work on /opt/airflow/dags/Assignment-1_dags/Q3_dag.py
[2024-12-13T09:09:45.816+0000] {processor.py:914} INFO - Processing file /opt/airflow/dags/Assignment-1_dags/Q3_dag.py for tasks to queue
[2024-12-13T09:09:45.819+0000] {logging_mixin.py:190} INFO - [2024-12-13T09:09:45.819+0000] {dagbag.py:588} INFO - Filling up the DagBag from /opt/airflow/dags/Assignment-1_dags/Q3_dag.py
[2024-12-13T09:09:45.835+0000] {processor.py:925} INFO - DAG(s) 'set_and_read_airflow_variable' retrieved from /opt/airflow/dags/Assignment-1_dags/Q3_dag.py
[2024-12-13T09:09:45.857+0000] {logging_mixin.py:190} INFO - [2024-12-13T09:09:45.857+0000] {dag.py:3239} INFO - Sync 1 DAGs
[2024-12-13T09:09:45.867+0000] {logging_mixin.py:190} INFO - [2024-12-13T09:09:45.867+0000] {dag.py:4180} INFO - Setting next_dagrun for set_and_read_airflow_variable to None, run_after=None
[2024-12-13T09:09:45.880+0000] {processor.py:208} INFO - Processing /opt/airflow/dags/Assignment-1_dags/Q3_dag.py took 0.076 seconds
[2024-12-13T09:10:16.238+0000] {processor.py:186} INFO - Started process (PID=16459) to work on /opt/airflow/dags/Assignment-1_dags/Q3_dag.py
[2024-12-13T09:10:16.241+0000] {processor.py:914} INFO - Processing file /opt/airflow/dags/Assignment-1_dags/Q3_dag.py for tasks to queue
[2024-12-13T09:10:16.246+0000] {logging_mixin.py:190} INFO - [2024-12-13T09:10:16.245+0000] {dagbag.py:588} INFO - Filling up the DagBag from /opt/airflow/dags/Assignment-1_dags/Q3_dag.py
[2024-12-13T09:10:16.265+0000] {processor.py:925} INFO - DAG(s) 'set_and_read_airflow_variable' retrieved from /opt/airflow/dags/Assignment-1_dags/Q3_dag.py
[2024-12-13T09:10:16.298+0000] {logging_mixin.py:190} INFO - [2024-12-13T09:10:16.298+0000] {dag.py:3239} INFO - Sync 1 DAGs
[2024-12-13T09:10:16.313+0000] {logging_mixin.py:190} INFO - [2024-12-13T09:10:16.313+0000] {dag.py:4180} INFO - Setting next_dagrun for set_and_read_airflow_variable to None, run_after=None
[2024-12-13T09:10:16.330+0000] {processor.py:208} INFO - Processing /opt/airflow/dags/Assignment-1_dags/Q3_dag.py took 0.100 seconds
[2024-12-13T09:12:28.554+0000] {processor.py:186} INFO - Started process (PID=16468) to work on /opt/airflow/dags/Assignment-1_dags/Q3_dag.py
[2024-12-13T09:12:28.555+0000] {processor.py:914} INFO - Processing file /opt/airflow/dags/Assignment-1_dags/Q3_dag.py for tasks to queue
[2024-12-13T09:12:28.572+0000] {logging_mixin.py:190} INFO - [2024-12-13T09:12:28.571+0000] {dagbag.py:588} INFO - Filling up the DagBag from /opt/airflow/dags/Assignment-1_dags/Q3_dag.py
[2024-12-13T09:12:28.595+0000] {processor.py:925} INFO - DAG(s) 'set_and_read_airflow_variable' retrieved from /opt/airflow/dags/Assignment-1_dags/Q3_dag.py
[2024-12-13T09:12:28.629+0000] {logging_mixin.py:190} INFO - [2024-12-13T09:12:28.629+0000] {dag.py:3239} INFO - Sync 1 DAGs
[2024-12-13T09:12:28.642+0000] {logging_mixin.py:190} INFO - [2024-12-13T09:12:28.642+0000] {dag.py:4180} INFO - Setting next_dagrun for set_and_read_airflow_variable to None, run_after=None
[2024-12-13T09:12:28.657+0000] {processor.py:208} INFO - Processing /opt/airflow/dags/Assignment-1_dags/Q3_dag.py took 0.113 seconds
[2024-12-13T09:12:59.043+0000] {processor.py:186} INFO - Started process (PID=16477) to work on /opt/airflow/dags/Assignment-1_dags/Q3_dag.py
[2024-12-13T09:12:59.045+0000] {processor.py:914} INFO - Processing file /opt/airflow/dags/Assignment-1_dags/Q3_dag.py for tasks to queue
[2024-12-13T09:12:59.049+0000] {logging_mixin.py:190} INFO - [2024-12-13T09:12:59.049+0000] {dagbag.py:588} INFO - Filling up the DagBag from /opt/airflow/dags/Assignment-1_dags/Q3_dag.py
[2024-12-13T09:12:59.065+0000] {processor.py:925} INFO - DAG(s) 'set_and_read_airflow_variable' retrieved from /opt/airflow/dags/Assignment-1_dags/Q3_dag.py
[2024-12-13T09:12:59.107+0000] {logging_mixin.py:190} INFO - [2024-12-13T09:12:59.107+0000] {dag.py:3239} INFO - Sync 1 DAGs
[2024-12-13T09:12:59.117+0000] {logging_mixin.py:190} INFO - [2024-12-13T09:12:59.116+0000] {dag.py:4180} INFO - Setting next_dagrun for set_and_read_airflow_variable to None, run_after=None
[2024-12-13T09:12:59.129+0000] {processor.py:208} INFO - Processing /opt/airflow/dags/Assignment-1_dags/Q3_dag.py took 0.097 seconds
[2024-12-13T09:13:29.462+0000] {processor.py:186} INFO - Started process (PID=16486) to work on /opt/airflow/dags/Assignment-1_dags/Q3_dag.py
[2024-12-13T09:13:29.462+0000] {processor.py:914} INFO - Processing file /opt/airflow/dags/Assignment-1_dags/Q3_dag.py for tasks to queue
[2024-12-13T09:13:29.466+0000] {logging_mixin.py:190} INFO - [2024-12-13T09:13:29.466+0000] {dagbag.py:588} INFO - Filling up the DagBag from /opt/airflow/dags/Assignment-1_dags/Q3_dag.py
[2024-12-13T09:13:29.477+0000] {processor.py:925} INFO - DAG(s) 'set_and_read_airflow_variable' retrieved from /opt/airflow/dags/Assignment-1_dags/Q3_dag.py
[2024-12-13T09:13:29.494+0000] {logging_mixin.py:190} INFO - [2024-12-13T09:13:29.494+0000] {dag.py:3239} INFO - Sync 1 DAGs
[2024-12-13T09:13:29.502+0000] {logging_mixin.py:190} INFO - [2024-12-13T09:13:29.502+0000] {dag.py:4180} INFO - Setting next_dagrun for set_and_read_airflow_variable to None, run_after=None
[2024-12-13T09:13:29.516+0000] {processor.py:208} INFO - Processing /opt/airflow/dags/Assignment-1_dags/Q3_dag.py took 0.061 seconds
[2024-12-13T09:13:59.872+0000] {processor.py:186} INFO - Started process (PID=16495) to work on /opt/airflow/dags/Assignment-1_dags/Q3_dag.py
[2024-12-13T09:13:59.872+0000] {processor.py:914} INFO - Processing file /opt/airflow/dags/Assignment-1_dags/Q3_dag.py for tasks to queue
[2024-12-13T09:13:59.875+0000] {logging_mixin.py:190} INFO - [2024-12-13T09:13:59.875+0000] {dagbag.py:588} INFO - Filling up the DagBag from /opt/airflow/dags/Assignment-1_dags/Q3_dag.py
[2024-12-13T09:13:59.886+0000] {processor.py:925} INFO - DAG(s) 'set_and_read_airflow_variable' retrieved from /opt/airflow/dags/Assignment-1_dags/Q3_dag.py
[2024-12-13T09:13:59.904+0000] {logging_mixin.py:190} INFO - [2024-12-13T09:13:59.904+0000] {dag.py:3239} INFO - Sync 1 DAGs
[2024-12-13T09:13:59.914+0000] {logging_mixin.py:190} INFO - [2024-12-13T09:13:59.914+0000] {dag.py:4180} INFO - Setting next_dagrun for set_and_read_airflow_variable to None, run_after=None
[2024-12-13T09:13:59.926+0000] {processor.py:208} INFO - Processing /opt/airflow/dags/Assignment-1_dags/Q3_dag.py took 0.060 seconds
[2024-12-13T09:14:30.227+0000] {processor.py:186} INFO - Started process (PID=16504) to work on /opt/airflow/dags/Assignment-1_dags/Q3_dag.py
[2024-12-13T09:14:30.228+0000] {processor.py:914} INFO - Processing file /opt/airflow/dags/Assignment-1_dags/Q3_dag.py for tasks to queue
[2024-12-13T09:14:30.230+0000] {logging_mixin.py:190} INFO - [2024-12-13T09:14:30.230+0000] {dagbag.py:588} INFO - Filling up the DagBag from /opt/airflow/dags/Assignment-1_dags/Q3_dag.py
[2024-12-13T09:14:30.240+0000] {processor.py:925} INFO - DAG(s) 'set_and_read_airflow_variable' retrieved from /opt/airflow/dags/Assignment-1_dags/Q3_dag.py
[2024-12-13T09:14:30.255+0000] {logging_mixin.py:190} INFO - [2024-12-13T09:14:30.255+0000] {dag.py:3239} INFO - Sync 1 DAGs
[2024-12-13T09:14:30.267+0000] {logging_mixin.py:190} INFO - [2024-12-13T09:14:30.266+0000] {dag.py:4180} INFO - Setting next_dagrun for set_and_read_airflow_variable to None, run_after=None
[2024-12-13T09:14:30.277+0000] {processor.py:208} INFO - Processing /opt/airflow/dags/Assignment-1_dags/Q3_dag.py took 0.055 seconds
[2024-12-13T09:15:00.591+0000] {processor.py:186} INFO - Started process (PID=16513) to work on /opt/airflow/dags/Assignment-1_dags/Q3_dag.py
[2024-12-13T09:15:00.591+0000] {processor.py:914} INFO - Processing file /opt/airflow/dags/Assignment-1_dags/Q3_dag.py for tasks to queue
[2024-12-13T09:15:00.594+0000] {logging_mixin.py:190} INFO - [2024-12-13T09:15:00.594+0000] {dagbag.py:588} INFO - Filling up the DagBag from /opt/airflow/dags/Assignment-1_dags/Q3_dag.py
[2024-12-13T09:15:00.602+0000] {processor.py:925} INFO - DAG(s) 'set_and_read_airflow_variable' retrieved from /opt/airflow/dags/Assignment-1_dags/Q3_dag.py
[2024-12-13T09:15:00.618+0000] {logging_mixin.py:190} INFO - [2024-12-13T09:15:00.618+0000] {dag.py:3239} INFO - Sync 1 DAGs
[2024-12-13T09:15:00.631+0000] {logging_mixin.py:190} INFO - [2024-12-13T09:15:00.631+0000] {dag.py:4180} INFO - Setting next_dagrun for set_and_read_airflow_variable to None, run_after=None
[2024-12-13T09:15:00.643+0000] {processor.py:208} INFO - Processing /opt/airflow/dags/Assignment-1_dags/Q3_dag.py took 0.055 seconds
[2024-12-13T09:18:23.879+0000] {processor.py:186} INFO - Started process (PID=16522) to work on /opt/airflow/dags/Assignment-1_dags/Q3_dag.py
[2024-12-13T09:18:23.882+0000] {processor.py:914} INFO - Processing file /opt/airflow/dags/Assignment-1_dags/Q3_dag.py for tasks to queue
[2024-12-13T09:18:23.886+0000] {logging_mixin.py:190} INFO - [2024-12-13T09:18:23.886+0000] {dagbag.py:588} INFO - Filling up the DagBag from /opt/airflow/dags/Assignment-1_dags/Q3_dag.py
[2024-12-13T09:18:23.902+0000] {processor.py:925} INFO - DAG(s) 'set_and_read_airflow_variable' retrieved from /opt/airflow/dags/Assignment-1_dags/Q3_dag.py
[2024-12-13T09:18:23.928+0000] {logging_mixin.py:190} INFO - [2024-12-13T09:18:23.928+0000] {dag.py:3239} INFO - Sync 1 DAGs
[2024-12-13T09:18:23.941+0000] {logging_mixin.py:190} INFO - [2024-12-13T09:18:23.941+0000] {dag.py:4180} INFO - Setting next_dagrun for set_and_read_airflow_variable to None, run_after=None
[2024-12-13T09:18:23.955+0000] {processor.py:208} INFO - Processing /opt/airflow/dags/Assignment-1_dags/Q3_dag.py took 0.085 seconds
[2024-12-13T09:18:54.300+0000] {processor.py:186} INFO - Started process (PID=16531) to work on /opt/airflow/dags/Assignment-1_dags/Q3_dag.py
[2024-12-13T09:18:54.302+0000] {processor.py:914} INFO - Processing file /opt/airflow/dags/Assignment-1_dags/Q3_dag.py for tasks to queue
[2024-12-13T09:18:54.306+0000] {logging_mixin.py:190} INFO - [2024-12-13T09:18:54.305+0000] {dagbag.py:588} INFO - Filling up the DagBag from /opt/airflow/dags/Assignment-1_dags/Q3_dag.py
[2024-12-13T09:18:54.320+0000] {processor.py:925} INFO - DAG(s) 'set_and_read_airflow_variable' retrieved from /opt/airflow/dags/Assignment-1_dags/Q3_dag.py
[2024-12-13T09:18:54.342+0000] {logging_mixin.py:190} INFO - [2024-12-13T09:18:54.342+0000] {dag.py:3239} INFO - Sync 1 DAGs
[2024-12-13T09:18:54.352+0000] {logging_mixin.py:190} INFO - [2024-12-13T09:18:54.351+0000] {dag.py:4180} INFO - Setting next_dagrun for set_and_read_airflow_variable to None, run_after=None
[2024-12-13T09:18:54.366+0000] {processor.py:208} INFO - Processing /opt/airflow/dags/Assignment-1_dags/Q3_dag.py took 0.076 seconds
[2024-12-13T09:19:24.702+0000] {processor.py:186} INFO - Started process (PID=16540) to work on /opt/airflow/dags/Assignment-1_dags/Q3_dag.py
[2024-12-13T09:19:24.704+0000] {processor.py:914} INFO - Processing file /opt/airflow/dags/Assignment-1_dags/Q3_dag.py for tasks to queue
[2024-12-13T09:19:24.706+0000] {logging_mixin.py:190} INFO - [2024-12-13T09:19:24.706+0000] {dagbag.py:588} INFO - Filling up the DagBag from /opt/airflow/dags/Assignment-1_dags/Q3_dag.py
[2024-12-13T09:19:24.721+0000] {processor.py:925} INFO - DAG(s) 'set_and_read_airflow_variable' retrieved from /opt/airflow/dags/Assignment-1_dags/Q3_dag.py
[2024-12-13T09:19:24.740+0000] {logging_mixin.py:190} INFO - [2024-12-13T09:19:24.739+0000] {dag.py:3239} INFO - Sync 1 DAGs
[2024-12-13T09:19:24.747+0000] {logging_mixin.py:190} INFO - [2024-12-13T09:19:24.747+0000] {dag.py:4180} INFO - Setting next_dagrun for set_and_read_airflow_variable to None, run_after=None
[2024-12-13T09:19:24.759+0000] {processor.py:208} INFO - Processing /opt/airflow/dags/Assignment-1_dags/Q3_dag.py took 0.062 seconds
[2024-12-13T09:19:55.051+0000] {processor.py:186} INFO - Started process (PID=16549) to work on /opt/airflow/dags/Assignment-1_dags/Q3_dag.py
[2024-12-13T09:19:55.052+0000] {processor.py:914} INFO - Processing file /opt/airflow/dags/Assignment-1_dags/Q3_dag.py for tasks to queue
[2024-12-13T09:19:55.057+0000] {logging_mixin.py:190} INFO - [2024-12-13T09:19:55.056+0000] {dagbag.py:588} INFO - Filling up the DagBag from /opt/airflow/dags/Assignment-1_dags/Q3_dag.py
[2024-12-13T09:19:55.073+0000] {processor.py:925} INFO - DAG(s) 'set_and_read_airflow_variable' retrieved from /opt/airflow/dags/Assignment-1_dags/Q3_dag.py
[2024-12-13T09:19:55.108+0000] {logging_mixin.py:190} INFO - [2024-12-13T09:19:55.107+0000] {dag.py:3239} INFO - Sync 1 DAGs
[2024-12-13T09:19:55.125+0000] {logging_mixin.py:190} INFO - [2024-12-13T09:19:55.125+0000] {dag.py:4180} INFO - Setting next_dagrun for set_and_read_airflow_variable to None, run_after=None
[2024-12-13T09:19:55.154+0000] {processor.py:208} INFO - Processing /opt/airflow/dags/Assignment-1_dags/Q3_dag.py took 0.112 seconds
[2024-12-13T09:20:25.460+0000] {processor.py:186} INFO - Started process (PID=16557) to work on /opt/airflow/dags/Assignment-1_dags/Q3_dag.py
[2024-12-13T09:20:25.462+0000] {processor.py:914} INFO - Processing file /opt/airflow/dags/Assignment-1_dags/Q3_dag.py for tasks to queue
[2024-12-13T09:20:25.465+0000] {logging_mixin.py:190} INFO - [2024-12-13T09:20:25.465+0000] {dagbag.py:588} INFO - Filling up the DagBag from /opt/airflow/dags/Assignment-1_dags/Q3_dag.py
[2024-12-13T09:20:25.484+0000] {processor.py:925} INFO - DAG(s) 'set_and_read_airflow_variable' retrieved from /opt/airflow/dags/Assignment-1_dags/Q3_dag.py
[2024-12-13T09:20:25.506+0000] {logging_mixin.py:190} INFO - [2024-12-13T09:20:25.506+0000] {dag.py:3239} INFO - Sync 1 DAGs
[2024-12-13T09:20:25.518+0000] {logging_mixin.py:190} INFO - [2024-12-13T09:20:25.518+0000] {dag.py:4180} INFO - Setting next_dagrun for set_and_read_airflow_variable to None, run_after=None
[2024-12-13T09:20:25.531+0000] {processor.py:208} INFO - Processing /opt/airflow/dags/Assignment-1_dags/Q3_dag.py took 0.082 seconds
[2024-12-13T09:20:55.849+0000] {processor.py:186} INFO - Started process (PID=16566) to work on /opt/airflow/dags/Assignment-1_dags/Q3_dag.py
[2024-12-13T09:20:55.850+0000] {processor.py:914} INFO - Processing file /opt/airflow/dags/Assignment-1_dags/Q3_dag.py for tasks to queue
[2024-12-13T09:20:55.853+0000] {logging_mixin.py:190} INFO - [2024-12-13T09:20:55.853+0000] {dagbag.py:588} INFO - Filling up the DagBag from /opt/airflow/dags/Assignment-1_dags/Q3_dag.py
[2024-12-13T09:20:55.865+0000] {processor.py:925} INFO - DAG(s) 'set_and_read_airflow_variable' retrieved from /opt/airflow/dags/Assignment-1_dags/Q3_dag.py
[2024-12-13T09:20:55.885+0000] {logging_mixin.py:190} INFO - [2024-12-13T09:20:55.885+0000] {dag.py:3239} INFO - Sync 1 DAGs
[2024-12-13T09:20:55.894+0000] {logging_mixin.py:190} INFO - [2024-12-13T09:20:55.893+0000] {dag.py:4180} INFO - Setting next_dagrun for set_and_read_airflow_variable to None, run_after=None
[2024-12-13T09:20:55.906+0000] {processor.py:208} INFO - Processing /opt/airflow/dags/Assignment-1_dags/Q3_dag.py took 0.064 seconds
[2024-12-13T09:21:26.191+0000] {processor.py:186} INFO - Started process (PID=16575) to work on /opt/airflow/dags/Assignment-1_dags/Q3_dag.py
[2024-12-13T09:21:26.194+0000] {processor.py:914} INFO - Processing file /opt/airflow/dags/Assignment-1_dags/Q3_dag.py for tasks to queue
[2024-12-13T09:21:26.197+0000] {logging_mixin.py:190} INFO - [2024-12-13T09:21:26.197+0000] {dagbag.py:588} INFO - Filling up the DagBag from /opt/airflow/dags/Assignment-1_dags/Q3_dag.py
[2024-12-13T09:21:26.207+0000] {processor.py:925} INFO - DAG(s) 'set_and_read_airflow_variable' retrieved from /opt/airflow/dags/Assignment-1_dags/Q3_dag.py
[2024-12-13T09:21:26.225+0000] {logging_mixin.py:190} INFO - [2024-12-13T09:21:26.225+0000] {dag.py:3239} INFO - Sync 1 DAGs
[2024-12-13T09:21:26.235+0000] {logging_mixin.py:190} INFO - [2024-12-13T09:21:26.235+0000] {dag.py:4180} INFO - Setting next_dagrun for set_and_read_airflow_variable to None, run_after=None
[2024-12-13T09:21:26.246+0000] {processor.py:208} INFO - Processing /opt/airflow/dags/Assignment-1_dags/Q3_dag.py took 0.061 seconds
[2024-12-13T09:21:56.553+0000] {processor.py:186} INFO - Started process (PID=16584) to work on /opt/airflow/dags/Assignment-1_dags/Q3_dag.py
[2024-12-13T09:21:56.555+0000] {processor.py:914} INFO - Processing file /opt/airflow/dags/Assignment-1_dags/Q3_dag.py for tasks to queue
[2024-12-13T09:21:56.558+0000] {logging_mixin.py:190} INFO - [2024-12-13T09:21:56.558+0000] {dagbag.py:588} INFO - Filling up the DagBag from /opt/airflow/dags/Assignment-1_dags/Q3_dag.py
[2024-12-13T09:21:56.573+0000] {processor.py:925} INFO - DAG(s) 'set_and_read_airflow_variable' retrieved from /opt/airflow/dags/Assignment-1_dags/Q3_dag.py
[2024-12-13T09:21:56.599+0000] {logging_mixin.py:190} INFO - [2024-12-13T09:21:56.598+0000] {dag.py:3239} INFO - Sync 1 DAGs
[2024-12-13T09:21:56.610+0000] {logging_mixin.py:190} INFO - [2024-12-13T09:21:56.610+0000] {dag.py:4180} INFO - Setting next_dagrun for set_and_read_airflow_variable to None, run_after=None
[2024-12-13T09:21:56.625+0000] {processor.py:208} INFO - Processing /opt/airflow/dags/Assignment-1_dags/Q3_dag.py took 0.080 seconds
[2024-12-13T09:22:26.952+0000] {processor.py:186} INFO - Started process (PID=16593) to work on /opt/airflow/dags/Assignment-1_dags/Q3_dag.py
[2024-12-13T09:22:26.954+0000] {processor.py:914} INFO - Processing file /opt/airflow/dags/Assignment-1_dags/Q3_dag.py for tasks to queue
[2024-12-13T09:22:26.956+0000] {logging_mixin.py:190} INFO - [2024-12-13T09:22:26.956+0000] {dagbag.py:588} INFO - Filling up the DagBag from /opt/airflow/dags/Assignment-1_dags/Q3_dag.py
[2024-12-13T09:22:26.969+0000] {processor.py:925} INFO - DAG(s) 'set_and_read_airflow_variable' retrieved from /opt/airflow/dags/Assignment-1_dags/Q3_dag.py
[2024-12-13T09:22:26.989+0000] {logging_mixin.py:190} INFO - [2024-12-13T09:22:26.988+0000] {dag.py:3239} INFO - Sync 1 DAGs
[2024-12-13T09:22:26.998+0000] {logging_mixin.py:190} INFO - [2024-12-13T09:22:26.998+0000] {dag.py:4180} INFO - Setting next_dagrun for set_and_read_airflow_variable to None, run_after=None
[2024-12-13T09:22:27.011+0000] {processor.py:208} INFO - Processing /opt/airflow/dags/Assignment-1_dags/Q3_dag.py took 0.067 seconds
[2024-12-13T09:22:57.314+0000] {processor.py:186} INFO - Started process (PID=16602) to work on /opt/airflow/dags/Assignment-1_dags/Q3_dag.py
[2024-12-13T09:22:57.316+0000] {processor.py:914} INFO - Processing file /opt/airflow/dags/Assignment-1_dags/Q3_dag.py for tasks to queue
[2024-12-13T09:22:57.319+0000] {logging_mixin.py:190} INFO - [2024-12-13T09:22:57.318+0000] {dagbag.py:588} INFO - Filling up the DagBag from /opt/airflow/dags/Assignment-1_dags/Q3_dag.py
[2024-12-13T09:22:57.331+0000] {processor.py:925} INFO - DAG(s) 'set_and_read_airflow_variable' retrieved from /opt/airflow/dags/Assignment-1_dags/Q3_dag.py
[2024-12-13T09:22:57.352+0000] {logging_mixin.py:190} INFO - [2024-12-13T09:22:57.352+0000] {dag.py:3239} INFO - Sync 1 DAGs
[2024-12-13T09:22:57.363+0000] {logging_mixin.py:190} INFO - [2024-12-13T09:22:57.362+0000] {dag.py:4180} INFO - Setting next_dagrun for set_and_read_airflow_variable to None, run_after=None
[2024-12-13T09:22:57.376+0000] {processor.py:208} INFO - Processing /opt/airflow/dags/Assignment-1_dags/Q3_dag.py took 0.069 seconds
[2024-12-13T09:23:27.673+0000] {processor.py:186} INFO - Started process (PID=16610) to work on /opt/airflow/dags/Assignment-1_dags/Q3_dag.py
[2024-12-13T09:23:27.675+0000] {processor.py:914} INFO - Processing file /opt/airflow/dags/Assignment-1_dags/Q3_dag.py for tasks to queue
[2024-12-13T09:23:27.679+0000] {logging_mixin.py:190} INFO - [2024-12-13T09:23:27.679+0000] {dagbag.py:588} INFO - Filling up the DagBag from /opt/airflow/dags/Assignment-1_dags/Q3_dag.py
[2024-12-13T09:23:27.696+0000] {processor.py:925} INFO - DAG(s) 'set_and_read_airflow_variable' retrieved from /opt/airflow/dags/Assignment-1_dags/Q3_dag.py
[2024-12-13T09:23:27.722+0000] {logging_mixin.py:190} INFO - [2024-12-13T09:23:27.722+0000] {dag.py:3239} INFO - Sync 1 DAGs
[2024-12-13T09:23:27.734+0000] {logging_mixin.py:190} INFO - [2024-12-13T09:23:27.734+0000] {dag.py:4180} INFO - Setting next_dagrun for set_and_read_airflow_variable to None, run_after=None
[2024-12-13T09:23:27.749+0000] {processor.py:208} INFO - Processing /opt/airflow/dags/Assignment-1_dags/Q3_dag.py took 0.085 seconds
[2024-12-13T09:23:58.075+0000] {processor.py:186} INFO - Started process (PID=16619) to work on /opt/airflow/dags/Assignment-1_dags/Q3_dag.py
[2024-12-13T09:23:58.076+0000] {processor.py:914} INFO - Processing file /opt/airflow/dags/Assignment-1_dags/Q3_dag.py for tasks to queue
[2024-12-13T09:23:58.080+0000] {logging_mixin.py:190} INFO - [2024-12-13T09:23:58.080+0000] {dagbag.py:588} INFO - Filling up the DagBag from /opt/airflow/dags/Assignment-1_dags/Q3_dag.py
[2024-12-13T09:23:58.093+0000] {processor.py:925} INFO - DAG(s) 'set_and_read_airflow_variable' retrieved from /opt/airflow/dags/Assignment-1_dags/Q3_dag.py
[2024-12-13T09:23:58.113+0000] {logging_mixin.py:190} INFO - [2024-12-13T09:23:58.112+0000] {dag.py:3239} INFO - Sync 1 DAGs
[2024-12-13T09:23:58.121+0000] {logging_mixin.py:190} INFO - [2024-12-13T09:23:58.121+0000] {dag.py:4180} INFO - Setting next_dagrun for set_and_read_airflow_variable to None, run_after=None
[2024-12-13T09:23:58.133+0000] {processor.py:208} INFO - Processing /opt/airflow/dags/Assignment-1_dags/Q3_dag.py took 0.064 seconds
[2024-12-13T09:24:28.443+0000] {processor.py:186} INFO - Started process (PID=16628) to work on /opt/airflow/dags/Assignment-1_dags/Q3_dag.py
[2024-12-13T09:24:28.445+0000] {processor.py:914} INFO - Processing file /opt/airflow/dags/Assignment-1_dags/Q3_dag.py for tasks to queue
[2024-12-13T09:24:28.449+0000] {logging_mixin.py:190} INFO - [2024-12-13T09:24:28.449+0000] {dagbag.py:588} INFO - Filling up the DagBag from /opt/airflow/dags/Assignment-1_dags/Q3_dag.py
[2024-12-13T09:24:28.461+0000] {processor.py:925} INFO - DAG(s) 'set_and_read_airflow_variable' retrieved from /opt/airflow/dags/Assignment-1_dags/Q3_dag.py
[2024-12-13T09:24:28.479+0000] {logging_mixin.py:190} INFO - [2024-12-13T09:24:28.479+0000] {dag.py:3239} INFO - Sync 1 DAGs
[2024-12-13T09:24:28.489+0000] {logging_mixin.py:190} INFO - [2024-12-13T09:24:28.488+0000] {dag.py:4180} INFO - Setting next_dagrun for set_and_read_airflow_variable to None, run_after=None
[2024-12-13T09:24:28.502+0000] {processor.py:208} INFO - Processing /opt/airflow/dags/Assignment-1_dags/Q3_dag.py took 0.066 seconds
[2024-12-13T09:24:58.812+0000] {processor.py:186} INFO - Started process (PID=16637) to work on /opt/airflow/dags/Assignment-1_dags/Q3_dag.py
[2024-12-13T09:24:58.813+0000] {processor.py:914} INFO - Processing file /opt/airflow/dags/Assignment-1_dags/Q3_dag.py for tasks to queue
[2024-12-13T09:24:58.817+0000] {logging_mixin.py:190} INFO - [2024-12-13T09:24:58.817+0000] {dagbag.py:588} INFO - Filling up the DagBag from /opt/airflow/dags/Assignment-1_dags/Q3_dag.py
[2024-12-13T09:24:58.829+0000] {processor.py:925} INFO - DAG(s) 'set_and_read_airflow_variable' retrieved from /opt/airflow/dags/Assignment-1_dags/Q3_dag.py
[2024-12-13T09:24:58.848+0000] {logging_mixin.py:190} INFO - [2024-12-13T09:24:58.848+0000] {dag.py:3239} INFO - Sync 1 DAGs
[2024-12-13T09:24:58.856+0000] {logging_mixin.py:190} INFO - [2024-12-13T09:24:58.856+0000] {dag.py:4180} INFO - Setting next_dagrun for set_and_read_airflow_variable to None, run_after=None
[2024-12-13T09:24:58.869+0000] {processor.py:208} INFO - Processing /opt/airflow/dags/Assignment-1_dags/Q3_dag.py took 0.064 seconds
[2024-12-13T09:25:29.230+0000] {processor.py:186} INFO - Started process (PID=16646) to work on /opt/airflow/dags/Assignment-1_dags/Q3_dag.py
[2024-12-13T09:25:29.231+0000] {processor.py:914} INFO - Processing file /opt/airflow/dags/Assignment-1_dags/Q3_dag.py for tasks to queue
[2024-12-13T09:25:29.234+0000] {logging_mixin.py:190} INFO - [2024-12-13T09:25:29.234+0000] {dagbag.py:588} INFO - Filling up the DagBag from /opt/airflow/dags/Assignment-1_dags/Q3_dag.py
[2024-12-13T09:25:29.245+0000] {processor.py:925} INFO - DAG(s) 'set_and_read_airflow_variable' retrieved from /opt/airflow/dags/Assignment-1_dags/Q3_dag.py
[2024-12-13T09:25:29.264+0000] {logging_mixin.py:190} INFO - [2024-12-13T09:25:29.263+0000] {dag.py:3239} INFO - Sync 1 DAGs
[2024-12-13T09:25:29.273+0000] {logging_mixin.py:190} INFO - [2024-12-13T09:25:29.272+0000] {dag.py:4180} INFO - Setting next_dagrun for set_and_read_airflow_variable to None, run_after=None
[2024-12-13T09:25:29.287+0000] {processor.py:208} INFO - Processing /opt/airflow/dags/Assignment-1_dags/Q3_dag.py took 0.063 seconds
[2024-12-13T09:25:59.565+0000] {processor.py:186} INFO - Started process (PID=16655) to work on /opt/airflow/dags/Assignment-1_dags/Q3_dag.py
[2024-12-13T09:25:59.566+0000] {processor.py:914} INFO - Processing file /opt/airflow/dags/Assignment-1_dags/Q3_dag.py for tasks to queue
[2024-12-13T09:25:59.568+0000] {logging_mixin.py:190} INFO - [2024-12-13T09:25:59.568+0000] {dagbag.py:588} INFO - Filling up the DagBag from /opt/airflow/dags/Assignment-1_dags/Q3_dag.py
[2024-12-13T09:25:59.579+0000] {processor.py:925} INFO - DAG(s) 'set_and_read_airflow_variable' retrieved from /opt/airflow/dags/Assignment-1_dags/Q3_dag.py
[2024-12-13T09:25:59.595+0000] {logging_mixin.py:190} INFO - [2024-12-13T09:25:59.595+0000] {dag.py:3239} INFO - Sync 1 DAGs
[2024-12-13T09:25:59.604+0000] {logging_mixin.py:190} INFO - [2024-12-13T09:25:59.604+0000] {dag.py:4180} INFO - Setting next_dagrun for set_and_read_airflow_variable to None, run_after=None
[2024-12-13T09:25:59.616+0000] {processor.py:208} INFO - Processing /opt/airflow/dags/Assignment-1_dags/Q3_dag.py took 0.057 seconds
[2024-12-13T09:26:29.929+0000] {processor.py:186} INFO - Started process (PID=16664) to work on /opt/airflow/dags/Assignment-1_dags/Q3_dag.py
[2024-12-13T09:26:29.930+0000] {processor.py:914} INFO - Processing file /opt/airflow/dags/Assignment-1_dags/Q3_dag.py for tasks to queue
[2024-12-13T09:26:29.935+0000] {logging_mixin.py:190} INFO - [2024-12-13T09:26:29.934+0000] {dagbag.py:588} INFO - Filling up the DagBag from /opt/airflow/dags/Assignment-1_dags/Q3_dag.py
[2024-12-13T09:26:29.951+0000] {processor.py:925} INFO - DAG(s) 'set_and_read_airflow_variable' retrieved from /opt/airflow/dags/Assignment-1_dags/Q3_dag.py
[2024-12-13T09:26:29.975+0000] {logging_mixin.py:190} INFO - [2024-12-13T09:26:29.975+0000] {dag.py:3239} INFO - Sync 1 DAGs
[2024-12-13T09:26:29.983+0000] {logging_mixin.py:190} INFO - [2024-12-13T09:26:29.983+0000] {dag.py:4180} INFO - Setting next_dagrun for set_and_read_airflow_variable to None, run_after=None
[2024-12-13T09:26:29.996+0000] {processor.py:208} INFO - Processing /opt/airflow/dags/Assignment-1_dags/Q3_dag.py took 0.075 seconds
[2024-12-13T09:27:00.294+0000] {processor.py:186} INFO - Started process (PID=16673) to work on /opt/airflow/dags/Assignment-1_dags/Q3_dag.py
[2024-12-13T09:27:00.296+0000] {processor.py:914} INFO - Processing file /opt/airflow/dags/Assignment-1_dags/Q3_dag.py for tasks to queue
[2024-12-13T09:27:00.298+0000] {logging_mixin.py:190} INFO - [2024-12-13T09:27:00.298+0000] {dagbag.py:588} INFO - Filling up the DagBag from /opt/airflow/dags/Assignment-1_dags/Q3_dag.py
[2024-12-13T09:27:00.311+0000] {processor.py:925} INFO - DAG(s) 'set_and_read_airflow_variable' retrieved from /opt/airflow/dags/Assignment-1_dags/Q3_dag.py
[2024-12-13T09:27:00.333+0000] {logging_mixin.py:190} INFO - [2024-12-13T09:27:00.333+0000] {dag.py:3239} INFO - Sync 1 DAGs
[2024-12-13T09:27:00.342+0000] {logging_mixin.py:190} INFO - [2024-12-13T09:27:00.342+0000] {dag.py:4180} INFO - Setting next_dagrun for set_and_read_airflow_variable to None, run_after=None
[2024-12-13T09:27:00.354+0000] {processor.py:208} INFO - Processing /opt/airflow/dags/Assignment-1_dags/Q3_dag.py took 0.066 seconds
[2024-12-13T09:27:30.653+0000] {processor.py:186} INFO - Started process (PID=16682) to work on /opt/airflow/dags/Assignment-1_dags/Q3_dag.py
[2024-12-13T09:27:30.655+0000] {processor.py:914} INFO - Processing file /opt/airflow/dags/Assignment-1_dags/Q3_dag.py for tasks to queue
[2024-12-13T09:27:30.658+0000] {logging_mixin.py:190} INFO - [2024-12-13T09:27:30.658+0000] {dagbag.py:588} INFO - Filling up the DagBag from /opt/airflow/dags/Assignment-1_dags/Q3_dag.py
[2024-12-13T09:27:30.671+0000] {processor.py:925} INFO - DAG(s) 'set_and_read_airflow_variable' retrieved from /opt/airflow/dags/Assignment-1_dags/Q3_dag.py
[2024-12-13T09:27:30.693+0000] {logging_mixin.py:190} INFO - [2024-12-13T09:27:30.693+0000] {dag.py:3239} INFO - Sync 1 DAGs
[2024-12-13T09:27:30.702+0000] {logging_mixin.py:190} INFO - [2024-12-13T09:27:30.701+0000] {dag.py:4180} INFO - Setting next_dagrun for set_and_read_airflow_variable to None, run_after=None
[2024-12-13T09:27:30.714+0000] {processor.py:208} INFO - Processing /opt/airflow/dags/Assignment-1_dags/Q3_dag.py took 0.066 seconds
[2024-12-13T09:28:01.042+0000] {processor.py:186} INFO - Started process (PID=16691) to work on /opt/airflow/dags/Assignment-1_dags/Q3_dag.py
[2024-12-13T09:28:01.044+0000] {processor.py:914} INFO - Processing file /opt/airflow/dags/Assignment-1_dags/Q3_dag.py for tasks to queue
[2024-12-13T09:28:01.048+0000] {logging_mixin.py:190} INFO - [2024-12-13T09:28:01.048+0000] {dagbag.py:588} INFO - Filling up the DagBag from /opt/airflow/dags/Assignment-1_dags/Q3_dag.py
[2024-12-13T09:28:01.062+0000] {processor.py:925} INFO - DAG(s) 'set_and_read_airflow_variable' retrieved from /opt/airflow/dags/Assignment-1_dags/Q3_dag.py
[2024-12-13T09:28:01.079+0000] {logging_mixin.py:190} INFO - [2024-12-13T09:28:01.079+0000] {dag.py:3239} INFO - Sync 1 DAGs
[2024-12-13T09:28:01.087+0000] {logging_mixin.py:190} INFO - [2024-12-13T09:28:01.087+0000] {dag.py:4180} INFO - Setting next_dagrun for set_and_read_airflow_variable to None, run_after=None
[2024-12-13T09:28:01.099+0000] {processor.py:208} INFO - Processing /opt/airflow/dags/Assignment-1_dags/Q3_dag.py took 0.065 seconds
[2024-12-13T09:28:31.443+0000] {processor.py:186} INFO - Started process (PID=16700) to work on /opt/airflow/dags/Assignment-1_dags/Q3_dag.py
[2024-12-13T09:28:31.445+0000] {processor.py:914} INFO - Processing file /opt/airflow/dags/Assignment-1_dags/Q3_dag.py for tasks to queue
[2024-12-13T09:28:31.448+0000] {logging_mixin.py:190} INFO - [2024-12-13T09:28:31.448+0000] {dagbag.py:588} INFO - Filling up the DagBag from /opt/airflow/dags/Assignment-1_dags/Q3_dag.py
[2024-12-13T09:28:31.464+0000] {processor.py:925} INFO - DAG(s) 'set_and_read_airflow_variable' retrieved from /opt/airflow/dags/Assignment-1_dags/Q3_dag.py
[2024-12-13T09:28:31.488+0000] {logging_mixin.py:190} INFO - [2024-12-13T09:28:31.488+0000] {dag.py:3239} INFO - Sync 1 DAGs
[2024-12-13T09:28:31.498+0000] {logging_mixin.py:190} INFO - [2024-12-13T09:28:31.498+0000] {dag.py:4180} INFO - Setting next_dagrun for set_and_read_airflow_variable to None, run_after=None
[2024-12-13T09:28:31.511+0000] {processor.py:208} INFO - Processing /opt/airflow/dags/Assignment-1_dags/Q3_dag.py took 0.074 seconds
[2024-12-13T09:29:01.844+0000] {processor.py:186} INFO - Started process (PID=16708) to work on /opt/airflow/dags/Assignment-1_dags/Q3_dag.py
[2024-12-13T09:29:01.845+0000] {processor.py:914} INFO - Processing file /opt/airflow/dags/Assignment-1_dags/Q3_dag.py for tasks to queue
[2024-12-13T09:29:01.846+0000] {logging_mixin.py:190} INFO - [2024-12-13T09:29:01.846+0000] {dagbag.py:588} INFO - Filling up the DagBag from /opt/airflow/dags/Assignment-1_dags/Q3_dag.py
[2024-12-13T09:29:01.853+0000] {processor.py:925} INFO - DAG(s) 'set_and_read_airflow_variable' retrieved from /opt/airflow/dags/Assignment-1_dags/Q3_dag.py
[2024-12-13T09:29:01.867+0000] {logging_mixin.py:190} INFO - [2024-12-13T09:29:01.867+0000] {dag.py:3239} INFO - Sync 1 DAGs
[2024-12-13T09:29:01.875+0000] {logging_mixin.py:190} INFO - [2024-12-13T09:29:01.875+0000] {dag.py:4180} INFO - Setting next_dagrun for set_and_read_airflow_variable to None, run_after=None
[2024-12-13T09:29:01.886+0000] {processor.py:208} INFO - Processing /opt/airflow/dags/Assignment-1_dags/Q3_dag.py took 0.045 seconds
[2024-12-13T09:29:32.199+0000] {processor.py:186} INFO - Started process (PID=16717) to work on /opt/airflow/dags/Assignment-1_dags/Q3_dag.py
[2024-12-13T09:29:32.200+0000] {processor.py:914} INFO - Processing file /opt/airflow/dags/Assignment-1_dags/Q3_dag.py for tasks to queue
[2024-12-13T09:29:32.202+0000] {logging_mixin.py:190} INFO - [2024-12-13T09:29:32.202+0000] {dagbag.py:588} INFO - Filling up the DagBag from /opt/airflow/dags/Assignment-1_dags/Q3_dag.py
[2024-12-13T09:29:32.209+0000] {processor.py:925} INFO - DAG(s) 'set_and_read_airflow_variable' retrieved from /opt/airflow/dags/Assignment-1_dags/Q3_dag.py
[2024-12-13T09:29:32.227+0000] {logging_mixin.py:190} INFO - [2024-12-13T09:29:32.227+0000] {dag.py:3239} INFO - Sync 1 DAGs
[2024-12-13T09:29:32.238+0000] {logging_mixin.py:190} INFO - [2024-12-13T09:29:32.238+0000] {dag.py:4180} INFO - Setting next_dagrun for set_and_read_airflow_variable to None, run_after=None
[2024-12-13T09:29:32.256+0000] {processor.py:208} INFO - Processing /opt/airflow/dags/Assignment-1_dags/Q3_dag.py took 0.061 seconds
[2024-12-13T09:30:02.608+0000] {processor.py:186} INFO - Started process (PID=16726) to work on /opt/airflow/dags/Assignment-1_dags/Q3_dag.py
[2024-12-13T09:30:02.609+0000] {processor.py:914} INFO - Processing file /opt/airflow/dags/Assignment-1_dags/Q3_dag.py for tasks to queue
[2024-12-13T09:30:02.614+0000] {logging_mixin.py:190} INFO - [2024-12-13T09:30:02.613+0000] {dagbag.py:588} INFO - Filling up the DagBag from /opt/airflow/dags/Assignment-1_dags/Q3_dag.py
[2024-12-13T09:30:02.624+0000] {processor.py:925} INFO - DAG(s) 'set_and_read_airflow_variable' retrieved from /opt/airflow/dags/Assignment-1_dags/Q3_dag.py
[2024-12-13T09:30:02.646+0000] {logging_mixin.py:190} INFO - [2024-12-13T09:30:02.646+0000] {dag.py:3239} INFO - Sync 1 DAGs
[2024-12-13T09:30:02.656+0000] {logging_mixin.py:190} INFO - [2024-12-13T09:30:02.656+0000] {dag.py:4180} INFO - Setting next_dagrun for set_and_read_airflow_variable to None, run_after=None
[2024-12-13T09:30:02.668+0000] {processor.py:208} INFO - Processing /opt/airflow/dags/Assignment-1_dags/Q3_dag.py took 0.068 seconds
[2024-12-13T09:30:32.980+0000] {processor.py:186} INFO - Started process (PID=16735) to work on /opt/airflow/dags/Assignment-1_dags/Q3_dag.py
[2024-12-13T09:30:32.982+0000] {processor.py:914} INFO - Processing file /opt/airflow/dags/Assignment-1_dags/Q3_dag.py for tasks to queue
[2024-12-13T09:30:32.985+0000] {logging_mixin.py:190} INFO - [2024-12-13T09:30:32.985+0000] {dagbag.py:588} INFO - Filling up the DagBag from /opt/airflow/dags/Assignment-1_dags/Q3_dag.py
[2024-12-13T09:30:32.999+0000] {processor.py:925} INFO - DAG(s) 'set_and_read_airflow_variable' retrieved from /opt/airflow/dags/Assignment-1_dags/Q3_dag.py
[2024-12-13T09:30:33.024+0000] {logging_mixin.py:190} INFO - [2024-12-13T09:30:33.024+0000] {dag.py:3239} INFO - Sync 1 DAGs
[2024-12-13T09:30:33.035+0000] {logging_mixin.py:190} INFO - [2024-12-13T09:30:33.034+0000] {dag.py:4180} INFO - Setting next_dagrun for set_and_read_airflow_variable to None, run_after=None
[2024-12-13T09:30:33.048+0000] {processor.py:208} INFO - Processing /opt/airflow/dags/Assignment-1_dags/Q3_dag.py took 0.077 seconds
[2024-12-13T09:31:03.318+0000] {processor.py:186} INFO - Started process (PID=16744) to work on /opt/airflow/dags/Assignment-1_dags/Q3_dag.py
[2024-12-13T09:31:03.319+0000] {processor.py:914} INFO - Processing file /opt/airflow/dags/Assignment-1_dags/Q3_dag.py for tasks to queue
[2024-12-13T09:31:03.322+0000] {logging_mixin.py:190} INFO - [2024-12-13T09:31:03.322+0000] {dagbag.py:588} INFO - Filling up the DagBag from /opt/airflow/dags/Assignment-1_dags/Q3_dag.py
[2024-12-13T09:31:03.337+0000] {processor.py:925} INFO - DAG(s) 'set_and_read_airflow_variable' retrieved from /opt/airflow/dags/Assignment-1_dags/Q3_dag.py
[2024-12-13T09:31:03.360+0000] {logging_mixin.py:190} INFO - [2024-12-13T09:31:03.359+0000] {dag.py:3239} INFO - Sync 1 DAGs
[2024-12-13T09:31:03.374+0000] {logging_mixin.py:190} INFO - [2024-12-13T09:31:03.374+0000] {dag.py:4180} INFO - Setting next_dagrun for set_and_read_airflow_variable to None, run_after=None
[2024-12-13T09:31:03.387+0000] {processor.py:208} INFO - Processing /opt/airflow/dags/Assignment-1_dags/Q3_dag.py took 0.079 seconds
[2024-12-13T09:31:33.695+0000] {processor.py:186} INFO - Started process (PID=16753) to work on /opt/airflow/dags/Assignment-1_dags/Q3_dag.py
[2024-12-13T09:31:33.696+0000] {processor.py:914} INFO - Processing file /opt/airflow/dags/Assignment-1_dags/Q3_dag.py for tasks to queue
[2024-12-13T09:31:33.701+0000] {logging_mixin.py:190} INFO - [2024-12-13T09:31:33.701+0000] {dagbag.py:588} INFO - Filling up the DagBag from /opt/airflow/dags/Assignment-1_dags/Q3_dag.py
[2024-12-13T09:31:33.716+0000] {processor.py:925} INFO - DAG(s) 'set_and_read_airflow_variable' retrieved from /opt/airflow/dags/Assignment-1_dags/Q3_dag.py
[2024-12-13T09:31:33.739+0000] {logging_mixin.py:190} INFO - [2024-12-13T09:31:33.739+0000] {dag.py:3239} INFO - Sync 1 DAGs
[2024-12-13T09:31:33.751+0000] {logging_mixin.py:190} INFO - [2024-12-13T09:31:33.751+0000] {dag.py:4180} INFO - Setting next_dagrun for set_and_read_airflow_variable to None, run_after=None
[2024-12-13T09:31:33.763+0000] {processor.py:208} INFO - Processing /opt/airflow/dags/Assignment-1_dags/Q3_dag.py took 0.077 seconds
[2024-12-13T09:32:04.081+0000] {processor.py:186} INFO - Started process (PID=16762) to work on /opt/airflow/dags/Assignment-1_dags/Q3_dag.py
[2024-12-13T09:32:04.084+0000] {processor.py:914} INFO - Processing file /opt/airflow/dags/Assignment-1_dags/Q3_dag.py for tasks to queue
[2024-12-13T09:32:04.088+0000] {logging_mixin.py:190} INFO - [2024-12-13T09:32:04.087+0000] {dagbag.py:588} INFO - Filling up the DagBag from /opt/airflow/dags/Assignment-1_dags/Q3_dag.py
[2024-12-13T09:32:04.104+0000] {processor.py:925} INFO - DAG(s) 'set_and_read_airflow_variable' retrieved from /opt/airflow/dags/Assignment-1_dags/Q3_dag.py
[2024-12-13T09:32:04.128+0000] {logging_mixin.py:190} INFO - [2024-12-13T09:32:04.128+0000] {dag.py:3239} INFO - Sync 1 DAGs
[2024-12-13T09:32:04.144+0000] {logging_mixin.py:190} INFO - [2024-12-13T09:32:04.143+0000] {dag.py:4180} INFO - Setting next_dagrun for set_and_read_airflow_variable to None, run_after=None
[2024-12-13T09:32:04.162+0000] {processor.py:208} INFO - Processing /opt/airflow/dags/Assignment-1_dags/Q3_dag.py took 0.089 seconds
[2024-12-13T09:32:34.554+0000] {processor.py:186} INFO - Started process (PID=16777) to work on /opt/airflow/dags/Assignment-1_dags/Q3_dag.py
[2024-12-13T09:32:34.558+0000] {processor.py:914} INFO - Processing file /opt/airflow/dags/Assignment-1_dags/Q3_dag.py for tasks to queue
[2024-12-13T09:32:34.560+0000] {logging_mixin.py:190} INFO - [2024-12-13T09:32:34.560+0000] {dagbag.py:588} INFO - Filling up the DagBag from /opt/airflow/dags/Assignment-1_dags/Q3_dag.py
[2024-12-13T09:32:34.577+0000] {processor.py:925} INFO - DAG(s) 'set_and_read_airflow_variable' retrieved from /opt/airflow/dags/Assignment-1_dags/Q3_dag.py
[2024-12-13T09:32:34.600+0000] {logging_mixin.py:190} INFO - [2024-12-13T09:32:34.600+0000] {dag.py:3239} INFO - Sync 1 DAGs
[2024-12-13T09:32:34.611+0000] {logging_mixin.py:190} INFO - [2024-12-13T09:32:34.610+0000] {dag.py:4180} INFO - Setting next_dagrun for set_and_read_airflow_variable to None, run_after=None
[2024-12-13T09:32:34.622+0000] {processor.py:208} INFO - Processing /opt/airflow/dags/Assignment-1_dags/Q3_dag.py took 0.076 seconds
[2024-12-13T09:33:04.994+0000] {processor.py:186} INFO - Started process (PID=16785) to work on /opt/airflow/dags/Assignment-1_dags/Q3_dag.py
[2024-12-13T09:33:04.995+0000] {processor.py:914} INFO - Processing file /opt/airflow/dags/Assignment-1_dags/Q3_dag.py for tasks to queue
[2024-12-13T09:33:04.998+0000] {logging_mixin.py:190} INFO - [2024-12-13T09:33:04.997+0000] {dagbag.py:588} INFO - Filling up the DagBag from /opt/airflow/dags/Assignment-1_dags/Q3_dag.py
[2024-12-13T09:33:05.012+0000] {processor.py:925} INFO - DAG(s) 'set_and_read_airflow_variable' retrieved from /opt/airflow/dags/Assignment-1_dags/Q3_dag.py
[2024-12-13T09:33:05.034+0000] {logging_mixin.py:190} INFO - [2024-12-13T09:33:05.033+0000] {dag.py:3239} INFO - Sync 1 DAGs
[2024-12-13T09:33:05.044+0000] {logging_mixin.py:190} INFO - [2024-12-13T09:33:05.044+0000] {dag.py:4180} INFO - Setting next_dagrun for set_and_read_airflow_variable to None, run_after=None
[2024-12-13T09:33:05.056+0000] {processor.py:208} INFO - Processing /opt/airflow/dags/Assignment-1_dags/Q3_dag.py took 0.072 seconds
[2024-12-13T09:33:35.421+0000] {processor.py:186} INFO - Started process (PID=16794) to work on /opt/airflow/dags/Assignment-1_dags/Q3_dag.py
[2024-12-13T09:33:35.423+0000] {processor.py:914} INFO - Processing file /opt/airflow/dags/Assignment-1_dags/Q3_dag.py for tasks to queue
[2024-12-13T09:33:35.426+0000] {logging_mixin.py:190} INFO - [2024-12-13T09:33:35.426+0000] {dagbag.py:588} INFO - Filling up the DagBag from /opt/airflow/dags/Assignment-1_dags/Q3_dag.py
[2024-12-13T09:33:35.438+0000] {processor.py:925} INFO - DAG(s) 'set_and_read_airflow_variable' retrieved from /opt/airflow/dags/Assignment-1_dags/Q3_dag.py
[2024-12-13T09:33:35.459+0000] {logging_mixin.py:190} INFO - [2024-12-13T09:33:35.459+0000] {dag.py:3239} INFO - Sync 1 DAGs
[2024-12-13T09:33:35.471+0000] {logging_mixin.py:190} INFO - [2024-12-13T09:33:35.470+0000] {dag.py:4180} INFO - Setting next_dagrun for set_and_read_airflow_variable to None, run_after=None
[2024-12-13T09:33:35.483+0000] {processor.py:208} INFO - Processing /opt/airflow/dags/Assignment-1_dags/Q3_dag.py took 0.069 seconds
[2024-12-13T09:34:05.915+0000] {processor.py:186} INFO - Started process (PID=16803) to work on /opt/airflow/dags/Assignment-1_dags/Q3_dag.py
[2024-12-13T09:34:05.917+0000] {processor.py:914} INFO - Processing file /opt/airflow/dags/Assignment-1_dags/Q3_dag.py for tasks to queue
[2024-12-13T09:34:05.923+0000] {logging_mixin.py:190} INFO - [2024-12-13T09:34:05.923+0000] {dagbag.py:588} INFO - Filling up the DagBag from /opt/airflow/dags/Assignment-1_dags/Q3_dag.py
[2024-12-13T09:34:05.944+0000] {processor.py:925} INFO - DAG(s) 'set_and_read_airflow_variable' retrieved from /opt/airflow/dags/Assignment-1_dags/Q3_dag.py
[2024-12-13T09:34:05.975+0000] {logging_mixin.py:190} INFO - [2024-12-13T09:34:05.975+0000] {dag.py:3239} INFO - Sync 1 DAGs
[2024-12-13T09:34:05.990+0000] {logging_mixin.py:190} INFO - [2024-12-13T09:34:05.990+0000] {dag.py:4180} INFO - Setting next_dagrun for set_and_read_airflow_variable to None, run_after=None
[2024-12-13T09:34:06.008+0000] {processor.py:208} INFO - Processing /opt/airflow/dags/Assignment-1_dags/Q3_dag.py took 0.110 seconds
[2024-12-13T09:44:12.563+0000] {processor.py:186} INFO - Started process (PID=16806) to work on /opt/airflow/dags/Assignment-1_dags/Q3_dag.py
[2024-12-13T09:44:12.564+0000] {processor.py:914} INFO - Processing file /opt/airflow/dags/Assignment-1_dags/Q3_dag.py for tasks to queue
[2024-12-13T09:44:12.568+0000] {logging_mixin.py:190} INFO - [2024-12-13T09:44:12.568+0000] {dagbag.py:588} INFO - Filling up the DagBag from /opt/airflow/dags/Assignment-1_dags/Q3_dag.py
[2024-12-13T09:44:12.581+0000] {processor.py:925} INFO - DAG(s) 'set_and_read_airflow_variable' retrieved from /opt/airflow/dags/Assignment-1_dags/Q3_dag.py
[2024-12-13T09:44:12.604+0000] {logging_mixin.py:190} INFO - [2024-12-13T09:44:12.604+0000] {dag.py:3239} INFO - Sync 1 DAGs
[2024-12-13T09:44:12.613+0000] {logging_mixin.py:190} INFO - [2024-12-13T09:44:12.613+0000] {dag.py:4180} INFO - Setting next_dagrun for set_and_read_airflow_variable to None, run_after=None
[2024-12-13T09:44:12.624+0000] {processor.py:208} INFO - Processing /opt/airflow/dags/Assignment-1_dags/Q3_dag.py took 0.067 seconds
[2024-12-13T10:05:39.731+0000] {processor.py:186} INFO - Started process (PID=16815) to work on /opt/airflow/dags/Assignment-1_dags/Q3_dag.py
[2024-12-13T10:05:39.731+0000] {processor.py:914} INFO - Processing file /opt/airflow/dags/Assignment-1_dags/Q3_dag.py for tasks to queue
[2024-12-13T10:05:39.734+0000] {logging_mixin.py:190} INFO - [2024-12-13T10:05:39.734+0000] {dagbag.py:588} INFO - Filling up the DagBag from /opt/airflow/dags/Assignment-1_dags/Q3_dag.py
[2024-12-13T10:05:39.748+0000] {processor.py:925} INFO - DAG(s) 'set_and_read_airflow_variable' retrieved from /opt/airflow/dags/Assignment-1_dags/Q3_dag.py
[2024-12-13T10:05:39.777+0000] {logging_mixin.py:190} INFO - [2024-12-13T10:05:39.776+0000] {dag.py:3239} INFO - Sync 1 DAGs
[2024-12-13T10:05:39.801+0000] {logging_mixin.py:190} INFO - [2024-12-13T10:05:39.800+0000] {dag.py:4180} INFO - Setting next_dagrun for set_and_read_airflow_variable to None, run_after=None
[2024-12-13T10:05:39.820+0000] {processor.py:208} INFO - Processing /opt/airflow/dags/Assignment-1_dags/Q3_dag.py took 0.095 seconds
[2024-12-13T10:30:36.532+0000] {processor.py:186} INFO - Started process (PID=16824) to work on /opt/airflow/dags/Assignment-1_dags/Q3_dag.py
[2024-12-13T10:30:36.537+0000] {processor.py:914} INFO - Processing file /opt/airflow/dags/Assignment-1_dags/Q3_dag.py for tasks to queue
[2024-12-13T10:30:36.546+0000] {logging_mixin.py:190} INFO - [2024-12-13T10:30:36.545+0000] {dagbag.py:588} INFO - Filling up the DagBag from /opt/airflow/dags/Assignment-1_dags/Q3_dag.py
[2024-12-13T10:30:36.566+0000] {processor.py:925} INFO - DAG(s) 'set_and_read_airflow_variable' retrieved from /opt/airflow/dags/Assignment-1_dags/Q3_dag.py
[2024-12-13T10:30:36.602+0000] {logging_mixin.py:190} INFO - [2024-12-13T10:30:36.602+0000] {dag.py:3239} INFO - Sync 1 DAGs
[2024-12-13T10:30:36.617+0000] {logging_mixin.py:190} INFO - [2024-12-13T10:30:36.617+0000] {dag.py:4180} INFO - Setting next_dagrun for set_and_read_airflow_variable to None, run_after=None
[2024-12-13T10:30:36.643+0000] {processor.py:208} INFO - Processing /opt/airflow/dags/Assignment-1_dags/Q3_dag.py took 0.120 seconds
[2024-12-13T10:31:07.031+0000] {processor.py:186} INFO - Started process (PID=16833) to work on /opt/airflow/dags/Assignment-1_dags/Q3_dag.py
[2024-12-13T10:31:07.032+0000] {processor.py:914} INFO - Processing file /opt/airflow/dags/Assignment-1_dags/Q3_dag.py for tasks to queue
[2024-12-13T10:31:07.035+0000] {logging_mixin.py:190} INFO - [2024-12-13T10:31:07.035+0000] {dagbag.py:588} INFO - Filling up the DagBag from /opt/airflow/dags/Assignment-1_dags/Q3_dag.py
[2024-12-13T10:31:07.049+0000] {processor.py:925} INFO - DAG(s) 'set_and_read_airflow_variable' retrieved from /opt/airflow/dags/Assignment-1_dags/Q3_dag.py
[2024-12-13T10:31:07.075+0000] {logging_mixin.py:190} INFO - [2024-12-13T10:31:07.075+0000] {dag.py:3239} INFO - Sync 1 DAGs
[2024-12-13T10:31:07.090+0000] {logging_mixin.py:190} INFO - [2024-12-13T10:31:07.090+0000] {dag.py:4180} INFO - Setting next_dagrun for set_and_read_airflow_variable to None, run_after=None
[2024-12-13T10:31:07.106+0000] {processor.py:208} INFO - Processing /opt/airflow/dags/Assignment-1_dags/Q3_dag.py took 0.082 seconds
[2024-12-13T10:31:37.516+0000] {processor.py:186} INFO - Started process (PID=16842) to work on /opt/airflow/dags/Assignment-1_dags/Q3_dag.py
[2024-12-13T10:31:37.518+0000] {processor.py:914} INFO - Processing file /opt/airflow/dags/Assignment-1_dags/Q3_dag.py for tasks to queue
[2024-12-13T10:31:37.522+0000] {logging_mixin.py:190} INFO - [2024-12-13T10:31:37.522+0000] {dagbag.py:588} INFO - Filling up the DagBag from /opt/airflow/dags/Assignment-1_dags/Q3_dag.py
[2024-12-13T10:31:37.540+0000] {processor.py:925} INFO - DAG(s) 'set_and_read_airflow_variable' retrieved from /opt/airflow/dags/Assignment-1_dags/Q3_dag.py
[2024-12-13T10:31:37.566+0000] {logging_mixin.py:190} INFO - [2024-12-13T10:31:37.566+0000] {dag.py:3239} INFO - Sync 1 DAGs
[2024-12-13T10:31:37.577+0000] {logging_mixin.py:190} INFO - [2024-12-13T10:31:37.576+0000] {dag.py:4180} INFO - Setting next_dagrun for set_and_read_airflow_variable to None, run_after=None
[2024-12-13T10:31:37.591+0000] {processor.py:208} INFO - Processing /opt/airflow/dags/Assignment-1_dags/Q3_dag.py took 0.082 seconds
[2024-12-13T10:46:30.589+0000] {processor.py:186} INFO - Started process (PID=16851) to work on /opt/airflow/dags/Assignment-1_dags/Q3_dag.py
[2024-12-13T10:46:30.593+0000] {processor.py:914} INFO - Processing file /opt/airflow/dags/Assignment-1_dags/Q3_dag.py for tasks to queue
[2024-12-13T10:46:30.598+0000] {logging_mixin.py:190} INFO - [2024-12-13T10:46:30.597+0000] {dagbag.py:588} INFO - Filling up the DagBag from /opt/airflow/dags/Assignment-1_dags/Q3_dag.py
[2024-12-13T10:46:30.627+0000] {processor.py:925} INFO - DAG(s) 'set_and_read_airflow_variable' retrieved from /opt/airflow/dags/Assignment-1_dags/Q3_dag.py
[2024-12-13T10:46:30.654+0000] {logging_mixin.py:190} INFO - [2024-12-13T10:46:30.653+0000] {dag.py:3239} INFO - Sync 1 DAGs
[2024-12-13T10:46:30.682+0000] {logging_mixin.py:190} INFO - [2024-12-13T10:46:30.682+0000] {dag.py:4180} INFO - Setting next_dagrun for set_and_read_airflow_variable to None, run_after=None
[2024-12-13T10:46:30.697+0000] {processor.py:208} INFO - Processing /opt/airflow/dags/Assignment-1_dags/Q3_dag.py took 0.116 seconds
[2024-12-13T11:29:38.107+0000] {processor.py:186} INFO - Started process (PID=16860) to work on /opt/airflow/dags/Assignment-1_dags/Q3_dag.py
[2024-12-13T11:29:38.111+0000] {processor.py:914} INFO - Processing file /opt/airflow/dags/Assignment-1_dags/Q3_dag.py for tasks to queue
[2024-12-13T11:29:38.122+0000] {logging_mixin.py:190} INFO - [2024-12-13T11:29:38.121+0000] {dagbag.py:588} INFO - Filling up the DagBag from /opt/airflow/dags/Assignment-1_dags/Q3_dag.py
[2024-12-13T11:29:38.141+0000] {processor.py:925} INFO - DAG(s) 'set_and_read_airflow_variable' retrieved from /opt/airflow/dags/Assignment-1_dags/Q3_dag.py
[2024-12-13T11:29:38.168+0000] {logging_mixin.py:190} INFO - [2024-12-13T11:29:38.167+0000] {dag.py:3239} INFO - Sync 1 DAGs
[2024-12-13T11:29:38.200+0000] {logging_mixin.py:190} INFO - [2024-12-13T11:29:38.200+0000] {dag.py:4180} INFO - Setting next_dagrun for set_and_read_airflow_variable to None, run_after=None
[2024-12-13T11:29:38.218+0000] {processor.py:208} INFO - Processing /opt/airflow/dags/Assignment-1_dags/Q3_dag.py took 0.131 seconds
[2024-12-13T12:50:17.142+0000] {processor.py:186} INFO - Started process (PID=16869) to work on /opt/airflow/dags/Assignment-1_dags/Q3_dag.py
[2024-12-13T12:50:17.144+0000] {processor.py:914} INFO - Processing file /opt/airflow/dags/Assignment-1_dags/Q3_dag.py for tasks to queue
[2024-12-13T12:50:17.147+0000] {logging_mixin.py:190} INFO - [2024-12-13T12:50:17.146+0000] {dagbag.py:588} INFO - Filling up the DagBag from /opt/airflow/dags/Assignment-1_dags/Q3_dag.py
[2024-12-13T12:50:17.160+0000] {processor.py:925} INFO - DAG(s) 'set_and_read_airflow_variable' retrieved from /opt/airflow/dags/Assignment-1_dags/Q3_dag.py
[2024-12-13T12:50:17.182+0000] {logging_mixin.py:190} INFO - [2024-12-13T12:50:17.182+0000] {dag.py:3239} INFO - Sync 1 DAGs
[2024-12-13T12:50:17.194+0000] {logging_mixin.py:190} INFO - [2024-12-13T12:50:17.194+0000] {dag.py:4180} INFO - Setting next_dagrun for set_and_read_airflow_variable to None, run_after=None
[2024-12-13T12:50:17.208+0000] {processor.py:208} INFO - Processing /opt/airflow/dags/Assignment-1_dags/Q3_dag.py took 0.074 seconds
[2024-12-13T13:29:01.014+0000] {processor.py:186} INFO - Started process (PID=16877) to work on /opt/airflow/dags/Assignment-1_dags/Q3_dag.py
[2024-12-13T13:29:01.016+0000] {processor.py:914} INFO - Processing file /opt/airflow/dags/Assignment-1_dags/Q3_dag.py for tasks to queue
[2024-12-13T13:29:01.020+0000] {logging_mixin.py:190} INFO - [2024-12-13T13:29:01.020+0000] {dagbag.py:588} INFO - Filling up the DagBag from /opt/airflow/dags/Assignment-1_dags/Q3_dag.py
[2024-12-13T13:29:01.053+0000] {processor.py:925} INFO - DAG(s) 'set_and_read_airflow_variable' retrieved from /opt/airflow/dags/Assignment-1_dags/Q3_dag.py
[2024-12-13T13:29:01.077+0000] {logging_mixin.py:190} INFO - [2024-12-13T13:29:01.077+0000] {dag.py:3239} INFO - Sync 1 DAGs
[2024-12-13T13:29:01.090+0000] {logging_mixin.py:190} INFO - [2024-12-13T13:29:01.090+0000] {dag.py:4180} INFO - Setting next_dagrun for set_and_read_airflow_variable to None, run_after=None
[2024-12-13T13:29:01.115+0000] {processor.py:208} INFO - Processing /opt/airflow/dags/Assignment-1_dags/Q3_dag.py took 0.109 seconds
[2024-12-13T13:32:10.357+0000] {processor.py:186} INFO - Started process (PID=16886) to work on /opt/airflow/dags/Assignment-1_dags/Q3_dag.py
[2024-12-13T13:32:10.359+0000] {processor.py:914} INFO - Processing file /opt/airflow/dags/Assignment-1_dags/Q3_dag.py for tasks to queue
[2024-12-13T13:32:10.361+0000] {logging_mixin.py:190} INFO - [2024-12-13T13:32:10.361+0000] {dagbag.py:588} INFO - Filling up the DagBag from /opt/airflow/dags/Assignment-1_dags/Q3_dag.py
[2024-12-13T13:32:10.374+0000] {processor.py:925} INFO - DAG(s) 'set_and_read_airflow_variable' retrieved from /opt/airflow/dags/Assignment-1_dags/Q3_dag.py
[2024-12-13T13:32:10.391+0000] {logging_mixin.py:190} INFO - [2024-12-13T13:32:10.390+0000] {dag.py:3239} INFO - Sync 1 DAGs
[2024-12-13T13:32:10.399+0000] {logging_mixin.py:190} INFO - [2024-12-13T13:32:10.398+0000] {dag.py:4180} INFO - Setting next_dagrun for set_and_read_airflow_variable to None, run_after=None
[2024-12-13T13:32:10.412+0000] {processor.py:208} INFO - Processing /opt/airflow/dags/Assignment-1_dags/Q3_dag.py took 0.062 seconds
[2024-12-13T14:15:36.868+0000] {processor.py:186} INFO - Started process (PID=16895) to work on /opt/airflow/dags/Assignment-1_dags/Q3_dag.py
[2024-12-13T14:15:36.869+0000] {processor.py:914} INFO - Processing file /opt/airflow/dags/Assignment-1_dags/Q3_dag.py for tasks to queue
[2024-12-13T14:15:36.872+0000] {logging_mixin.py:190} INFO - [2024-12-13T14:15:36.872+0000] {dagbag.py:588} INFO - Filling up the DagBag from /opt/airflow/dags/Assignment-1_dags/Q3_dag.py
[2024-12-13T14:15:36.884+0000] {processor.py:925} INFO - DAG(s) 'set_and_read_airflow_variable' retrieved from /opt/airflow/dags/Assignment-1_dags/Q3_dag.py
[2024-12-13T14:15:36.916+0000] {logging_mixin.py:190} INFO - [2024-12-13T14:15:36.916+0000] {dag.py:3239} INFO - Sync 1 DAGs
[2024-12-13T14:15:36.928+0000] {logging_mixin.py:190} INFO - [2024-12-13T14:15:36.928+0000] {dag.py:4180} INFO - Setting next_dagrun for set_and_read_airflow_variable to None, run_after=None
[2024-12-13T14:15:36.940+0000] {processor.py:208} INFO - Processing /opt/airflow/dags/Assignment-1_dags/Q3_dag.py took 0.078 seconds
[2024-12-13T14:49:23.904+0000] {processor.py:186} INFO - Started process (PID=16904) to work on /opt/airflow/dags/Assignment-1_dags/Q3_dag.py
[2024-12-13T14:49:23.905+0000] {processor.py:914} INFO - Processing file /opt/airflow/dags/Assignment-1_dags/Q3_dag.py for tasks to queue
[2024-12-13T14:49:23.908+0000] {logging_mixin.py:190} INFO - [2024-12-13T14:49:23.908+0000] {dagbag.py:588} INFO - Filling up the DagBag from /opt/airflow/dags/Assignment-1_dags/Q3_dag.py
[2024-12-13T14:49:23.921+0000] {processor.py:925} INFO - DAG(s) 'set_and_read_airflow_variable' retrieved from /opt/airflow/dags/Assignment-1_dags/Q3_dag.py
[2024-12-13T14:49:23.953+0000] {logging_mixin.py:190} INFO - [2024-12-13T14:49:23.952+0000] {dag.py:3239} INFO - Sync 1 DAGs
[2024-12-13T14:49:23.967+0000] {logging_mixin.py:190} INFO - [2024-12-13T14:49:23.967+0000] {dag.py:4180} INFO - Setting next_dagrun for set_and_read_airflow_variable to None, run_after=None
[2024-12-13T14:49:23.981+0000] {processor.py:208} INFO - Processing /opt/airflow/dags/Assignment-1_dags/Q3_dag.py took 0.083 seconds
[2024-12-13T16:12:32.198+0000] {processor.py:186} INFO - Started process (PID=16913) to work on /opt/airflow/dags/Assignment-1_dags/Q3_dag.py
[2024-12-13T16:12:32.199+0000] {processor.py:914} INFO - Processing file /opt/airflow/dags/Assignment-1_dags/Q3_dag.py for tasks to queue
[2024-12-13T16:12:32.203+0000] {logging_mixin.py:190} INFO - [2024-12-13T16:12:32.202+0000] {dagbag.py:588} INFO - Filling up the DagBag from /opt/airflow/dags/Assignment-1_dags/Q3_dag.py
[2024-12-13T16:12:32.216+0000] {processor.py:925} INFO - DAG(s) 'set_and_read_airflow_variable' retrieved from /opt/airflow/dags/Assignment-1_dags/Q3_dag.py
[2024-12-13T16:12:32.237+0000] {logging_mixin.py:190} INFO - [2024-12-13T16:12:32.237+0000] {dag.py:3239} INFO - Sync 1 DAGs
[2024-12-13T16:12:32.249+0000] {logging_mixin.py:190} INFO - [2024-12-13T16:12:32.249+0000] {dag.py:4180} INFO - Setting next_dagrun for set_and_read_airflow_variable to None, run_after=None
[2024-12-13T16:12:32.262+0000] {processor.py:208} INFO - Processing /opt/airflow/dags/Assignment-1_dags/Q3_dag.py took 0.070 seconds
[2024-12-13T17:50:48.755+0000] {processor.py:186} INFO - Started process (PID=16922) to work on /opt/airflow/dags/Assignment-1_dags/Q3_dag.py
[2024-12-13T17:50:48.757+0000] {processor.py:914} INFO - Processing file /opt/airflow/dags/Assignment-1_dags/Q3_dag.py for tasks to queue
[2024-12-13T17:50:48.759+0000] {logging_mixin.py:190} INFO - [2024-12-13T17:50:48.759+0000] {dagbag.py:588} INFO - Filling up the DagBag from /opt/airflow/dags/Assignment-1_dags/Q3_dag.py
[2024-12-13T17:50:48.771+0000] {processor.py:925} INFO - DAG(s) 'set_and_read_airflow_variable' retrieved from /opt/airflow/dags/Assignment-1_dags/Q3_dag.py
[2024-12-13T17:50:48.791+0000] {logging_mixin.py:190} INFO - [2024-12-13T17:50:48.791+0000] {dag.py:3239} INFO - Sync 1 DAGs
[2024-12-13T17:50:48.800+0000] {logging_mixin.py:190} INFO - [2024-12-13T17:50:48.800+0000] {dag.py:4180} INFO - Setting next_dagrun for set_and_read_airflow_variable to None, run_after=None
[2024-12-13T17:50:48.812+0000] {processor.py:208} INFO - Processing /opt/airflow/dags/Assignment-1_dags/Q3_dag.py took 0.064 seconds
[2024-12-13T17:51:23.231+0000] {processor.py:186} INFO - Started process (PID=16931) to work on /opt/airflow/dags/Assignment-1_dags/Q3_dag.py
[2024-12-13T17:51:23.344+0000] {processor.py:914} INFO - Processing file /opt/airflow/dags/Assignment-1_dags/Q3_dag.py for tasks to queue
[2024-12-13T17:51:23.383+0000] {logging_mixin.py:190} INFO - [2024-12-13T17:51:23.381+0000] {dagbag.py:588} INFO - Filling up the DagBag from /opt/airflow/dags/Assignment-1_dags/Q3_dag.py
[2024-12-15T07:24:38.036+0000] {processor.py:925} INFO - DAG(s) 'set_and_read_airflow_variable' retrieved from /opt/airflow/dags/Assignment-1_dags/Q3_dag.py
[2024-12-15T07:24:38.373+0000] {logging_mixin.py:190} INFO - [2024-12-15T07:24:38.372+0000] {dag.py:3239} INFO - Sync 1 DAGs
[2024-12-15T07:24:38.470+0000] {logging_mixin.py:190} INFO - [2024-12-15T07:24:38.469+0000] {dag.py:4180} INFO - Setting next_dagrun for set_and_read_airflow_variable to None, run_after=None
[2024-12-15T07:24:38.526+0000] {processor.py:208} INFO - Processing /opt/airflow/dags/Assignment-1_dags/Q3_dag.py took 1.386 seconds
