[2024-12-13T01:15:56.945+0000] {processor.py:186} INFO - Started process (PID=16260) to work on /opt/airflow/dags/Assignment-1_dags/Q4_dag.py
[2024-12-13T01:15:56.947+0000] {processor.py:914} INFO - Processing file /opt/airflow/dags/Assignment-1_dags/Q4_dag.py for tasks to queue
[2024-12-13T01:15:56.950+0000] {logging_mixin.py:190} INFO - [2024-12-13T01:15:56.950+0000] {dagbag.py:588} INFO - Filling up the DagBag from /opt/airflow/dags/Assignment-1_dags/Q4_dag.py
[2024-12-13T01:15:56.964+0000] {processor.py:925} INFO - DAG(s) 'send_alert_google_chat' retrieved from /opt/airflow/dags/Assignment-1_dags/Q4_dag.py
[2024-12-13T01:15:57.004+0000] {logging_mixin.py:190} INFO - [2024-12-13T01:15:57.004+0000] {dag.py:3239} INFO - Sync 1 DAGs
[2024-12-13T01:15:57.020+0000] {logging_mixin.py:190} INFO - [2024-12-13T01:15:57.020+0000] {dag.py:4180} INFO - Setting next_dagrun for send_alert_google_chat to None, run_after=None
[2024-12-13T01:15:57.041+0000] {processor.py:208} INFO - Processing /opt/airflow/dags/Assignment-1_dags/Q4_dag.py took 0.104 seconds
[2024-12-13T02:37:47.788+0000] {processor.py:186} INFO - Started process (PID=16269) to work on /opt/airflow/dags/Assignment-1_dags/Q4_dag.py
[2024-12-13T02:37:47.790+0000] {processor.py:914} INFO - Processing file /opt/airflow/dags/Assignment-1_dags/Q4_dag.py for tasks to queue
[2024-12-13T02:37:47.793+0000] {logging_mixin.py:190} INFO - [2024-12-13T02:37:47.793+0000] {dagbag.py:588} INFO - Filling up the DagBag from /opt/airflow/dags/Assignment-1_dags/Q4_dag.py
[2024-12-13T02:37:47.807+0000] {processor.py:925} INFO - DAG(s) 'send_alert_google_chat' retrieved from /opt/airflow/dags/Assignment-1_dags/Q4_dag.py
[2024-12-13T02:37:47.832+0000] {logging_mixin.py:190} INFO - [2024-12-13T02:37:47.832+0000] {dag.py:3239} INFO - Sync 1 DAGs
[2024-12-13T02:37:47.844+0000] {logging_mixin.py:190} INFO - [2024-12-13T02:37:47.844+0000] {dag.py:4180} INFO - Setting next_dagrun for send_alert_google_chat to None, run_after=None
[2024-12-13T02:37:47.861+0000] {processor.py:208} INFO - Processing /opt/airflow/dags/Assignment-1_dags/Q4_dag.py took 0.088 seconds
[2024-12-13T04:18:48.117+0000] {processor.py:186} INFO - Started process (PID=16278) to work on /opt/airflow/dags/Assignment-1_dags/Q4_dag.py
[2024-12-13T04:18:48.119+0000] {processor.py:914} INFO - Processing file /opt/airflow/dags/Assignment-1_dags/Q4_dag.py for tasks to queue
[2024-12-13T04:18:48.122+0000] {logging_mixin.py:190} INFO - [2024-12-13T04:18:48.122+0000] {dagbag.py:588} INFO - Filling up the DagBag from /opt/airflow/dags/Assignment-1_dags/Q4_dag.py
[2024-12-13T04:18:48.144+0000] {processor.py:925} INFO - DAG(s) 'send_alert_google_chat' retrieved from /opt/airflow/dags/Assignment-1_dags/Q4_dag.py
[2024-12-13T04:18:48.179+0000] {logging_mixin.py:190} INFO - [2024-12-13T04:18:48.178+0000] {dag.py:3239} INFO - Sync 1 DAGs
[2024-12-13T04:18:48.191+0000] {logging_mixin.py:190} INFO - [2024-12-13T04:18:48.191+0000] {dag.py:4180} INFO - Setting next_dagrun for send_alert_google_chat to None, run_after=None
[2024-12-13T04:18:48.206+0000] {processor.py:208} INFO - Processing /opt/airflow/dags/Assignment-1_dags/Q4_dag.py took 0.097 seconds
[2024-12-13T04:19:18.616+0000] {processor.py:186} INFO - Started process (PID=16287) to work on /opt/airflow/dags/Assignment-1_dags/Q4_dag.py
[2024-12-13T04:19:18.617+0000] {processor.py:914} INFO - Processing file /opt/airflow/dags/Assignment-1_dags/Q4_dag.py for tasks to queue
[2024-12-13T04:19:18.621+0000] {logging_mixin.py:190} INFO - [2024-12-13T04:19:18.621+0000] {dagbag.py:588} INFO - Filling up the DagBag from /opt/airflow/dags/Assignment-1_dags/Q4_dag.py
[2024-12-13T04:19:18.636+0000] {processor.py:925} INFO - DAG(s) 'send_alert_google_chat' retrieved from /opt/airflow/dags/Assignment-1_dags/Q4_dag.py
[2024-12-13T04:19:18.673+0000] {logging_mixin.py:190} INFO - [2024-12-13T04:19:18.673+0000] {dag.py:3239} INFO - Sync 1 DAGs
[2024-12-13T04:19:18.687+0000] {logging_mixin.py:190} INFO - [2024-12-13T04:19:18.686+0000] {dag.py:4180} INFO - Setting next_dagrun for send_alert_google_chat to None, run_after=None
[2024-12-13T04:19:18.699+0000] {processor.py:208} INFO - Processing /opt/airflow/dags/Assignment-1_dags/Q4_dag.py took 0.095 seconds
[2024-12-13T04:19:49.131+0000] {processor.py:186} INFO - Started process (PID=16296) to work on /opt/airflow/dags/Assignment-1_dags/Q4_dag.py
[2024-12-13T04:19:49.132+0000] {processor.py:914} INFO - Processing file /opt/airflow/dags/Assignment-1_dags/Q4_dag.py for tasks to queue
[2024-12-13T04:19:49.135+0000] {logging_mixin.py:190} INFO - [2024-12-13T04:19:49.134+0000] {dagbag.py:588} INFO - Filling up the DagBag from /opt/airflow/dags/Assignment-1_dags/Q4_dag.py
[2024-12-13T04:19:49.147+0000] {processor.py:925} INFO - DAG(s) 'send_alert_google_chat' retrieved from /opt/airflow/dags/Assignment-1_dags/Q4_dag.py
[2024-12-13T04:19:49.170+0000] {logging_mixin.py:190} INFO - [2024-12-13T04:19:49.170+0000] {dag.py:3239} INFO - Sync 1 DAGs
[2024-12-13T04:19:49.182+0000] {logging_mixin.py:190} INFO - [2024-12-13T04:19:49.182+0000] {dag.py:4180} INFO - Setting next_dagrun for send_alert_google_chat to None, run_after=None
[2024-12-13T04:19:49.195+0000] {processor.py:208} INFO - Processing /opt/airflow/dags/Assignment-1_dags/Q4_dag.py took 0.072 seconds
[2024-12-13T04:35:44.433+0000] {processor.py:186} INFO - Started process (PID=16305) to work on /opt/airflow/dags/Assignment-1_dags/Q4_dag.py
[2024-12-13T04:35:44.434+0000] {processor.py:914} INFO - Processing file /opt/airflow/dags/Assignment-1_dags/Q4_dag.py for tasks to queue
[2024-12-13T04:35:44.439+0000] {logging_mixin.py:190} INFO - [2024-12-13T04:35:44.438+0000] {dagbag.py:588} INFO - Filling up the DagBag from /opt/airflow/dags/Assignment-1_dags/Q4_dag.py
[2024-12-13T04:35:44.453+0000] {processor.py:925} INFO - DAG(s) 'send_alert_google_chat' retrieved from /opt/airflow/dags/Assignment-1_dags/Q4_dag.py
[2024-12-13T04:35:44.495+0000] {logging_mixin.py:190} INFO - [2024-12-13T04:35:44.495+0000] {dag.py:3239} INFO - Sync 1 DAGs
[2024-12-13T04:35:44.509+0000] {logging_mixin.py:190} INFO - [2024-12-13T04:35:44.509+0000] {dag.py:4180} INFO - Setting next_dagrun for send_alert_google_chat to None, run_after=None
[2024-12-13T04:35:44.526+0000] {processor.py:208} INFO - Processing /opt/airflow/dags/Assignment-1_dags/Q4_dag.py took 0.111 seconds
[2024-12-13T05:29:57.218+0000] {processor.py:186} INFO - Started process (PID=16314) to work on /opt/airflow/dags/Assignment-1_dags/Q4_dag.py
[2024-12-13T05:29:57.219+0000] {processor.py:914} INFO - Processing file /opt/airflow/dags/Assignment-1_dags/Q4_dag.py for tasks to queue
[2024-12-13T05:29:57.225+0000] {logging_mixin.py:190} INFO - [2024-12-13T05:29:57.225+0000] {dagbag.py:588} INFO - Filling up the DagBag from /opt/airflow/dags/Assignment-1_dags/Q4_dag.py
[2024-12-13T05:29:57.250+0000] {processor.py:925} INFO - DAG(s) 'send_alert_google_chat' retrieved from /opt/airflow/dags/Assignment-1_dags/Q4_dag.py
[2024-12-13T05:29:57.273+0000] {logging_mixin.py:190} INFO - [2024-12-13T05:29:57.273+0000] {dag.py:3239} INFO - Sync 1 DAGs
[2024-12-13T05:29:57.284+0000] {logging_mixin.py:190} INFO - [2024-12-13T05:29:57.284+0000] {dag.py:4180} INFO - Setting next_dagrun for send_alert_google_chat to None, run_after=None
[2024-12-13T05:29:57.296+0000] {processor.py:208} INFO - Processing /opt/airflow/dags/Assignment-1_dags/Q4_dag.py took 0.089 seconds
[2024-12-13T07:11:37.579+0000] {processor.py:186} INFO - Started process (PID=16323) to work on /opt/airflow/dags/Assignment-1_dags/Q4_dag.py
[2024-12-13T07:11:37.580+0000] {processor.py:914} INFO - Processing file /opt/airflow/dags/Assignment-1_dags/Q4_dag.py for tasks to queue
[2024-12-13T07:11:37.584+0000] {logging_mixin.py:190} INFO - [2024-12-13T07:11:37.584+0000] {dagbag.py:588} INFO - Filling up the DagBag from /opt/airflow/dags/Assignment-1_dags/Q4_dag.py
[2024-12-13T07:11:37.599+0000] {processor.py:925} INFO - DAG(s) 'send_alert_google_chat' retrieved from /opt/airflow/dags/Assignment-1_dags/Q4_dag.py
[2024-12-13T07:11:37.635+0000] {logging_mixin.py:190} INFO - [2024-12-13T07:11:37.635+0000] {dag.py:3239} INFO - Sync 1 DAGs
[2024-12-13T07:11:37.649+0000] {logging_mixin.py:190} INFO - [2024-12-13T07:11:37.648+0000] {dag.py:4180} INFO - Setting next_dagrun for send_alert_google_chat to None, run_after=None
[2024-12-13T07:11:37.666+0000] {processor.py:208} INFO - Processing /opt/airflow/dags/Assignment-1_dags/Q4_dag.py took 0.095 seconds
[2024-12-13T08:34:07.458+0000] {processor.py:186} INFO - Started process (PID=16332) to work on /opt/airflow/dags/Assignment-1_dags/Q4_dag.py
[2024-12-13T08:34:07.459+0000] {processor.py:914} INFO - Processing file /opt/airflow/dags/Assignment-1_dags/Q4_dag.py for tasks to queue
[2024-12-13T08:34:07.468+0000] {logging_mixin.py:190} INFO - [2024-12-13T08:34:07.467+0000] {dagbag.py:588} INFO - Filling up the DagBag from /opt/airflow/dags/Assignment-1_dags/Q4_dag.py
[2024-12-13T08:34:07.484+0000] {processor.py:925} INFO - DAG(s) 'send_alert_google_chat' retrieved from /opt/airflow/dags/Assignment-1_dags/Q4_dag.py
[2024-12-13T08:34:07.506+0000] {logging_mixin.py:190} INFO - [2024-12-13T08:34:07.505+0000] {dag.py:3239} INFO - Sync 1 DAGs
[2024-12-13T08:34:07.515+0000] {logging_mixin.py:190} INFO - [2024-12-13T08:34:07.515+0000] {dag.py:4180} INFO - Setting next_dagrun for send_alert_google_chat to None, run_after=None
[2024-12-13T08:34:07.527+0000] {processor.py:208} INFO - Processing /opt/airflow/dags/Assignment-1_dags/Q4_dag.py took 0.078 seconds
[2024-12-13T09:03:40.160+0000] {processor.py:186} INFO - Started process (PID=16341) to work on /opt/airflow/dags/Assignment-1_dags/Q4_dag.py
[2024-12-13T09:03:40.161+0000] {processor.py:914} INFO - Processing file /opt/airflow/dags/Assignment-1_dags/Q4_dag.py for tasks to queue
[2024-12-13T09:03:40.164+0000] {logging_mixin.py:190} INFO - [2024-12-13T09:03:40.163+0000] {dagbag.py:588} INFO - Filling up the DagBag from /opt/airflow/dags/Assignment-1_dags/Q4_dag.py
[2024-12-13T09:03:40.177+0000] {processor.py:925} INFO - DAG(s) 'send_alert_google_chat' retrieved from /opt/airflow/dags/Assignment-1_dags/Q4_dag.py
[2024-12-13T09:03:40.199+0000] {logging_mixin.py:190} INFO - [2024-12-13T09:03:40.199+0000] {dag.py:3239} INFO - Sync 1 DAGs
[2024-12-13T09:03:40.211+0000] {logging_mixin.py:190} INFO - [2024-12-13T09:03:40.210+0000] {dag.py:4180} INFO - Setting next_dagrun for send_alert_google_chat to None, run_after=None
[2024-12-13T09:03:40.229+0000] {processor.py:208} INFO - Processing /opt/airflow/dags/Assignment-1_dags/Q4_dag.py took 0.078 seconds
[2024-12-13T09:04:10.746+0000] {processor.py:186} INFO - Started process (PID=16350) to work on /opt/airflow/dags/Assignment-1_dags/Q4_dag.py
[2024-12-13T09:04:10.747+0000] {processor.py:914} INFO - Processing file /opt/airflow/dags/Assignment-1_dags/Q4_dag.py for tasks to queue
[2024-12-13T09:04:10.753+0000] {logging_mixin.py:190} INFO - [2024-12-13T09:04:10.752+0000] {dagbag.py:588} INFO - Filling up the DagBag from /opt/airflow/dags/Assignment-1_dags/Q4_dag.py
[2024-12-13T09:04:10.809+0000] {processor.py:925} INFO - DAG(s) 'send_alert_google_chat' retrieved from /opt/airflow/dags/Assignment-1_dags/Q4_dag.py
[2024-12-13T09:04:10.853+0000] {logging_mixin.py:190} INFO - [2024-12-13T09:04:10.853+0000] {dag.py:3239} INFO - Sync 1 DAGs
[2024-12-13T09:04:10.867+0000] {logging_mixin.py:190} INFO - [2024-12-13T09:04:10.867+0000] {dag.py:4180} INFO - Setting next_dagrun for send_alert_google_chat to None, run_after=None
[2024-12-13T09:04:10.892+0000] {processor.py:208} INFO - Processing /opt/airflow/dags/Assignment-1_dags/Q4_dag.py took 0.163 seconds
[2024-12-13T09:04:41.252+0000] {processor.py:186} INFO - Started process (PID=16359) to work on /opt/airflow/dags/Assignment-1_dags/Q4_dag.py
[2024-12-13T09:04:41.254+0000] {processor.py:914} INFO - Processing file /opt/airflow/dags/Assignment-1_dags/Q4_dag.py for tasks to queue
[2024-12-13T09:04:41.257+0000] {logging_mixin.py:190} INFO - [2024-12-13T09:04:41.257+0000] {dagbag.py:588} INFO - Filling up the DagBag from /opt/airflow/dags/Assignment-1_dags/Q4_dag.py
[2024-12-13T09:04:41.281+0000] {processor.py:925} INFO - DAG(s) 'send_alert_google_chat' retrieved from /opt/airflow/dags/Assignment-1_dags/Q4_dag.py
[2024-12-13T09:04:41.321+0000] {logging_mixin.py:190} INFO - [2024-12-13T09:04:41.321+0000] {dag.py:3239} INFO - Sync 1 DAGs
[2024-12-13T09:04:41.336+0000] {logging_mixin.py:190} INFO - [2024-12-13T09:04:41.336+0000] {dag.py:4180} INFO - Setting next_dagrun for send_alert_google_chat to None, run_after=None
[2024-12-13T09:04:41.353+0000] {processor.py:208} INFO - Processing /opt/airflow/dags/Assignment-1_dags/Q4_dag.py took 0.112 seconds
[2024-12-13T09:05:11.714+0000] {processor.py:186} INFO - Started process (PID=16368) to work on /opt/airflow/dags/Assignment-1_dags/Q4_dag.py
[2024-12-13T09:05:11.716+0000] {processor.py:914} INFO - Processing file /opt/airflow/dags/Assignment-1_dags/Q4_dag.py for tasks to queue
[2024-12-13T09:05:11.722+0000] {logging_mixin.py:190} INFO - [2024-12-13T09:05:11.721+0000] {dagbag.py:588} INFO - Filling up the DagBag from /opt/airflow/dags/Assignment-1_dags/Q4_dag.py
[2024-12-13T09:05:11.767+0000] {processor.py:925} INFO - DAG(s) 'send_alert_google_chat' retrieved from /opt/airflow/dags/Assignment-1_dags/Q4_dag.py
[2024-12-13T09:05:11.814+0000] {logging_mixin.py:190} INFO - [2024-12-13T09:05:11.814+0000] {dag.py:3239} INFO - Sync 1 DAGs
[2024-12-13T09:05:11.831+0000] {logging_mixin.py:190} INFO - [2024-12-13T09:05:11.831+0000] {dag.py:4180} INFO - Setting next_dagrun for send_alert_google_chat to None, run_after=None
[2024-12-13T09:05:11.849+0000] {processor.py:208} INFO - Processing /opt/airflow/dags/Assignment-1_dags/Q4_dag.py took 0.169 seconds
[2024-12-13T09:05:42.222+0000] {processor.py:186} INFO - Started process (PID=16377) to work on /opt/airflow/dags/Assignment-1_dags/Q4_dag.py
[2024-12-13T09:05:42.224+0000] {processor.py:914} INFO - Processing file /opt/airflow/dags/Assignment-1_dags/Q4_dag.py for tasks to queue
[2024-12-13T09:05:42.241+0000] {logging_mixin.py:190} INFO - [2024-12-13T09:05:42.240+0000] {dagbag.py:588} INFO - Filling up the DagBag from /opt/airflow/dags/Assignment-1_dags/Q4_dag.py
[2024-12-13T09:05:42.265+0000] {processor.py:925} INFO - DAG(s) 'send_alert_google_chat' retrieved from /opt/airflow/dags/Assignment-1_dags/Q4_dag.py
[2024-12-13T09:05:42.307+0000] {logging_mixin.py:190} INFO - [2024-12-13T09:05:42.307+0000] {dag.py:3239} INFO - Sync 1 DAGs
[2024-12-13T09:05:42.322+0000] {logging_mixin.py:190} INFO - [2024-12-13T09:05:42.322+0000] {dag.py:4180} INFO - Setting next_dagrun for send_alert_google_chat to None, run_after=None
[2024-12-13T09:05:42.339+0000] {processor.py:208} INFO - Processing /opt/airflow/dags/Assignment-1_dags/Q4_dag.py took 0.131 seconds
[2024-12-13T09:06:12.708+0000] {processor.py:186} INFO - Started process (PID=16386) to work on /opt/airflow/dags/Assignment-1_dags/Q4_dag.py
[2024-12-13T09:06:12.709+0000] {processor.py:914} INFO - Processing file /opt/airflow/dags/Assignment-1_dags/Q4_dag.py for tasks to queue
[2024-12-13T09:06:12.715+0000] {logging_mixin.py:190} INFO - [2024-12-13T09:06:12.714+0000] {dagbag.py:588} INFO - Filling up the DagBag from /opt/airflow/dags/Assignment-1_dags/Q4_dag.py
[2024-12-13T09:06:12.732+0000] {processor.py:925} INFO - DAG(s) 'send_alert_google_chat' retrieved from /opt/airflow/dags/Assignment-1_dags/Q4_dag.py
[2024-12-13T09:06:12.773+0000] {logging_mixin.py:190} INFO - [2024-12-13T09:06:12.772+0000] {dag.py:3239} INFO - Sync 1 DAGs
[2024-12-13T09:06:12.789+0000] {logging_mixin.py:190} INFO - [2024-12-13T09:06:12.788+0000] {dag.py:4180} INFO - Setting next_dagrun for send_alert_google_chat to None, run_after=None
[2024-12-13T09:06:12.811+0000] {processor.py:208} INFO - Processing /opt/airflow/dags/Assignment-1_dags/Q4_dag.py took 0.120 seconds
[2024-12-13T09:06:43.218+0000] {processor.py:186} INFO - Started process (PID=16395) to work on /opt/airflow/dags/Assignment-1_dags/Q4_dag.py
[2024-12-13T09:06:43.219+0000] {processor.py:914} INFO - Processing file /opt/airflow/dags/Assignment-1_dags/Q4_dag.py for tasks to queue
[2024-12-13T09:06:43.226+0000] {logging_mixin.py:190} INFO - [2024-12-13T09:06:43.225+0000] {dagbag.py:588} INFO - Filling up the DagBag from /opt/airflow/dags/Assignment-1_dags/Q4_dag.py
[2024-12-13T09:06:43.254+0000] {processor.py:925} INFO - DAG(s) 'send_alert_google_chat' retrieved from /opt/airflow/dags/Assignment-1_dags/Q4_dag.py
[2024-12-13T09:06:43.294+0000] {logging_mixin.py:190} INFO - [2024-12-13T09:06:43.294+0000] {dag.py:3239} INFO - Sync 1 DAGs
[2024-12-13T09:06:43.321+0000] {logging_mixin.py:190} INFO - [2024-12-13T09:06:43.321+0000] {dag.py:4180} INFO - Setting next_dagrun for send_alert_google_chat to None, run_after=None
[2024-12-13T09:06:43.339+0000] {processor.py:208} INFO - Processing /opt/airflow/dags/Assignment-1_dags/Q4_dag.py took 0.137 seconds
[2024-12-13T09:07:13.694+0000] {processor.py:186} INFO - Started process (PID=16404) to work on /opt/airflow/dags/Assignment-1_dags/Q4_dag.py
[2024-12-13T09:07:13.695+0000] {processor.py:914} INFO - Processing file /opt/airflow/dags/Assignment-1_dags/Q4_dag.py for tasks to queue
[2024-12-13T09:07:13.698+0000] {logging_mixin.py:190} INFO - [2024-12-13T09:07:13.698+0000] {dagbag.py:588} INFO - Filling up the DagBag from /opt/airflow/dags/Assignment-1_dags/Q4_dag.py
[2024-12-13T09:07:13.711+0000] {processor.py:925} INFO - DAG(s) 'send_alert_google_chat' retrieved from /opt/airflow/dags/Assignment-1_dags/Q4_dag.py
[2024-12-13T09:07:13.740+0000] {logging_mixin.py:190} INFO - [2024-12-13T09:07:13.740+0000] {dag.py:3239} INFO - Sync 1 DAGs
[2024-12-13T09:07:13.756+0000] {logging_mixin.py:190} INFO - [2024-12-13T09:07:13.756+0000] {dag.py:4180} INFO - Setting next_dagrun for send_alert_google_chat to None, run_after=None
[2024-12-13T09:07:13.770+0000] {processor.py:208} INFO - Processing /opt/airflow/dags/Assignment-1_dags/Q4_dag.py took 0.092 seconds
[2024-12-13T09:07:44.091+0000] {processor.py:186} INFO - Started process (PID=16413) to work on /opt/airflow/dags/Assignment-1_dags/Q4_dag.py
[2024-12-13T09:07:44.093+0000] {processor.py:914} INFO - Processing file /opt/airflow/dags/Assignment-1_dags/Q4_dag.py for tasks to queue
[2024-12-13T09:07:44.096+0000] {logging_mixin.py:190} INFO - [2024-12-13T09:07:44.096+0000] {dagbag.py:588} INFO - Filling up the DagBag from /opt/airflow/dags/Assignment-1_dags/Q4_dag.py
[2024-12-13T09:07:44.114+0000] {processor.py:925} INFO - DAG(s) 'send_alert_google_chat' retrieved from /opt/airflow/dags/Assignment-1_dags/Q4_dag.py
[2024-12-13T09:07:44.140+0000] {logging_mixin.py:190} INFO - [2024-12-13T09:07:44.140+0000] {dag.py:3239} INFO - Sync 1 DAGs
[2024-12-13T09:07:44.152+0000] {logging_mixin.py:190} INFO - [2024-12-13T09:07:44.151+0000] {dag.py:4180} INFO - Setting next_dagrun for send_alert_google_chat to None, run_after=None
[2024-12-13T09:07:44.165+0000] {processor.py:208} INFO - Processing /opt/airflow/dags/Assignment-1_dags/Q4_dag.py took 0.088 seconds
[2024-12-13T09:08:14.515+0000] {processor.py:186} INFO - Started process (PID=16422) to work on /opt/airflow/dags/Assignment-1_dags/Q4_dag.py
[2024-12-13T09:08:14.516+0000] {processor.py:914} INFO - Processing file /opt/airflow/dags/Assignment-1_dags/Q4_dag.py for tasks to queue
[2024-12-13T09:08:14.521+0000] {logging_mixin.py:190} INFO - [2024-12-13T09:08:14.521+0000] {dagbag.py:588} INFO - Filling up the DagBag from /opt/airflow/dags/Assignment-1_dags/Q4_dag.py
[2024-12-13T09:08:14.535+0000] {processor.py:925} INFO - DAG(s) 'send_alert_google_chat' retrieved from /opt/airflow/dags/Assignment-1_dags/Q4_dag.py
[2024-12-13T09:08:14.557+0000] {logging_mixin.py:190} INFO - [2024-12-13T09:08:14.557+0000] {dag.py:3239} INFO - Sync 1 DAGs
[2024-12-13T09:08:14.568+0000] {logging_mixin.py:190} INFO - [2024-12-13T09:08:14.567+0000] {dag.py:4180} INFO - Setting next_dagrun for send_alert_google_chat to None, run_after=None
[2024-12-13T09:08:14.581+0000] {processor.py:208} INFO - Processing /opt/airflow/dags/Assignment-1_dags/Q4_dag.py took 0.077 seconds
[2024-12-13T09:08:44.965+0000] {processor.py:186} INFO - Started process (PID=16431) to work on /opt/airflow/dags/Assignment-1_dags/Q4_dag.py
[2024-12-13T09:08:44.966+0000] {processor.py:914} INFO - Processing file /opt/airflow/dags/Assignment-1_dags/Q4_dag.py for tasks to queue
[2024-12-13T09:08:44.971+0000] {logging_mixin.py:190} INFO - [2024-12-13T09:08:44.970+0000] {dagbag.py:588} INFO - Filling up the DagBag from /opt/airflow/dags/Assignment-1_dags/Q4_dag.py
[2024-12-13T09:08:44.984+0000] {processor.py:925} INFO - DAG(s) 'send_alert_google_chat' retrieved from /opt/airflow/dags/Assignment-1_dags/Q4_dag.py
[2024-12-13T09:08:45.013+0000] {logging_mixin.py:190} INFO - [2024-12-13T09:08:45.013+0000] {dag.py:3239} INFO - Sync 1 DAGs
[2024-12-13T09:08:45.022+0000] {logging_mixin.py:190} INFO - [2024-12-13T09:08:45.022+0000] {dag.py:4180} INFO - Setting next_dagrun for send_alert_google_chat to None, run_after=None
[2024-12-13T09:08:45.034+0000] {processor.py:208} INFO - Processing /opt/airflow/dags/Assignment-1_dags/Q4_dag.py took 0.080 seconds
[2024-12-13T09:09:15.383+0000] {processor.py:186} INFO - Started process (PID=16440) to work on /opt/airflow/dags/Assignment-1_dags/Q4_dag.py
[2024-12-13T09:09:15.384+0000] {processor.py:914} INFO - Processing file /opt/airflow/dags/Assignment-1_dags/Q4_dag.py for tasks to queue
[2024-12-13T09:09:15.389+0000] {logging_mixin.py:190} INFO - [2024-12-13T09:09:15.389+0000] {dagbag.py:588} INFO - Filling up the DagBag from /opt/airflow/dags/Assignment-1_dags/Q4_dag.py
[2024-12-13T09:09:15.403+0000] {processor.py:925} INFO - DAG(s) 'send_alert_google_chat' retrieved from /opt/airflow/dags/Assignment-1_dags/Q4_dag.py
[2024-12-13T09:09:15.427+0000] {logging_mixin.py:190} INFO - [2024-12-13T09:09:15.427+0000] {dag.py:3239} INFO - Sync 1 DAGs
[2024-12-13T09:09:15.438+0000] {logging_mixin.py:190} INFO - [2024-12-13T09:09:15.438+0000] {dag.py:4180} INFO - Setting next_dagrun for send_alert_google_chat to None, run_after=None
[2024-12-13T09:09:15.453+0000] {processor.py:208} INFO - Processing /opt/airflow/dags/Assignment-1_dags/Q4_dag.py took 0.080 seconds
[2024-12-13T09:09:45.812+0000] {processor.py:186} INFO - Started process (PID=16449) to work on /opt/airflow/dags/Assignment-1_dags/Q4_dag.py
[2024-12-13T09:09:45.814+0000] {processor.py:914} INFO - Processing file /opt/airflow/dags/Assignment-1_dags/Q4_dag.py for tasks to queue
[2024-12-13T09:09:45.819+0000] {logging_mixin.py:190} INFO - [2024-12-13T09:09:45.818+0000] {dagbag.py:588} INFO - Filling up the DagBag from /opt/airflow/dags/Assignment-1_dags/Q4_dag.py
[2024-12-13T09:09:45.835+0000] {processor.py:925} INFO - DAG(s) 'send_alert_google_chat' retrieved from /opt/airflow/dags/Assignment-1_dags/Q4_dag.py
[2024-12-13T09:09:45.856+0000] {logging_mixin.py:190} INFO - [2024-12-13T09:09:45.856+0000] {dag.py:3239} INFO - Sync 1 DAGs
[2024-12-13T09:09:45.867+0000] {logging_mixin.py:190} INFO - [2024-12-13T09:09:45.867+0000] {dag.py:4180} INFO - Setting next_dagrun for send_alert_google_chat to None, run_after=None
[2024-12-13T09:09:45.880+0000] {processor.py:208} INFO - Processing /opt/airflow/dags/Assignment-1_dags/Q4_dag.py took 0.081 seconds
[2024-12-13T09:10:16.237+0000] {processor.py:186} INFO - Started process (PID=16458) to work on /opt/airflow/dags/Assignment-1_dags/Q4_dag.py
[2024-12-13T09:10:16.238+0000] {processor.py:914} INFO - Processing file /opt/airflow/dags/Assignment-1_dags/Q4_dag.py for tasks to queue
[2024-12-13T09:10:16.244+0000] {logging_mixin.py:190} INFO - [2024-12-13T09:10:16.243+0000] {dagbag.py:588} INFO - Filling up the DagBag from /opt/airflow/dags/Assignment-1_dags/Q4_dag.py
[2024-12-13T09:10:16.265+0000] {processor.py:925} INFO - DAG(s) 'send_alert_google_chat' retrieved from /opt/airflow/dags/Assignment-1_dags/Q4_dag.py
[2024-12-13T09:10:16.297+0000] {logging_mixin.py:190} INFO - [2024-12-13T09:10:16.297+0000] {dag.py:3239} INFO - Sync 1 DAGs
[2024-12-13T09:10:16.314+0000] {logging_mixin.py:190} INFO - [2024-12-13T09:10:16.314+0000] {dag.py:4180} INFO - Setting next_dagrun for send_alert_google_chat to None, run_after=None
[2024-12-13T09:10:16.329+0000] {processor.py:208} INFO - Processing /opt/airflow/dags/Assignment-1_dags/Q4_dag.py took 0.104 seconds
[2024-12-13T09:12:28.554+0000] {processor.py:186} INFO - Started process (PID=16467) to work on /opt/airflow/dags/Assignment-1_dags/Q4_dag.py
[2024-12-13T09:12:28.555+0000] {processor.py:914} INFO - Processing file /opt/airflow/dags/Assignment-1_dags/Q4_dag.py for tasks to queue
[2024-12-13T09:12:28.572+0000] {logging_mixin.py:190} INFO - [2024-12-13T09:12:28.571+0000] {dagbag.py:588} INFO - Filling up the DagBag from /opt/airflow/dags/Assignment-1_dags/Q4_dag.py
[2024-12-13T09:12:28.595+0000] {processor.py:925} INFO - DAG(s) 'send_alert_google_chat' retrieved from /opt/airflow/dags/Assignment-1_dags/Q4_dag.py
[2024-12-13T09:12:28.629+0000] {logging_mixin.py:190} INFO - [2024-12-13T09:12:28.629+0000] {dag.py:3239} INFO - Sync 1 DAGs
[2024-12-13T09:12:28.642+0000] {logging_mixin.py:190} INFO - [2024-12-13T09:12:28.642+0000] {dag.py:4180} INFO - Setting next_dagrun for send_alert_google_chat to None, run_after=None
[2024-12-13T09:12:28.656+0000] {processor.py:208} INFO - Processing /opt/airflow/dags/Assignment-1_dags/Q4_dag.py took 0.113 seconds
[2024-12-13T09:12:59.043+0000] {processor.py:186} INFO - Started process (PID=16476) to work on /opt/airflow/dags/Assignment-1_dags/Q4_dag.py
[2024-12-13T09:12:59.046+0000] {processor.py:914} INFO - Processing file /opt/airflow/dags/Assignment-1_dags/Q4_dag.py for tasks to queue
[2024-12-13T09:12:59.049+0000] {logging_mixin.py:190} INFO - [2024-12-13T09:12:59.049+0000] {dagbag.py:588} INFO - Filling up the DagBag from /opt/airflow/dags/Assignment-1_dags/Q4_dag.py
[2024-12-13T09:12:59.065+0000] {processor.py:925} INFO - DAG(s) 'send_alert_google_chat' retrieved from /opt/airflow/dags/Assignment-1_dags/Q4_dag.py
[2024-12-13T09:12:59.107+0000] {logging_mixin.py:190} INFO - [2024-12-13T09:12:59.107+0000] {dag.py:3239} INFO - Sync 1 DAGs
[2024-12-13T09:12:59.117+0000] {logging_mixin.py:190} INFO - [2024-12-13T09:12:59.116+0000] {dag.py:4180} INFO - Setting next_dagrun for send_alert_google_chat to None, run_after=None
[2024-12-13T09:12:59.129+0000] {processor.py:208} INFO - Processing /opt/airflow/dags/Assignment-1_dags/Q4_dag.py took 0.097 seconds
[2024-12-13T09:13:29.459+0000] {processor.py:186} INFO - Started process (PID=16485) to work on /opt/airflow/dags/Assignment-1_dags/Q4_dag.py
[2024-12-13T09:13:29.460+0000] {processor.py:914} INFO - Processing file /opt/airflow/dags/Assignment-1_dags/Q4_dag.py for tasks to queue
[2024-12-13T09:13:29.462+0000] {logging_mixin.py:190} INFO - [2024-12-13T09:13:29.462+0000] {dagbag.py:588} INFO - Filling up the DagBag from /opt/airflow/dags/Assignment-1_dags/Q4_dag.py
[2024-12-13T09:13:29.475+0000] {processor.py:925} INFO - DAG(s) 'send_alert_google_chat' retrieved from /opt/airflow/dags/Assignment-1_dags/Q4_dag.py
[2024-12-13T09:13:29.494+0000] {logging_mixin.py:190} INFO - [2024-12-13T09:13:29.493+0000] {dag.py:3239} INFO - Sync 1 DAGs
[2024-12-13T09:13:29.502+0000] {logging_mixin.py:190} INFO - [2024-12-13T09:13:29.501+0000] {dag.py:4180} INFO - Setting next_dagrun for send_alert_google_chat to None, run_after=None
[2024-12-13T09:13:29.514+0000] {processor.py:208} INFO - Processing /opt/airflow/dags/Assignment-1_dags/Q4_dag.py took 0.063 seconds
[2024-12-13T09:13:59.869+0000] {processor.py:186} INFO - Started process (PID=16494) to work on /opt/airflow/dags/Assignment-1_dags/Q4_dag.py
[2024-12-13T09:13:59.872+0000] {processor.py:914} INFO - Processing file /opt/airflow/dags/Assignment-1_dags/Q4_dag.py for tasks to queue
[2024-12-13T09:13:59.874+0000] {logging_mixin.py:190} INFO - [2024-12-13T09:13:59.874+0000] {dagbag.py:588} INFO - Filling up the DagBag from /opt/airflow/dags/Assignment-1_dags/Q4_dag.py
[2024-12-13T09:13:59.886+0000] {processor.py:925} INFO - DAG(s) 'send_alert_google_chat' retrieved from /opt/airflow/dags/Assignment-1_dags/Q4_dag.py
[2024-12-13T09:13:59.904+0000] {logging_mixin.py:190} INFO - [2024-12-13T09:13:59.904+0000] {dag.py:3239} INFO - Sync 1 DAGs
[2024-12-13T09:13:59.914+0000] {logging_mixin.py:190} INFO - [2024-12-13T09:13:59.914+0000] {dag.py:4180} INFO - Setting next_dagrun for send_alert_google_chat to None, run_after=None
[2024-12-13T09:13:59.925+0000] {processor.py:208} INFO - Processing /opt/airflow/dags/Assignment-1_dags/Q4_dag.py took 0.063 seconds
[2024-12-13T09:14:30.226+0000] {processor.py:186} INFO - Started process (PID=16503) to work on /opt/airflow/dags/Assignment-1_dags/Q4_dag.py
[2024-12-13T09:14:30.227+0000] {processor.py:914} INFO - Processing file /opt/airflow/dags/Assignment-1_dags/Q4_dag.py for tasks to queue
[2024-12-13T09:14:30.229+0000] {logging_mixin.py:190} INFO - [2024-12-13T09:14:30.229+0000] {dagbag.py:588} INFO - Filling up the DagBag from /opt/airflow/dags/Assignment-1_dags/Q4_dag.py
[2024-12-13T09:14:30.238+0000] {processor.py:925} INFO - DAG(s) 'send_alert_google_chat' retrieved from /opt/airflow/dags/Assignment-1_dags/Q4_dag.py
[2024-12-13T09:14:30.255+0000] {logging_mixin.py:190} INFO - [2024-12-13T09:14:30.255+0000] {dag.py:3239} INFO - Sync 1 DAGs
[2024-12-13T09:14:30.263+0000] {logging_mixin.py:190} INFO - [2024-12-13T09:14:30.263+0000] {dag.py:4180} INFO - Setting next_dagrun for send_alert_google_chat to None, run_after=None
[2024-12-13T09:14:30.277+0000] {processor.py:208} INFO - Processing /opt/airflow/dags/Assignment-1_dags/Q4_dag.py took 0.056 seconds
[2024-12-13T09:15:00.591+0000] {processor.py:186} INFO - Started process (PID=16512) to work on /opt/airflow/dags/Assignment-1_dags/Q4_dag.py
[2024-12-13T09:15:00.591+0000] {processor.py:914} INFO - Processing file /opt/airflow/dags/Assignment-1_dags/Q4_dag.py for tasks to queue
[2024-12-13T09:15:00.593+0000] {logging_mixin.py:190} INFO - [2024-12-13T09:15:00.593+0000] {dagbag.py:588} INFO - Filling up the DagBag from /opt/airflow/dags/Assignment-1_dags/Q4_dag.py
[2024-12-13T09:15:00.601+0000] {processor.py:925} INFO - DAG(s) 'send_alert_google_chat' retrieved from /opt/airflow/dags/Assignment-1_dags/Q4_dag.py
[2024-12-13T09:15:00.619+0000] {logging_mixin.py:190} INFO - [2024-12-13T09:15:00.619+0000] {dag.py:3239} INFO - Sync 1 DAGs
[2024-12-13T09:15:00.631+0000] {logging_mixin.py:190} INFO - [2024-12-13T09:15:00.631+0000] {dag.py:4180} INFO - Setting next_dagrun for send_alert_google_chat to None, run_after=None
[2024-12-13T09:15:00.645+0000] {processor.py:208} INFO - Processing /opt/airflow/dags/Assignment-1_dags/Q4_dag.py took 0.058 seconds
[2024-12-13T09:18:23.877+0000] {processor.py:186} INFO - Started process (PID=16521) to work on /opt/airflow/dags/Assignment-1_dags/Q4_dag.py
[2024-12-13T09:18:23.880+0000] {processor.py:914} INFO - Processing file /opt/airflow/dags/Assignment-1_dags/Q4_dag.py for tasks to queue
[2024-12-13T09:18:23.885+0000] {logging_mixin.py:190} INFO - [2024-12-13T09:18:23.885+0000] {dagbag.py:588} INFO - Filling up the DagBag from /opt/airflow/dags/Assignment-1_dags/Q4_dag.py
[2024-12-13T09:18:23.902+0000] {processor.py:925} INFO - DAG(s) 'send_alert_google_chat' retrieved from /opt/airflow/dags/Assignment-1_dags/Q4_dag.py
[2024-12-13T09:18:23.928+0000] {logging_mixin.py:190} INFO - [2024-12-13T09:18:23.928+0000] {dag.py:3239} INFO - Sync 1 DAGs
[2024-12-13T09:18:23.941+0000] {logging_mixin.py:190} INFO - [2024-12-13T09:18:23.941+0000] {dag.py:4180} INFO - Setting next_dagrun for send_alert_google_chat to None, run_after=None
[2024-12-13T09:18:23.954+0000] {processor.py:208} INFO - Processing /opt/airflow/dags/Assignment-1_dags/Q4_dag.py took 0.088 seconds
[2024-12-13T09:18:54.300+0000] {processor.py:186} INFO - Started process (PID=16530) to work on /opt/airflow/dags/Assignment-1_dags/Q4_dag.py
[2024-12-13T09:18:54.301+0000] {processor.py:914} INFO - Processing file /opt/airflow/dags/Assignment-1_dags/Q4_dag.py for tasks to queue
[2024-12-13T09:18:54.304+0000] {logging_mixin.py:190} INFO - [2024-12-13T09:18:54.304+0000] {dagbag.py:588} INFO - Filling up the DagBag from /opt/airflow/dags/Assignment-1_dags/Q4_dag.py
[2024-12-13T09:18:54.318+0000] {processor.py:925} INFO - DAG(s) 'send_alert_google_chat' retrieved from /opt/airflow/dags/Assignment-1_dags/Q4_dag.py
[2024-12-13T09:18:54.343+0000] {logging_mixin.py:190} INFO - [2024-12-13T09:18:54.343+0000] {dag.py:3239} INFO - Sync 1 DAGs
[2024-12-13T09:18:54.353+0000] {logging_mixin.py:190} INFO - [2024-12-13T09:18:54.353+0000] {dag.py:4180} INFO - Setting next_dagrun for send_alert_google_chat to None, run_after=None
[2024-12-13T09:18:54.367+0000] {processor.py:208} INFO - Processing /opt/airflow/dags/Assignment-1_dags/Q4_dag.py took 0.081 seconds
[2024-12-13T09:19:24.702+0000] {processor.py:186} INFO - Started process (PID=16539) to work on /opt/airflow/dags/Assignment-1_dags/Q4_dag.py
[2024-12-13T09:19:24.703+0000] {processor.py:914} INFO - Processing file /opt/airflow/dags/Assignment-1_dags/Q4_dag.py for tasks to queue
[2024-12-13T09:19:24.706+0000] {logging_mixin.py:190} INFO - [2024-12-13T09:19:24.705+0000] {dagbag.py:588} INFO - Filling up the DagBag from /opt/airflow/dags/Assignment-1_dags/Q4_dag.py
[2024-12-13T09:19:24.716+0000] {processor.py:925} INFO - DAG(s) 'send_alert_google_chat' retrieved from /opt/airflow/dags/Assignment-1_dags/Q4_dag.py
[2024-12-13T09:19:24.733+0000] {logging_mixin.py:190} INFO - [2024-12-13T09:19:24.733+0000] {dag.py:3239} INFO - Sync 1 DAGs
[2024-12-13T09:19:24.746+0000] {logging_mixin.py:190} INFO - [2024-12-13T09:19:24.746+0000] {dag.py:4180} INFO - Setting next_dagrun for send_alert_google_chat to None, run_after=None
[2024-12-13T09:19:24.756+0000] {processor.py:208} INFO - Processing /opt/airflow/dags/Assignment-1_dags/Q4_dag.py took 0.061 seconds
[2024-12-13T09:19:55.051+0000] {processor.py:186} INFO - Started process (PID=16548) to work on /opt/airflow/dags/Assignment-1_dags/Q4_dag.py
[2024-12-13T09:19:55.054+0000] {processor.py:914} INFO - Processing file /opt/airflow/dags/Assignment-1_dags/Q4_dag.py for tasks to queue
[2024-12-13T09:19:55.058+0000] {logging_mixin.py:190} INFO - [2024-12-13T09:19:55.058+0000] {dagbag.py:588} INFO - Filling up the DagBag from /opt/airflow/dags/Assignment-1_dags/Q4_dag.py
[2024-12-13T09:19:55.073+0000] {processor.py:925} INFO - DAG(s) 'send_alert_google_chat' retrieved from /opt/airflow/dags/Assignment-1_dags/Q4_dag.py
[2024-12-13T09:19:55.108+0000] {logging_mixin.py:190} INFO - [2024-12-13T09:19:55.108+0000] {dag.py:3239} INFO - Sync 1 DAGs
[2024-12-13T09:19:55.125+0000] {logging_mixin.py:190} INFO - [2024-12-13T09:19:55.125+0000] {dag.py:4180} INFO - Setting next_dagrun for send_alert_google_chat to None, run_after=None
[2024-12-13T09:19:55.147+0000] {processor.py:208} INFO - Processing /opt/airflow/dags/Assignment-1_dags/Q4_dag.py took 0.105 seconds
[2024-12-13T09:20:25.457+0000] {processor.py:186} INFO - Started process (PID=16556) to work on /opt/airflow/dags/Assignment-1_dags/Q4_dag.py
[2024-12-13T09:20:25.458+0000] {processor.py:914} INFO - Processing file /opt/airflow/dags/Assignment-1_dags/Q4_dag.py for tasks to queue
[2024-12-13T09:20:25.461+0000] {logging_mixin.py:190} INFO - [2024-12-13T09:20:25.461+0000] {dagbag.py:588} INFO - Filling up the DagBag from /opt/airflow/dags/Assignment-1_dags/Q4_dag.py
[2024-12-13T09:20:25.476+0000] {processor.py:925} INFO - DAG(s) 'send_alert_google_chat' retrieved from /opt/airflow/dags/Assignment-1_dags/Q4_dag.py
[2024-12-13T09:20:25.502+0000] {logging_mixin.py:190} INFO - [2024-12-13T09:20:25.502+0000] {dag.py:3239} INFO - Sync 1 DAGs
[2024-12-13T09:20:25.512+0000] {logging_mixin.py:190} INFO - [2024-12-13T09:20:25.512+0000] {dag.py:4180} INFO - Setting next_dagrun for send_alert_google_chat to None, run_after=None
[2024-12-13T09:20:25.525+0000] {processor.py:208} INFO - Processing /opt/airflow/dags/Assignment-1_dags/Q4_dag.py took 0.081 seconds
[2024-12-13T09:20:55.845+0000] {processor.py:186} INFO - Started process (PID=16565) to work on /opt/airflow/dags/Assignment-1_dags/Q4_dag.py
[2024-12-13T09:20:55.846+0000] {processor.py:914} INFO - Processing file /opt/airflow/dags/Assignment-1_dags/Q4_dag.py for tasks to queue
[2024-12-13T09:20:55.850+0000] {logging_mixin.py:190} INFO - [2024-12-13T09:20:55.849+0000] {dagbag.py:588} INFO - Filling up the DagBag from /opt/airflow/dags/Assignment-1_dags/Q4_dag.py
[2024-12-13T09:20:55.864+0000] {processor.py:925} INFO - DAG(s) 'send_alert_google_chat' retrieved from /opt/airflow/dags/Assignment-1_dags/Q4_dag.py
[2024-12-13T09:20:55.886+0000] {logging_mixin.py:190} INFO - [2024-12-13T09:20:55.886+0000] {dag.py:3239} INFO - Sync 1 DAGs
[2024-12-13T09:20:55.894+0000] {logging_mixin.py:190} INFO - [2024-12-13T09:20:55.894+0000] {dag.py:4180} INFO - Setting next_dagrun for send_alert_google_chat to None, run_after=None
[2024-12-13T09:20:55.908+0000] {processor.py:208} INFO - Processing /opt/airflow/dags/Assignment-1_dags/Q4_dag.py took 0.071 seconds
[2024-12-13T09:21:26.191+0000] {processor.py:186} INFO - Started process (PID=16574) to work on /opt/airflow/dags/Assignment-1_dags/Q4_dag.py
[2024-12-13T09:21:26.192+0000] {processor.py:914} INFO - Processing file /opt/airflow/dags/Assignment-1_dags/Q4_dag.py for tasks to queue
[2024-12-13T09:21:26.195+0000] {logging_mixin.py:190} INFO - [2024-12-13T09:21:26.195+0000] {dagbag.py:588} INFO - Filling up the DagBag from /opt/airflow/dags/Assignment-1_dags/Q4_dag.py
[2024-12-13T09:21:26.204+0000] {processor.py:925} INFO - DAG(s) 'send_alert_google_chat' retrieved from /opt/airflow/dags/Assignment-1_dags/Q4_dag.py
[2024-12-13T09:21:26.221+0000] {logging_mixin.py:190} INFO - [2024-12-13T09:21:26.221+0000] {dag.py:3239} INFO - Sync 1 DAGs
[2024-12-13T09:21:26.229+0000] {logging_mixin.py:190} INFO - [2024-12-13T09:21:26.229+0000] {dag.py:4180} INFO - Setting next_dagrun for send_alert_google_chat to None, run_after=None
[2024-12-13T09:21:26.241+0000] {processor.py:208} INFO - Processing /opt/airflow/dags/Assignment-1_dags/Q4_dag.py took 0.060 seconds
[2024-12-13T09:21:56.550+0000] {processor.py:186} INFO - Started process (PID=16583) to work on /opt/airflow/dags/Assignment-1_dags/Q4_dag.py
[2024-12-13T09:21:56.551+0000] {processor.py:914} INFO - Processing file /opt/airflow/dags/Assignment-1_dags/Q4_dag.py for tasks to queue
[2024-12-13T09:21:56.555+0000] {logging_mixin.py:190} INFO - [2024-12-13T09:21:56.554+0000] {dagbag.py:588} INFO - Filling up the DagBag from /opt/airflow/dags/Assignment-1_dags/Q4_dag.py
[2024-12-13T09:21:56.573+0000] {processor.py:925} INFO - DAG(s) 'send_alert_google_chat' retrieved from /opt/airflow/dags/Assignment-1_dags/Q4_dag.py
[2024-12-13T09:21:56.598+0000] {logging_mixin.py:190} INFO - [2024-12-13T09:21:56.598+0000] {dag.py:3239} INFO - Sync 1 DAGs
[2024-12-13T09:21:56.608+0000] {logging_mixin.py:190} INFO - [2024-12-13T09:21:56.608+0000] {dag.py:4180} INFO - Setting next_dagrun for send_alert_google_chat to None, run_after=None
[2024-12-13T09:21:56.621+0000] {processor.py:208} INFO - Processing /opt/airflow/dags/Assignment-1_dags/Q4_dag.py took 0.080 seconds
[2024-12-13T09:22:26.948+0000] {processor.py:186} INFO - Started process (PID=16592) to work on /opt/airflow/dags/Assignment-1_dags/Q4_dag.py
[2024-12-13T09:22:26.949+0000] {processor.py:914} INFO - Processing file /opt/airflow/dags/Assignment-1_dags/Q4_dag.py for tasks to queue
[2024-12-13T09:22:26.952+0000] {logging_mixin.py:190} INFO - [2024-12-13T09:22:26.952+0000] {dagbag.py:588} INFO - Filling up the DagBag from /opt/airflow/dags/Assignment-1_dags/Q4_dag.py
[2024-12-13T09:22:26.968+0000] {processor.py:925} INFO - DAG(s) 'send_alert_google_chat' retrieved from /opt/airflow/dags/Assignment-1_dags/Q4_dag.py
[2024-12-13T09:22:26.989+0000] {logging_mixin.py:190} INFO - [2024-12-13T09:22:26.989+0000] {dag.py:3239} INFO - Sync 1 DAGs
[2024-12-13T09:22:26.997+0000] {logging_mixin.py:190} INFO - [2024-12-13T09:22:26.997+0000] {dag.py:4180} INFO - Setting next_dagrun for send_alert_google_chat to None, run_after=None
[2024-12-13T09:22:27.010+0000] {processor.py:208} INFO - Processing /opt/airflow/dags/Assignment-1_dags/Q4_dag.py took 0.071 seconds
[2024-12-13T09:22:57.313+0000] {processor.py:186} INFO - Started process (PID=16601) to work on /opt/airflow/dags/Assignment-1_dags/Q4_dag.py
[2024-12-13T09:22:57.314+0000] {processor.py:914} INFO - Processing file /opt/airflow/dags/Assignment-1_dags/Q4_dag.py for tasks to queue
[2024-12-13T09:22:57.318+0000] {logging_mixin.py:190} INFO - [2024-12-13T09:22:57.317+0000] {dagbag.py:588} INFO - Filling up the DagBag from /opt/airflow/dags/Assignment-1_dags/Q4_dag.py
[2024-12-13T09:22:57.330+0000] {processor.py:925} INFO - DAG(s) 'send_alert_google_chat' retrieved from /opt/airflow/dags/Assignment-1_dags/Q4_dag.py
[2024-12-13T09:22:57.351+0000] {logging_mixin.py:190} INFO - [2024-12-13T09:22:57.351+0000] {dag.py:3239} INFO - Sync 1 DAGs
[2024-12-13T09:22:57.360+0000] {logging_mixin.py:190} INFO - [2024-12-13T09:22:57.360+0000] {dag.py:4180} INFO - Setting next_dagrun for send_alert_google_chat to None, run_after=None
[2024-12-13T09:22:57.373+0000] {processor.py:208} INFO - Processing /opt/airflow/dags/Assignment-1_dags/Q4_dag.py took 0.069 seconds
[2024-12-13T09:23:27.673+0000] {processor.py:186} INFO - Started process (PID=16609) to work on /opt/airflow/dags/Assignment-1_dags/Q4_dag.py
[2024-12-13T09:23:27.675+0000] {processor.py:914} INFO - Processing file /opt/airflow/dags/Assignment-1_dags/Q4_dag.py for tasks to queue
[2024-12-13T09:23:27.679+0000] {logging_mixin.py:190} INFO - [2024-12-13T09:23:27.679+0000] {dagbag.py:588} INFO - Filling up the DagBag from /opt/airflow/dags/Assignment-1_dags/Q4_dag.py
[2024-12-13T09:23:27.696+0000] {processor.py:925} INFO - DAG(s) 'send_alert_google_chat' retrieved from /opt/airflow/dags/Assignment-1_dags/Q4_dag.py
[2024-12-13T09:23:27.722+0000] {logging_mixin.py:190} INFO - [2024-12-13T09:23:27.722+0000] {dag.py:3239} INFO - Sync 1 DAGs
[2024-12-13T09:23:27.734+0000] {logging_mixin.py:190} INFO - [2024-12-13T09:23:27.734+0000] {dag.py:4180} INFO - Setting next_dagrun for send_alert_google_chat to None, run_after=None
[2024-12-13T09:23:27.752+0000] {processor.py:208} INFO - Processing /opt/airflow/dags/Assignment-1_dags/Q4_dag.py took 0.091 seconds
[2024-12-13T09:23:58.073+0000] {processor.py:186} INFO - Started process (PID=16618) to work on /opt/airflow/dags/Assignment-1_dags/Q4_dag.py
[2024-12-13T09:23:58.074+0000] {processor.py:914} INFO - Processing file /opt/airflow/dags/Assignment-1_dags/Q4_dag.py for tasks to queue
[2024-12-13T09:23:58.079+0000] {logging_mixin.py:190} INFO - [2024-12-13T09:23:58.079+0000] {dagbag.py:588} INFO - Filling up the DagBag from /opt/airflow/dags/Assignment-1_dags/Q4_dag.py
[2024-12-13T09:23:58.093+0000] {processor.py:925} INFO - DAG(s) 'send_alert_google_chat' retrieved from /opt/airflow/dags/Assignment-1_dags/Q4_dag.py
[2024-12-13T09:23:58.113+0000] {logging_mixin.py:190} INFO - [2024-12-13T09:23:58.112+0000] {dag.py:3239} INFO - Sync 1 DAGs
[2024-12-13T09:23:58.121+0000] {logging_mixin.py:190} INFO - [2024-12-13T09:23:58.121+0000] {dag.py:4180} INFO - Setting next_dagrun for send_alert_google_chat to None, run_after=None
[2024-12-13T09:23:58.132+0000] {processor.py:208} INFO - Processing /opt/airflow/dags/Assignment-1_dags/Q4_dag.py took 0.068 seconds
[2024-12-13T09:24:28.442+0000] {processor.py:186} INFO - Started process (PID=16627) to work on /opt/airflow/dags/Assignment-1_dags/Q4_dag.py
[2024-12-13T09:24:28.443+0000] {processor.py:914} INFO - Processing file /opt/airflow/dags/Assignment-1_dags/Q4_dag.py for tasks to queue
[2024-12-13T09:24:28.448+0000] {logging_mixin.py:190} INFO - [2024-12-13T09:24:28.448+0000] {dagbag.py:588} INFO - Filling up the DagBag from /opt/airflow/dags/Assignment-1_dags/Q4_dag.py
[2024-12-13T09:24:28.459+0000] {processor.py:925} INFO - DAG(s) 'send_alert_google_chat' retrieved from /opt/airflow/dags/Assignment-1_dags/Q4_dag.py
[2024-12-13T09:24:28.480+0000] {logging_mixin.py:190} INFO - [2024-12-13T09:24:28.480+0000] {dag.py:3239} INFO - Sync 1 DAGs
[2024-12-13T09:24:28.490+0000] {logging_mixin.py:190} INFO - [2024-12-13T09:24:28.490+0000] {dag.py:4180} INFO - Setting next_dagrun for send_alert_google_chat to None, run_after=None
[2024-12-13T09:24:28.505+0000] {processor.py:208} INFO - Processing /opt/airflow/dags/Assignment-1_dags/Q4_dag.py took 0.071 seconds
[2024-12-13T09:24:58.812+0000] {processor.py:186} INFO - Started process (PID=16636) to work on /opt/airflow/dags/Assignment-1_dags/Q4_dag.py
[2024-12-13T09:24:58.815+0000] {processor.py:914} INFO - Processing file /opt/airflow/dags/Assignment-1_dags/Q4_dag.py for tasks to queue
[2024-12-13T09:24:58.817+0000] {logging_mixin.py:190} INFO - [2024-12-13T09:24:58.816+0000] {dagbag.py:588} INFO - Filling up the DagBag from /opt/airflow/dags/Assignment-1_dags/Q4_dag.py
[2024-12-13T09:24:58.828+0000] {processor.py:925} INFO - DAG(s) 'send_alert_google_chat' retrieved from /opt/airflow/dags/Assignment-1_dags/Q4_dag.py
[2024-12-13T09:24:58.848+0000] {logging_mixin.py:190} INFO - [2024-12-13T09:24:58.848+0000] {dag.py:3239} INFO - Sync 1 DAGs
[2024-12-13T09:24:58.857+0000] {logging_mixin.py:190} INFO - [2024-12-13T09:24:58.857+0000] {dag.py:4180} INFO - Setting next_dagrun for send_alert_google_chat to None, run_after=None
[2024-12-13T09:24:58.869+0000] {processor.py:208} INFO - Processing /opt/airflow/dags/Assignment-1_dags/Q4_dag.py took 0.064 seconds
[2024-12-13T09:25:29.230+0000] {processor.py:186} INFO - Started process (PID=16645) to work on /opt/airflow/dags/Assignment-1_dags/Q4_dag.py
[2024-12-13T09:25:29.231+0000] {processor.py:914} INFO - Processing file /opt/airflow/dags/Assignment-1_dags/Q4_dag.py for tasks to queue
[2024-12-13T09:25:29.233+0000] {logging_mixin.py:190} INFO - [2024-12-13T09:25:29.233+0000] {dagbag.py:588} INFO - Filling up the DagBag from /opt/airflow/dags/Assignment-1_dags/Q4_dag.py
[2024-12-13T09:25:29.245+0000] {processor.py:925} INFO - DAG(s) 'send_alert_google_chat' retrieved from /opt/airflow/dags/Assignment-1_dags/Q4_dag.py
[2024-12-13T09:25:29.264+0000] {logging_mixin.py:190} INFO - [2024-12-13T09:25:29.264+0000] {dag.py:3239} INFO - Sync 1 DAGs
[2024-12-13T09:25:29.274+0000] {logging_mixin.py:190} INFO - [2024-12-13T09:25:29.274+0000] {dag.py:4180} INFO - Setting next_dagrun for send_alert_google_chat to None, run_after=None
[2024-12-13T09:25:29.285+0000] {processor.py:208} INFO - Processing /opt/airflow/dags/Assignment-1_dags/Q4_dag.py took 0.063 seconds
[2024-12-13T09:25:59.563+0000] {processor.py:186} INFO - Started process (PID=16654) to work on /opt/airflow/dags/Assignment-1_dags/Q4_dag.py
[2024-12-13T09:25:59.564+0000] {processor.py:914} INFO - Processing file /opt/airflow/dags/Assignment-1_dags/Q4_dag.py for tasks to queue
[2024-12-13T09:25:59.566+0000] {logging_mixin.py:190} INFO - [2024-12-13T09:25:59.566+0000] {dagbag.py:588} INFO - Filling up the DagBag from /opt/airflow/dags/Assignment-1_dags/Q4_dag.py
[2024-12-13T09:25:59.576+0000] {processor.py:925} INFO - DAG(s) 'send_alert_google_chat' retrieved from /opt/airflow/dags/Assignment-1_dags/Q4_dag.py
[2024-12-13T09:25:59.593+0000] {logging_mixin.py:190} INFO - [2024-12-13T09:25:59.593+0000] {dag.py:3239} INFO - Sync 1 DAGs
[2024-12-13T09:25:59.601+0000] {logging_mixin.py:190} INFO - [2024-12-13T09:25:59.601+0000] {dag.py:4180} INFO - Setting next_dagrun for send_alert_google_chat to None, run_after=None
[2024-12-13T09:25:59.615+0000] {processor.py:208} INFO - Processing /opt/airflow/dags/Assignment-1_dags/Q4_dag.py took 0.058 seconds
[2024-12-13T09:26:29.927+0000] {processor.py:186} INFO - Started process (PID=16663) to work on /opt/airflow/dags/Assignment-1_dags/Q4_dag.py
[2024-12-13T09:26:29.929+0000] {processor.py:914} INFO - Processing file /opt/airflow/dags/Assignment-1_dags/Q4_dag.py for tasks to queue
[2024-12-13T09:26:29.934+0000] {logging_mixin.py:190} INFO - [2024-12-13T09:26:29.933+0000] {dagbag.py:588} INFO - Filling up the DagBag from /opt/airflow/dags/Assignment-1_dags/Q4_dag.py
[2024-12-13T09:26:29.951+0000] {processor.py:925} INFO - DAG(s) 'send_alert_google_chat' retrieved from /opt/airflow/dags/Assignment-1_dags/Q4_dag.py
[2024-12-13T09:26:29.975+0000] {logging_mixin.py:190} INFO - [2024-12-13T09:26:29.975+0000] {dag.py:3239} INFO - Sync 1 DAGs
[2024-12-13T09:26:29.983+0000] {logging_mixin.py:190} INFO - [2024-12-13T09:26:29.983+0000] {dag.py:4180} INFO - Setting next_dagrun for send_alert_google_chat to None, run_after=None
[2024-12-13T09:26:29.994+0000] {processor.py:208} INFO - Processing /opt/airflow/dags/Assignment-1_dags/Q4_dag.py took 0.079 seconds
[2024-12-13T09:27:00.292+0000] {processor.py:186} INFO - Started process (PID=16672) to work on /opt/airflow/dags/Assignment-1_dags/Q4_dag.py
[2024-12-13T09:27:00.293+0000] {processor.py:914} INFO - Processing file /opt/airflow/dags/Assignment-1_dags/Q4_dag.py for tasks to queue
[2024-12-13T09:27:00.296+0000] {logging_mixin.py:190} INFO - [2024-12-13T09:27:00.295+0000] {dagbag.py:588} INFO - Filling up the DagBag from /opt/airflow/dags/Assignment-1_dags/Q4_dag.py
[2024-12-13T09:27:00.310+0000] {processor.py:925} INFO - DAG(s) 'send_alert_google_chat' retrieved from /opt/airflow/dags/Assignment-1_dags/Q4_dag.py
[2024-12-13T09:27:00.331+0000] {logging_mixin.py:190} INFO - [2024-12-13T09:27:00.331+0000] {dag.py:3239} INFO - Sync 1 DAGs
[2024-12-13T09:27:00.342+0000] {logging_mixin.py:190} INFO - [2024-12-13T09:27:00.341+0000] {dag.py:4180} INFO - Setting next_dagrun for send_alert_google_chat to None, run_after=None
[2024-12-13T09:27:00.354+0000] {processor.py:208} INFO - Processing /opt/airflow/dags/Assignment-1_dags/Q4_dag.py took 0.070 seconds
[2024-12-13T09:27:30.652+0000] {processor.py:186} INFO - Started process (PID=16681) to work on /opt/airflow/dags/Assignment-1_dags/Q4_dag.py
[2024-12-13T09:27:30.653+0000] {processor.py:914} INFO - Processing file /opt/airflow/dags/Assignment-1_dags/Q4_dag.py for tasks to queue
[2024-12-13T09:27:30.656+0000] {logging_mixin.py:190} INFO - [2024-12-13T09:27:30.656+0000] {dagbag.py:588} INFO - Filling up the DagBag from /opt/airflow/dags/Assignment-1_dags/Q4_dag.py
[2024-12-13T09:27:30.668+0000] {processor.py:925} INFO - DAG(s) 'send_alert_google_chat' retrieved from /opt/airflow/dags/Assignment-1_dags/Q4_dag.py
[2024-12-13T09:27:30.688+0000] {logging_mixin.py:190} INFO - [2024-12-13T09:27:30.688+0000] {dag.py:3239} INFO - Sync 1 DAGs
[2024-12-13T09:27:30.697+0000] {logging_mixin.py:190} INFO - [2024-12-13T09:27:30.696+0000] {dag.py:4180} INFO - Setting next_dagrun for send_alert_google_chat to None, run_after=None
[2024-12-13T09:27:30.710+0000] {processor.py:208} INFO - Processing /opt/airflow/dags/Assignment-1_dags/Q4_dag.py took 0.065 seconds
[2024-12-13T09:28:01.042+0000] {processor.py:186} INFO - Started process (PID=16690) to work on /opt/airflow/dags/Assignment-1_dags/Q4_dag.py
[2024-12-13T09:28:01.045+0000] {processor.py:914} INFO - Processing file /opt/airflow/dags/Assignment-1_dags/Q4_dag.py for tasks to queue
[2024-12-13T09:28:01.049+0000] {logging_mixin.py:190} INFO - [2024-12-13T09:28:01.048+0000] {dagbag.py:588} INFO - Filling up the DagBag from /opt/airflow/dags/Assignment-1_dags/Q4_dag.py
[2024-12-13T09:28:01.062+0000] {processor.py:925} INFO - DAG(s) 'send_alert_google_chat' retrieved from /opt/airflow/dags/Assignment-1_dags/Q4_dag.py
[2024-12-13T09:28:01.079+0000] {logging_mixin.py:190} INFO - [2024-12-13T09:28:01.079+0000] {dag.py:3239} INFO - Sync 1 DAGs
[2024-12-13T09:28:01.087+0000] {logging_mixin.py:190} INFO - [2024-12-13T09:28:01.087+0000] {dag.py:4180} INFO - Setting next_dagrun for send_alert_google_chat to None, run_after=None
[2024-12-13T09:28:01.098+0000] {processor.py:208} INFO - Processing /opt/airflow/dags/Assignment-1_dags/Q4_dag.py took 0.067 seconds
[2024-12-13T09:28:31.442+0000] {processor.py:186} INFO - Started process (PID=16699) to work on /opt/airflow/dags/Assignment-1_dags/Q4_dag.py
[2024-12-13T09:28:31.443+0000] {processor.py:914} INFO - Processing file /opt/airflow/dags/Assignment-1_dags/Q4_dag.py for tasks to queue
[2024-12-13T09:28:31.447+0000] {logging_mixin.py:190} INFO - [2024-12-13T09:28:31.447+0000] {dagbag.py:588} INFO - Filling up the DagBag from /opt/airflow/dags/Assignment-1_dags/Q4_dag.py
[2024-12-13T09:28:31.464+0000] {processor.py:925} INFO - DAG(s) 'send_alert_google_chat' retrieved from /opt/airflow/dags/Assignment-1_dags/Q4_dag.py
[2024-12-13T09:28:31.488+0000] {logging_mixin.py:190} INFO - [2024-12-13T09:28:31.488+0000] {dag.py:3239} INFO - Sync 1 DAGs
[2024-12-13T09:28:31.498+0000] {logging_mixin.py:190} INFO - [2024-12-13T09:28:31.498+0000] {dag.py:4180} INFO - Setting next_dagrun for send_alert_google_chat to None, run_after=None
[2024-12-13T09:28:31.511+0000] {processor.py:208} INFO - Processing /opt/airflow/dags/Assignment-1_dags/Q4_dag.py took 0.077 seconds
[2024-12-13T09:29:01.844+0000] {processor.py:186} INFO - Started process (PID=16707) to work on /opt/airflow/dags/Assignment-1_dags/Q4_dag.py
[2024-12-13T09:29:01.845+0000] {processor.py:914} INFO - Processing file /opt/airflow/dags/Assignment-1_dags/Q4_dag.py for tasks to queue
[2024-12-13T09:29:01.847+0000] {logging_mixin.py:190} INFO - [2024-12-13T09:29:01.847+0000] {dagbag.py:588} INFO - Filling up the DagBag from /opt/airflow/dags/Assignment-1_dags/Q4_dag.py
[2024-12-13T09:29:01.855+0000] {processor.py:925} INFO - DAG(s) 'send_alert_google_chat' retrieved from /opt/airflow/dags/Assignment-1_dags/Q4_dag.py
[2024-12-13T09:29:01.869+0000] {logging_mixin.py:190} INFO - [2024-12-13T09:29:01.869+0000] {dag.py:3239} INFO - Sync 1 DAGs
[2024-12-13T09:29:01.879+0000] {logging_mixin.py:190} INFO - [2024-12-13T09:29:01.879+0000] {dag.py:4180} INFO - Setting next_dagrun for send_alert_google_chat to None, run_after=None
[2024-12-13T09:29:01.892+0000] {processor.py:208} INFO - Processing /opt/airflow/dags/Assignment-1_dags/Q4_dag.py took 0.051 seconds
[2024-12-13T09:29:32.200+0000] {processor.py:186} INFO - Started process (PID=16716) to work on /opt/airflow/dags/Assignment-1_dags/Q4_dag.py
[2024-12-13T09:29:32.201+0000] {processor.py:914} INFO - Processing file /opt/airflow/dags/Assignment-1_dags/Q4_dag.py for tasks to queue
[2024-12-13T09:29:32.202+0000] {logging_mixin.py:190} INFO - [2024-12-13T09:29:32.202+0000] {dagbag.py:588} INFO - Filling up the DagBag from /opt/airflow/dags/Assignment-1_dags/Q4_dag.py
[2024-12-13T09:29:32.209+0000] {processor.py:925} INFO - DAG(s) 'send_alert_google_chat' retrieved from /opt/airflow/dags/Assignment-1_dags/Q4_dag.py
[2024-12-13T09:29:32.233+0000] {logging_mixin.py:190} INFO - [2024-12-13T09:29:32.232+0000] {dag.py:3239} INFO - Sync 1 DAGs
[2024-12-13T09:29:32.240+0000] {logging_mixin.py:190} INFO - [2024-12-13T09:29:32.240+0000] {dag.py:4180} INFO - Setting next_dagrun for send_alert_google_chat to None, run_after=None
[2024-12-13T09:29:32.257+0000] {processor.py:208} INFO - Processing /opt/airflow/dags/Assignment-1_dags/Q4_dag.py took 0.061 seconds
[2024-12-13T09:30:02.608+0000] {processor.py:186} INFO - Started process (PID=16725) to work on /opt/airflow/dags/Assignment-1_dags/Q4_dag.py
[2024-12-13T09:30:02.609+0000] {processor.py:914} INFO - Processing file /opt/airflow/dags/Assignment-1_dags/Q4_dag.py for tasks to queue
[2024-12-13T09:30:02.613+0000] {logging_mixin.py:190} INFO - [2024-12-13T09:30:02.613+0000] {dagbag.py:588} INFO - Filling up the DagBag from /opt/airflow/dags/Assignment-1_dags/Q4_dag.py
[2024-12-13T09:30:02.627+0000] {processor.py:925} INFO - DAG(s) 'send_alert_google_chat' retrieved from /opt/airflow/dags/Assignment-1_dags/Q4_dag.py
[2024-12-13T09:30:02.646+0000] {logging_mixin.py:190} INFO - [2024-12-13T09:30:02.646+0000] {dag.py:3239} INFO - Sync 1 DAGs
[2024-12-13T09:30:02.658+0000] {logging_mixin.py:190} INFO - [2024-12-13T09:30:02.657+0000] {dag.py:4180} INFO - Setting next_dagrun for send_alert_google_chat to None, run_after=None
[2024-12-13T09:30:02.670+0000] {processor.py:208} INFO - Processing /opt/airflow/dags/Assignment-1_dags/Q4_dag.py took 0.075 seconds
[2024-12-13T09:30:32.975+0000] {processor.py:186} INFO - Started process (PID=16734) to work on /opt/airflow/dags/Assignment-1_dags/Q4_dag.py
[2024-12-13T09:30:32.976+0000] {processor.py:914} INFO - Processing file /opt/airflow/dags/Assignment-1_dags/Q4_dag.py for tasks to queue
[2024-12-13T09:30:32.980+0000] {logging_mixin.py:190} INFO - [2024-12-13T09:30:32.980+0000] {dagbag.py:588} INFO - Filling up the DagBag from /opt/airflow/dags/Assignment-1_dags/Q4_dag.py
[2024-12-13T09:30:32.999+0000] {processor.py:925} INFO - DAG(s) 'send_alert_google_chat' retrieved from /opt/airflow/dags/Assignment-1_dags/Q4_dag.py
[2024-12-13T09:30:33.024+0000] {logging_mixin.py:190} INFO - [2024-12-13T09:30:33.023+0000] {dag.py:3239} INFO - Sync 1 DAGs
[2024-12-13T09:30:33.035+0000] {logging_mixin.py:190} INFO - [2024-12-13T09:30:33.035+0000] {dag.py:4180} INFO - Setting next_dagrun for send_alert_google_chat to None, run_after=None
[2024-12-13T09:30:33.048+0000] {processor.py:208} INFO - Processing /opt/airflow/dags/Assignment-1_dags/Q4_dag.py took 0.083 seconds
[2024-12-13T09:31:03.314+0000] {processor.py:186} INFO - Started process (PID=16743) to work on /opt/airflow/dags/Assignment-1_dags/Q4_dag.py
[2024-12-13T09:31:03.316+0000] {processor.py:914} INFO - Processing file /opt/airflow/dags/Assignment-1_dags/Q4_dag.py for tasks to queue
[2024-12-13T09:31:03.319+0000] {logging_mixin.py:190} INFO - [2024-12-13T09:31:03.319+0000] {dagbag.py:588} INFO - Filling up the DagBag from /opt/airflow/dags/Assignment-1_dags/Q4_dag.py
[2024-12-13T09:31:03.337+0000] {processor.py:925} INFO - DAG(s) 'send_alert_google_chat' retrieved from /opt/airflow/dags/Assignment-1_dags/Q4_dag.py
[2024-12-13T09:31:03.359+0000] {logging_mixin.py:190} INFO - [2024-12-13T09:31:03.359+0000] {dag.py:3239} INFO - Sync 1 DAGs
[2024-12-13T09:31:03.368+0000] {logging_mixin.py:190} INFO - [2024-12-13T09:31:03.368+0000] {dag.py:4180} INFO - Setting next_dagrun for send_alert_google_chat to None, run_after=None
[2024-12-13T09:31:03.382+0000] {processor.py:208} INFO - Processing /opt/airflow/dags/Assignment-1_dags/Q4_dag.py took 0.079 seconds
[2024-12-13T09:31:33.695+0000] {processor.py:186} INFO - Started process (PID=16752) to work on /opt/airflow/dags/Assignment-1_dags/Q4_dag.py
[2024-12-13T09:31:33.696+0000] {processor.py:914} INFO - Processing file /opt/airflow/dags/Assignment-1_dags/Q4_dag.py for tasks to queue
[2024-12-13T09:31:33.700+0000] {logging_mixin.py:190} INFO - [2024-12-13T09:31:33.700+0000] {dagbag.py:588} INFO - Filling up the DagBag from /opt/airflow/dags/Assignment-1_dags/Q4_dag.py
[2024-12-13T09:31:33.716+0000] {processor.py:925} INFO - DAG(s) 'send_alert_google_chat' retrieved from /opt/airflow/dags/Assignment-1_dags/Q4_dag.py
[2024-12-13T09:31:33.739+0000] {logging_mixin.py:190} INFO - [2024-12-13T09:31:33.739+0000] {dag.py:3239} INFO - Sync 1 DAGs
[2024-12-13T09:31:33.751+0000] {logging_mixin.py:190} INFO - [2024-12-13T09:31:33.751+0000] {dag.py:4180} INFO - Setting next_dagrun for send_alert_google_chat to None, run_after=None
[2024-12-13T09:31:33.763+0000] {processor.py:208} INFO - Processing /opt/airflow/dags/Assignment-1_dags/Q4_dag.py took 0.081 seconds
[2024-12-13T09:32:04.081+0000] {processor.py:186} INFO - Started process (PID=16761) to work on /opt/airflow/dags/Assignment-1_dags/Q4_dag.py
[2024-12-13T09:32:04.082+0000] {processor.py:914} INFO - Processing file /opt/airflow/dags/Assignment-1_dags/Q4_dag.py for tasks to queue
[2024-12-13T09:32:04.087+0000] {logging_mixin.py:190} INFO - [2024-12-13T09:32:04.086+0000] {dagbag.py:588} INFO - Filling up the DagBag from /opt/airflow/dags/Assignment-1_dags/Q4_dag.py
[2024-12-13T09:32:04.103+0000] {processor.py:925} INFO - DAG(s) 'send_alert_google_chat' retrieved from /opt/airflow/dags/Assignment-1_dags/Q4_dag.py
[2024-12-13T09:32:04.127+0000] {logging_mixin.py:190} INFO - [2024-12-13T09:32:04.127+0000] {dag.py:3239} INFO - Sync 1 DAGs
[2024-12-13T09:32:04.143+0000] {logging_mixin.py:190} INFO - [2024-12-13T09:32:04.143+0000] {dag.py:4180} INFO - Setting next_dagrun for send_alert_google_chat to None, run_after=None
[2024-12-13T09:32:04.166+0000] {processor.py:208} INFO - Processing /opt/airflow/dags/Assignment-1_dags/Q4_dag.py took 0.098 seconds
[2024-12-13T09:32:34.554+0000] {processor.py:186} INFO - Started process (PID=16776) to work on /opt/airflow/dags/Assignment-1_dags/Q4_dag.py
[2024-12-13T09:32:34.555+0000] {processor.py:914} INFO - Processing file /opt/airflow/dags/Assignment-1_dags/Q4_dag.py for tasks to queue
[2024-12-13T09:32:34.560+0000] {logging_mixin.py:190} INFO - [2024-12-13T09:32:34.560+0000] {dagbag.py:588} INFO - Filling up the DagBag from /opt/airflow/dags/Assignment-1_dags/Q4_dag.py
[2024-12-13T09:32:34.577+0000] {processor.py:925} INFO - DAG(s) 'send_alert_google_chat' retrieved from /opt/airflow/dags/Assignment-1_dags/Q4_dag.py
[2024-12-13T09:32:34.600+0000] {logging_mixin.py:190} INFO - [2024-12-13T09:32:34.600+0000] {dag.py:3239} INFO - Sync 1 DAGs
[2024-12-13T09:32:34.611+0000] {logging_mixin.py:190} INFO - [2024-12-13T09:32:34.611+0000] {dag.py:4180} INFO - Setting next_dagrun for send_alert_google_chat to None, run_after=None
[2024-12-13T09:32:34.625+0000] {processor.py:208} INFO - Processing /opt/airflow/dags/Assignment-1_dags/Q4_dag.py took 0.083 seconds
[2024-12-13T09:33:04.990+0000] {processor.py:186} INFO - Started process (PID=16784) to work on /opt/airflow/dags/Assignment-1_dags/Q4_dag.py
[2024-12-13T09:33:04.991+0000] {processor.py:914} INFO - Processing file /opt/airflow/dags/Assignment-1_dags/Q4_dag.py for tasks to queue
[2024-12-13T09:33:04.994+0000] {logging_mixin.py:190} INFO - [2024-12-13T09:33:04.994+0000] {dagbag.py:588} INFO - Filling up the DagBag from /opt/airflow/dags/Assignment-1_dags/Q4_dag.py
[2024-12-13T09:33:05.010+0000] {processor.py:925} INFO - DAG(s) 'send_alert_google_chat' retrieved from /opt/airflow/dags/Assignment-1_dags/Q4_dag.py
[2024-12-13T09:33:05.034+0000] {logging_mixin.py:190} INFO - [2024-12-13T09:33:05.034+0000] {dag.py:3239} INFO - Sync 1 DAGs
[2024-12-13T09:33:05.044+0000] {logging_mixin.py:190} INFO - [2024-12-13T09:33:05.044+0000] {dag.py:4180} INFO - Setting next_dagrun for send_alert_google_chat to None, run_after=None
[2024-12-13T09:33:05.059+0000] {processor.py:208} INFO - Processing /opt/airflow/dags/Assignment-1_dags/Q4_dag.py took 0.079 seconds
[2024-12-13T09:33:35.419+0000] {processor.py:186} INFO - Started process (PID=16793) to work on /opt/airflow/dags/Assignment-1_dags/Q4_dag.py
[2024-12-13T09:33:35.420+0000] {processor.py:914} INFO - Processing file /opt/airflow/dags/Assignment-1_dags/Q4_dag.py for tasks to queue
[2024-12-13T09:33:35.423+0000] {logging_mixin.py:190} INFO - [2024-12-13T09:33:35.423+0000] {dagbag.py:588} INFO - Filling up the DagBag from /opt/airflow/dags/Assignment-1_dags/Q4_dag.py
[2024-12-13T09:33:35.436+0000] {processor.py:925} INFO - DAG(s) 'send_alert_google_chat' retrieved from /opt/airflow/dags/Assignment-1_dags/Q4_dag.py
[2024-12-13T09:33:35.460+0000] {logging_mixin.py:190} INFO - [2024-12-13T09:33:35.460+0000] {dag.py:3239} INFO - Sync 1 DAGs
[2024-12-13T09:33:35.472+0000] {logging_mixin.py:190} INFO - [2024-12-13T09:33:35.472+0000] {dag.py:4180} INFO - Setting next_dagrun for send_alert_google_chat to None, run_after=None
[2024-12-13T09:33:35.483+0000] {processor.py:208} INFO - Processing /opt/airflow/dags/Assignment-1_dags/Q4_dag.py took 0.073 seconds
[2024-12-13T09:34:05.915+0000] {processor.py:186} INFO - Started process (PID=16802) to work on /opt/airflow/dags/Assignment-1_dags/Q4_dag.py
[2024-12-13T09:34:05.917+0000] {processor.py:914} INFO - Processing file /opt/airflow/dags/Assignment-1_dags/Q4_dag.py for tasks to queue
[2024-12-13T09:34:05.922+0000] {logging_mixin.py:190} INFO - [2024-12-13T09:34:05.922+0000] {dagbag.py:588} INFO - Filling up the DagBag from /opt/airflow/dags/Assignment-1_dags/Q4_dag.py
[2024-12-13T09:34:05.944+0000] {processor.py:925} INFO - DAG(s) 'send_alert_google_chat' retrieved from /opt/airflow/dags/Assignment-1_dags/Q4_dag.py
[2024-12-13T09:34:05.975+0000] {logging_mixin.py:190} INFO - [2024-12-13T09:34:05.975+0000] {dag.py:3239} INFO - Sync 1 DAGs
[2024-12-13T09:34:05.990+0000] {logging_mixin.py:190} INFO - [2024-12-13T09:34:05.990+0000] {dag.py:4180} INFO - Setting next_dagrun for send_alert_google_chat to None, run_after=None
[2024-12-13T09:34:06.005+0000] {processor.py:208} INFO - Processing /opt/airflow/dags/Assignment-1_dags/Q4_dag.py took 0.107 seconds
[2024-12-13T09:44:12.563+0000] {processor.py:186} INFO - Started process (PID=16805) to work on /opt/airflow/dags/Assignment-1_dags/Q4_dag.py
[2024-12-13T09:44:12.564+0000] {processor.py:914} INFO - Processing file /opt/airflow/dags/Assignment-1_dags/Q4_dag.py for tasks to queue
[2024-12-13T09:44:12.567+0000] {logging_mixin.py:190} INFO - [2024-12-13T09:44:12.567+0000] {dagbag.py:588} INFO - Filling up the DagBag from /opt/airflow/dags/Assignment-1_dags/Q4_dag.py
[2024-12-13T09:44:12.581+0000] {processor.py:925} INFO - DAG(s) 'send_alert_google_chat' retrieved from /opt/airflow/dags/Assignment-1_dags/Q4_dag.py
[2024-12-13T09:44:12.601+0000] {logging_mixin.py:190} INFO - [2024-12-13T09:44:12.601+0000] {dag.py:3239} INFO - Sync 1 DAGs
[2024-12-13T09:44:12.611+0000] {logging_mixin.py:190} INFO - [2024-12-13T09:44:12.611+0000] {dag.py:4180} INFO - Setting next_dagrun for send_alert_google_chat to None, run_after=None
[2024-12-13T09:44:12.623+0000] {processor.py:208} INFO - Processing /opt/airflow/dags/Assignment-1_dags/Q4_dag.py took 0.070 seconds
[2024-12-13T10:05:39.731+0000] {processor.py:186} INFO - Started process (PID=16814) to work on /opt/airflow/dags/Assignment-1_dags/Q4_dag.py
[2024-12-13T10:05:39.731+0000] {processor.py:914} INFO - Processing file /opt/airflow/dags/Assignment-1_dags/Q4_dag.py for tasks to queue
[2024-12-13T10:05:39.735+0000] {logging_mixin.py:190} INFO - [2024-12-13T10:05:39.735+0000] {dagbag.py:588} INFO - Filling up the DagBag from /opt/airflow/dags/Assignment-1_dags/Q4_dag.py
[2024-12-13T10:05:39.748+0000] {processor.py:925} INFO - DAG(s) 'send_alert_google_chat' retrieved from /opt/airflow/dags/Assignment-1_dags/Q4_dag.py
[2024-12-13T10:05:39.777+0000] {logging_mixin.py:190} INFO - [2024-12-13T10:05:39.777+0000] {dag.py:3239} INFO - Sync 1 DAGs
[2024-12-13T10:05:39.802+0000] {logging_mixin.py:190} INFO - [2024-12-13T10:05:39.801+0000] {dag.py:4180} INFO - Setting next_dagrun for send_alert_google_chat to None, run_after=None
[2024-12-13T10:05:39.818+0000] {processor.py:208} INFO - Processing /opt/airflow/dags/Assignment-1_dags/Q4_dag.py took 0.094 seconds
[2024-12-13T10:30:36.526+0000] {processor.py:186} INFO - Started process (PID=16823) to work on /opt/airflow/dags/Assignment-1_dags/Q4_dag.py
[2024-12-13T10:30:36.527+0000] {processor.py:914} INFO - Processing file /opt/airflow/dags/Assignment-1_dags/Q4_dag.py for tasks to queue
[2024-12-13T10:30:36.531+0000] {logging_mixin.py:190} INFO - [2024-12-13T10:30:36.530+0000] {dagbag.py:588} INFO - Filling up the DagBag from /opt/airflow/dags/Assignment-1_dags/Q4_dag.py
[2024-12-13T10:30:36.565+0000] {processor.py:925} INFO - DAG(s) 'send_alert_google_chat' retrieved from /opt/airflow/dags/Assignment-1_dags/Q4_dag.py
[2024-12-13T10:30:36.598+0000] {logging_mixin.py:190} INFO - [2024-12-13T10:30:36.597+0000] {dag.py:3239} INFO - Sync 1 DAGs
[2024-12-13T10:30:36.616+0000] {logging_mixin.py:190} INFO - [2024-12-13T10:30:36.615+0000] {dag.py:4180} INFO - Setting next_dagrun for send_alert_google_chat to None, run_after=None
[2024-12-13T10:30:36.638+0000] {processor.py:208} INFO - Processing /opt/airflow/dags/Assignment-1_dags/Q4_dag.py took 0.121 seconds
[2024-12-13T10:31:07.029+0000] {processor.py:186} INFO - Started process (PID=16832) to work on /opt/airflow/dags/Assignment-1_dags/Q4_dag.py
[2024-12-13T10:31:07.030+0000] {processor.py:914} INFO - Processing file /opt/airflow/dags/Assignment-1_dags/Q4_dag.py for tasks to queue
[2024-12-13T10:31:07.034+0000] {logging_mixin.py:190} INFO - [2024-12-13T10:31:07.034+0000] {dagbag.py:588} INFO - Filling up the DagBag from /opt/airflow/dags/Assignment-1_dags/Q4_dag.py
[2024-12-13T10:31:07.050+0000] {processor.py:925} INFO - DAG(s) 'send_alert_google_chat' retrieved from /opt/airflow/dags/Assignment-1_dags/Q4_dag.py
[2024-12-13T10:31:07.073+0000] {logging_mixin.py:190} INFO - [2024-12-13T10:31:07.073+0000] {dag.py:3239} INFO - Sync 1 DAGs
[2024-12-13T10:31:07.085+0000] {logging_mixin.py:190} INFO - [2024-12-13T10:31:07.085+0000] {dag.py:4180} INFO - Setting next_dagrun for send_alert_google_chat to None, run_after=None
[2024-12-13T10:31:07.102+0000] {processor.py:208} INFO - Processing /opt/airflow/dags/Assignment-1_dags/Q4_dag.py took 0.080 seconds
[2024-12-13T10:31:37.516+0000] {processor.py:186} INFO - Started process (PID=16841) to work on /opt/airflow/dags/Assignment-1_dags/Q4_dag.py
[2024-12-13T10:31:37.517+0000] {processor.py:914} INFO - Processing file /opt/airflow/dags/Assignment-1_dags/Q4_dag.py for tasks to queue
[2024-12-13T10:31:37.521+0000] {logging_mixin.py:190} INFO - [2024-12-13T10:31:37.521+0000] {dagbag.py:588} INFO - Filling up the DagBag from /opt/airflow/dags/Assignment-1_dags/Q4_dag.py
[2024-12-13T10:31:37.540+0000] {processor.py:925} INFO - DAG(s) 'send_alert_google_chat' retrieved from /opt/airflow/dags/Assignment-1_dags/Q4_dag.py
[2024-12-13T10:31:37.565+0000] {logging_mixin.py:190} INFO - [2024-12-13T10:31:37.565+0000] {dag.py:3239} INFO - Sync 1 DAGs
[2024-12-13T10:31:37.577+0000] {logging_mixin.py:190} INFO - [2024-12-13T10:31:37.576+0000] {dag.py:4180} INFO - Setting next_dagrun for send_alert_google_chat to None, run_after=None
[2024-12-13T10:31:37.593+0000] {processor.py:208} INFO - Processing /opt/airflow/dags/Assignment-1_dags/Q4_dag.py took 0.088 seconds
[2024-12-13T10:46:30.588+0000] {processor.py:186} INFO - Started process (PID=16850) to work on /opt/airflow/dags/Assignment-1_dags/Q4_dag.py
[2024-12-13T10:46:30.590+0000] {processor.py:914} INFO - Processing file /opt/airflow/dags/Assignment-1_dags/Q4_dag.py for tasks to queue
[2024-12-13T10:46:30.598+0000] {logging_mixin.py:190} INFO - [2024-12-13T10:46:30.597+0000] {dagbag.py:588} INFO - Filling up the DagBag from /opt/airflow/dags/Assignment-1_dags/Q4_dag.py
[2024-12-13T10:46:30.627+0000] {processor.py:925} INFO - DAG(s) 'send_alert_google_chat' retrieved from /opt/airflow/dags/Assignment-1_dags/Q4_dag.py
[2024-12-13T10:46:30.653+0000] {logging_mixin.py:190} INFO - [2024-12-13T10:46:30.653+0000] {dag.py:3239} INFO - Sync 1 DAGs
[2024-12-13T10:46:30.668+0000] {logging_mixin.py:190} INFO - [2024-12-13T10:46:30.668+0000] {dag.py:4180} INFO - Setting next_dagrun for send_alert_google_chat to None, run_after=None
[2024-12-13T10:46:30.689+0000] {processor.py:208} INFO - Processing /opt/airflow/dags/Assignment-1_dags/Q4_dag.py took 0.114 seconds
[2024-12-13T11:29:38.107+0000] {processor.py:186} INFO - Started process (PID=16859) to work on /opt/airflow/dags/Assignment-1_dags/Q4_dag.py
[2024-12-13T11:29:38.111+0000] {processor.py:914} INFO - Processing file /opt/airflow/dags/Assignment-1_dags/Q4_dag.py for tasks to queue
[2024-12-13T11:29:38.122+0000] {logging_mixin.py:190} INFO - [2024-12-13T11:29:38.122+0000] {dagbag.py:588} INFO - Filling up the DagBag from /opt/airflow/dags/Assignment-1_dags/Q4_dag.py
[2024-12-13T11:29:38.141+0000] {processor.py:925} INFO - DAG(s) 'send_alert_google_chat' retrieved from /opt/airflow/dags/Assignment-1_dags/Q4_dag.py
[2024-12-13T11:29:38.167+0000] {logging_mixin.py:190} INFO - [2024-12-13T11:29:38.167+0000] {dag.py:3239} INFO - Sync 1 DAGs
[2024-12-13T11:29:38.200+0000] {logging_mixin.py:190} INFO - [2024-12-13T11:29:38.200+0000] {dag.py:4180} INFO - Setting next_dagrun for send_alert_google_chat to None, run_after=None
[2024-12-13T11:29:38.218+0000] {processor.py:208} INFO - Processing /opt/airflow/dags/Assignment-1_dags/Q4_dag.py took 0.132 seconds
[2024-12-13T12:50:17.142+0000] {processor.py:186} INFO - Started process (PID=16868) to work on /opt/airflow/dags/Assignment-1_dags/Q4_dag.py
[2024-12-13T12:50:17.143+0000] {processor.py:914} INFO - Processing file /opt/airflow/dags/Assignment-1_dags/Q4_dag.py for tasks to queue
[2024-12-13T12:50:17.147+0000] {logging_mixin.py:190} INFO - [2024-12-13T12:50:17.146+0000] {dagbag.py:588} INFO - Filling up the DagBag from /opt/airflow/dags/Assignment-1_dags/Q4_dag.py
[2024-12-13T12:50:17.160+0000] {processor.py:925} INFO - DAG(s) 'send_alert_google_chat' retrieved from /opt/airflow/dags/Assignment-1_dags/Q4_dag.py
[2024-12-13T12:50:17.182+0000] {logging_mixin.py:190} INFO - [2024-12-13T12:50:17.182+0000] {dag.py:3239} INFO - Sync 1 DAGs
[2024-12-13T12:50:17.192+0000] {logging_mixin.py:190} INFO - [2024-12-13T12:50:17.192+0000] {dag.py:4180} INFO - Setting next_dagrun for send_alert_google_chat to None, run_after=None
[2024-12-13T12:50:17.206+0000] {processor.py:208} INFO - Processing /opt/airflow/dags/Assignment-1_dags/Q4_dag.py took 0.075 seconds
[2024-12-13T13:29:01.014+0000] {processor.py:186} INFO - Started process (PID=16876) to work on /opt/airflow/dags/Assignment-1_dags/Q4_dag.py
[2024-12-13T13:29:01.016+0000] {processor.py:914} INFO - Processing file /opt/airflow/dags/Assignment-1_dags/Q4_dag.py for tasks to queue
[2024-12-13T13:29:01.021+0000] {logging_mixin.py:190} INFO - [2024-12-13T13:29:01.021+0000] {dagbag.py:588} INFO - Filling up the DagBag from /opt/airflow/dags/Assignment-1_dags/Q4_dag.py
[2024-12-13T13:29:01.053+0000] {processor.py:925} INFO - DAG(s) 'send_alert_google_chat' retrieved from /opt/airflow/dags/Assignment-1_dags/Q4_dag.py
[2024-12-13T13:29:01.077+0000] {logging_mixin.py:190} INFO - [2024-12-13T13:29:01.077+0000] {dag.py:3239} INFO - Sync 1 DAGs
[2024-12-13T13:29:01.091+0000] {logging_mixin.py:190} INFO - [2024-12-13T13:29:01.091+0000] {dag.py:4180} INFO - Setting next_dagrun for send_alert_google_chat to None, run_after=None
[2024-12-13T13:29:01.112+0000] {processor.py:208} INFO - Processing /opt/airflow/dags/Assignment-1_dags/Q4_dag.py took 0.110 seconds
[2024-12-13T13:32:10.355+0000] {processor.py:186} INFO - Started process (PID=16885) to work on /opt/airflow/dags/Assignment-1_dags/Q4_dag.py
[2024-12-13T13:32:10.356+0000] {processor.py:914} INFO - Processing file /opt/airflow/dags/Assignment-1_dags/Q4_dag.py for tasks to queue
[2024-12-13T13:32:10.359+0000] {logging_mixin.py:190} INFO - [2024-12-13T13:32:10.358+0000] {dagbag.py:588} INFO - Filling up the DagBag from /opt/airflow/dags/Assignment-1_dags/Q4_dag.py
[2024-12-13T13:32:10.371+0000] {processor.py:925} INFO - DAG(s) 'send_alert_google_chat' retrieved from /opt/airflow/dags/Assignment-1_dags/Q4_dag.py
[2024-12-13T13:32:10.390+0000] {logging_mixin.py:190} INFO - [2024-12-13T13:32:10.390+0000] {dag.py:3239} INFO - Sync 1 DAGs
[2024-12-13T13:32:10.399+0000] {logging_mixin.py:190} INFO - [2024-12-13T13:32:10.399+0000] {dag.py:4180} INFO - Setting next_dagrun for send_alert_google_chat to None, run_after=None
[2024-12-13T13:32:10.414+0000] {processor.py:208} INFO - Processing /opt/airflow/dags/Assignment-1_dags/Q4_dag.py took 0.067 seconds
[2024-12-13T14:15:36.868+0000] {processor.py:186} INFO - Started process (PID=16894) to work on /opt/airflow/dags/Assignment-1_dags/Q4_dag.py
[2024-12-13T14:15:36.869+0000] {processor.py:914} INFO - Processing file /opt/airflow/dags/Assignment-1_dags/Q4_dag.py for tasks to queue
[2024-12-13T14:15:36.872+0000] {logging_mixin.py:190} INFO - [2024-12-13T14:15:36.872+0000] {dagbag.py:588} INFO - Filling up the DagBag from /opt/airflow/dags/Assignment-1_dags/Q4_dag.py
[2024-12-13T14:15:36.884+0000] {processor.py:925} INFO - DAG(s) 'send_alert_google_chat' retrieved from /opt/airflow/dags/Assignment-1_dags/Q4_dag.py
[2024-12-13T14:15:36.916+0000] {logging_mixin.py:190} INFO - [2024-12-13T14:15:36.916+0000] {dag.py:3239} INFO - Sync 1 DAGs
[2024-12-13T14:15:36.928+0000] {logging_mixin.py:190} INFO - [2024-12-13T14:15:36.928+0000] {dag.py:4180} INFO - Setting next_dagrun for send_alert_google_chat to None, run_after=None
[2024-12-13T14:15:36.940+0000] {processor.py:208} INFO - Processing /opt/airflow/dags/Assignment-1_dags/Q4_dag.py took 0.080 seconds
[2024-12-13T14:49:23.904+0000] {processor.py:186} INFO - Started process (PID=16903) to work on /opt/airflow/dags/Assignment-1_dags/Q4_dag.py
[2024-12-13T14:49:23.905+0000] {processor.py:914} INFO - Processing file /opt/airflow/dags/Assignment-1_dags/Q4_dag.py for tasks to queue
[2024-12-13T14:49:23.909+0000] {logging_mixin.py:190} INFO - [2024-12-13T14:49:23.909+0000] {dagbag.py:588} INFO - Filling up the DagBag from /opt/airflow/dags/Assignment-1_dags/Q4_dag.py
[2024-12-13T14:49:23.921+0000] {processor.py:925} INFO - DAG(s) 'send_alert_google_chat' retrieved from /opt/airflow/dags/Assignment-1_dags/Q4_dag.py
[2024-12-13T14:49:23.952+0000] {logging_mixin.py:190} INFO - [2024-12-13T14:49:23.952+0000] {dag.py:3239} INFO - Sync 1 DAGs
[2024-12-13T14:49:23.963+0000] {logging_mixin.py:190} INFO - [2024-12-13T14:49:23.963+0000] {dag.py:4180} INFO - Setting next_dagrun for send_alert_google_chat to None, run_after=None
[2024-12-13T14:49:23.978+0000] {processor.py:208} INFO - Processing /opt/airflow/dags/Assignment-1_dags/Q4_dag.py took 0.083 seconds
[2024-12-13T16:12:32.198+0000] {processor.py:186} INFO - Started process (PID=16912) to work on /opt/airflow/dags/Assignment-1_dags/Q4_dag.py
[2024-12-13T16:12:32.199+0000] {processor.py:914} INFO - Processing file /opt/airflow/dags/Assignment-1_dags/Q4_dag.py for tasks to queue
[2024-12-13T16:12:32.203+0000] {logging_mixin.py:190} INFO - [2024-12-13T16:12:32.202+0000] {dagbag.py:588} INFO - Filling up the DagBag from /opt/airflow/dags/Assignment-1_dags/Q4_dag.py
[2024-12-13T16:12:32.216+0000] {processor.py:925} INFO - DAG(s) 'send_alert_google_chat' retrieved from /opt/airflow/dags/Assignment-1_dags/Q4_dag.py
[2024-12-13T16:12:32.236+0000] {logging_mixin.py:190} INFO - [2024-12-13T16:12:32.236+0000] {dag.py:3239} INFO - Sync 1 DAGs
[2024-12-13T16:12:32.247+0000] {logging_mixin.py:190} INFO - [2024-12-13T16:12:32.247+0000] {dag.py:4180} INFO - Setting next_dagrun for send_alert_google_chat to None, run_after=None
[2024-12-13T16:12:32.260+0000] {processor.py:208} INFO - Processing /opt/airflow/dags/Assignment-1_dags/Q4_dag.py took 0.069 seconds
[2024-12-13T17:50:48.754+0000] {processor.py:186} INFO - Started process (PID=16921) to work on /opt/airflow/dags/Assignment-1_dags/Q4_dag.py
[2024-12-13T17:50:48.756+0000] {processor.py:914} INFO - Processing file /opt/airflow/dags/Assignment-1_dags/Q4_dag.py for tasks to queue
[2024-12-13T17:50:48.760+0000] {logging_mixin.py:190} INFO - [2024-12-13T17:50:48.759+0000] {dagbag.py:588} INFO - Filling up the DagBag from /opt/airflow/dags/Assignment-1_dags/Q4_dag.py
[2024-12-13T17:50:48.773+0000] {processor.py:925} INFO - DAG(s) 'send_alert_google_chat' retrieved from /opt/airflow/dags/Assignment-1_dags/Q4_dag.py
[2024-12-13T17:50:48.791+0000] {logging_mixin.py:190} INFO - [2024-12-13T17:50:48.791+0000] {dag.py:3239} INFO - Sync 1 DAGs
[2024-12-13T17:50:48.800+0000] {logging_mixin.py:190} INFO - [2024-12-13T17:50:48.800+0000] {dag.py:4180} INFO - Setting next_dagrun for send_alert_google_chat to None, run_after=None
[2024-12-13T17:50:48.813+0000] {processor.py:208} INFO - Processing /opt/airflow/dags/Assignment-1_dags/Q4_dag.py took 0.069 seconds
[2024-12-13T17:51:23.133+0000] {processor.py:186} INFO - Started process (PID=16930) to work on /opt/airflow/dags/Assignment-1_dags/Q4_dag.py
[2024-12-13T17:51:23.155+0000] {processor.py:914} INFO - Processing file /opt/airflow/dags/Assignment-1_dags/Q4_dag.py for tasks to queue
[2024-12-13T17:51:23.389+0000] {logging_mixin.py:190} INFO - [2024-12-13T17:51:23.381+0000] {dagbag.py:588} INFO - Filling up the DagBag from /opt/airflow/dags/Assignment-1_dags/Q4_dag.py
[2024-12-15T07:24:38.023+0000] {processor.py:925} INFO - DAG(s) 'send_alert_google_chat' retrieved from /opt/airflow/dags/Assignment-1_dags/Q4_dag.py
[2024-12-15T07:24:38.349+0000] {logging_mixin.py:190} INFO - [2024-12-15T07:24:38.349+0000] {dag.py:3239} INFO - Sync 1 DAGs
[2024-12-15T07:24:38.413+0000] {logging_mixin.py:190} INFO - [2024-12-15T07:24:38.413+0000] {dag.py:4180} INFO - Setting next_dagrun for send_alert_google_chat to None, run_after=None
[2024-12-15T07:24:38.508+0000] {processor.py:208} INFO - Processing /opt/airflow/dags/Assignment-1_dags/Q4_dag.py took 1.489 seconds
