[2024-12-08T00:27:29.527+0000] {processor.py:186} INFO - Started process (PID=4213) to work on /opt/airflow/dags/Assignment-1_dags/Q2_dag.py
[2024-12-08T00:27:29.527+0000] {processor.py:914} INFO - Processing file /opt/airflow/dags/Assignment-1_dags/Q2_dag.py for tasks to queue
[2024-12-08T00:27:29.529+0000] {logging_mixin.py:190} INFO - [2024-12-08T00:27:29.529+0000] {dagbag.py:588} INFO - Filling up the DagBag from /opt/airflow/dags/Assignment-1_dags/Q2_dag.py
[2024-12-08T00:27:29.534+0000] {processor.py:925} INFO - DAG(s) 'hello_airflow_demo' retrieved from /opt/airflow/dags/Assignment-1_dags/Q2_dag.py
[2024-12-08T00:27:29.549+0000] {logging_mixin.py:190} INFO - [2024-12-08T00:27:29.549+0000] {dag.py:3239} INFO - Sync 1 DAGs
[2024-12-08T00:27:29.558+0000] {logging_mixin.py:190} INFO - [2024-12-08T00:27:29.557+0000] {dag.py:4180} INFO - Setting next_dagrun for hello_airflow_demo to None, run_after=None
[2024-12-08T00:27:29.566+0000] {processor.py:208} INFO - Processing /opt/airflow/dags/Assignment-1_dags/Q2_dag.py took 0.043 seconds
[2024-12-08T02:09:01.018+0000] {processor.py:186} INFO - Started process (PID=4221) to work on /opt/airflow/dags/Assignment-1_dags/Q2_dag.py
[2024-12-08T02:09:01.019+0000] {processor.py:914} INFO - Processing file /opt/airflow/dags/Assignment-1_dags/Q2_dag.py for tasks to queue
[2024-12-08T02:09:01.021+0000] {logging_mixin.py:190} INFO - [2024-12-08T02:09:01.020+0000] {dagbag.py:588} INFO - Filling up the DagBag from /opt/airflow/dags/Assignment-1_dags/Q2_dag.py
[2024-12-08T02:09:01.025+0000] {processor.py:925} INFO - DAG(s) 'hello_airflow_demo' retrieved from /opt/airflow/dags/Assignment-1_dags/Q2_dag.py
[2024-12-08T02:09:01.038+0000] {logging_mixin.py:190} INFO - [2024-12-08T02:09:01.038+0000] {dag.py:3239} INFO - Sync 1 DAGs
[2024-12-08T02:09:01.045+0000] {logging_mixin.py:190} INFO - [2024-12-08T02:09:01.044+0000] {dag.py:4180} INFO - Setting next_dagrun for hello_airflow_demo to None, run_after=None
[2024-12-08T02:09:01.052+0000] {processor.py:208} INFO - Processing /opt/airflow/dags/Assignment-1_dags/Q2_dag.py took 0.040 seconds
[2024-12-08T03:32:23.527+0000] {processor.py:186} INFO - Started process (PID=4230) to work on /opt/airflow/dags/Assignment-1_dags/Q2_dag.py
[2024-12-08T03:32:23.528+0000] {processor.py:914} INFO - Processing file /opt/airflow/dags/Assignment-1_dags/Q2_dag.py for tasks to queue
[2024-12-08T03:32:23.529+0000] {logging_mixin.py:190} INFO - [2024-12-08T03:32:23.529+0000] {dagbag.py:588} INFO - Filling up the DagBag from /opt/airflow/dags/Assignment-1_dags/Q2_dag.py
[2024-12-08T03:32:23.534+0000] {processor.py:925} INFO - DAG(s) 'hello_airflow_demo' retrieved from /opt/airflow/dags/Assignment-1_dags/Q2_dag.py
[2024-12-08T03:32:23.547+0000] {logging_mixin.py:190} INFO - [2024-12-08T03:32:23.547+0000] {dag.py:3239} INFO - Sync 1 DAGs
[2024-12-08T03:32:23.553+0000] {logging_mixin.py:190} INFO - [2024-12-08T03:32:23.553+0000] {dag.py:4180} INFO - Setting next_dagrun for hello_airflow_demo to None, run_after=None
[2024-12-08T03:32:23.560+0000] {processor.py:208} INFO - Processing /opt/airflow/dags/Assignment-1_dags/Q2_dag.py took 0.036 seconds
[2024-12-08T04:46:02.328+0000] {processor.py:186} INFO - Started process (PID=4239) to work on /opt/airflow/dags/Assignment-1_dags/Q2_dag.py
[2024-12-08T04:46:02.329+0000] {processor.py:914} INFO - Processing file /opt/airflow/dags/Assignment-1_dags/Q2_dag.py for tasks to queue
[2024-12-08T04:46:02.330+0000] {logging_mixin.py:190} INFO - [2024-12-08T04:46:02.330+0000] {dagbag.py:588} INFO - Filling up the DagBag from /opt/airflow/dags/Assignment-1_dags/Q2_dag.py
[2024-12-08T04:46:02.336+0000] {processor.py:925} INFO - DAG(s) 'hello_airflow_demo' retrieved from /opt/airflow/dags/Assignment-1_dags/Q2_dag.py
[2024-12-08T04:46:02.350+0000] {logging_mixin.py:190} INFO - [2024-12-08T04:46:02.349+0000] {dag.py:3239} INFO - Sync 1 DAGs
[2024-12-08T04:46:02.358+0000] {logging_mixin.py:190} INFO - [2024-12-08T04:46:02.358+0000] {dag.py:4180} INFO - Setting next_dagrun for hello_airflow_demo to None, run_after=None
[2024-12-08T04:46:02.365+0000] {processor.py:208} INFO - Processing /opt/airflow/dags/Assignment-1_dags/Q2_dag.py took 0.041 seconds
[2024-12-08T06:24:16.115+0000] {processor.py:186} INFO - Started process (PID=4248) to work on /opt/airflow/dags/Assignment-1_dags/Q2_dag.py
[2024-12-08T06:24:16.116+0000] {processor.py:914} INFO - Processing file /opt/airflow/dags/Assignment-1_dags/Q2_dag.py for tasks to queue
[2024-12-08T06:24:16.117+0000] {logging_mixin.py:190} INFO - [2024-12-08T06:24:16.117+0000] {dagbag.py:588} INFO - Filling up the DagBag from /opt/airflow/dags/Assignment-1_dags/Q2_dag.py
[2024-12-08T06:24:16.122+0000] {processor.py:925} INFO - DAG(s) 'hello_airflow_demo' retrieved from /opt/airflow/dags/Assignment-1_dags/Q2_dag.py
[2024-12-08T06:24:16.134+0000] {logging_mixin.py:190} INFO - [2024-12-08T06:24:16.134+0000] {dag.py:3239} INFO - Sync 1 DAGs
[2024-12-08T06:24:16.139+0000] {logging_mixin.py:190} INFO - [2024-12-08T06:24:16.139+0000] {dag.py:4180} INFO - Setting next_dagrun for hello_airflow_demo to None, run_after=None
[2024-12-08T06:24:16.147+0000] {processor.py:208} INFO - Processing /opt/airflow/dags/Assignment-1_dags/Q2_dag.py took 0.035 seconds
[2024-12-08T07:48:56.044+0000] {processor.py:186} INFO - Started process (PID=4257) to work on /opt/airflow/dags/Assignment-1_dags/Q2_dag.py
[2024-12-08T07:48:56.045+0000] {processor.py:914} INFO - Processing file /opt/airflow/dags/Assignment-1_dags/Q2_dag.py for tasks to queue
[2024-12-08T07:48:56.046+0000] {logging_mixin.py:190} INFO - [2024-12-08T07:48:56.046+0000] {dagbag.py:588} INFO - Filling up the DagBag from /opt/airflow/dags/Assignment-1_dags/Q2_dag.py
[2024-12-08T07:48:56.051+0000] {processor.py:925} INFO - DAG(s) 'hello_airflow_demo' retrieved from /opt/airflow/dags/Assignment-1_dags/Q2_dag.py
[2024-12-08T07:48:56.063+0000] {logging_mixin.py:190} INFO - [2024-12-08T07:48:56.063+0000] {dag.py:3239} INFO - Sync 1 DAGs
[2024-12-08T07:48:56.070+0000] {logging_mixin.py:190} INFO - [2024-12-08T07:48:56.070+0000] {dag.py:4180} INFO - Setting next_dagrun for hello_airflow_demo to None, run_after=None
[2024-12-08T07:48:56.077+0000] {processor.py:208} INFO - Processing /opt/airflow/dags/Assignment-1_dags/Q2_dag.py took 0.037 seconds
[2024-12-08T09:14:36.771+0000] {processor.py:186} INFO - Started process (PID=4266) to work on /opt/airflow/dags/Assignment-1_dags/Q2_dag.py
[2024-12-08T09:14:36.772+0000] {processor.py:914} INFO - Processing file /opt/airflow/dags/Assignment-1_dags/Q2_dag.py for tasks to queue
[2024-12-08T09:14:36.773+0000] {logging_mixin.py:190} INFO - [2024-12-08T09:14:36.773+0000] {dagbag.py:588} INFO - Filling up the DagBag from /opt/airflow/dags/Assignment-1_dags/Q2_dag.py
[2024-12-08T09:14:36.778+0000] {processor.py:925} INFO - DAG(s) 'hello_airflow_demo' retrieved from /opt/airflow/dags/Assignment-1_dags/Q2_dag.py
[2024-12-08T09:14:36.790+0000] {logging_mixin.py:190} INFO - [2024-12-08T09:14:36.790+0000] {dag.py:3239} INFO - Sync 1 DAGs
[2024-12-08T09:14:36.796+0000] {logging_mixin.py:190} INFO - [2024-12-08T09:14:36.796+0000] {dag.py:4180} INFO - Setting next_dagrun for hello_airflow_demo to None, run_after=None
[2024-12-08T09:14:36.804+0000] {processor.py:208} INFO - Processing /opt/airflow/dags/Assignment-1_dags/Q2_dag.py took 0.035 seconds
[2024-12-08T10:30:31.704+0000] {processor.py:186} INFO - Started process (PID=4275) to work on /opt/airflow/dags/Assignment-1_dags/Q2_dag.py
[2024-12-08T10:30:31.705+0000] {processor.py:914} INFO - Processing file /opt/airflow/dags/Assignment-1_dags/Q2_dag.py for tasks to queue
[2024-12-08T10:30:31.707+0000] {logging_mixin.py:190} INFO - [2024-12-08T10:30:31.707+0000] {dagbag.py:588} INFO - Filling up the DagBag from /opt/airflow/dags/Assignment-1_dags/Q2_dag.py
[2024-12-08T10:30:31.712+0000] {processor.py:925} INFO - DAG(s) 'hello_airflow_demo' retrieved from /opt/airflow/dags/Assignment-1_dags/Q2_dag.py
[2024-12-08T10:30:31.729+0000] {logging_mixin.py:190} INFO - [2024-12-08T10:30:31.729+0000] {dag.py:3239} INFO - Sync 1 DAGs
[2024-12-08T10:30:31.739+0000] {logging_mixin.py:190} INFO - [2024-12-08T10:30:31.739+0000] {dag.py:4180} INFO - Setting next_dagrun for hello_airflow_demo to None, run_after=None
[2024-12-08T10:30:31.749+0000] {processor.py:208} INFO - Processing /opt/airflow/dags/Assignment-1_dags/Q2_dag.py took 0.049 seconds
[2024-12-08T10:31:02.283+0000] {processor.py:186} INFO - Started process (PID=4284) to work on /opt/airflow/dags/Assignment-1_dags/Q2_dag.py
[2024-12-08T10:31:02.283+0000] {processor.py:914} INFO - Processing file /opt/airflow/dags/Assignment-1_dags/Q2_dag.py for tasks to queue
[2024-12-08T10:31:02.285+0000] {logging_mixin.py:190} INFO - [2024-12-08T10:31:02.285+0000] {dagbag.py:588} INFO - Filling up the DagBag from /opt/airflow/dags/Assignment-1_dags/Q2_dag.py
[2024-12-08T10:31:02.293+0000] {processor.py:925} INFO - DAG(s) 'hello_airflow_demo' retrieved from /opt/airflow/dags/Assignment-1_dags/Q2_dag.py
[2024-12-08T10:31:02.313+0000] {logging_mixin.py:190} INFO - [2024-12-08T10:31:02.312+0000] {dag.py:3239} INFO - Sync 1 DAGs
[2024-12-08T10:31:02.322+0000] {logging_mixin.py:190} INFO - [2024-12-08T10:31:02.322+0000] {dag.py:4180} INFO - Setting next_dagrun for hello_airflow_demo to None, run_after=None
[2024-12-08T10:31:02.334+0000] {processor.py:208} INFO - Processing /opt/airflow/dags/Assignment-1_dags/Q2_dag.py took 0.058 seconds
[2024-12-08T12:11:37.738+0000] {processor.py:186} INFO - Started process (PID=4293) to work on /opt/airflow/dags/Assignment-1_dags/Q2_dag.py
[2024-12-08T12:11:37.739+0000] {processor.py:914} INFO - Processing file /opt/airflow/dags/Assignment-1_dags/Q2_dag.py for tasks to queue
[2024-12-08T12:11:37.741+0000] {logging_mixin.py:190} INFO - [2024-12-08T12:11:37.741+0000] {dagbag.py:588} INFO - Filling up the DagBag from /opt/airflow/dags/Assignment-1_dags/Q2_dag.py
[2024-12-08T12:11:37.747+0000] {processor.py:925} INFO - DAG(s) 'hello_airflow_demo' retrieved from /opt/airflow/dags/Assignment-1_dags/Q2_dag.py
[2024-12-08T12:11:37.768+0000] {logging_mixin.py:190} INFO - [2024-12-08T12:11:37.768+0000] {dag.py:3239} INFO - Sync 1 DAGs
[2024-12-08T12:11:37.775+0000] {logging_mixin.py:190} INFO - [2024-12-08T12:11:37.775+0000] {dag.py:4180} INFO - Setting next_dagrun for hello_airflow_demo to None, run_after=None
[2024-12-08T12:11:37.783+0000] {processor.py:208} INFO - Processing /opt/airflow/dags/Assignment-1_dags/Q2_dag.py took 0.051 seconds
[2024-12-08T13:31:54.098+0000] {processor.py:186} INFO - Started process (PID=4302) to work on /opt/airflow/dags/Assignment-1_dags/Q2_dag.py
[2024-12-08T13:31:54.099+0000] {processor.py:914} INFO - Processing file /opt/airflow/dags/Assignment-1_dags/Q2_dag.py for tasks to queue
[2024-12-08T13:31:54.101+0000] {logging_mixin.py:190} INFO - [2024-12-08T13:31:54.101+0000] {dagbag.py:588} INFO - Filling up the DagBag from /opt/airflow/dags/Assignment-1_dags/Q2_dag.py
[2024-12-08T13:31:54.106+0000] {processor.py:925} INFO - DAG(s) 'hello_airflow_demo' retrieved from /opt/airflow/dags/Assignment-1_dags/Q2_dag.py
[2024-12-08T13:31:54.119+0000] {logging_mixin.py:190} INFO - [2024-12-08T13:31:54.119+0000] {dag.py:3239} INFO - Sync 1 DAGs
[2024-12-08T13:31:54.126+0000] {logging_mixin.py:190} INFO - [2024-12-08T13:31:54.126+0000] {dag.py:4180} INFO - Setting next_dagrun for hello_airflow_demo to None, run_after=None
[2024-12-08T13:31:54.134+0000] {processor.py:208} INFO - Processing /opt/airflow/dags/Assignment-1_dags/Q2_dag.py took 0.042 seconds
[2024-12-08T14:52:17.958+0000] {processor.py:186} INFO - Started process (PID=4311) to work on /opt/airflow/dags/Assignment-1_dags/Q2_dag.py
[2024-12-08T14:52:17.958+0000] {processor.py:914} INFO - Processing file /opt/airflow/dags/Assignment-1_dags/Q2_dag.py for tasks to queue
[2024-12-08T14:52:17.959+0000] {logging_mixin.py:190} INFO - [2024-12-08T14:52:17.959+0000] {dagbag.py:588} INFO - Filling up the DagBag from /opt/airflow/dags/Assignment-1_dags/Q2_dag.py
[2024-12-08T14:52:17.965+0000] {processor.py:925} INFO - DAG(s) 'hello_airflow_demo' retrieved from /opt/airflow/dags/Assignment-1_dags/Q2_dag.py
[2024-12-08T14:52:17.980+0000] {logging_mixin.py:190} INFO - [2024-12-08T14:52:17.980+0000] {dag.py:3239} INFO - Sync 1 DAGs
[2024-12-08T14:52:17.986+0000] {logging_mixin.py:190} INFO - [2024-12-08T14:52:17.986+0000] {dag.py:4180} INFO - Setting next_dagrun for hello_airflow_demo to None, run_after=None
[2024-12-08T14:52:17.994+0000] {processor.py:208} INFO - Processing /opt/airflow/dags/Assignment-1_dags/Q2_dag.py took 0.042 seconds
[2024-12-08T16:34:39.262+0000] {processor.py:186} INFO - Started process (PID=4320) to work on /opt/airflow/dags/Assignment-1_dags/Q2_dag.py
[2024-12-08T16:34:39.262+0000] {processor.py:914} INFO - Processing file /opt/airflow/dags/Assignment-1_dags/Q2_dag.py for tasks to queue
[2024-12-08T16:34:39.263+0000] {logging_mixin.py:190} INFO - [2024-12-08T16:34:39.263+0000] {dagbag.py:588} INFO - Filling up the DagBag from /opt/airflow/dags/Assignment-1_dags/Q2_dag.py
[2024-12-08T16:34:39.268+0000] {processor.py:925} INFO - DAG(s) 'hello_airflow_demo' retrieved from /opt/airflow/dags/Assignment-1_dags/Q2_dag.py
[2024-12-08T16:34:39.281+0000] {logging_mixin.py:190} INFO - [2024-12-08T16:34:39.281+0000] {dag.py:3239} INFO - Sync 1 DAGs
[2024-12-08T16:34:39.288+0000] {logging_mixin.py:190} INFO - [2024-12-08T16:34:39.288+0000] {dag.py:4180} INFO - Setting next_dagrun for hello_airflow_demo to None, run_after=None
[2024-12-08T16:34:39.295+0000] {processor.py:208} INFO - Processing /opt/airflow/dags/Assignment-1_dags/Q2_dag.py took 0.037 seconds
[2024-12-08T18:00:38.086+0000] {processor.py:186} INFO - Started process (PID=4329) to work on /opt/airflow/dags/Assignment-1_dags/Q2_dag.py
[2024-12-08T18:00:38.090+0000] {processor.py:914} INFO - Processing file /opt/airflow/dags/Assignment-1_dags/Q2_dag.py for tasks to queue
[2024-12-08T18:00:38.092+0000] {logging_mixin.py:190} INFO - [2024-12-08T18:00:38.092+0000] {dagbag.py:588} INFO - Filling up the DagBag from /opt/airflow/dags/Assignment-1_dags/Q2_dag.py
[2024-12-08T18:00:38.097+0000] {processor.py:925} INFO - DAG(s) 'hello_airflow_demo' retrieved from /opt/airflow/dags/Assignment-1_dags/Q2_dag.py
[2024-12-08T18:00:38.118+0000] {logging_mixin.py:190} INFO - [2024-12-08T18:00:38.118+0000] {dag.py:3239} INFO - Sync 1 DAGs
[2024-12-08T18:00:38.125+0000] {logging_mixin.py:190} INFO - [2024-12-08T18:00:38.125+0000] {dag.py:4180} INFO - Setting next_dagrun for hello_airflow_demo to None, run_after=None
[2024-12-08T18:00:38.133+0000] {processor.py:208} INFO - Processing /opt/airflow/dags/Assignment-1_dags/Q2_dag.py took 0.056 seconds
[2024-12-08T19:41:06.358+0000] {processor.py:186} INFO - Started process (PID=4338) to work on /opt/airflow/dags/Assignment-1_dags/Q2_dag.py
[2024-12-08T19:41:06.359+0000] {processor.py:914} INFO - Processing file /opt/airflow/dags/Assignment-1_dags/Q2_dag.py for tasks to queue
[2024-12-08T19:41:06.360+0000] {logging_mixin.py:190} INFO - [2024-12-08T19:41:06.360+0000] {dagbag.py:588} INFO - Filling up the DagBag from /opt/airflow/dags/Assignment-1_dags/Q2_dag.py
[2024-12-08T19:41:06.364+0000] {processor.py:925} INFO - DAG(s) 'hello_airflow_demo' retrieved from /opt/airflow/dags/Assignment-1_dags/Q2_dag.py
[2024-12-08T19:41:06.376+0000] {logging_mixin.py:190} INFO - [2024-12-08T19:41:06.376+0000] {dag.py:3239} INFO - Sync 1 DAGs
[2024-12-08T19:41:06.382+0000] {logging_mixin.py:190} INFO - [2024-12-08T19:41:06.382+0000] {dag.py:4180} INFO - Setting next_dagrun for hello_airflow_demo to None, run_after=None
[2024-12-08T19:41:06.389+0000] {processor.py:208} INFO - Processing /opt/airflow/dags/Assignment-1_dags/Q2_dag.py took 0.035 seconds
[2024-12-08T21:03:21.157+0000] {processor.py:186} INFO - Started process (PID=4347) to work on /opt/airflow/dags/Assignment-1_dags/Q2_dag.py
[2024-12-08T21:03:21.157+0000] {processor.py:914} INFO - Processing file /opt/airflow/dags/Assignment-1_dags/Q2_dag.py for tasks to queue
[2024-12-08T21:03:21.158+0000] {logging_mixin.py:190} INFO - [2024-12-08T21:03:21.158+0000] {dagbag.py:588} INFO - Filling up the DagBag from /opt/airflow/dags/Assignment-1_dags/Q2_dag.py
[2024-12-08T21:03:21.166+0000] {processor.py:925} INFO - DAG(s) 'hello_airflow_demo' retrieved from /opt/airflow/dags/Assignment-1_dags/Q2_dag.py
[2024-12-08T21:03:21.184+0000] {logging_mixin.py:190} INFO - [2024-12-08T21:03:21.184+0000] {dag.py:3239} INFO - Sync 1 DAGs
[2024-12-08T21:03:21.191+0000] {logging_mixin.py:190} INFO - [2024-12-08T21:03:21.191+0000] {dag.py:4180} INFO - Setting next_dagrun for hello_airflow_demo to None, run_after=None
[2024-12-08T21:03:21.200+0000] {processor.py:208} INFO - Processing /opt/airflow/dags/Assignment-1_dags/Q2_dag.py took 0.048 seconds
[2024-12-08T22:16:57.864+0000] {processor.py:186} INFO - Started process (PID=4356) to work on /opt/airflow/dags/Assignment-1_dags/Q2_dag.py
[2024-12-08T22:16:57.865+0000] {processor.py:914} INFO - Processing file /opt/airflow/dags/Assignment-1_dags/Q2_dag.py for tasks to queue
[2024-12-08T22:16:57.867+0000] {logging_mixin.py:190} INFO - [2024-12-08T22:16:57.866+0000] {dagbag.py:588} INFO - Filling up the DagBag from /opt/airflow/dags/Assignment-1_dags/Q2_dag.py
[2024-12-08T22:16:57.871+0000] {processor.py:925} INFO - DAG(s) 'hello_airflow_demo' retrieved from /opt/airflow/dags/Assignment-1_dags/Q2_dag.py
[2024-12-08T22:16:57.883+0000] {logging_mixin.py:190} INFO - [2024-12-08T22:16:57.883+0000] {dag.py:3239} INFO - Sync 1 DAGs
[2024-12-08T22:16:57.890+0000] {logging_mixin.py:190} INFO - [2024-12-08T22:16:57.890+0000] {dag.py:4180} INFO - Setting next_dagrun for hello_airflow_demo to None, run_after=None
[2024-12-08T22:16:57.897+0000] {processor.py:208} INFO - Processing /opt/airflow/dags/Assignment-1_dags/Q2_dag.py took 0.037 seconds
[2024-12-08T23:55:25.226+0000] {processor.py:186} INFO - Started process (PID=4365) to work on /opt/airflow/dags/Assignment-1_dags/Q2_dag.py
[2024-12-08T23:55:25.227+0000] {processor.py:914} INFO - Processing file /opt/airflow/dags/Assignment-1_dags/Q2_dag.py for tasks to queue
[2024-12-08T23:55:25.228+0000] {logging_mixin.py:190} INFO - [2024-12-08T23:55:25.228+0000] {dagbag.py:588} INFO - Filling up the DagBag from /opt/airflow/dags/Assignment-1_dags/Q2_dag.py
[2024-12-08T23:55:25.233+0000] {processor.py:925} INFO - DAG(s) 'hello_airflow_demo' retrieved from /opt/airflow/dags/Assignment-1_dags/Q2_dag.py
[2024-12-08T23:55:25.246+0000] {logging_mixin.py:190} INFO - [2024-12-08T23:55:25.246+0000] {dag.py:3239} INFO - Sync 1 DAGs
[2024-12-08T23:55:25.252+0000] {logging_mixin.py:190} INFO - [2024-12-08T23:55:25.252+0000] {dag.py:4180} INFO - Setting next_dagrun for hello_airflow_demo to None, run_after=None
[2024-12-08T23:55:25.259+0000] {processor.py:208} INFO - Processing /opt/airflow/dags/Assignment-1_dags/Q2_dag.py took 0.039 seconds
