[2024-12-08T00:27:29.414+0000] {processor.py:186} INFO - Started process (PID=4212) to work on /opt/airflow/dags/Assignment-1_dags/Q3_dag.py
[2024-12-08T00:27:29.418+0000] {processor.py:914} INFO - Processing file /opt/airflow/dags/Assignment-1_dags/Q3_dag.py for tasks to queue
[2024-12-08T00:27:29.421+0000] {logging_mixin.py:190} INFO - [2024-12-08T00:27:29.421+0000] {dagbag.py:588} INFO - Filling up the DagBag from /opt/airflow/dags/Assignment-1_dags/Q3_dag.py
[2024-12-08T00:27:29.438+0000] {processor.py:925} INFO - DAG(s) 'set_and_read_airflow_variable' retrieved from /opt/airflow/dags/Assignment-1_dags/Q3_dag.py
[2024-12-08T00:27:29.473+0000] {logging_mixin.py:190} INFO - [2024-12-08T00:27:29.473+0000] {dag.py:3239} INFO - Sync 1 DAGs
[2024-12-08T00:27:29.492+0000] {logging_mixin.py:190} INFO - [2024-12-08T00:27:29.492+0000] {dag.py:4180} INFO - Setting next_dagrun for set_and_read_airflow_variable to None, run_after=None
[2024-12-08T00:27:29.511+0000] {processor.py:208} INFO - Processing /opt/airflow/dags/Assignment-1_dags/Q3_dag.py took 0.110 seconds
[2024-12-08T02:09:00.894+0000] {processor.py:186} INFO - Started process (PID=4220) to work on /opt/airflow/dags/Assignment-1_dags/Q3_dag.py
[2024-12-08T02:09:00.899+0000] {processor.py:914} INFO - Processing file /opt/airflow/dags/Assignment-1_dags/Q3_dag.py for tasks to queue
[2024-12-08T02:09:00.905+0000] {logging_mixin.py:190} INFO - [2024-12-08T02:09:00.904+0000] {dagbag.py:588} INFO - Filling up the DagBag from /opt/airflow/dags/Assignment-1_dags/Q3_dag.py
[2024-12-08T02:09:00.921+0000] {processor.py:925} INFO - DAG(s) 'set_and_read_airflow_variable' retrieved from /opt/airflow/dags/Assignment-1_dags/Q3_dag.py
[2024-12-08T02:09:00.947+0000] {logging_mixin.py:190} INFO - [2024-12-08T02:09:00.947+0000] {dag.py:3239} INFO - Sync 1 DAGs
[2024-12-08T02:09:00.985+0000] {logging_mixin.py:190} INFO - [2024-12-08T02:09:00.985+0000] {dag.py:4180} INFO - Setting next_dagrun for set_and_read_airflow_variable to None, run_after=None
[2024-12-08T02:09:01.001+0000] {processor.py:208} INFO - Processing /opt/airflow/dags/Assignment-1_dags/Q3_dag.py took 0.124 seconds
[2024-12-08T03:32:23.405+0000] {processor.py:186} INFO - Started process (PID=4229) to work on /opt/airflow/dags/Assignment-1_dags/Q3_dag.py
[2024-12-08T03:32:23.410+0000] {processor.py:914} INFO - Processing file /opt/airflow/dags/Assignment-1_dags/Q3_dag.py for tasks to queue
[2024-12-08T03:32:23.423+0000] {logging_mixin.py:190} INFO - [2024-12-08T03:32:23.423+0000] {dagbag.py:588} INFO - Filling up the DagBag from /opt/airflow/dags/Assignment-1_dags/Q3_dag.py
[2024-12-08T03:32:23.453+0000] {processor.py:925} INFO - DAG(s) 'set_and_read_airflow_variable' retrieved from /opt/airflow/dags/Assignment-1_dags/Q3_dag.py
[2024-12-08T03:32:23.486+0000] {logging_mixin.py:190} INFO - [2024-12-08T03:32:23.486+0000] {dag.py:3239} INFO - Sync 1 DAGs
[2024-12-08T03:32:23.499+0000] {logging_mixin.py:190} INFO - [2024-12-08T03:32:23.499+0000] {dag.py:4180} INFO - Setting next_dagrun for set_and_read_airflow_variable to None, run_after=None
[2024-12-08T03:32:23.513+0000] {processor.py:208} INFO - Processing /opt/airflow/dags/Assignment-1_dags/Q3_dag.py took 0.119 seconds
[2024-12-08T04:46:02.210+0000] {processor.py:186} INFO - Started process (PID=4238) to work on /opt/airflow/dags/Assignment-1_dags/Q3_dag.py
[2024-12-08T04:46:02.211+0000] {processor.py:914} INFO - Processing file /opt/airflow/dags/Assignment-1_dags/Q3_dag.py for tasks to queue
[2024-12-08T04:46:02.216+0000] {logging_mixin.py:190} INFO - [2024-12-08T04:46:02.216+0000] {dagbag.py:588} INFO - Filling up the DagBag from /opt/airflow/dags/Assignment-1_dags/Q3_dag.py
[2024-12-08T04:46:02.245+0000] {processor.py:925} INFO - DAG(s) 'set_and_read_airflow_variable' retrieved from /opt/airflow/dags/Assignment-1_dags/Q3_dag.py
[2024-12-08T04:46:02.272+0000] {logging_mixin.py:190} INFO - [2024-12-08T04:46:02.272+0000] {dag.py:3239} INFO - Sync 1 DAGs
[2024-12-08T04:46:02.285+0000] {logging_mixin.py:190} INFO - [2024-12-08T04:46:02.285+0000] {dag.py:4180} INFO - Setting next_dagrun for set_and_read_airflow_variable to None, run_after=None
[2024-12-08T04:46:02.312+0000] {processor.py:208} INFO - Processing /opt/airflow/dags/Assignment-1_dags/Q3_dag.py took 0.111 seconds
[2024-12-08T06:24:16.003+0000] {processor.py:186} INFO - Started process (PID=4247) to work on /opt/airflow/dags/Assignment-1_dags/Q3_dag.py
[2024-12-08T06:24:16.004+0000] {processor.py:914} INFO - Processing file /opt/airflow/dags/Assignment-1_dags/Q3_dag.py for tasks to queue
[2024-12-08T06:24:16.016+0000] {logging_mixin.py:190} INFO - [2024-12-08T06:24:16.015+0000] {dagbag.py:588} INFO - Filling up the DagBag from /opt/airflow/dags/Assignment-1_dags/Q3_dag.py
[2024-12-08T06:24:16.031+0000] {processor.py:925} INFO - DAG(s) 'set_and_read_airflow_variable' retrieved from /opt/airflow/dags/Assignment-1_dags/Q3_dag.py
[2024-12-08T06:24:16.059+0000] {logging_mixin.py:190} INFO - [2024-12-08T06:24:16.059+0000] {dag.py:3239} INFO - Sync 1 DAGs
[2024-12-08T06:24:16.072+0000] {logging_mixin.py:190} INFO - [2024-12-08T06:24:16.071+0000] {dag.py:4180} INFO - Setting next_dagrun for set_and_read_airflow_variable to None, run_after=None
[2024-12-08T06:24:16.101+0000] {processor.py:208} INFO - Processing /opt/airflow/dags/Assignment-1_dags/Q3_dag.py took 0.111 seconds
[2024-12-08T07:48:55.919+0000] {processor.py:186} INFO - Started process (PID=4256) to work on /opt/airflow/dags/Assignment-1_dags/Q3_dag.py
[2024-12-08T07:48:55.922+0000] {processor.py:914} INFO - Processing file /opt/airflow/dags/Assignment-1_dags/Q3_dag.py for tasks to queue
[2024-12-08T07:48:55.926+0000] {logging_mixin.py:190} INFO - [2024-12-08T07:48:55.925+0000] {dagbag.py:588} INFO - Filling up the DagBag from /opt/airflow/dags/Assignment-1_dags/Q3_dag.py
[2024-12-08T07:48:55.944+0000] {processor.py:925} INFO - DAG(s) 'set_and_read_airflow_variable' retrieved from /opt/airflow/dags/Assignment-1_dags/Q3_dag.py
[2024-12-08T07:48:55.972+0000] {logging_mixin.py:190} INFO - [2024-12-08T07:48:55.972+0000] {dag.py:3239} INFO - Sync 1 DAGs
[2024-12-08T07:48:55.994+0000] {logging_mixin.py:190} INFO - [2024-12-08T07:48:55.994+0000] {dag.py:4180} INFO - Setting next_dagrun for set_and_read_airflow_variable to None, run_after=None
[2024-12-08T07:48:56.030+0000] {processor.py:208} INFO - Processing /opt/airflow/dags/Assignment-1_dags/Q3_dag.py took 0.138 seconds
[2024-12-08T09:14:36.690+0000] {processor.py:186} INFO - Started process (PID=4265) to work on /opt/airflow/dags/Assignment-1_dags/Q3_dag.py
[2024-12-08T09:14:36.693+0000] {processor.py:914} INFO - Processing file /opt/airflow/dags/Assignment-1_dags/Q3_dag.py for tasks to queue
[2024-12-08T09:14:36.701+0000] {logging_mixin.py:190} INFO - [2024-12-08T09:14:36.701+0000] {dagbag.py:588} INFO - Filling up the DagBag from /opt/airflow/dags/Assignment-1_dags/Q3_dag.py
[2024-12-08T09:14:36.713+0000] {processor.py:925} INFO - DAG(s) 'set_and_read_airflow_variable' retrieved from /opt/airflow/dags/Assignment-1_dags/Q3_dag.py
[2024-12-08T09:14:36.734+0000] {logging_mixin.py:190} INFO - [2024-12-08T09:14:36.734+0000] {dag.py:3239} INFO - Sync 1 DAGs
[2024-12-08T09:14:36.744+0000] {logging_mixin.py:190} INFO - [2024-12-08T09:14:36.744+0000] {dag.py:4180} INFO - Setting next_dagrun for set_and_read_airflow_variable to None, run_after=None
[2024-12-08T09:14:36.758+0000] {processor.py:208} INFO - Processing /opt/airflow/dags/Assignment-1_dags/Q3_dag.py took 0.073 seconds
[2024-12-08T10:30:31.621+0000] {processor.py:186} INFO - Started process (PID=4274) to work on /opt/airflow/dags/Assignment-1_dags/Q3_dag.py
[2024-12-08T10:30:31.622+0000] {processor.py:914} INFO - Processing file /opt/airflow/dags/Assignment-1_dags/Q3_dag.py for tasks to queue
[2024-12-08T10:30:31.626+0000] {logging_mixin.py:190} INFO - [2024-12-08T10:30:31.626+0000] {dagbag.py:588} INFO - Filling up the DagBag from /opt/airflow/dags/Assignment-1_dags/Q3_dag.py
[2024-12-08T10:30:31.637+0000] {processor.py:925} INFO - DAG(s) 'set_and_read_airflow_variable' retrieved from /opt/airflow/dags/Assignment-1_dags/Q3_dag.py
[2024-12-08T10:30:31.661+0000] {logging_mixin.py:190} INFO - [2024-12-08T10:30:31.661+0000] {dag.py:3239} INFO - Sync 1 DAGs
[2024-12-08T10:30:31.671+0000] {logging_mixin.py:190} INFO - [2024-12-08T10:30:31.670+0000] {dag.py:4180} INFO - Setting next_dagrun for set_and_read_airflow_variable to None, run_after=None
[2024-12-08T10:30:31.688+0000] {processor.py:208} INFO - Processing /opt/airflow/dags/Assignment-1_dags/Q3_dag.py took 0.093 seconds
[2024-12-08T10:31:02.113+0000] {processor.py:186} INFO - Started process (PID=4283) to work on /opt/airflow/dags/Assignment-1_dags/Q3_dag.py
[2024-12-08T10:31:02.114+0000] {processor.py:914} INFO - Processing file /opt/airflow/dags/Assignment-1_dags/Q3_dag.py for tasks to queue
[2024-12-08T10:31:02.117+0000] {logging_mixin.py:190} INFO - [2024-12-08T10:31:02.116+0000] {dagbag.py:588} INFO - Filling up the DagBag from /opt/airflow/dags/Assignment-1_dags/Q3_dag.py
[2024-12-08T10:31:02.131+0000] {processor.py:925} INFO - DAG(s) 'set_and_read_airflow_variable' retrieved from /opt/airflow/dags/Assignment-1_dags/Q3_dag.py
[2024-12-08T10:31:02.203+0000] {logging_mixin.py:190} INFO - [2024-12-08T10:31:02.203+0000] {dag.py:3239} INFO - Sync 1 DAGs
[2024-12-08T10:31:02.219+0000] {logging_mixin.py:190} INFO - [2024-12-08T10:31:02.219+0000] {dag.py:4180} INFO - Setting next_dagrun for set_and_read_airflow_variable to None, run_after=None
[2024-12-08T10:31:02.258+0000] {processor.py:208} INFO - Processing /opt/airflow/dags/Assignment-1_dags/Q3_dag.py took 0.153 seconds
[2024-12-08T12:11:37.584+0000] {processor.py:186} INFO - Started process (PID=4292) to work on /opt/airflow/dags/Assignment-1_dags/Q3_dag.py
[2024-12-08T12:11:37.588+0000] {processor.py:914} INFO - Processing file /opt/airflow/dags/Assignment-1_dags/Q3_dag.py for tasks to queue
[2024-12-08T12:11:37.601+0000] {logging_mixin.py:190} INFO - [2024-12-08T12:11:37.599+0000] {dagbag.py:588} INFO - Filling up the DagBag from /opt/airflow/dags/Assignment-1_dags/Q3_dag.py
[2024-12-08T12:11:37.627+0000] {processor.py:925} INFO - DAG(s) 'set_and_read_airflow_variable' retrieved from /opt/airflow/dags/Assignment-1_dags/Q3_dag.py
[2024-12-08T12:11:37.669+0000] {logging_mixin.py:190} INFO - [2024-12-08T12:11:37.669+0000] {dag.py:3239} INFO - Sync 1 DAGs
[2024-12-08T12:11:37.687+0000] {logging_mixin.py:190} INFO - [2024-12-08T12:11:37.686+0000] {dag.py:4180} INFO - Setting next_dagrun for set_and_read_airflow_variable to None, run_after=None
[2024-12-08T12:11:37.717+0000] {processor.py:208} INFO - Processing /opt/airflow/dags/Assignment-1_dags/Q3_dag.py took 0.143 seconds
[2024-12-08T13:31:53.971+0000] {processor.py:186} INFO - Started process (PID=4301) to work on /opt/airflow/dags/Assignment-1_dags/Q3_dag.py
[2024-12-08T13:31:53.977+0000] {processor.py:914} INFO - Processing file /opt/airflow/dags/Assignment-1_dags/Q3_dag.py for tasks to queue
[2024-12-08T13:31:53.989+0000] {logging_mixin.py:190} INFO - [2024-12-08T13:31:53.988+0000] {dagbag.py:588} INFO - Filling up the DagBag from /opt/airflow/dags/Assignment-1_dags/Q3_dag.py
[2024-12-08T13:31:54.008+0000] {processor.py:925} INFO - DAG(s) 'set_and_read_airflow_variable' retrieved from /opt/airflow/dags/Assignment-1_dags/Q3_dag.py
[2024-12-08T13:31:54.033+0000] {logging_mixin.py:190} INFO - [2024-12-08T13:31:54.033+0000] {dag.py:3239} INFO - Sync 1 DAGs
[2024-12-08T13:31:54.055+0000] {logging_mixin.py:190} INFO - [2024-12-08T13:31:54.055+0000] {dag.py:4180} INFO - Setting next_dagrun for set_and_read_airflow_variable to None, run_after=None
[2024-12-08T13:31:54.080+0000] {processor.py:208} INFO - Processing /opt/airflow/dags/Assignment-1_dags/Q3_dag.py took 0.122 seconds
[2024-12-08T14:52:17.839+0000] {processor.py:186} INFO - Started process (PID=4310) to work on /opt/airflow/dags/Assignment-1_dags/Q3_dag.py
[2024-12-08T14:52:17.842+0000] {processor.py:914} INFO - Processing file /opt/airflow/dags/Assignment-1_dags/Q3_dag.py for tasks to queue
[2024-12-08T14:52:17.850+0000] {logging_mixin.py:190} INFO - [2024-12-08T14:52:17.849+0000] {dagbag.py:588} INFO - Filling up the DagBag from /opt/airflow/dags/Assignment-1_dags/Q3_dag.py
[2024-12-08T14:52:17.869+0000] {processor.py:925} INFO - DAG(s) 'set_and_read_airflow_variable' retrieved from /opt/airflow/dags/Assignment-1_dags/Q3_dag.py
[2024-12-08T14:52:17.897+0000] {logging_mixin.py:190} INFO - [2024-12-08T14:52:17.897+0000] {dag.py:3239} INFO - Sync 1 DAGs
[2024-12-08T14:52:17.923+0000] {logging_mixin.py:190} INFO - [2024-12-08T14:52:17.923+0000] {dag.py:4180} INFO - Setting next_dagrun for set_and_read_airflow_variable to None, run_after=None
[2024-12-08T14:52:17.940+0000] {processor.py:208} INFO - Processing /opt/airflow/dags/Assignment-1_dags/Q3_dag.py took 0.121 seconds
[2024-12-08T16:34:39.148+0000] {processor.py:186} INFO - Started process (PID=4319) to work on /opt/airflow/dags/Assignment-1_dags/Q3_dag.py
[2024-12-08T16:34:39.149+0000] {processor.py:914} INFO - Processing file /opt/airflow/dags/Assignment-1_dags/Q3_dag.py for tasks to queue
[2024-12-08T16:34:39.156+0000] {logging_mixin.py:190} INFO - [2024-12-08T16:34:39.155+0000] {dagbag.py:588} INFO - Filling up the DagBag from /opt/airflow/dags/Assignment-1_dags/Q3_dag.py
[2024-12-08T16:34:39.188+0000] {processor.py:925} INFO - DAG(s) 'set_and_read_airflow_variable' retrieved from /opt/airflow/dags/Assignment-1_dags/Q3_dag.py
[2024-12-08T16:34:39.214+0000] {logging_mixin.py:190} INFO - [2024-12-08T16:34:39.214+0000] {dag.py:3239} INFO - Sync 1 DAGs
[2024-12-08T16:34:39.227+0000] {logging_mixin.py:190} INFO - [2024-12-08T16:34:39.227+0000] {dag.py:4180} INFO - Setting next_dagrun for set_and_read_airflow_variable to None, run_after=None
[2024-12-08T16:34:39.243+0000] {processor.py:208} INFO - Processing /opt/airflow/dags/Assignment-1_dags/Q3_dag.py took 0.103 seconds
[2024-12-08T18:00:37.986+0000] {processor.py:186} INFO - Started process (PID=4328) to work on /opt/airflow/dags/Assignment-1_dags/Q3_dag.py
[2024-12-08T18:00:37.992+0000] {processor.py:914} INFO - Processing file /opt/airflow/dags/Assignment-1_dags/Q3_dag.py for tasks to queue
[2024-12-08T18:00:37.998+0000] {logging_mixin.py:190} INFO - [2024-12-08T18:00:37.997+0000] {dagbag.py:588} INFO - Filling up the DagBag from /opt/airflow/dags/Assignment-1_dags/Q3_dag.py
[2024-12-08T18:00:38.015+0000] {processor.py:925} INFO - DAG(s) 'set_and_read_airflow_variable' retrieved from /opt/airflow/dags/Assignment-1_dags/Q3_dag.py
[2024-12-08T18:00:38.041+0000] {logging_mixin.py:190} INFO - [2024-12-08T18:00:38.041+0000] {dag.py:3239} INFO - Sync 1 DAGs
[2024-12-08T18:00:38.053+0000] {logging_mixin.py:190} INFO - [2024-12-08T18:00:38.053+0000] {dag.py:4180} INFO - Setting next_dagrun for set_and_read_airflow_variable to None, run_after=None
[2024-12-08T18:00:38.065+0000] {processor.py:208} INFO - Processing /opt/airflow/dags/Assignment-1_dags/Q3_dag.py took 0.102 seconds
[2024-12-08T19:41:06.253+0000] {processor.py:186} INFO - Started process (PID=4337) to work on /opt/airflow/dags/Assignment-1_dags/Q3_dag.py
[2024-12-08T19:41:06.254+0000] {processor.py:914} INFO - Processing file /opt/airflow/dags/Assignment-1_dags/Q3_dag.py for tasks to queue
[2024-12-08T19:41:06.259+0000] {logging_mixin.py:190} INFO - [2024-12-08T19:41:06.259+0000] {dagbag.py:588} INFO - Filling up the DagBag from /opt/airflow/dags/Assignment-1_dags/Q3_dag.py
[2024-12-08T19:41:06.277+0000] {processor.py:925} INFO - DAG(s) 'set_and_read_airflow_variable' retrieved from /opt/airflow/dags/Assignment-1_dags/Q3_dag.py
[2024-12-08T19:41:06.316+0000] {logging_mixin.py:190} INFO - [2024-12-08T19:41:06.315+0000] {dag.py:3239} INFO - Sync 1 DAGs
[2024-12-08T19:41:06.329+0000] {logging_mixin.py:190} INFO - [2024-12-08T19:41:06.328+0000] {dag.py:4180} INFO - Setting next_dagrun for set_and_read_airflow_variable to None, run_after=None
[2024-12-08T19:41:06.343+0000] {processor.py:208} INFO - Processing /opt/airflow/dags/Assignment-1_dags/Q3_dag.py took 0.097 seconds
[2024-12-08T21:03:21.052+0000] {processor.py:186} INFO - Started process (PID=4346) to work on /opt/airflow/dags/Assignment-1_dags/Q3_dag.py
[2024-12-08T21:03:21.053+0000] {processor.py:914} INFO - Processing file /opt/airflow/dags/Assignment-1_dags/Q3_dag.py for tasks to queue
[2024-12-08T21:03:21.058+0000] {logging_mixin.py:190} INFO - [2024-12-08T21:03:21.058+0000] {dagbag.py:588} INFO - Filling up the DagBag from /opt/airflow/dags/Assignment-1_dags/Q3_dag.py
[2024-12-08T21:03:21.076+0000] {processor.py:925} INFO - DAG(s) 'set_and_read_airflow_variable' retrieved from /opt/airflow/dags/Assignment-1_dags/Q3_dag.py
[2024-12-08T21:03:21.101+0000] {logging_mixin.py:190} INFO - [2024-12-08T21:03:21.101+0000] {dag.py:3239} INFO - Sync 1 DAGs
[2024-12-08T21:03:21.124+0000] {logging_mixin.py:190} INFO - [2024-12-08T21:03:21.123+0000] {dag.py:4180} INFO - Setting next_dagrun for set_and_read_airflow_variable to None, run_after=None
[2024-12-08T21:03:21.138+0000] {processor.py:208} INFO - Processing /opt/airflow/dags/Assignment-1_dags/Q3_dag.py took 0.106 seconds
[2024-12-08T22:16:57.731+0000] {processor.py:186} INFO - Started process (PID=4355) to work on /opt/airflow/dags/Assignment-1_dags/Q3_dag.py
[2024-12-08T22:16:57.733+0000] {processor.py:914} INFO - Processing file /opt/airflow/dags/Assignment-1_dags/Q3_dag.py for tasks to queue
[2024-12-08T22:16:57.737+0000] {logging_mixin.py:190} INFO - [2024-12-08T22:16:57.736+0000] {dagbag.py:588} INFO - Filling up the DagBag from /opt/airflow/dags/Assignment-1_dags/Q3_dag.py
[2024-12-08T22:16:57.756+0000] {processor.py:925} INFO - DAG(s) 'set_and_read_airflow_variable' retrieved from /opt/airflow/dags/Assignment-1_dags/Q3_dag.py
[2024-12-08T22:16:57.807+0000] {logging_mixin.py:190} INFO - [2024-12-08T22:16:57.807+0000] {dag.py:3239} INFO - Sync 1 DAGs
[2024-12-08T22:16:57.826+0000] {logging_mixin.py:190} INFO - [2024-12-08T22:16:57.826+0000] {dag.py:4180} INFO - Setting next_dagrun for set_and_read_airflow_variable to None, run_after=None
[2024-12-08T22:16:57.848+0000] {processor.py:208} INFO - Processing /opt/airflow/dags/Assignment-1_dags/Q3_dag.py took 0.135 seconds
[2024-12-08T23:55:25.103+0000] {processor.py:186} INFO - Started process (PID=4364) to work on /opt/airflow/dags/Assignment-1_dags/Q3_dag.py
[2024-12-08T23:55:25.107+0000] {processor.py:914} INFO - Processing file /opt/airflow/dags/Assignment-1_dags/Q3_dag.py for tasks to queue
[2024-12-08T23:55:25.110+0000] {logging_mixin.py:190} INFO - [2024-12-08T23:55:25.110+0000] {dagbag.py:588} INFO - Filling up the DagBag from /opt/airflow/dags/Assignment-1_dags/Q3_dag.py
[2024-12-08T23:55:25.134+0000] {processor.py:925} INFO - DAG(s) 'set_and_read_airflow_variable' retrieved from /opt/airflow/dags/Assignment-1_dags/Q3_dag.py
[2024-12-08T23:55:25.172+0000] {logging_mixin.py:190} INFO - [2024-12-08T23:55:25.172+0000] {dag.py:3239} INFO - Sync 1 DAGs
[2024-12-08T23:55:25.188+0000] {logging_mixin.py:190} INFO - [2024-12-08T23:55:25.188+0000] {dag.py:4180} INFO - Setting next_dagrun for set_and_read_airflow_variable to None, run_after=None
[2024-12-08T23:55:25.205+0000] {processor.py:208} INFO - Processing /opt/airflow/dags/Assignment-1_dags/Q3_dag.py took 0.109 seconds
