[2024-12-08T00:27:29.412+0000] {processor.py:186} INFO - Started process (PID=4211) to work on /opt/airflow/dags/Assignment-1_dags/Q4_dag.py
[2024-12-08T00:27:29.414+0000] {processor.py:914} INFO - Processing file /opt/airflow/dags/Assignment-1_dags/Q4_dag.py for tasks to queue
[2024-12-08T00:27:29.421+0000] {logging_mixin.py:190} INFO - [2024-12-08T00:27:29.421+0000] {dagbag.py:588} INFO - Filling up the DagBag from /opt/airflow/dags/Assignment-1_dags/Q4_dag.py
[2024-12-08T00:27:29.438+0000] {processor.py:925} INFO - DAG(s) 'send_alert_google_chat' retrieved from /opt/airflow/dags/Assignment-1_dags/Q4_dag.py
[2024-12-08T00:27:29.473+0000] {logging_mixin.py:190} INFO - [2024-12-08T00:27:29.473+0000] {dag.py:3239} INFO - Sync 1 DAGs
[2024-12-08T00:27:29.492+0000] {logging_mixin.py:190} INFO - [2024-12-08T00:27:29.492+0000] {dag.py:4180} INFO - Setting next_dagrun for send_alert_google_chat to None, run_after=None
[2024-12-08T00:27:29.508+0000] {processor.py:208} INFO - Processing /opt/airflow/dags/Assignment-1_dags/Q4_dag.py took 0.116 seconds
[2024-12-08T02:09:00.884+0000] {processor.py:186} INFO - Started process (PID=4219) to work on /opt/airflow/dags/Assignment-1_dags/Q4_dag.py
[2024-12-08T02:09:00.887+0000] {processor.py:914} INFO - Processing file /opt/airflow/dags/Assignment-1_dags/Q4_dag.py for tasks to queue
[2024-12-08T02:09:00.902+0000] {logging_mixin.py:190} INFO - [2024-12-08T02:09:00.901+0000] {dagbag.py:588} INFO - Filling up the DagBag from /opt/airflow/dags/Assignment-1_dags/Q4_dag.py
[2024-12-08T02:09:00.921+0000] {processor.py:925} INFO - DAG(s) 'send_alert_google_chat' retrieved from /opt/airflow/dags/Assignment-1_dags/Q4_dag.py
[2024-12-08T02:09:00.946+0000] {logging_mixin.py:190} INFO - [2024-12-08T02:09:00.946+0000] {dag.py:3239} INFO - Sync 1 DAGs
[2024-12-08T02:09:00.985+0000] {logging_mixin.py:190} INFO - [2024-12-08T02:09:00.985+0000] {dag.py:4180} INFO - Setting next_dagrun for send_alert_google_chat to None, run_after=None
[2024-12-08T02:09:00.999+0000] {processor.py:208} INFO - Processing /opt/airflow/dags/Assignment-1_dags/Q4_dag.py took 0.127 seconds
[2024-12-08T03:32:23.405+0000] {processor.py:186} INFO - Started process (PID=4228) to work on /opt/airflow/dags/Assignment-1_dags/Q4_dag.py
[2024-12-08T03:32:23.410+0000] {processor.py:914} INFO - Processing file /opt/airflow/dags/Assignment-1_dags/Q4_dag.py for tasks to queue
[2024-12-08T03:32:23.422+0000] {logging_mixin.py:190} INFO - [2024-12-08T03:32:23.422+0000] {dagbag.py:588} INFO - Filling up the DagBag from /opt/airflow/dags/Assignment-1_dags/Q4_dag.py
[2024-12-08T03:32:23.452+0000] {processor.py:925} INFO - DAG(s) 'send_alert_google_chat' retrieved from /opt/airflow/dags/Assignment-1_dags/Q4_dag.py
[2024-12-08T03:32:23.486+0000] {logging_mixin.py:190} INFO - [2024-12-08T03:32:23.486+0000] {dag.py:3239} INFO - Sync 1 DAGs
[2024-12-08T03:32:23.499+0000] {logging_mixin.py:190} INFO - [2024-12-08T03:32:23.499+0000] {dag.py:4180} INFO - Setting next_dagrun for send_alert_google_chat to None, run_after=None
[2024-12-08T03:32:23.516+0000] {processor.py:208} INFO - Processing /opt/airflow/dags/Assignment-1_dags/Q4_dag.py took 0.122 seconds
[2024-12-08T04:46:02.210+0000] {processor.py:186} INFO - Started process (PID=4237) to work on /opt/airflow/dags/Assignment-1_dags/Q4_dag.py
[2024-12-08T04:46:02.211+0000] {processor.py:914} INFO - Processing file /opt/airflow/dags/Assignment-1_dags/Q4_dag.py for tasks to queue
[2024-12-08T04:46:02.215+0000] {logging_mixin.py:190} INFO - [2024-12-08T04:46:02.215+0000] {dagbag.py:588} INFO - Filling up the DagBag from /opt/airflow/dags/Assignment-1_dags/Q4_dag.py
[2024-12-08T04:46:02.245+0000] {processor.py:925} INFO - DAG(s) 'send_alert_google_chat' retrieved from /opt/airflow/dags/Assignment-1_dags/Q4_dag.py
[2024-12-08T04:46:02.272+0000] {logging_mixin.py:190} INFO - [2024-12-08T04:46:02.272+0000] {dag.py:3239} INFO - Sync 1 DAGs
[2024-12-08T04:46:02.285+0000] {logging_mixin.py:190} INFO - [2024-12-08T04:46:02.285+0000] {dag.py:4180} INFO - Setting next_dagrun for send_alert_google_chat to None, run_after=None
[2024-12-08T04:46:02.312+0000] {processor.py:208} INFO - Processing /opt/airflow/dags/Assignment-1_dags/Q4_dag.py took 0.113 seconds
[2024-12-08T06:24:16.003+0000] {processor.py:186} INFO - Started process (PID=4246) to work on /opt/airflow/dags/Assignment-1_dags/Q4_dag.py
[2024-12-08T06:24:16.013+0000] {processor.py:914} INFO - Processing file /opt/airflow/dags/Assignment-1_dags/Q4_dag.py for tasks to queue
[2024-12-08T06:24:16.016+0000] {logging_mixin.py:190} INFO - [2024-12-08T06:24:16.016+0000] {dagbag.py:588} INFO - Filling up the DagBag from /opt/airflow/dags/Assignment-1_dags/Q4_dag.py
[2024-12-08T06:24:16.031+0000] {processor.py:925} INFO - DAG(s) 'send_alert_google_chat' retrieved from /opt/airflow/dags/Assignment-1_dags/Q4_dag.py
[2024-12-08T06:24:16.058+0000] {logging_mixin.py:190} INFO - [2024-12-08T06:24:16.058+0000] {dag.py:3239} INFO - Sync 1 DAGs
[2024-12-08T06:24:16.072+0000] {logging_mixin.py:190} INFO - [2024-12-08T06:24:16.071+0000] {dag.py:4180} INFO - Setting next_dagrun for send_alert_google_chat to None, run_after=None
[2024-12-08T06:24:16.101+0000] {processor.py:208} INFO - Processing /opt/airflow/dags/Assignment-1_dags/Q4_dag.py took 0.120 seconds
[2024-12-08T07:48:55.919+0000] {processor.py:186} INFO - Started process (PID=4255) to work on /opt/airflow/dags/Assignment-1_dags/Q4_dag.py
[2024-12-08T07:48:55.920+0000] {processor.py:914} INFO - Processing file /opt/airflow/dags/Assignment-1_dags/Q4_dag.py for tasks to queue
[2024-12-08T07:48:55.925+0000] {logging_mixin.py:190} INFO - [2024-12-08T07:48:55.924+0000] {dagbag.py:588} INFO - Filling up the DagBag from /opt/airflow/dags/Assignment-1_dags/Q4_dag.py
[2024-12-08T07:48:55.944+0000] {processor.py:925} INFO - DAG(s) 'send_alert_google_chat' retrieved from /opt/airflow/dags/Assignment-1_dags/Q4_dag.py
[2024-12-08T07:48:55.971+0000] {logging_mixin.py:190} INFO - [2024-12-08T07:48:55.971+0000] {dag.py:3239} INFO - Sync 1 DAGs
[2024-12-08T07:48:55.995+0000] {logging_mixin.py:190} INFO - [2024-12-08T07:48:55.995+0000] {dag.py:4180} INFO - Setting next_dagrun for send_alert_google_chat to None, run_after=None
[2024-12-08T07:48:56.028+0000] {processor.py:208} INFO - Processing /opt/airflow/dags/Assignment-1_dags/Q4_dag.py took 0.137 seconds
[2024-12-08T09:14:36.690+0000] {processor.py:186} INFO - Started process (PID=4264) to work on /opt/airflow/dags/Assignment-1_dags/Q4_dag.py
[2024-12-08T09:14:36.691+0000] {processor.py:914} INFO - Processing file /opt/airflow/dags/Assignment-1_dags/Q4_dag.py for tasks to queue
[2024-12-08T09:14:36.702+0000] {logging_mixin.py:190} INFO - [2024-12-08T09:14:36.701+0000] {dagbag.py:588} INFO - Filling up the DagBag from /opt/airflow/dags/Assignment-1_dags/Q4_dag.py
[2024-12-08T09:14:36.713+0000] {processor.py:925} INFO - DAG(s) 'send_alert_google_chat' retrieved from /opt/airflow/dags/Assignment-1_dags/Q4_dag.py
[2024-12-08T09:14:36.734+0000] {logging_mixin.py:190} INFO - [2024-12-08T09:14:36.734+0000] {dag.py:3239} INFO - Sync 1 DAGs
[2024-12-08T09:14:36.744+0000] {logging_mixin.py:190} INFO - [2024-12-08T09:14:36.743+0000] {dag.py:4180} INFO - Setting next_dagrun for send_alert_google_chat to None, run_after=None
[2024-12-08T09:14:36.758+0000] {processor.py:208} INFO - Processing /opt/airflow/dags/Assignment-1_dags/Q4_dag.py took 0.075 seconds
[2024-12-08T10:30:31.621+0000] {processor.py:186} INFO - Started process (PID=4273) to work on /opt/airflow/dags/Assignment-1_dags/Q4_dag.py
[2024-12-08T10:30:31.622+0000] {processor.py:914} INFO - Processing file /opt/airflow/dags/Assignment-1_dags/Q4_dag.py for tasks to queue
[2024-12-08T10:30:31.627+0000] {logging_mixin.py:190} INFO - [2024-12-08T10:30:31.627+0000] {dagbag.py:588} INFO - Filling up the DagBag from /opt/airflow/dags/Assignment-1_dags/Q4_dag.py
[2024-12-08T10:30:31.639+0000] {processor.py:925} INFO - DAG(s) 'send_alert_google_chat' retrieved from /opt/airflow/dags/Assignment-1_dags/Q4_dag.py
[2024-12-08T10:30:31.660+0000] {logging_mixin.py:190} INFO - [2024-12-08T10:30:31.660+0000] {dag.py:3239} INFO - Sync 1 DAGs
[2024-12-08T10:30:31.672+0000] {logging_mixin.py:190} INFO - [2024-12-08T10:30:31.672+0000] {dag.py:4180} INFO - Setting next_dagrun for send_alert_google_chat to None, run_after=None
[2024-12-08T10:30:31.688+0000] {processor.py:208} INFO - Processing /opt/airflow/dags/Assignment-1_dags/Q4_dag.py took 0.096 seconds
[2024-12-08T10:31:02.109+0000] {processor.py:186} INFO - Started process (PID=4282) to work on /opt/airflow/dags/Assignment-1_dags/Q4_dag.py
[2024-12-08T10:31:02.111+0000] {processor.py:914} INFO - Processing file /opt/airflow/dags/Assignment-1_dags/Q4_dag.py for tasks to queue
[2024-12-08T10:31:02.118+0000] {logging_mixin.py:190} INFO - [2024-12-08T10:31:02.117+0000] {dagbag.py:588} INFO - Filling up the DagBag from /opt/airflow/dags/Assignment-1_dags/Q4_dag.py
[2024-12-08T10:31:02.140+0000] {processor.py:925} INFO - DAG(s) 'send_alert_google_chat' retrieved from /opt/airflow/dags/Assignment-1_dags/Q4_dag.py
[2024-12-08T10:31:02.203+0000] {logging_mixin.py:190} INFO - [2024-12-08T10:31:02.203+0000] {dag.py:3239} INFO - Sync 1 DAGs
[2024-12-08T10:31:02.222+0000] {logging_mixin.py:190} INFO - [2024-12-08T10:31:02.222+0000] {dag.py:4180} INFO - Setting next_dagrun for send_alert_google_chat to None, run_after=None
[2024-12-08T10:31:02.258+0000] {processor.py:208} INFO - Processing /opt/airflow/dags/Assignment-1_dags/Q4_dag.py took 0.158 seconds
[2024-12-08T12:11:37.584+0000] {processor.py:186} INFO - Started process (PID=4291) to work on /opt/airflow/dags/Assignment-1_dags/Q4_dag.py
[2024-12-08T12:11:37.585+0000] {processor.py:914} INFO - Processing file /opt/airflow/dags/Assignment-1_dags/Q4_dag.py for tasks to queue
[2024-12-08T12:11:37.601+0000] {logging_mixin.py:190} INFO - [2024-12-08T12:11:37.599+0000] {dagbag.py:588} INFO - Filling up the DagBag from /opt/airflow/dags/Assignment-1_dags/Q4_dag.py
[2024-12-08T12:11:37.627+0000] {processor.py:925} INFO - DAG(s) 'send_alert_google_chat' retrieved from /opt/airflow/dags/Assignment-1_dags/Q4_dag.py
[2024-12-08T12:11:37.670+0000] {logging_mixin.py:190} INFO - [2024-12-08T12:11:37.669+0000] {dag.py:3239} INFO - Sync 1 DAGs
[2024-12-08T12:11:37.687+0000] {logging_mixin.py:190} INFO - [2024-12-08T12:11:37.686+0000] {dag.py:4180} INFO - Setting next_dagrun for send_alert_google_chat to None, run_after=None
[2024-12-08T12:11:37.717+0000] {processor.py:208} INFO - Processing /opt/airflow/dags/Assignment-1_dags/Q4_dag.py took 0.143 seconds
[2024-12-08T13:31:53.964+0000] {processor.py:186} INFO - Started process (PID=4300) to work on /opt/airflow/dags/Assignment-1_dags/Q4_dag.py
[2024-12-08T13:31:53.967+0000] {processor.py:914} INFO - Processing file /opt/airflow/dags/Assignment-1_dags/Q4_dag.py for tasks to queue
[2024-12-08T13:31:53.981+0000] {logging_mixin.py:190} INFO - [2024-12-08T13:31:53.980+0000] {dagbag.py:588} INFO - Filling up the DagBag from /opt/airflow/dags/Assignment-1_dags/Q4_dag.py
[2024-12-08T13:31:54.007+0000] {processor.py:925} INFO - DAG(s) 'send_alert_google_chat' retrieved from /opt/airflow/dags/Assignment-1_dags/Q4_dag.py
[2024-12-08T13:31:54.034+0000] {logging_mixin.py:190} INFO - [2024-12-08T13:31:54.034+0000] {dag.py:3239} INFO - Sync 1 DAGs
[2024-12-08T13:31:54.055+0000] {logging_mixin.py:190} INFO - [2024-12-08T13:31:54.055+0000] {dag.py:4180} INFO - Setting next_dagrun for send_alert_google_chat to None, run_after=None
[2024-12-08T13:31:54.080+0000] {processor.py:208} INFO - Processing /opt/airflow/dags/Assignment-1_dags/Q4_dag.py took 0.125 seconds
[2024-12-08T14:52:17.837+0000] {processor.py:186} INFO - Started process (PID=4309) to work on /opt/airflow/dags/Assignment-1_dags/Q4_dag.py
[2024-12-08T14:52:17.839+0000] {processor.py:914} INFO - Processing file /opt/airflow/dags/Assignment-1_dags/Q4_dag.py for tasks to queue
[2024-12-08T14:52:17.851+0000] {logging_mixin.py:190} INFO - [2024-12-08T14:52:17.850+0000] {dagbag.py:588} INFO - Filling up the DagBag from /opt/airflow/dags/Assignment-1_dags/Q4_dag.py
[2024-12-08T14:52:17.869+0000] {processor.py:925} INFO - DAG(s) 'send_alert_google_chat' retrieved from /opt/airflow/dags/Assignment-1_dags/Q4_dag.py
[2024-12-08T14:52:17.897+0000] {logging_mixin.py:190} INFO - [2024-12-08T14:52:17.897+0000] {dag.py:3239} INFO - Sync 1 DAGs
[2024-12-08T14:52:17.923+0000] {logging_mixin.py:190} INFO - [2024-12-08T14:52:17.923+0000] {dag.py:4180} INFO - Setting next_dagrun for send_alert_google_chat to None, run_after=None
[2024-12-08T14:52:17.940+0000] {processor.py:208} INFO - Processing /opt/airflow/dags/Assignment-1_dags/Q4_dag.py took 0.121 seconds
[2024-12-08T16:34:39.148+0000] {processor.py:186} INFO - Started process (PID=4318) to work on /opt/airflow/dags/Assignment-1_dags/Q4_dag.py
[2024-12-08T16:34:39.149+0000] {processor.py:914} INFO - Processing file /opt/airflow/dags/Assignment-1_dags/Q4_dag.py for tasks to queue
[2024-12-08T16:34:39.156+0000] {logging_mixin.py:190} INFO - [2024-12-08T16:34:39.155+0000] {dagbag.py:588} INFO - Filling up the DagBag from /opt/airflow/dags/Assignment-1_dags/Q4_dag.py
[2024-12-08T16:34:39.188+0000] {processor.py:925} INFO - DAG(s) 'send_alert_google_chat' retrieved from /opt/airflow/dags/Assignment-1_dags/Q4_dag.py
[2024-12-08T16:34:39.214+0000] {logging_mixin.py:190} INFO - [2024-12-08T16:34:39.214+0000] {dag.py:3239} INFO - Sync 1 DAGs
[2024-12-08T16:34:39.228+0000] {logging_mixin.py:190} INFO - [2024-12-08T16:34:39.228+0000] {dag.py:4180} INFO - Setting next_dagrun for send_alert_google_chat to None, run_after=None
[2024-12-08T16:34:39.243+0000] {processor.py:208} INFO - Processing /opt/airflow/dags/Assignment-1_dags/Q4_dag.py took 0.104 seconds
[2024-12-08T18:00:37.986+0000] {processor.py:186} INFO - Started process (PID=4327) to work on /opt/airflow/dags/Assignment-1_dags/Q4_dag.py
[2024-12-08T18:00:37.987+0000] {processor.py:914} INFO - Processing file /opt/airflow/dags/Assignment-1_dags/Q4_dag.py for tasks to queue
[2024-12-08T18:00:37.997+0000] {logging_mixin.py:190} INFO - [2024-12-08T18:00:37.997+0000] {dagbag.py:588} INFO - Filling up the DagBag from /opt/airflow/dags/Assignment-1_dags/Q4_dag.py
[2024-12-08T18:00:38.015+0000] {processor.py:925} INFO - DAG(s) 'send_alert_google_chat' retrieved from /opt/airflow/dags/Assignment-1_dags/Q4_dag.py
[2024-12-08T18:00:38.041+0000] {logging_mixin.py:190} INFO - [2024-12-08T18:00:38.041+0000] {dag.py:3239} INFO - Sync 1 DAGs
[2024-12-08T18:00:38.053+0000] {logging_mixin.py:190} INFO - [2024-12-08T18:00:38.053+0000] {dag.py:4180} INFO - Setting next_dagrun for send_alert_google_chat to None, run_after=None
[2024-12-08T18:00:38.065+0000] {processor.py:208} INFO - Processing /opt/airflow/dags/Assignment-1_dags/Q4_dag.py took 0.106 seconds
[2024-12-08T19:41:06.253+0000] {processor.py:186} INFO - Started process (PID=4336) to work on /opt/airflow/dags/Assignment-1_dags/Q4_dag.py
[2024-12-08T19:41:06.256+0000] {processor.py:914} INFO - Processing file /opt/airflow/dags/Assignment-1_dags/Q4_dag.py for tasks to queue
[2024-12-08T19:41:06.260+0000] {logging_mixin.py:190} INFO - [2024-12-08T19:41:06.260+0000] {dagbag.py:588} INFO - Filling up the DagBag from /opt/airflow/dags/Assignment-1_dags/Q4_dag.py
[2024-12-08T19:41:06.276+0000] {processor.py:925} INFO - DAG(s) 'send_alert_google_chat' retrieved from /opt/airflow/dags/Assignment-1_dags/Q4_dag.py
[2024-12-08T19:41:06.316+0000] {logging_mixin.py:190} INFO - [2024-12-08T19:41:06.316+0000] {dag.py:3239} INFO - Sync 1 DAGs
[2024-12-08T19:41:06.331+0000] {logging_mixin.py:190} INFO - [2024-12-08T19:41:06.330+0000] {dag.py:4180} INFO - Setting next_dagrun for send_alert_google_chat to None, run_after=None
[2024-12-08T19:41:06.343+0000] {processor.py:208} INFO - Processing /opt/airflow/dags/Assignment-1_dags/Q4_dag.py took 0.100 seconds
[2024-12-08T21:03:21.052+0000] {processor.py:186} INFO - Started process (PID=4345) to work on /opt/airflow/dags/Assignment-1_dags/Q4_dag.py
[2024-12-08T21:03:21.054+0000] {processor.py:914} INFO - Processing file /opt/airflow/dags/Assignment-1_dags/Q4_dag.py for tasks to queue
[2024-12-08T21:03:21.057+0000] {logging_mixin.py:190} INFO - [2024-12-08T21:03:21.057+0000] {dagbag.py:588} INFO - Filling up the DagBag from /opt/airflow/dags/Assignment-1_dags/Q4_dag.py
[2024-12-08T21:03:21.076+0000] {processor.py:925} INFO - DAG(s) 'send_alert_google_chat' retrieved from /opt/airflow/dags/Assignment-1_dags/Q4_dag.py
[2024-12-08T21:03:21.102+0000] {logging_mixin.py:190} INFO - [2024-12-08T21:03:21.102+0000] {dag.py:3239} INFO - Sync 1 DAGs
[2024-12-08T21:03:21.124+0000] {logging_mixin.py:190} INFO - [2024-12-08T21:03:21.124+0000] {dag.py:4180} INFO - Setting next_dagrun for send_alert_google_chat to None, run_after=None
[2024-12-08T21:03:21.138+0000] {processor.py:208} INFO - Processing /opt/airflow/dags/Assignment-1_dags/Q4_dag.py took 0.111 seconds
[2024-12-08T22:16:57.730+0000] {processor.py:186} INFO - Started process (PID=4354) to work on /opt/airflow/dags/Assignment-1_dags/Q4_dag.py
[2024-12-08T22:16:57.732+0000] {processor.py:914} INFO - Processing file /opt/airflow/dags/Assignment-1_dags/Q4_dag.py for tasks to queue
[2024-12-08T22:16:57.737+0000] {logging_mixin.py:190} INFO - [2024-12-08T22:16:57.737+0000] {dagbag.py:588} INFO - Filling up the DagBag from /opt/airflow/dags/Assignment-1_dags/Q4_dag.py
[2024-12-08T22:16:57.756+0000] {processor.py:925} INFO - DAG(s) 'send_alert_google_chat' retrieved from /opt/airflow/dags/Assignment-1_dags/Q4_dag.py
[2024-12-08T22:16:57.807+0000] {logging_mixin.py:190} INFO - [2024-12-08T22:16:57.807+0000] {dag.py:3239} INFO - Sync 1 DAGs
[2024-12-08T22:16:57.826+0000] {logging_mixin.py:190} INFO - [2024-12-08T22:16:57.825+0000] {dag.py:4180} INFO - Setting next_dagrun for send_alert_google_chat to None, run_after=None
[2024-12-08T22:16:57.849+0000] {processor.py:208} INFO - Processing /opt/airflow/dags/Assignment-1_dags/Q4_dag.py took 0.145 seconds
[2024-12-08T23:55:25.103+0000] {processor.py:186} INFO - Started process (PID=4363) to work on /opt/airflow/dags/Assignment-1_dags/Q4_dag.py
[2024-12-08T23:55:25.104+0000] {processor.py:914} INFO - Processing file /opt/airflow/dags/Assignment-1_dags/Q4_dag.py for tasks to queue
[2024-12-08T23:55:25.109+0000] {logging_mixin.py:190} INFO - [2024-12-08T23:55:25.109+0000] {dagbag.py:588} INFO - Filling up the DagBag from /opt/airflow/dags/Assignment-1_dags/Q4_dag.py
[2024-12-08T23:55:25.133+0000] {processor.py:925} INFO - DAG(s) 'send_alert_google_chat' retrieved from /opt/airflow/dags/Assignment-1_dags/Q4_dag.py
[2024-12-08T23:55:25.172+0000] {logging_mixin.py:190} INFO - [2024-12-08T23:55:25.172+0000] {dag.py:3239} INFO - Sync 1 DAGs
[2024-12-08T23:55:25.186+0000] {logging_mixin.py:190} INFO - [2024-12-08T23:55:25.186+0000] {dag.py:4180} INFO - Setting next_dagrun for send_alert_google_chat to None, run_after=None
[2024-12-08T23:55:25.209+0000] {processor.py:208} INFO - Processing /opt/airflow/dags/Assignment-1_dags/Q4_dag.py took 0.118 seconds
