[2024-12-05T12:35:41.164+0000] {local_task_job_runner.py:123} INFO - ::group::Pre task execution logs
[2024-12-05T12:35:41.172+0000] {taskinstance.py:2613} INFO - Dependencies all met for dep_context=non-requeueable deps ti=<TaskInstance: set_and_read_airflow_variable.read_variable manual__2024-12-05T12:35:39.361522+00:00 [queued]>
[2024-12-05T12:35:41.176+0000] {taskinstance.py:2613} INFO - Dependencies all met for dep_context=requeueable deps ti=<TaskInstance: set_and_read_airflow_variable.read_variable manual__2024-12-05T12:35:39.361522+00:00 [queued]>
[2024-12-05T12:35:41.176+0000] {taskinstance.py:2866} INFO - Starting attempt 1 of 1
[2024-12-05T12:35:41.181+0000] {taskinstance.py:2889} INFO - Executing <Task(PythonOperator): read_variable> on 2024-12-05 12:35:39.361522+00:00
[2024-12-05T12:35:41.184+0000] {warnings.py:112} WARNING - /home/***/.local/lib/python3.12/site-packages/***/task/task_runner/standard_task_runner.py:70: DeprecationWarning: This process (pid=441) is multi-threaded, use of fork() may lead to deadlocks in the child.
  pid = os.fork()

[2024-12-05T12:35:41.185+0000] {standard_task_runner.py:72} INFO - Started process 442 to run task
[2024-12-05T12:35:41.185+0000] {standard_task_runner.py:104} INFO - Running: ['***', 'tasks', 'run', 'set_and_read_***_variable', 'read_variable', 'manual__2024-12-05T12:35:39.361522+00:00', '--job-id', '6', '--raw', '--subdir', 'DAGS_FOLDER/Assignment-1_dags/Q3_dag.py', '--cfg-path', '/tmp/tmpak5lcmn9']
[2024-12-05T12:35:41.186+0000] {standard_task_runner.py:105} INFO - Job 6: Subtask read_variable
[2024-12-05T12:35:41.211+0000] {task_command.py:467} INFO - Running <TaskInstance: set_and_read_airflow_variable.read_variable manual__2024-12-05T12:35:39.361522+00:00 [running]> on host 7ddf45434502
[2024-12-05T12:35:41.247+0000] {taskinstance.py:3132} INFO - Exporting env vars: AIRFLOW_CTX_DAG_OWNER='***' AIRFLOW_CTX_DAG_ID='set_and_read_***_variable' AIRFLOW_CTX_TASK_ID='read_variable' AIRFLOW_CTX_EXECUTION_DATE='2024-12-05T12:35:39.361522+00:00' AIRFLOW_CTX_TRY_NUMBER='1' AIRFLOW_CTX_DAG_RUN_ID='manual__2024-12-05T12:35:39.361522+00:00'
[2024-12-05T12:35:41.247+0000] {taskinstance.py:731} INFO - ::endgroup::
[2024-12-05T12:35:41.260+0000] {logging_mixin.py:190} INFO - The variable value is: Hello all, my name is Venkata Shashank!
[2024-12-05T12:35:41.260+0000] {python.py:240} INFO - Done. Returned value was: None
[2024-12-05T12:35:41.264+0000] {taskinstance.py:340} INFO - ::group::Post task execution logs
[2024-12-05T12:35:41.264+0000] {taskinstance.py:352} INFO - Marking task as SUCCESS. dag_id=set_and_read_***_variable, task_id=read_variable, run_id=manual__2024-12-05T12:35:39.361522+00:00, execution_date=20241205T123539, start_date=20241205T123541, end_date=20241205T123541
[2024-12-05T12:35:41.283+0000] {local_task_job_runner.py:266} INFO - Task exited with return code 0
[2024-12-05T12:35:41.291+0000] {taskinstance.py:3895} INFO - 0 downstream tasks scheduled from follow-on schedule check
[2024-12-05T12:35:41.292+0000] {local_task_job_runner.py:245} INFO - ::endgroup::
