[2024-12-05T12:06:48.047+0000] {local_task_job_runner.py:123} INFO - ::group::Pre task execution logs
[2024-12-05T12:06:48.055+0000] {taskinstance.py:2613} INFO - Dependencies all met for dep_context=non-requeueable deps ti=<TaskInstance: hello_airflow_demo.print_hello_task manual__2024-12-05T12:06:47.192144+00:00 [queued]>
[2024-12-05T12:06:48.058+0000] {taskinstance.py:2613} INFO - Dependencies all met for dep_context=requeueable deps ti=<TaskInstance: hello_airflow_demo.print_hello_task manual__2024-12-05T12:06:47.192144+00:00 [queued]>
[2024-12-05T12:06:48.059+0000] {taskinstance.py:2866} INFO - Starting attempt 1 of 1
[2024-12-05T12:06:48.065+0000] {taskinstance.py:2889} INFO - Executing <Task(PythonOperator): print_hello_task> on 2024-12-05 12:06:47.192144+00:00
[2024-12-05T12:06:48.068+0000] {warnings.py:112} WARNING - /home/***/.local/lib/python3.12/site-packages/***/task/task_runner/standard_task_runner.py:70: DeprecationWarning: This process (pid=74) is multi-threaded, use of fork() may lead to deadlocks in the child.
  pid = os.fork()

[2024-12-05T12:06:48.069+0000] {standard_task_runner.py:72} INFO - Started process 75 to run task
[2024-12-05T12:06:48.069+0000] {standard_task_runner.py:104} INFO - Running: ['***', 'tasks', 'run', 'hello_***_demo', 'print_hello_task', 'manual__2024-12-05T12:06:47.192144+00:00', '--job-id', '4', '--raw', '--subdir', 'DAGS_FOLDER/Assignment-1_dags/Q2_dag.py', '--cfg-path', '/tmp/tmp6yunlf8l']
[2024-12-05T12:06:48.069+0000] {standard_task_runner.py:105} INFO - Job 4: Subtask print_hello_task
[2024-12-05T12:06:48.105+0000] {task_command.py:467} INFO - Running <TaskInstance: hello_airflow_demo.print_hello_task manual__2024-12-05T12:06:47.192144+00:00 [running]> on host 7ddf45434502
[2024-12-05T12:06:48.175+0000] {taskinstance.py:3132} INFO - Exporting env vars: AIRFLOW_CTX_DAG_OWNER='***' AIRFLOW_CTX_DAG_ID='hello_***_demo' AIRFLOW_CTX_TASK_ID='print_hello_task' AIRFLOW_CTX_EXECUTION_DATE='2024-12-05T12:06:47.192144+00:00' AIRFLOW_CTX_TRY_NUMBER='1' AIRFLOW_CTX_DAG_RUN_ID='manual__2024-12-05T12:06:47.192144+00:00'
[2024-12-05T12:06:48.176+0000] {taskinstance.py:731} INFO - ::endgroup::
[2024-12-05T12:06:48.195+0000] {logging_mixin.py:190} INFO - Hello Airflow
[2024-12-05T12:06:48.195+0000] {python.py:240} INFO - Done. Returned value was: None
[2024-12-05T12:06:48.200+0000] {taskinstance.py:340} INFO - ::group::Post task execution logs
[2024-12-05T12:06:48.201+0000] {taskinstance.py:352} INFO - Marking task as SUCCESS. dag_id=hello_***_demo, task_id=print_hello_task, run_id=manual__2024-12-05T12:06:47.192144+00:00, execution_date=20241205T120647, start_date=20241205T120648, end_date=20241205T120648
[2024-12-05T12:06:48.211+0000] {local_task_job_runner.py:266} INFO - Task exited with return code 0
[2024-12-05T12:06:48.219+0000] {taskinstance.py:3895} INFO - 0 downstream tasks scheduled from follow-on schedule check
[2024-12-05T12:06:48.220+0000] {local_task_job_runner.py:245} INFO - ::endgroup::
