[2024-12-10T01:01:11.818+0000] {processor.py:186} INFO - Started process (PID=10944) to work on /opt/airflow/dags/Assignment-1_dags/Q3_dag.py
[2024-12-10T01:01:11.819+0000] {processor.py:914} INFO - Processing file /opt/airflow/dags/Assignment-1_dags/Q3_dag.py for tasks to queue
[2024-12-10T01:01:11.822+0000] {logging_mixin.py:190} INFO - [2024-12-10T01:01:11.822+0000] {dagbag.py:588} INFO - Filling up the DagBag from /opt/airflow/dags/Assignment-1_dags/Q3_dag.py
[2024-12-10T01:01:11.834+0000] {processor.py:925} INFO - DAG(s) 'set_and_read_airflow_variable' retrieved from /opt/airflow/dags/Assignment-1_dags/Q3_dag.py
[2024-12-10T01:01:11.852+0000] {logging_mixin.py:190} INFO - [2024-12-10T01:01:11.852+0000] {dag.py:3239} INFO - Sync 1 DAGs
[2024-12-10T01:01:11.860+0000] {logging_mixin.py:190} INFO - [2024-12-10T01:01:11.860+0000] {dag.py:4180} INFO - Setting next_dagrun for set_and_read_airflow_variable to None, run_after=None
[2024-12-10T01:01:11.873+0000] {processor.py:208} INFO - Processing /opt/airflow/dags/Assignment-1_dags/Q3_dag.py took 0.063 seconds
[2024-12-10T02:25:14.952+0000] {processor.py:186} INFO - Started process (PID=10953) to work on /opt/airflow/dags/Assignment-1_dags/Q3_dag.py
[2024-12-10T02:25:14.955+0000] {processor.py:914} INFO - Processing file /opt/airflow/dags/Assignment-1_dags/Q3_dag.py for tasks to queue
[2024-12-10T02:25:14.962+0000] {logging_mixin.py:190} INFO - [2024-12-10T02:25:14.962+0000] {dagbag.py:588} INFO - Filling up the DagBag from /opt/airflow/dags/Assignment-1_dags/Q3_dag.py
[2024-12-10T02:25:14.981+0000] {processor.py:925} INFO - DAG(s) 'set_and_read_airflow_variable' retrieved from /opt/airflow/dags/Assignment-1_dags/Q3_dag.py
[2024-12-10T02:25:15.002+0000] {logging_mixin.py:190} INFO - [2024-12-10T02:25:15.002+0000] {dag.py:3239} INFO - Sync 1 DAGs
[2024-12-10T02:25:15.015+0000] {logging_mixin.py:190} INFO - [2024-12-10T02:25:15.015+0000] {dag.py:4180} INFO - Setting next_dagrun for set_and_read_airflow_variable to None, run_after=None
[2024-12-10T02:25:15.030+0000] {processor.py:208} INFO - Processing /opt/airflow/dags/Assignment-1_dags/Q3_dag.py took 0.097 seconds
[2024-12-10T03:49:53.786+0000] {processor.py:186} INFO - Started process (PID=10962) to work on /opt/airflow/dags/Assignment-1_dags/Q3_dag.py
[2024-12-10T03:49:53.787+0000] {processor.py:914} INFO - Processing file /opt/airflow/dags/Assignment-1_dags/Q3_dag.py for tasks to queue
[2024-12-10T03:49:53.791+0000] {logging_mixin.py:190} INFO - [2024-12-10T03:49:53.791+0000] {dagbag.py:588} INFO - Filling up the DagBag from /opt/airflow/dags/Assignment-1_dags/Q3_dag.py
[2024-12-10T03:49:53.803+0000] {processor.py:925} INFO - DAG(s) 'set_and_read_airflow_variable' retrieved from /opt/airflow/dags/Assignment-1_dags/Q3_dag.py
[2024-12-10T03:49:53.820+0000] {logging_mixin.py:190} INFO - [2024-12-10T03:49:53.820+0000] {dag.py:3239} INFO - Sync 1 DAGs
[2024-12-10T03:49:53.828+0000] {logging_mixin.py:190} INFO - [2024-12-10T03:49:53.828+0000] {dag.py:4180} INFO - Setting next_dagrun for set_and_read_airflow_variable to None, run_after=None
[2024-12-10T03:49:53.846+0000] {processor.py:208} INFO - Processing /opt/airflow/dags/Assignment-1_dags/Q3_dag.py took 0.064 seconds
[2024-12-10T04:23:31.307+0000] {processor.py:186} INFO - Started process (PID=10971) to work on /opt/airflow/dags/Assignment-1_dags/Q3_dag.py
[2024-12-10T04:23:31.307+0000] {processor.py:914} INFO - Processing file /opt/airflow/dags/Assignment-1_dags/Q3_dag.py for tasks to queue
[2024-12-10T04:23:31.309+0000] {logging_mixin.py:190} INFO - [2024-12-10T04:23:31.309+0000] {dagbag.py:588} INFO - Filling up the DagBag from /opt/airflow/dags/Assignment-1_dags/Q3_dag.py
[2024-12-10T04:23:31.316+0000] {processor.py:925} INFO - DAG(s) 'set_and_read_airflow_variable' retrieved from /opt/airflow/dags/Assignment-1_dags/Q3_dag.py
[2024-12-10T04:23:31.336+0000] {logging_mixin.py:190} INFO - [2024-12-10T04:23:31.336+0000] {dag.py:3239} INFO - Sync 1 DAGs
[2024-12-10T04:23:31.347+0000] {logging_mixin.py:190} INFO - [2024-12-10T04:23:31.347+0000] {dag.py:4180} INFO - Setting next_dagrun for set_and_read_airflow_variable to None, run_after=None
[2024-12-10T04:23:31.358+0000] {processor.py:208} INFO - Processing /opt/airflow/dags/Assignment-1_dags/Q3_dag.py took 0.056 seconds
[2024-12-10T04:24:09.739+0000] {processor.py:186} INFO - Started process (PID=10980) to work on /opt/airflow/dags/Assignment-1_dags/Q3_dag.py
[2024-12-10T04:24:09.740+0000] {processor.py:914} INFO - Processing file /opt/airflow/dags/Assignment-1_dags/Q3_dag.py for tasks to queue
[2024-12-10T04:24:09.745+0000] {logging_mixin.py:190} INFO - [2024-12-10T04:24:09.745+0000] {dagbag.py:588} INFO - Filling up the DagBag from /opt/airflow/dags/Assignment-1_dags/Q3_dag.py
[2024-12-10T04:24:09.760+0000] {processor.py:925} INFO - DAG(s) 'set_and_read_airflow_variable' retrieved from /opt/airflow/dags/Assignment-1_dags/Q3_dag.py
[2024-12-10T04:24:09.781+0000] {logging_mixin.py:190} INFO - [2024-12-10T04:24:09.781+0000] {dag.py:3239} INFO - Sync 1 DAGs
[2024-12-10T04:24:09.792+0000] {logging_mixin.py:190} INFO - [2024-12-10T04:24:09.792+0000] {dag.py:4180} INFO - Setting next_dagrun for set_and_read_airflow_variable to None, run_after=None
[2024-12-10T04:24:09.804+0000] {processor.py:208} INFO - Processing /opt/airflow/dags/Assignment-1_dags/Q3_dag.py took 0.072 seconds
[2024-12-10T04:24:40.215+0000] {processor.py:186} INFO - Started process (PID=10988) to work on /opt/airflow/dags/Assignment-1_dags/Q3_dag.py
[2024-12-10T04:24:40.216+0000] {processor.py:914} INFO - Processing file /opt/airflow/dags/Assignment-1_dags/Q3_dag.py for tasks to queue
[2024-12-10T04:24:40.218+0000] {logging_mixin.py:190} INFO - [2024-12-10T04:24:40.218+0000] {dagbag.py:588} INFO - Filling up the DagBag from /opt/airflow/dags/Assignment-1_dags/Q3_dag.py
[2024-12-10T04:24:40.231+0000] {processor.py:925} INFO - DAG(s) 'set_and_read_airflow_variable' retrieved from /opt/airflow/dags/Assignment-1_dags/Q3_dag.py
[2024-12-10T04:24:40.249+0000] {logging_mixin.py:190} INFO - [2024-12-10T04:24:40.248+0000] {dag.py:3239} INFO - Sync 1 DAGs
[2024-12-10T04:24:40.257+0000] {logging_mixin.py:190} INFO - [2024-12-10T04:24:40.257+0000] {dag.py:4180} INFO - Setting next_dagrun for set_and_read_airflow_variable to None, run_after=None
[2024-12-10T04:24:40.267+0000] {processor.py:208} INFO - Processing /opt/airflow/dags/Assignment-1_dags/Q3_dag.py took 0.059 seconds
[2024-12-10T04:46:19.042+0000] {processor.py:186} INFO - Started process (PID=10997) to work on /opt/airflow/dags/Assignment-1_dags/Q3_dag.py
[2024-12-10T04:46:19.044+0000] {processor.py:914} INFO - Processing file /opt/airflow/dags/Assignment-1_dags/Q3_dag.py for tasks to queue
[2024-12-10T04:46:19.050+0000] {logging_mixin.py:190} INFO - [2024-12-10T04:46:19.050+0000] {dagbag.py:588} INFO - Filling up the DagBag from /opt/airflow/dags/Assignment-1_dags/Q3_dag.py
[2024-12-10T04:46:19.071+0000] {processor.py:925} INFO - DAG(s) 'set_and_read_airflow_variable' retrieved from /opt/airflow/dags/Assignment-1_dags/Q3_dag.py
[2024-12-10T04:46:19.104+0000] {logging_mixin.py:190} INFO - [2024-12-10T04:46:19.104+0000] {dag.py:3239} INFO - Sync 1 DAGs
[2024-12-10T04:46:19.129+0000] {logging_mixin.py:190} INFO - [2024-12-10T04:46:19.129+0000] {dag.py:4180} INFO - Setting next_dagrun for set_and_read_airflow_variable to None, run_after=None
[2024-12-10T04:46:19.150+0000] {processor.py:208} INFO - Processing /opt/airflow/dags/Assignment-1_dags/Q3_dag.py took 0.118 seconds
[2024-12-10T04:46:49.488+0000] {processor.py:186} INFO - Started process (PID=11006) to work on /opt/airflow/dags/Assignment-1_dags/Q3_dag.py
[2024-12-10T04:46:49.489+0000] {processor.py:914} INFO - Processing file /opt/airflow/dags/Assignment-1_dags/Q3_dag.py for tasks to queue
[2024-12-10T04:46:49.493+0000] {logging_mixin.py:190} INFO - [2024-12-10T04:46:49.493+0000] {dagbag.py:588} INFO - Filling up the DagBag from /opt/airflow/dags/Assignment-1_dags/Q3_dag.py
[2024-12-10T04:46:49.506+0000] {processor.py:925} INFO - DAG(s) 'set_and_read_airflow_variable' retrieved from /opt/airflow/dags/Assignment-1_dags/Q3_dag.py
[2024-12-10T04:46:49.528+0000] {logging_mixin.py:190} INFO - [2024-12-10T04:46:49.528+0000] {dag.py:3239} INFO - Sync 1 DAGs
[2024-12-10T04:46:49.539+0000] {logging_mixin.py:190} INFO - [2024-12-10T04:46:49.538+0000] {dag.py:4180} INFO - Setting next_dagrun for set_and_read_airflow_variable to None, run_after=None
[2024-12-10T04:46:49.551+0000] {processor.py:208} INFO - Processing /opt/airflow/dags/Assignment-1_dags/Q3_dag.py took 0.071 seconds
[2024-12-10T04:47:19.911+0000] {processor.py:186} INFO - Started process (PID=11015) to work on /opt/airflow/dags/Assignment-1_dags/Q3_dag.py
[2024-12-10T04:47:19.913+0000] {processor.py:914} INFO - Processing file /opt/airflow/dags/Assignment-1_dags/Q3_dag.py for tasks to queue
[2024-12-10T04:47:19.918+0000] {logging_mixin.py:190} INFO - [2024-12-10T04:47:19.917+0000] {dagbag.py:588} INFO - Filling up the DagBag from /opt/airflow/dags/Assignment-1_dags/Q3_dag.py
[2024-12-10T04:47:19.959+0000] {processor.py:925} INFO - DAG(s) 'set_and_read_airflow_variable' retrieved from /opt/airflow/dags/Assignment-1_dags/Q3_dag.py
[2024-12-10T04:47:19.987+0000] {logging_mixin.py:190} INFO - [2024-12-10T04:47:19.987+0000] {dag.py:3239} INFO - Sync 1 DAGs
[2024-12-10T04:47:19.999+0000] {logging_mixin.py:190} INFO - [2024-12-10T04:47:19.999+0000] {dag.py:4180} INFO - Setting next_dagrun for set_and_read_airflow_variable to None, run_after=None
[2024-12-10T04:47:20.014+0000] {processor.py:208} INFO - Processing /opt/airflow/dags/Assignment-1_dags/Q3_dag.py took 0.113 seconds
[2024-12-10T04:47:50.407+0000] {processor.py:186} INFO - Started process (PID=11024) to work on /opt/airflow/dags/Assignment-1_dags/Q3_dag.py
[2024-12-10T04:47:50.409+0000] {processor.py:914} INFO - Processing file /opt/airflow/dags/Assignment-1_dags/Q3_dag.py for tasks to queue
[2024-12-10T04:47:50.412+0000] {logging_mixin.py:190} INFO - [2024-12-10T04:47:50.412+0000] {dagbag.py:588} INFO - Filling up the DagBag from /opt/airflow/dags/Assignment-1_dags/Q3_dag.py
[2024-12-10T04:47:50.428+0000] {processor.py:925} INFO - DAG(s) 'set_and_read_airflow_variable' retrieved from /opt/airflow/dags/Assignment-1_dags/Q3_dag.py
[2024-12-10T04:47:50.450+0000] {logging_mixin.py:190} INFO - [2024-12-10T04:47:50.450+0000] {dag.py:3239} INFO - Sync 1 DAGs
[2024-12-10T04:47:50.460+0000] {logging_mixin.py:190} INFO - [2024-12-10T04:47:50.460+0000] {dag.py:4180} INFO - Setting next_dagrun for set_and_read_airflow_variable to None, run_after=None
[2024-12-10T04:47:50.472+0000] {processor.py:208} INFO - Processing /opt/airflow/dags/Assignment-1_dags/Q3_dag.py took 0.075 seconds
[2024-12-10T04:48:20.827+0000] {processor.py:186} INFO - Started process (PID=11033) to work on /opt/airflow/dags/Assignment-1_dags/Q3_dag.py
[2024-12-10T04:48:20.827+0000] {processor.py:914} INFO - Processing file /opt/airflow/dags/Assignment-1_dags/Q3_dag.py for tasks to queue
[2024-12-10T04:48:20.832+0000] {logging_mixin.py:190} INFO - [2024-12-10T04:48:20.831+0000] {dagbag.py:588} INFO - Filling up the DagBag from /opt/airflow/dags/Assignment-1_dags/Q3_dag.py
[2024-12-10T04:48:20.846+0000] {processor.py:925} INFO - DAG(s) 'set_and_read_airflow_variable' retrieved from /opt/airflow/dags/Assignment-1_dags/Q3_dag.py
[2024-12-10T04:48:20.891+0000] {logging_mixin.py:190} INFO - [2024-12-10T04:48:20.891+0000] {dag.py:3239} INFO - Sync 1 DAGs
[2024-12-10T04:48:20.900+0000] {logging_mixin.py:190} INFO - [2024-12-10T04:48:20.900+0000] {dag.py:4180} INFO - Setting next_dagrun for set_and_read_airflow_variable to None, run_after=None
[2024-12-10T04:48:20.913+0000] {processor.py:208} INFO - Processing /opt/airflow/dags/Assignment-1_dags/Q3_dag.py took 0.096 seconds
[2024-12-10T04:58:08.131+0000] {processor.py:186} INFO - Started process (PID=11042) to work on /opt/airflow/dags/Assignment-1_dags/Q3_dag.py
[2024-12-10T04:58:08.133+0000] {processor.py:914} INFO - Processing file /opt/airflow/dags/Assignment-1_dags/Q3_dag.py for tasks to queue
[2024-12-10T04:58:08.137+0000] {logging_mixin.py:190} INFO - [2024-12-10T04:58:08.137+0000] {dagbag.py:588} INFO - Filling up the DagBag from /opt/airflow/dags/Assignment-1_dags/Q3_dag.py
[2024-12-10T04:58:08.152+0000] {processor.py:925} INFO - DAG(s) 'set_and_read_airflow_variable' retrieved from /opt/airflow/dags/Assignment-1_dags/Q3_dag.py
[2024-12-10T04:58:08.181+0000] {logging_mixin.py:190} INFO - [2024-12-10T04:58:08.181+0000] {dag.py:3239} INFO - Sync 1 DAGs
[2024-12-10T04:58:08.196+0000] {logging_mixin.py:190} INFO - [2024-12-10T04:58:08.196+0000] {dag.py:4180} INFO - Setting next_dagrun for set_and_read_airflow_variable to None, run_after=None
[2024-12-10T04:58:08.214+0000] {processor.py:208} INFO - Processing /opt/airflow/dags/Assignment-1_dags/Q3_dag.py took 0.090 seconds
[2024-12-10T06:27:33.570+0000] {processor.py:186} INFO - Started process (PID=11051) to work on /opt/airflow/dags/Assignment-1_dags/Q3_dag.py
[2024-12-10T06:27:33.571+0000] {processor.py:914} INFO - Processing file /opt/airflow/dags/Assignment-1_dags/Q3_dag.py for tasks to queue
[2024-12-10T06:27:33.578+0000] {logging_mixin.py:190} INFO - [2024-12-10T06:27:33.578+0000] {dagbag.py:588} INFO - Filling up the DagBag from /opt/airflow/dags/Assignment-1_dags/Q3_dag.py
[2024-12-10T06:27:33.593+0000] {processor.py:925} INFO - DAG(s) 'set_and_read_airflow_variable' retrieved from /opt/airflow/dags/Assignment-1_dags/Q3_dag.py
[2024-12-10T06:27:33.621+0000] {logging_mixin.py:190} INFO - [2024-12-10T06:27:33.621+0000] {dag.py:3239} INFO - Sync 1 DAGs
[2024-12-10T06:27:33.634+0000] {logging_mixin.py:190} INFO - [2024-12-10T06:27:33.634+0000] {dag.py:4180} INFO - Setting next_dagrun for set_and_read_airflow_variable to None, run_after=None
[2024-12-10T06:27:33.649+0000] {processor.py:208} INFO - Processing /opt/airflow/dags/Assignment-1_dags/Q3_dag.py took 0.087 seconds
[2024-12-10T07:36:56.729+0000] {processor.py:186} INFO - Started process (PID=11054) to work on /opt/airflow/dags/Assignment-1_dags/Q3_dag.py
[2024-12-10T07:36:56.730+0000] {processor.py:914} INFO - Processing file /opt/airflow/dags/Assignment-1_dags/Q3_dag.py for tasks to queue
[2024-12-10T07:36:56.732+0000] {logging_mixin.py:190} INFO - [2024-12-10T07:36:56.731+0000] {dagbag.py:588} INFO - Filling up the DagBag from /opt/airflow/dags/Assignment-1_dags/Q3_dag.py
[2024-12-10T07:36:56.741+0000] {processor.py:925} INFO - DAG(s) 'set_and_read_airflow_variable' retrieved from /opt/airflow/dags/Assignment-1_dags/Q3_dag.py
[2024-12-10T07:36:56.759+0000] {logging_mixin.py:190} INFO - [2024-12-10T07:36:56.759+0000] {dag.py:3239} INFO - Sync 1 DAGs
[2024-12-10T07:36:56.769+0000] {logging_mixin.py:190} INFO - [2024-12-10T07:36:56.769+0000] {dag.py:4180} INFO - Setting next_dagrun for set_and_read_airflow_variable to None, run_after=None
[2024-12-10T07:36:56.781+0000] {processor.py:208} INFO - Processing /opt/airflow/dags/Assignment-1_dags/Q3_dag.py took 0.058 seconds
[2024-12-10T08:57:54.298+0000] {processor.py:186} INFO - Started process (PID=11069) to work on /opt/airflow/dags/Assignment-1_dags/Q3_dag.py
[2024-12-10T08:57:54.299+0000] {processor.py:914} INFO - Processing file /opt/airflow/dags/Assignment-1_dags/Q3_dag.py for tasks to queue
[2024-12-10T08:57:54.309+0000] {logging_mixin.py:190} INFO - [2024-12-10T08:57:54.308+0000] {dagbag.py:588} INFO - Filling up the DagBag from /opt/airflow/dags/Assignment-1_dags/Q3_dag.py
[2024-12-10T08:57:54.329+0000] {processor.py:925} INFO - DAG(s) 'set_and_read_airflow_variable' retrieved from /opt/airflow/dags/Assignment-1_dags/Q3_dag.py
[2024-12-10T08:57:54.352+0000] {logging_mixin.py:190} INFO - [2024-12-10T08:57:54.352+0000] {dag.py:3239} INFO - Sync 1 DAGs
[2024-12-10T08:57:54.364+0000] {logging_mixin.py:190} INFO - [2024-12-10T08:57:54.364+0000] {dag.py:4180} INFO - Setting next_dagrun for set_and_read_airflow_variable to None, run_after=None
[2024-12-10T08:57:54.379+0000] {processor.py:208} INFO - Processing /opt/airflow/dags/Assignment-1_dags/Q3_dag.py took 0.095 seconds
[2024-12-10T09:50:08.610+0000] {processor.py:186} INFO - Started process (PID=11072) to work on /opt/airflow/dags/Assignment-1_dags/Q3_dag.py
[2024-12-10T09:50:08.612+0000] {processor.py:914} INFO - Processing file /opt/airflow/dags/Assignment-1_dags/Q3_dag.py for tasks to queue
[2024-12-10T09:50:08.616+0000] {logging_mixin.py:190} INFO - [2024-12-10T09:50:08.616+0000] {dagbag.py:588} INFO - Filling up the DagBag from /opt/airflow/dags/Assignment-1_dags/Q3_dag.py
[2024-12-10T09:50:08.629+0000] {processor.py:925} INFO - DAG(s) 'set_and_read_airflow_variable' retrieved from /opt/airflow/dags/Assignment-1_dags/Q3_dag.py
[2024-12-10T09:50:08.649+0000] {logging_mixin.py:190} INFO - [2024-12-10T09:50:08.649+0000] {dag.py:3239} INFO - Sync 1 DAGs
[2024-12-10T09:50:08.658+0000] {logging_mixin.py:190} INFO - [2024-12-10T09:50:08.658+0000] {dag.py:4180} INFO - Setting next_dagrun for set_and_read_airflow_variable to None, run_after=None
[2024-12-10T09:50:08.669+0000] {processor.py:208} INFO - Processing /opt/airflow/dags/Assignment-1_dags/Q3_dag.py took 0.065 seconds
[2024-12-10T10:17:05.427+0000] {processor.py:186} INFO - Started process (PID=11081) to work on /opt/airflow/dags/Assignment-1_dags/Q3_dag.py
[2024-12-10T10:17:05.428+0000] {processor.py:914} INFO - Processing file /opt/airflow/dags/Assignment-1_dags/Q3_dag.py for tasks to queue
[2024-12-10T10:17:05.431+0000] {logging_mixin.py:190} INFO - [2024-12-10T10:17:05.431+0000] {dagbag.py:588} INFO - Filling up the DagBag from /opt/airflow/dags/Assignment-1_dags/Q3_dag.py
[2024-12-10T10:17:05.445+0000] {processor.py:925} INFO - DAG(s) 'set_and_read_airflow_variable' retrieved from /opt/airflow/dags/Assignment-1_dags/Q3_dag.py
[2024-12-10T10:17:05.475+0000] {logging_mixin.py:190} INFO - [2024-12-10T10:17:05.475+0000] {dag.py:3239} INFO - Sync 1 DAGs
[2024-12-10T10:17:05.486+0000] {logging_mixin.py:190} INFO - [2024-12-10T10:17:05.485+0000] {dag.py:4180} INFO - Setting next_dagrun for set_and_read_airflow_variable to None, run_after=None
[2024-12-10T10:17:05.505+0000] {processor.py:208} INFO - Processing /opt/airflow/dags/Assignment-1_dags/Q3_dag.py took 0.086 seconds
[2024-12-10T10:17:35.798+0000] {processor.py:186} INFO - Started process (PID=11096) to work on /opt/airflow/dags/Assignment-1_dags/Q3_dag.py
[2024-12-10T10:17:35.801+0000] {processor.py:914} INFO - Processing file /opt/airflow/dags/Assignment-1_dags/Q3_dag.py for tasks to queue
[2024-12-10T10:17:35.804+0000] {logging_mixin.py:190} INFO - [2024-12-10T10:17:35.804+0000] {dagbag.py:588} INFO - Filling up the DagBag from /opt/airflow/dags/Assignment-1_dags/Q3_dag.py
[2024-12-10T10:17:35.815+0000] {processor.py:925} INFO - DAG(s) 'set_and_read_airflow_variable' retrieved from /opt/airflow/dags/Assignment-1_dags/Q3_dag.py
[2024-12-10T10:17:35.837+0000] {logging_mixin.py:190} INFO - [2024-12-10T10:17:35.837+0000] {dag.py:3239} INFO - Sync 1 DAGs
[2024-12-10T10:17:35.852+0000] {logging_mixin.py:190} INFO - [2024-12-10T10:17:35.852+0000] {dag.py:4180} INFO - Setting next_dagrun for set_and_read_airflow_variable to None, run_after=None
[2024-12-10T10:17:35.864+0000] {processor.py:208} INFO - Processing /opt/airflow/dags/Assignment-1_dags/Q3_dag.py took 0.075 seconds
[2024-12-10T10:18:06.168+0000] {processor.py:186} INFO - Started process (PID=11105) to work on /opt/airflow/dags/Assignment-1_dags/Q3_dag.py
[2024-12-10T10:18:06.169+0000] {processor.py:914} INFO - Processing file /opt/airflow/dags/Assignment-1_dags/Q3_dag.py for tasks to queue
[2024-12-10T10:18:06.176+0000] {logging_mixin.py:190} INFO - [2024-12-10T10:18:06.175+0000] {dagbag.py:588} INFO - Filling up the DagBag from /opt/airflow/dags/Assignment-1_dags/Q3_dag.py
[2024-12-10T10:18:06.206+0000] {processor.py:925} INFO - DAG(s) 'set_and_read_airflow_variable' retrieved from /opt/airflow/dags/Assignment-1_dags/Q3_dag.py
[2024-12-10T10:18:06.235+0000] {logging_mixin.py:190} INFO - [2024-12-10T10:18:06.235+0000] {dag.py:3239} INFO - Sync 1 DAGs
[2024-12-10T10:18:06.250+0000] {logging_mixin.py:190} INFO - [2024-12-10T10:18:06.250+0000] {dag.py:4180} INFO - Setting next_dagrun for set_and_read_airflow_variable to None, run_after=None
[2024-12-10T10:18:06.266+0000] {processor.py:208} INFO - Processing /opt/airflow/dags/Assignment-1_dags/Q3_dag.py took 0.108 seconds
[2024-12-10T10:18:36.641+0000] {processor.py:186} INFO - Started process (PID=11114) to work on /opt/airflow/dags/Assignment-1_dags/Q3_dag.py
[2024-12-10T10:18:36.644+0000] {processor.py:914} INFO - Processing file /opt/airflow/dags/Assignment-1_dags/Q3_dag.py for tasks to queue
[2024-12-10T10:18:36.648+0000] {logging_mixin.py:190} INFO - [2024-12-10T10:18:36.648+0000] {dagbag.py:588} INFO - Filling up the DagBag from /opt/airflow/dags/Assignment-1_dags/Q3_dag.py
[2024-12-10T10:18:36.659+0000] {processor.py:925} INFO - DAG(s) 'set_and_read_airflow_variable' retrieved from /opt/airflow/dags/Assignment-1_dags/Q3_dag.py
[2024-12-10T10:18:36.677+0000] {logging_mixin.py:190} INFO - [2024-12-10T10:18:36.677+0000] {dag.py:3239} INFO - Sync 1 DAGs
[2024-12-10T10:18:36.686+0000] {logging_mixin.py:190} INFO - [2024-12-10T10:18:36.686+0000] {dag.py:4180} INFO - Setting next_dagrun for set_and_read_airflow_variable to None, run_after=None
[2024-12-10T10:18:36.697+0000] {processor.py:208} INFO - Processing /opt/airflow/dags/Assignment-1_dags/Q3_dag.py took 0.062 seconds
[2024-12-10T10:19:07.098+0000] {processor.py:186} INFO - Started process (PID=11123) to work on /opt/airflow/dags/Assignment-1_dags/Q3_dag.py
[2024-12-10T10:19:07.100+0000] {processor.py:914} INFO - Processing file /opt/airflow/dags/Assignment-1_dags/Q3_dag.py for tasks to queue
[2024-12-10T10:19:07.105+0000] {logging_mixin.py:190} INFO - [2024-12-10T10:19:07.105+0000] {dagbag.py:588} INFO - Filling up the DagBag from /opt/airflow/dags/Assignment-1_dags/Q3_dag.py
[2024-12-10T10:19:07.120+0000] {processor.py:925} INFO - DAG(s) 'set_and_read_airflow_variable' retrieved from /opt/airflow/dags/Assignment-1_dags/Q3_dag.py
[2024-12-10T10:19:07.141+0000] {logging_mixin.py:190} INFO - [2024-12-10T10:19:07.141+0000] {dag.py:3239} INFO - Sync 1 DAGs
[2024-12-10T10:19:07.151+0000] {logging_mixin.py:190} INFO - [2024-12-10T10:19:07.151+0000] {dag.py:4180} INFO - Setting next_dagrun for set_and_read_airflow_variable to None, run_after=None
[2024-12-10T10:19:07.162+0000] {processor.py:208} INFO - Processing /opt/airflow/dags/Assignment-1_dags/Q3_dag.py took 0.071 seconds
[2024-12-10T10:19:37.481+0000] {processor.py:186} INFO - Started process (PID=11132) to work on /opt/airflow/dags/Assignment-1_dags/Q3_dag.py
[2024-12-10T10:19:37.483+0000] {processor.py:914} INFO - Processing file /opt/airflow/dags/Assignment-1_dags/Q3_dag.py for tasks to queue
[2024-12-10T10:19:37.486+0000] {logging_mixin.py:190} INFO - [2024-12-10T10:19:37.485+0000] {dagbag.py:588} INFO - Filling up the DagBag from /opt/airflow/dags/Assignment-1_dags/Q3_dag.py
[2024-12-10T10:19:37.498+0000] {processor.py:925} INFO - DAG(s) 'set_and_read_airflow_variable' retrieved from /opt/airflow/dags/Assignment-1_dags/Q3_dag.py
[2024-12-10T10:19:37.520+0000] {logging_mixin.py:190} INFO - [2024-12-10T10:19:37.520+0000] {dag.py:3239} INFO - Sync 1 DAGs
[2024-12-10T10:19:37.530+0000] {logging_mixin.py:190} INFO - [2024-12-10T10:19:37.530+0000] {dag.py:4180} INFO - Setting next_dagrun for set_and_read_airflow_variable to None, run_after=None
[2024-12-10T10:19:37.540+0000] {processor.py:208} INFO - Processing /opt/airflow/dags/Assignment-1_dags/Q3_dag.py took 0.067 seconds
[2024-12-10T10:20:07.898+0000] {processor.py:186} INFO - Started process (PID=11141) to work on /opt/airflow/dags/Assignment-1_dags/Q3_dag.py
[2024-12-10T10:20:07.900+0000] {processor.py:914} INFO - Processing file /opt/airflow/dags/Assignment-1_dags/Q3_dag.py for tasks to queue
[2024-12-10T10:20:07.902+0000] {logging_mixin.py:190} INFO - [2024-12-10T10:20:07.901+0000] {dagbag.py:588} INFO - Filling up the DagBag from /opt/airflow/dags/Assignment-1_dags/Q3_dag.py
[2024-12-10T10:20:07.912+0000] {processor.py:925} INFO - DAG(s) 'set_and_read_airflow_variable' retrieved from /opt/airflow/dags/Assignment-1_dags/Q3_dag.py
[2024-12-10T10:20:07.930+0000] {logging_mixin.py:190} INFO - [2024-12-10T10:20:07.930+0000] {dag.py:3239} INFO - Sync 1 DAGs
[2024-12-10T10:20:07.939+0000] {logging_mixin.py:190} INFO - [2024-12-10T10:20:07.939+0000] {dag.py:4180} INFO - Setting next_dagrun for set_and_read_airflow_variable to None, run_after=None
[2024-12-10T10:20:07.954+0000] {processor.py:208} INFO - Processing /opt/airflow/dags/Assignment-1_dags/Q3_dag.py took 0.062 seconds
[2024-12-10T10:20:38.333+0000] {processor.py:186} INFO - Started process (PID=11150) to work on /opt/airflow/dags/Assignment-1_dags/Q3_dag.py
[2024-12-10T10:20:38.336+0000] {processor.py:914} INFO - Processing file /opt/airflow/dags/Assignment-1_dags/Q3_dag.py for tasks to queue
[2024-12-10T10:20:38.338+0000] {logging_mixin.py:190} INFO - [2024-12-10T10:20:38.338+0000] {dagbag.py:588} INFO - Filling up the DagBag from /opt/airflow/dags/Assignment-1_dags/Q3_dag.py
[2024-12-10T10:20:38.353+0000] {processor.py:925} INFO - DAG(s) 'set_and_read_airflow_variable' retrieved from /opt/airflow/dags/Assignment-1_dags/Q3_dag.py
[2024-12-10T10:20:38.374+0000] {logging_mixin.py:190} INFO - [2024-12-10T10:20:38.374+0000] {dag.py:3239} INFO - Sync 1 DAGs
[2024-12-10T10:20:38.384+0000] {logging_mixin.py:190} INFO - [2024-12-10T10:20:38.384+0000] {dag.py:4180} INFO - Setting next_dagrun for set_and_read_airflow_variable to None, run_after=None
[2024-12-10T10:20:38.399+0000] {processor.py:208} INFO - Processing /opt/airflow/dags/Assignment-1_dags/Q3_dag.py took 0.074 seconds
[2024-12-10T10:21:08.746+0000] {processor.py:186} INFO - Started process (PID=11158) to work on /opt/airflow/dags/Assignment-1_dags/Q3_dag.py
[2024-12-10T10:21:08.748+0000] {processor.py:914} INFO - Processing file /opt/airflow/dags/Assignment-1_dags/Q3_dag.py for tasks to queue
[2024-12-10T10:21:08.752+0000] {logging_mixin.py:190} INFO - [2024-12-10T10:21:08.751+0000] {dagbag.py:588} INFO - Filling up the DagBag from /opt/airflow/dags/Assignment-1_dags/Q3_dag.py
[2024-12-10T10:21:08.772+0000] {processor.py:925} INFO - DAG(s) 'set_and_read_airflow_variable' retrieved from /opt/airflow/dags/Assignment-1_dags/Q3_dag.py
[2024-12-10T10:21:08.812+0000] {logging_mixin.py:190} INFO - [2024-12-10T10:21:08.812+0000] {dag.py:3239} INFO - Sync 1 DAGs
[2024-12-10T10:21:08.827+0000] {logging_mixin.py:190} INFO - [2024-12-10T10:21:08.827+0000] {dag.py:4180} INFO - Setting next_dagrun for set_and_read_airflow_variable to None, run_after=None
[2024-12-10T10:21:08.848+0000] {processor.py:208} INFO - Processing /opt/airflow/dags/Assignment-1_dags/Q3_dag.py took 0.109 seconds
[2024-12-10T10:21:39.196+0000] {processor.py:186} INFO - Started process (PID=11167) to work on /opt/airflow/dags/Assignment-1_dags/Q3_dag.py
[2024-12-10T10:21:39.197+0000] {processor.py:914} INFO - Processing file /opt/airflow/dags/Assignment-1_dags/Q3_dag.py for tasks to queue
[2024-12-10T10:21:39.200+0000] {logging_mixin.py:190} INFO - [2024-12-10T10:21:39.200+0000] {dagbag.py:588} INFO - Filling up the DagBag from /opt/airflow/dags/Assignment-1_dags/Q3_dag.py
[2024-12-10T10:21:39.214+0000] {processor.py:925} INFO - DAG(s) 'set_and_read_airflow_variable' retrieved from /opt/airflow/dags/Assignment-1_dags/Q3_dag.py
[2024-12-10T10:21:39.239+0000] {logging_mixin.py:190} INFO - [2024-12-10T10:21:39.239+0000] {dag.py:3239} INFO - Sync 1 DAGs
[2024-12-10T10:21:39.253+0000] {logging_mixin.py:190} INFO - [2024-12-10T10:21:39.252+0000] {dag.py:4180} INFO - Setting next_dagrun for set_and_read_airflow_variable to None, run_after=None
[2024-12-10T10:21:39.266+0000] {processor.py:208} INFO - Processing /opt/airflow/dags/Assignment-1_dags/Q3_dag.py took 0.076 seconds
[2024-12-10T10:22:09.666+0000] {processor.py:186} INFO - Started process (PID=11176) to work on /opt/airflow/dags/Assignment-1_dags/Q3_dag.py
[2024-12-10T10:22:09.668+0000] {processor.py:914} INFO - Processing file /opt/airflow/dags/Assignment-1_dags/Q3_dag.py for tasks to queue
[2024-12-10T10:22:09.673+0000] {logging_mixin.py:190} INFO - [2024-12-10T10:22:09.673+0000] {dagbag.py:588} INFO - Filling up the DagBag from /opt/airflow/dags/Assignment-1_dags/Q3_dag.py
[2024-12-10T10:22:09.687+0000] {processor.py:925} INFO - DAG(s) 'set_and_read_airflow_variable' retrieved from /opt/airflow/dags/Assignment-1_dags/Q3_dag.py
[2024-12-10T10:22:09.709+0000] {logging_mixin.py:190} INFO - [2024-12-10T10:22:09.709+0000] {dag.py:3239} INFO - Sync 1 DAGs
[2024-12-10T10:22:09.719+0000] {logging_mixin.py:190} INFO - [2024-12-10T10:22:09.719+0000] {dag.py:4180} INFO - Setting next_dagrun for set_and_read_airflow_variable to None, run_after=None
[2024-12-10T10:22:09.732+0000] {processor.py:208} INFO - Processing /opt/airflow/dags/Assignment-1_dags/Q3_dag.py took 0.075 seconds
[2024-12-10T10:22:40.111+0000] {processor.py:186} INFO - Started process (PID=11185) to work on /opt/airflow/dags/Assignment-1_dags/Q3_dag.py
[2024-12-10T10:22:40.113+0000] {processor.py:914} INFO - Processing file /opt/airflow/dags/Assignment-1_dags/Q3_dag.py for tasks to queue
[2024-12-10T10:22:40.118+0000] {logging_mixin.py:190} INFO - [2024-12-10T10:22:40.118+0000] {dagbag.py:588} INFO - Filling up the DagBag from /opt/airflow/dags/Assignment-1_dags/Q3_dag.py
[2024-12-10T10:22:40.130+0000] {processor.py:925} INFO - DAG(s) 'set_and_read_airflow_variable' retrieved from /opt/airflow/dags/Assignment-1_dags/Q3_dag.py
[2024-12-10T10:22:40.149+0000] {logging_mixin.py:190} INFO - [2024-12-10T10:22:40.149+0000] {dag.py:3239} INFO - Sync 1 DAGs
[2024-12-10T10:22:40.158+0000] {logging_mixin.py:190} INFO - [2024-12-10T10:22:40.158+0000] {dag.py:4180} INFO - Setting next_dagrun for set_and_read_airflow_variable to None, run_after=None
[2024-12-10T10:22:40.169+0000] {processor.py:208} INFO - Processing /opt/airflow/dags/Assignment-1_dags/Q3_dag.py took 0.066 seconds
[2024-12-10T10:23:10.522+0000] {processor.py:186} INFO - Started process (PID=11194) to work on /opt/airflow/dags/Assignment-1_dags/Q3_dag.py
[2024-12-10T10:23:10.523+0000] {processor.py:914} INFO - Processing file /opt/airflow/dags/Assignment-1_dags/Q3_dag.py for tasks to queue
[2024-12-10T10:23:10.526+0000] {logging_mixin.py:190} INFO - [2024-12-10T10:23:10.526+0000] {dagbag.py:588} INFO - Filling up the DagBag from /opt/airflow/dags/Assignment-1_dags/Q3_dag.py
[2024-12-10T10:23:10.540+0000] {processor.py:925} INFO - DAG(s) 'set_and_read_airflow_variable' retrieved from /opt/airflow/dags/Assignment-1_dags/Q3_dag.py
[2024-12-10T10:23:10.562+0000] {logging_mixin.py:190} INFO - [2024-12-10T10:23:10.562+0000] {dag.py:3239} INFO - Sync 1 DAGs
[2024-12-10T10:23:10.574+0000] {logging_mixin.py:190} INFO - [2024-12-10T10:23:10.574+0000] {dag.py:4180} INFO - Setting next_dagrun for set_and_read_airflow_variable to None, run_after=None
[2024-12-10T10:23:10.585+0000] {processor.py:208} INFO - Processing /opt/airflow/dags/Assignment-1_dags/Q3_dag.py took 0.071 seconds
[2024-12-10T10:23:40.898+0000] {processor.py:186} INFO - Started process (PID=11203) to work on /opt/airflow/dags/Assignment-1_dags/Q3_dag.py
[2024-12-10T10:23:40.900+0000] {processor.py:914} INFO - Processing file /opt/airflow/dags/Assignment-1_dags/Q3_dag.py for tasks to queue
[2024-12-10T10:23:40.902+0000] {logging_mixin.py:190} INFO - [2024-12-10T10:23:40.902+0000] {dagbag.py:588} INFO - Filling up the DagBag from /opt/airflow/dags/Assignment-1_dags/Q3_dag.py
[2024-12-10T10:23:40.918+0000] {processor.py:925} INFO - DAG(s) 'set_and_read_airflow_variable' retrieved from /opt/airflow/dags/Assignment-1_dags/Q3_dag.py
[2024-12-10T10:23:40.940+0000] {logging_mixin.py:190} INFO - [2024-12-10T10:23:40.939+0000] {dag.py:3239} INFO - Sync 1 DAGs
[2024-12-10T10:23:40.950+0000] {logging_mixin.py:190} INFO - [2024-12-10T10:23:40.949+0000] {dag.py:4180} INFO - Setting next_dagrun for set_and_read_airflow_variable to None, run_after=None
[2024-12-10T10:23:40.962+0000] {processor.py:208} INFO - Processing /opt/airflow/dags/Assignment-1_dags/Q3_dag.py took 0.073 seconds
[2024-12-10T10:30:28.431+0000] {processor.py:186} INFO - Started process (PID=11206) to work on /opt/airflow/dags/Assignment-1_dags/Q3_dag.py
[2024-12-10T10:30:28.432+0000] {processor.py:914} INFO - Processing file /opt/airflow/dags/Assignment-1_dags/Q3_dag.py for tasks to queue
[2024-12-10T10:30:28.435+0000] {logging_mixin.py:190} INFO - [2024-12-10T10:30:28.435+0000] {dagbag.py:588} INFO - Filling up the DagBag from /opt/airflow/dags/Assignment-1_dags/Q3_dag.py
[2024-12-10T10:30:28.449+0000] {processor.py:925} INFO - DAG(s) 'set_and_read_airflow_variable' retrieved from /opt/airflow/dags/Assignment-1_dags/Q3_dag.py
[2024-12-10T10:30:28.490+0000] {logging_mixin.py:190} INFO - [2024-12-10T10:30:28.489+0000] {dag.py:3239} INFO - Sync 1 DAGs
[2024-12-10T10:30:28.504+0000] {logging_mixin.py:190} INFO - [2024-12-10T10:30:28.504+0000] {dag.py:4180} INFO - Setting next_dagrun for set_and_read_airflow_variable to None, run_after=None
[2024-12-10T10:30:28.522+0000] {processor.py:208} INFO - Processing /opt/airflow/dags/Assignment-1_dags/Q3_dag.py took 0.100 seconds
[2024-12-10T10:30:58.975+0000] {processor.py:186} INFO - Started process (PID=11215) to work on /opt/airflow/dags/Assignment-1_dags/Q3_dag.py
[2024-12-10T10:30:58.976+0000] {processor.py:914} INFO - Processing file /opt/airflow/dags/Assignment-1_dags/Q3_dag.py for tasks to queue
[2024-12-10T10:30:58.979+0000] {logging_mixin.py:190} INFO - [2024-12-10T10:30:58.979+0000] {dagbag.py:588} INFO - Filling up the DagBag from /opt/airflow/dags/Assignment-1_dags/Q3_dag.py
[2024-12-10T10:30:58.997+0000] {processor.py:925} INFO - DAG(s) 'set_and_read_airflow_variable' retrieved from /opt/airflow/dags/Assignment-1_dags/Q3_dag.py
[2024-12-10T10:30:59.020+0000] {logging_mixin.py:190} INFO - [2024-12-10T10:30:59.020+0000] {dag.py:3239} INFO - Sync 1 DAGs
[2024-12-10T10:30:59.032+0000] {logging_mixin.py:190} INFO - [2024-12-10T10:30:59.032+0000] {dag.py:4180} INFO - Setting next_dagrun for set_and_read_airflow_variable to None, run_after=None
[2024-12-10T10:30:59.044+0000] {processor.py:208} INFO - Processing /opt/airflow/dags/Assignment-1_dags/Q3_dag.py took 0.079 seconds
[2024-12-10T10:31:29.513+0000] {processor.py:186} INFO - Started process (PID=11224) to work on /opt/airflow/dags/Assignment-1_dags/Q3_dag.py
[2024-12-10T10:31:29.514+0000] {processor.py:914} INFO - Processing file /opt/airflow/dags/Assignment-1_dags/Q3_dag.py for tasks to queue
[2024-12-10T10:31:29.519+0000] {logging_mixin.py:190} INFO - [2024-12-10T10:31:29.518+0000] {dagbag.py:588} INFO - Filling up the DagBag from /opt/airflow/dags/Assignment-1_dags/Q3_dag.py
[2024-12-10T10:31:29.537+0000] {processor.py:925} INFO - DAG(s) 'set_and_read_airflow_variable' retrieved from /opt/airflow/dags/Assignment-1_dags/Q3_dag.py
[2024-12-10T10:31:29.559+0000] {logging_mixin.py:190} INFO - [2024-12-10T10:31:29.559+0000] {dag.py:3239} INFO - Sync 1 DAGs
[2024-12-10T10:31:29.570+0000] {logging_mixin.py:190} INFO - [2024-12-10T10:31:29.570+0000] {dag.py:4180} INFO - Setting next_dagrun for set_and_read_airflow_variable to None, run_after=None
[2024-12-10T10:31:29.581+0000] {processor.py:208} INFO - Processing /opt/airflow/dags/Assignment-1_dags/Q3_dag.py took 0.078 seconds
[2024-12-10T10:31:59.900+0000] {processor.py:186} INFO - Started process (PID=11238) to work on /opt/airflow/dags/Assignment-1_dags/Q3_dag.py
[2024-12-10T10:31:59.902+0000] {processor.py:914} INFO - Processing file /opt/airflow/dags/Assignment-1_dags/Q3_dag.py for tasks to queue
[2024-12-10T10:31:59.903+0000] {logging_mixin.py:190} INFO - [2024-12-10T10:31:59.903+0000] {dagbag.py:588} INFO - Filling up the DagBag from /opt/airflow/dags/Assignment-1_dags/Q3_dag.py
[2024-12-10T10:31:59.910+0000] {processor.py:925} INFO - DAG(s) 'set_and_read_airflow_variable' retrieved from /opt/airflow/dags/Assignment-1_dags/Q3_dag.py
[2024-12-10T10:31:59.925+0000] {logging_mixin.py:190} INFO - [2024-12-10T10:31:59.925+0000] {dag.py:3239} INFO - Sync 1 DAGs
[2024-12-10T10:31:59.932+0000] {logging_mixin.py:190} INFO - [2024-12-10T10:31:59.931+0000] {dag.py:4180} INFO - Setting next_dagrun for set_and_read_airflow_variable to None, run_after=None
[2024-12-10T10:31:59.941+0000] {processor.py:208} INFO - Processing /opt/airflow/dags/Assignment-1_dags/Q3_dag.py took 0.046 seconds
[2024-12-10T10:32:30.335+0000] {processor.py:186} INFO - Started process (PID=11247) to work on /opt/airflow/dags/Assignment-1_dags/Q3_dag.py
[2024-12-10T10:32:30.339+0000] {processor.py:914} INFO - Processing file /opt/airflow/dags/Assignment-1_dags/Q3_dag.py for tasks to queue
[2024-12-10T10:32:30.341+0000] {logging_mixin.py:190} INFO - [2024-12-10T10:32:30.341+0000] {dagbag.py:588} INFO - Filling up the DagBag from /opt/airflow/dags/Assignment-1_dags/Q3_dag.py
[2024-12-10T10:32:30.355+0000] {processor.py:925} INFO - DAG(s) 'set_and_read_airflow_variable' retrieved from /opt/airflow/dags/Assignment-1_dags/Q3_dag.py
[2024-12-10T10:32:30.378+0000] {logging_mixin.py:190} INFO - [2024-12-10T10:32:30.378+0000] {dag.py:3239} INFO - Sync 1 DAGs
[2024-12-10T10:32:30.388+0000] {logging_mixin.py:190} INFO - [2024-12-10T10:32:30.388+0000] {dag.py:4180} INFO - Setting next_dagrun for set_and_read_airflow_variable to None, run_after=None
[2024-12-10T10:32:30.402+0000] {processor.py:208} INFO - Processing /opt/airflow/dags/Assignment-1_dags/Q3_dag.py took 0.075 seconds
[2024-12-10T10:33:00.754+0000] {processor.py:186} INFO - Started process (PID=11256) to work on /opt/airflow/dags/Assignment-1_dags/Q3_dag.py
[2024-12-10T10:33:00.755+0000] {processor.py:914} INFO - Processing file /opt/airflow/dags/Assignment-1_dags/Q3_dag.py for tasks to queue
[2024-12-10T10:33:00.760+0000] {logging_mixin.py:190} INFO - [2024-12-10T10:33:00.760+0000] {dagbag.py:588} INFO - Filling up the DagBag from /opt/airflow/dags/Assignment-1_dags/Q3_dag.py
[2024-12-10T10:33:00.778+0000] {processor.py:925} INFO - DAG(s) 'set_and_read_airflow_variable' retrieved from /opt/airflow/dags/Assignment-1_dags/Q3_dag.py
[2024-12-10T10:33:00.799+0000] {logging_mixin.py:190} INFO - [2024-12-10T10:33:00.799+0000] {dag.py:3239} INFO - Sync 1 DAGs
[2024-12-10T10:33:00.809+0000] {logging_mixin.py:190} INFO - [2024-12-10T10:33:00.809+0000] {dag.py:4180} INFO - Setting next_dagrun for set_and_read_airflow_variable to None, run_after=None
[2024-12-10T10:33:00.821+0000] {processor.py:208} INFO - Processing /opt/airflow/dags/Assignment-1_dags/Q3_dag.py took 0.077 seconds
[2024-12-10T10:33:31.259+0000] {processor.py:186} INFO - Started process (PID=11265) to work on /opt/airflow/dags/Assignment-1_dags/Q3_dag.py
[2024-12-10T10:33:31.260+0000] {processor.py:914} INFO - Processing file /opt/airflow/dags/Assignment-1_dags/Q3_dag.py for tasks to queue
[2024-12-10T10:33:31.264+0000] {logging_mixin.py:190} INFO - [2024-12-10T10:33:31.264+0000] {dagbag.py:588} INFO - Filling up the DagBag from /opt/airflow/dags/Assignment-1_dags/Q3_dag.py
[2024-12-10T10:33:31.291+0000] {processor.py:925} INFO - DAG(s) 'set_and_read_airflow_variable' retrieved from /opt/airflow/dags/Assignment-1_dags/Q3_dag.py
[2024-12-10T10:33:31.314+0000] {logging_mixin.py:190} INFO - [2024-12-10T10:33:31.314+0000] {dag.py:3239} INFO - Sync 1 DAGs
[2024-12-10T10:33:31.325+0000] {logging_mixin.py:190} INFO - [2024-12-10T10:33:31.325+0000] {dag.py:4180} INFO - Setting next_dagrun for set_and_read_airflow_variable to None, run_after=None
[2024-12-10T10:33:31.341+0000] {processor.py:208} INFO - Processing /opt/airflow/dags/Assignment-1_dags/Q3_dag.py took 0.092 seconds
[2024-12-10T10:34:01.688+0000] {processor.py:186} INFO - Started process (PID=11274) to work on /opt/airflow/dags/Assignment-1_dags/Q3_dag.py
[2024-12-10T10:34:01.689+0000] {processor.py:914} INFO - Processing file /opt/airflow/dags/Assignment-1_dags/Q3_dag.py for tasks to queue
[2024-12-10T10:34:01.695+0000] {logging_mixin.py:190} INFO - [2024-12-10T10:34:01.695+0000] {dagbag.py:588} INFO - Filling up the DagBag from /opt/airflow/dags/Assignment-1_dags/Q3_dag.py
[2024-12-10T10:34:01.713+0000] {processor.py:925} INFO - DAG(s) 'set_and_read_airflow_variable' retrieved from /opt/airflow/dags/Assignment-1_dags/Q3_dag.py
[2024-12-10T10:34:01.742+0000] {logging_mixin.py:190} INFO - [2024-12-10T10:34:01.741+0000] {dag.py:3239} INFO - Sync 1 DAGs
[2024-12-10T10:34:01.754+0000] {logging_mixin.py:190} INFO - [2024-12-10T10:34:01.753+0000] {dag.py:4180} INFO - Setting next_dagrun for set_and_read_airflow_variable to None, run_after=None
[2024-12-10T10:34:01.766+0000] {processor.py:208} INFO - Processing /opt/airflow/dags/Assignment-1_dags/Q3_dag.py took 0.086 seconds
[2024-12-10T10:34:32.112+0000] {processor.py:186} INFO - Started process (PID=11283) to work on /opt/airflow/dags/Assignment-1_dags/Q3_dag.py
[2024-12-10T10:34:32.113+0000] {processor.py:914} INFO - Processing file /opt/airflow/dags/Assignment-1_dags/Q3_dag.py for tasks to queue
[2024-12-10T10:34:32.118+0000] {logging_mixin.py:190} INFO - [2024-12-10T10:34:32.118+0000] {dagbag.py:588} INFO - Filling up the DagBag from /opt/airflow/dags/Assignment-1_dags/Q3_dag.py
[2024-12-10T10:34:32.133+0000] {processor.py:925} INFO - DAG(s) 'set_and_read_airflow_variable' retrieved from /opt/airflow/dags/Assignment-1_dags/Q3_dag.py
[2024-12-10T10:34:32.154+0000] {logging_mixin.py:190} INFO - [2024-12-10T10:34:32.154+0000] {dag.py:3239} INFO - Sync 1 DAGs
[2024-12-10T10:34:32.164+0000] {logging_mixin.py:190} INFO - [2024-12-10T10:34:32.164+0000] {dag.py:4180} INFO - Setting next_dagrun for set_and_read_airflow_variable to None, run_after=None
[2024-12-10T10:34:32.175+0000] {processor.py:208} INFO - Processing /opt/airflow/dags/Assignment-1_dags/Q3_dag.py took 0.070 seconds
[2024-12-10T10:35:02.529+0000] {processor.py:186} INFO - Started process (PID=11292) to work on /opt/airflow/dags/Assignment-1_dags/Q3_dag.py
[2024-12-10T10:35:02.530+0000] {processor.py:914} INFO - Processing file /opt/airflow/dags/Assignment-1_dags/Q3_dag.py for tasks to queue
[2024-12-10T10:35:02.532+0000] {logging_mixin.py:190} INFO - [2024-12-10T10:35:02.532+0000] {dagbag.py:588} INFO - Filling up the DagBag from /opt/airflow/dags/Assignment-1_dags/Q3_dag.py
[2024-12-10T10:35:02.546+0000] {processor.py:925} INFO - DAG(s) 'set_and_read_airflow_variable' retrieved from /opt/airflow/dags/Assignment-1_dags/Q3_dag.py
[2024-12-10T10:35:02.565+0000] {logging_mixin.py:190} INFO - [2024-12-10T10:35:02.565+0000] {dag.py:3239} INFO - Sync 1 DAGs
[2024-12-10T10:35:02.578+0000] {logging_mixin.py:190} INFO - [2024-12-10T10:35:02.578+0000] {dag.py:4180} INFO - Setting next_dagrun for set_and_read_airflow_variable to None, run_after=None
[2024-12-10T10:35:02.590+0000] {processor.py:208} INFO - Processing /opt/airflow/dags/Assignment-1_dags/Q3_dag.py took 0.069 seconds
[2024-12-10T10:35:32.986+0000] {processor.py:186} INFO - Started process (PID=11301) to work on /opt/airflow/dags/Assignment-1_dags/Q3_dag.py
[2024-12-10T10:35:32.988+0000] {processor.py:914} INFO - Processing file /opt/airflow/dags/Assignment-1_dags/Q3_dag.py for tasks to queue
[2024-12-10T10:35:32.993+0000] {logging_mixin.py:190} INFO - [2024-12-10T10:35:32.992+0000] {dagbag.py:588} INFO - Filling up the DagBag from /opt/airflow/dags/Assignment-1_dags/Q3_dag.py
[2024-12-10T10:35:33.009+0000] {processor.py:925} INFO - DAG(s) 'set_and_read_airflow_variable' retrieved from /opt/airflow/dags/Assignment-1_dags/Q3_dag.py
[2024-12-10T10:35:33.031+0000] {logging_mixin.py:190} INFO - [2024-12-10T10:35:33.031+0000] {dag.py:3239} INFO - Sync 1 DAGs
[2024-12-10T10:35:33.042+0000] {logging_mixin.py:190} INFO - [2024-12-10T10:35:33.042+0000] {dag.py:4180} INFO - Setting next_dagrun for set_and_read_airflow_variable to None, run_after=None
[2024-12-10T10:35:33.053+0000] {processor.py:208} INFO - Processing /opt/airflow/dags/Assignment-1_dags/Q3_dag.py took 0.076 seconds
[2024-12-10T10:36:03.405+0000] {processor.py:186} INFO - Started process (PID=11310) to work on /opt/airflow/dags/Assignment-1_dags/Q3_dag.py
[2024-12-10T10:36:03.407+0000] {processor.py:914} INFO - Processing file /opt/airflow/dags/Assignment-1_dags/Q3_dag.py for tasks to queue
[2024-12-10T10:36:03.409+0000] {logging_mixin.py:190} INFO - [2024-12-10T10:36:03.409+0000] {dagbag.py:588} INFO - Filling up the DagBag from /opt/airflow/dags/Assignment-1_dags/Q3_dag.py
[2024-12-10T10:36:03.425+0000] {processor.py:925} INFO - DAG(s) 'set_and_read_airflow_variable' retrieved from /opt/airflow/dags/Assignment-1_dags/Q3_dag.py
[2024-12-10T10:36:03.441+0000] {logging_mixin.py:190} INFO - [2024-12-10T10:36:03.441+0000] {dag.py:3239} INFO - Sync 1 DAGs
[2024-12-10T10:36:03.450+0000] {logging_mixin.py:190} INFO - [2024-12-10T10:36:03.450+0000] {dag.py:4180} INFO - Setting next_dagrun for set_and_read_airflow_variable to None, run_after=None
[2024-12-10T10:36:03.460+0000] {processor.py:208} INFO - Processing /opt/airflow/dags/Assignment-1_dags/Q3_dag.py took 0.063 seconds
[2024-12-10T10:36:33.831+0000] {processor.py:186} INFO - Started process (PID=11319) to work on /opt/airflow/dags/Assignment-1_dags/Q3_dag.py
[2024-12-10T10:36:33.831+0000] {processor.py:914} INFO - Processing file /opt/airflow/dags/Assignment-1_dags/Q3_dag.py for tasks to queue
[2024-12-10T10:36:33.834+0000] {logging_mixin.py:190} INFO - [2024-12-10T10:36:33.834+0000] {dagbag.py:588} INFO - Filling up the DagBag from /opt/airflow/dags/Assignment-1_dags/Q3_dag.py
[2024-12-10T10:36:33.846+0000] {processor.py:925} INFO - DAG(s) 'set_and_read_airflow_variable' retrieved from /opt/airflow/dags/Assignment-1_dags/Q3_dag.py
[2024-12-10T10:36:33.867+0000] {logging_mixin.py:190} INFO - [2024-12-10T10:36:33.866+0000] {dag.py:3239} INFO - Sync 1 DAGs
[2024-12-10T10:36:33.876+0000] {logging_mixin.py:190} INFO - [2024-12-10T10:36:33.876+0000] {dag.py:4180} INFO - Setting next_dagrun for set_and_read_airflow_variable to None, run_after=None
[2024-12-10T10:36:33.890+0000] {processor.py:208} INFO - Processing /opt/airflow/dags/Assignment-1_dags/Q3_dag.py took 0.065 seconds
[2024-12-10T10:37:04.236+0000] {processor.py:186} INFO - Started process (PID=11328) to work on /opt/airflow/dags/Assignment-1_dags/Q3_dag.py
[2024-12-10T10:37:04.237+0000] {processor.py:914} INFO - Processing file /opt/airflow/dags/Assignment-1_dags/Q3_dag.py for tasks to queue
[2024-12-10T10:37:04.238+0000] {logging_mixin.py:190} INFO - [2024-12-10T10:37:04.238+0000] {dagbag.py:588} INFO - Filling up the DagBag from /opt/airflow/dags/Assignment-1_dags/Q3_dag.py
[2024-12-10T10:37:04.249+0000] {processor.py:925} INFO - DAG(s) 'set_and_read_airflow_variable' retrieved from /opt/airflow/dags/Assignment-1_dags/Q3_dag.py
[2024-12-10T10:37:04.269+0000] {logging_mixin.py:190} INFO - [2024-12-10T10:37:04.269+0000] {dag.py:3239} INFO - Sync 1 DAGs
[2024-12-10T10:37:04.281+0000] {logging_mixin.py:190} INFO - [2024-12-10T10:37:04.280+0000] {dag.py:4180} INFO - Setting next_dagrun for set_and_read_airflow_variable to None, run_after=None
[2024-12-10T10:37:04.301+0000] {processor.py:208} INFO - Processing /opt/airflow/dags/Assignment-1_dags/Q3_dag.py took 0.070 seconds
[2024-12-10T10:37:34.661+0000] {processor.py:186} INFO - Started process (PID=11336) to work on /opt/airflow/dags/Assignment-1_dags/Q3_dag.py
[2024-12-10T10:37:34.663+0000] {processor.py:914} INFO - Processing file /opt/airflow/dags/Assignment-1_dags/Q3_dag.py for tasks to queue
[2024-12-10T10:37:34.665+0000] {logging_mixin.py:190} INFO - [2024-12-10T10:37:34.665+0000] {dagbag.py:588} INFO - Filling up the DagBag from /opt/airflow/dags/Assignment-1_dags/Q3_dag.py
[2024-12-10T10:37:34.679+0000] {processor.py:925} INFO - DAG(s) 'set_and_read_airflow_variable' retrieved from /opt/airflow/dags/Assignment-1_dags/Q3_dag.py
[2024-12-10T10:37:34.700+0000] {logging_mixin.py:190} INFO - [2024-12-10T10:37:34.700+0000] {dag.py:3239} INFO - Sync 1 DAGs
[2024-12-10T10:37:34.710+0000] {logging_mixin.py:190} INFO - [2024-12-10T10:37:34.709+0000] {dag.py:4180} INFO - Setting next_dagrun for set_and_read_airflow_variable to None, run_after=None
[2024-12-10T10:37:34.725+0000] {processor.py:208} INFO - Processing /opt/airflow/dags/Assignment-1_dags/Q3_dag.py took 0.073 seconds
[2024-12-10T10:38:05.099+0000] {processor.py:186} INFO - Started process (PID=11345) to work on /opt/airflow/dags/Assignment-1_dags/Q3_dag.py
[2024-12-10T10:38:05.103+0000] {processor.py:914} INFO - Processing file /opt/airflow/dags/Assignment-1_dags/Q3_dag.py for tasks to queue
[2024-12-10T10:38:05.107+0000] {logging_mixin.py:190} INFO - [2024-12-10T10:38:05.106+0000] {dagbag.py:588} INFO - Filling up the DagBag from /opt/airflow/dags/Assignment-1_dags/Q3_dag.py
[2024-12-10T10:38:05.122+0000] {processor.py:925} INFO - DAG(s) 'set_and_read_airflow_variable' retrieved from /opt/airflow/dags/Assignment-1_dags/Q3_dag.py
[2024-12-10T10:38:05.146+0000] {logging_mixin.py:190} INFO - [2024-12-10T10:38:05.146+0000] {dag.py:3239} INFO - Sync 1 DAGs
[2024-12-10T10:38:05.156+0000] {logging_mixin.py:190} INFO - [2024-12-10T10:38:05.156+0000] {dag.py:4180} INFO - Setting next_dagrun for set_and_read_airflow_variable to None, run_after=None
[2024-12-10T10:38:05.169+0000] {processor.py:208} INFO - Processing /opt/airflow/dags/Assignment-1_dags/Q3_dag.py took 0.077 seconds
[2024-12-10T10:38:35.571+0000] {processor.py:186} INFO - Started process (PID=11354) to work on /opt/airflow/dags/Assignment-1_dags/Q3_dag.py
[2024-12-10T10:38:35.574+0000] {processor.py:914} INFO - Processing file /opt/airflow/dags/Assignment-1_dags/Q3_dag.py for tasks to queue
[2024-12-10T10:38:35.591+0000] {logging_mixin.py:190} INFO - [2024-12-10T10:38:35.591+0000] {dagbag.py:588} INFO - Filling up the DagBag from /opt/airflow/dags/Assignment-1_dags/Q3_dag.py
[2024-12-10T10:38:35.605+0000] {processor.py:925} INFO - DAG(s) 'set_and_read_airflow_variable' retrieved from /opt/airflow/dags/Assignment-1_dags/Q3_dag.py
[2024-12-10T10:38:35.627+0000] {logging_mixin.py:190} INFO - [2024-12-10T10:38:35.627+0000] {dag.py:3239} INFO - Sync 1 DAGs
[2024-12-10T10:38:35.639+0000] {logging_mixin.py:190} INFO - [2024-12-10T10:38:35.639+0000] {dag.py:4180} INFO - Setting next_dagrun for set_and_read_airflow_variable to None, run_after=None
[2024-12-10T10:38:35.652+0000] {processor.py:208} INFO - Processing /opt/airflow/dags/Assignment-1_dags/Q3_dag.py took 0.094 seconds
[2024-12-10T10:39:39.190+0000] {processor.py:186} INFO - Started process (PID=11357) to work on /opt/airflow/dags/Assignment-1_dags/Q3_dag.py
[2024-12-10T10:39:39.195+0000] {processor.py:914} INFO - Processing file /opt/airflow/dags/Assignment-1_dags/Q3_dag.py for tasks to queue
[2024-12-10T10:39:39.204+0000] {logging_mixin.py:190} INFO - [2024-12-10T10:39:39.203+0000] {dagbag.py:588} INFO - Filling up the DagBag from /opt/airflow/dags/Assignment-1_dags/Q3_dag.py
[2024-12-10T10:39:39.235+0000] {processor.py:925} INFO - DAG(s) 'set_and_read_airflow_variable' retrieved from /opt/airflow/dags/Assignment-1_dags/Q3_dag.py
[2024-12-10T10:39:39.266+0000] {logging_mixin.py:190} INFO - [2024-12-10T10:39:39.265+0000] {dag.py:3239} INFO - Sync 1 DAGs
[2024-12-10T10:39:39.280+0000] {logging_mixin.py:190} INFO - [2024-12-10T10:39:39.280+0000] {dag.py:4180} INFO - Setting next_dagrun for set_and_read_airflow_variable to None, run_after=None
[2024-12-10T10:39:39.310+0000] {processor.py:208} INFO - Processing /opt/airflow/dags/Assignment-1_dags/Q3_dag.py took 0.137 seconds
[2024-12-10T10:40:09.693+0000] {processor.py:186} INFO - Started process (PID=11366) to work on /opt/airflow/dags/Assignment-1_dags/Q3_dag.py
[2024-12-10T10:40:09.695+0000] {processor.py:914} INFO - Processing file /opt/airflow/dags/Assignment-1_dags/Q3_dag.py for tasks to queue
[2024-12-10T10:40:09.700+0000] {logging_mixin.py:190} INFO - [2024-12-10T10:40:09.700+0000] {dagbag.py:588} INFO - Filling up the DagBag from /opt/airflow/dags/Assignment-1_dags/Q3_dag.py
[2024-12-10T10:40:09.721+0000] {processor.py:925} INFO - DAG(s) 'set_and_read_airflow_variable' retrieved from /opt/airflow/dags/Assignment-1_dags/Q3_dag.py
[2024-12-10T10:40:09.746+0000] {logging_mixin.py:190} INFO - [2024-12-10T10:40:09.745+0000] {dag.py:3239} INFO - Sync 1 DAGs
[2024-12-10T10:40:09.760+0000] {logging_mixin.py:190} INFO - [2024-12-10T10:40:09.759+0000] {dag.py:4180} INFO - Setting next_dagrun for set_and_read_airflow_variable to None, run_after=None
[2024-12-10T10:40:09.774+0000] {processor.py:208} INFO - Processing /opt/airflow/dags/Assignment-1_dags/Q3_dag.py took 0.095 seconds
[2024-12-10T10:40:40.101+0000] {processor.py:186} INFO - Started process (PID=11375) to work on /opt/airflow/dags/Assignment-1_dags/Q3_dag.py
[2024-12-10T10:40:40.102+0000] {processor.py:914} INFO - Processing file /opt/airflow/dags/Assignment-1_dags/Q3_dag.py for tasks to queue
[2024-12-10T10:40:40.105+0000] {logging_mixin.py:190} INFO - [2024-12-10T10:40:40.104+0000] {dagbag.py:588} INFO - Filling up the DagBag from /opt/airflow/dags/Assignment-1_dags/Q3_dag.py
[2024-12-10T10:40:40.117+0000] {processor.py:925} INFO - DAG(s) 'set_and_read_airflow_variable' retrieved from /opt/airflow/dags/Assignment-1_dags/Q3_dag.py
[2024-12-10T10:40:40.138+0000] {logging_mixin.py:190} INFO - [2024-12-10T10:40:40.138+0000] {dag.py:3239} INFO - Sync 1 DAGs
[2024-12-10T10:40:40.148+0000] {logging_mixin.py:190} INFO - [2024-12-10T10:40:40.147+0000] {dag.py:4180} INFO - Setting next_dagrun for set_and_read_airflow_variable to None, run_after=None
[2024-12-10T10:40:40.158+0000] {processor.py:208} INFO - Processing /opt/airflow/dags/Assignment-1_dags/Q3_dag.py took 0.063 seconds
[2024-12-10T10:41:10.529+0000] {processor.py:186} INFO - Started process (PID=11384) to work on /opt/airflow/dags/Assignment-1_dags/Q3_dag.py
[2024-12-10T10:41:10.531+0000] {processor.py:914} INFO - Processing file /opt/airflow/dags/Assignment-1_dags/Q3_dag.py for tasks to queue
[2024-12-10T10:41:10.535+0000] {logging_mixin.py:190} INFO - [2024-12-10T10:41:10.535+0000] {dagbag.py:588} INFO - Filling up the DagBag from /opt/airflow/dags/Assignment-1_dags/Q3_dag.py
[2024-12-10T10:41:10.556+0000] {processor.py:925} INFO - DAG(s) 'set_and_read_airflow_variable' retrieved from /opt/airflow/dags/Assignment-1_dags/Q3_dag.py
[2024-12-10T10:41:10.580+0000] {logging_mixin.py:190} INFO - [2024-12-10T10:41:10.580+0000] {dag.py:3239} INFO - Sync 1 DAGs
[2024-12-10T10:41:10.592+0000] {logging_mixin.py:190} INFO - [2024-12-10T10:41:10.592+0000] {dag.py:4180} INFO - Setting next_dagrun for set_and_read_airflow_variable to None, run_after=None
[2024-12-10T10:41:10.607+0000] {processor.py:208} INFO - Processing /opt/airflow/dags/Assignment-1_dags/Q3_dag.py took 0.088 seconds
[2024-12-10T10:41:40.987+0000] {processor.py:186} INFO - Started process (PID=11393) to work on /opt/airflow/dags/Assignment-1_dags/Q3_dag.py
[2024-12-10T10:41:40.988+0000] {processor.py:914} INFO - Processing file /opt/airflow/dags/Assignment-1_dags/Q3_dag.py for tasks to queue
[2024-12-10T10:41:40.991+0000] {logging_mixin.py:190} INFO - [2024-12-10T10:41:40.991+0000] {dagbag.py:588} INFO - Filling up the DagBag from /opt/airflow/dags/Assignment-1_dags/Q3_dag.py
[2024-12-10T10:41:41.005+0000] {processor.py:925} INFO - DAG(s) 'set_and_read_airflow_variable' retrieved from /opt/airflow/dags/Assignment-1_dags/Q3_dag.py
[2024-12-10T10:41:41.026+0000] {logging_mixin.py:190} INFO - [2024-12-10T10:41:41.025+0000] {dag.py:3239} INFO - Sync 1 DAGs
[2024-12-10T10:41:41.036+0000] {logging_mixin.py:190} INFO - [2024-12-10T10:41:41.035+0000] {dag.py:4180} INFO - Setting next_dagrun for set_and_read_airflow_variable to None, run_after=None
[2024-12-10T10:41:41.053+0000] {processor.py:208} INFO - Processing /opt/airflow/dags/Assignment-1_dags/Q3_dag.py took 0.074 seconds
[2024-12-10T10:42:11.434+0000] {processor.py:186} INFO - Started process (PID=11408) to work on /opt/airflow/dags/Assignment-1_dags/Q3_dag.py
[2024-12-10T10:42:11.435+0000] {processor.py:914} INFO - Processing file /opt/airflow/dags/Assignment-1_dags/Q3_dag.py for tasks to queue
[2024-12-10T10:42:11.437+0000] {logging_mixin.py:190} INFO - [2024-12-10T10:42:11.436+0000] {dagbag.py:588} INFO - Filling up the DagBag from /opt/airflow/dags/Assignment-1_dags/Q3_dag.py
[2024-12-10T10:42:11.454+0000] {processor.py:925} INFO - DAG(s) 'set_and_read_airflow_variable' retrieved from /opt/airflow/dags/Assignment-1_dags/Q3_dag.py
[2024-12-10T10:42:11.472+0000] {logging_mixin.py:190} INFO - [2024-12-10T10:42:11.472+0000] {dag.py:3239} INFO - Sync 1 DAGs
[2024-12-10T10:42:11.482+0000] {logging_mixin.py:190} INFO - [2024-12-10T10:42:11.482+0000] {dag.py:4180} INFO - Setting next_dagrun for set_and_read_airflow_variable to None, run_after=None
[2024-12-10T10:42:11.493+0000] {processor.py:208} INFO - Processing /opt/airflow/dags/Assignment-1_dags/Q3_dag.py took 0.066 seconds
[2024-12-10T10:42:41.836+0000] {processor.py:186} INFO - Started process (PID=11417) to work on /opt/airflow/dags/Assignment-1_dags/Q3_dag.py
[2024-12-10T10:42:41.839+0000] {processor.py:914} INFO - Processing file /opt/airflow/dags/Assignment-1_dags/Q3_dag.py for tasks to queue
[2024-12-10T10:42:41.842+0000] {logging_mixin.py:190} INFO - [2024-12-10T10:42:41.842+0000] {dagbag.py:588} INFO - Filling up the DagBag from /opt/airflow/dags/Assignment-1_dags/Q3_dag.py
[2024-12-10T10:42:41.857+0000] {processor.py:925} INFO - DAG(s) 'set_and_read_airflow_variable' retrieved from /opt/airflow/dags/Assignment-1_dags/Q3_dag.py
[2024-12-10T10:42:41.878+0000] {logging_mixin.py:190} INFO - [2024-12-10T10:42:41.878+0000] {dag.py:3239} INFO - Sync 1 DAGs
[2024-12-10T10:42:41.887+0000] {logging_mixin.py:190} INFO - [2024-12-10T10:42:41.886+0000] {dag.py:4180} INFO - Setting next_dagrun for set_and_read_airflow_variable to None, run_after=None
[2024-12-10T10:42:41.899+0000] {processor.py:208} INFO - Processing /opt/airflow/dags/Assignment-1_dags/Q3_dag.py took 0.073 seconds
[2024-12-10T10:43:12.173+0000] {processor.py:186} INFO - Started process (PID=11426) to work on /opt/airflow/dags/Assignment-1_dags/Q3_dag.py
[2024-12-10T10:43:12.176+0000] {processor.py:914} INFO - Processing file /opt/airflow/dags/Assignment-1_dags/Q3_dag.py for tasks to queue
[2024-12-10T10:43:12.180+0000] {logging_mixin.py:190} INFO - [2024-12-10T10:43:12.179+0000] {dagbag.py:588} INFO - Filling up the DagBag from /opt/airflow/dags/Assignment-1_dags/Q3_dag.py
[2024-12-10T10:43:12.193+0000] {processor.py:925} INFO - DAG(s) 'set_and_read_airflow_variable' retrieved from /opt/airflow/dags/Assignment-1_dags/Q3_dag.py
[2024-12-10T10:43:12.208+0000] {logging_mixin.py:190} INFO - [2024-12-10T10:43:12.208+0000] {dag.py:3239} INFO - Sync 1 DAGs
[2024-12-10T10:43:12.216+0000] {logging_mixin.py:190} INFO - [2024-12-10T10:43:12.216+0000] {dag.py:4180} INFO - Setting next_dagrun for set_and_read_airflow_variable to None, run_after=None
[2024-12-10T10:43:12.229+0000] {processor.py:208} INFO - Processing /opt/airflow/dags/Assignment-1_dags/Q3_dag.py took 0.062 seconds
[2024-12-10T10:43:42.520+0000] {processor.py:186} INFO - Started process (PID=11435) to work on /opt/airflow/dags/Assignment-1_dags/Q3_dag.py
[2024-12-10T10:43:42.524+0000] {processor.py:914} INFO - Processing file /opt/airflow/dags/Assignment-1_dags/Q3_dag.py for tasks to queue
[2024-12-10T10:43:42.527+0000] {logging_mixin.py:190} INFO - [2024-12-10T10:43:42.527+0000] {dagbag.py:588} INFO - Filling up the DagBag from /opt/airflow/dags/Assignment-1_dags/Q3_dag.py
[2024-12-10T10:43:42.547+0000] {processor.py:925} INFO - DAG(s) 'set_and_read_airflow_variable' retrieved from /opt/airflow/dags/Assignment-1_dags/Q3_dag.py
[2024-12-10T10:43:42.570+0000] {logging_mixin.py:190} INFO - [2024-12-10T10:43:42.570+0000] {dag.py:3239} INFO - Sync 1 DAGs
[2024-12-10T10:43:42.581+0000] {logging_mixin.py:190} INFO - [2024-12-10T10:43:42.580+0000] {dag.py:4180} INFO - Setting next_dagrun for set_and_read_airflow_variable to None, run_after=None
[2024-12-10T10:43:42.592+0000] {processor.py:208} INFO - Processing /opt/airflow/dags/Assignment-1_dags/Q3_dag.py took 0.081 seconds
[2024-12-10T10:44:12.992+0000] {processor.py:186} INFO - Started process (PID=11444) to work on /opt/airflow/dags/Assignment-1_dags/Q3_dag.py
[2024-12-10T10:44:12.993+0000] {processor.py:914} INFO - Processing file /opt/airflow/dags/Assignment-1_dags/Q3_dag.py for tasks to queue
[2024-12-10T10:44:12.997+0000] {logging_mixin.py:190} INFO - [2024-12-10T10:44:12.996+0000] {dagbag.py:588} INFO - Filling up the DagBag from /opt/airflow/dags/Assignment-1_dags/Q3_dag.py
[2024-12-10T10:44:13.009+0000] {processor.py:925} INFO - DAG(s) 'set_and_read_airflow_variable' retrieved from /opt/airflow/dags/Assignment-1_dags/Q3_dag.py
[2024-12-10T10:44:13.028+0000] {logging_mixin.py:190} INFO - [2024-12-10T10:44:13.028+0000] {dag.py:3239} INFO - Sync 1 DAGs
[2024-12-10T10:44:13.035+0000] {logging_mixin.py:190} INFO - [2024-12-10T10:44:13.035+0000] {dag.py:4180} INFO - Setting next_dagrun for set_and_read_airflow_variable to None, run_after=None
[2024-12-10T10:44:13.047+0000] {processor.py:208} INFO - Processing /opt/airflow/dags/Assignment-1_dags/Q3_dag.py took 0.062 seconds
[2024-12-10T10:44:43.404+0000] {processor.py:186} INFO - Started process (PID=11453) to work on /opt/airflow/dags/Assignment-1_dags/Q3_dag.py
[2024-12-10T10:44:43.406+0000] {processor.py:914} INFO - Processing file /opt/airflow/dags/Assignment-1_dags/Q3_dag.py for tasks to queue
[2024-12-10T10:44:43.408+0000] {logging_mixin.py:190} INFO - [2024-12-10T10:44:43.408+0000] {dagbag.py:588} INFO - Filling up the DagBag from /opt/airflow/dags/Assignment-1_dags/Q3_dag.py
[2024-12-10T10:44:43.418+0000] {processor.py:925} INFO - DAG(s) 'set_and_read_airflow_variable' retrieved from /opt/airflow/dags/Assignment-1_dags/Q3_dag.py
[2024-12-10T10:44:43.439+0000] {logging_mixin.py:190} INFO - [2024-12-10T10:44:43.439+0000] {dag.py:3239} INFO - Sync 1 DAGs
[2024-12-10T10:44:43.451+0000] {logging_mixin.py:190} INFO - [2024-12-10T10:44:43.450+0000] {dag.py:4180} INFO - Setting next_dagrun for set_and_read_airflow_variable to None, run_after=None
[2024-12-10T10:44:43.464+0000] {processor.py:208} INFO - Processing /opt/airflow/dags/Assignment-1_dags/Q3_dag.py took 0.066 seconds
[2024-12-10T10:45:13.826+0000] {processor.py:186} INFO - Started process (PID=11462) to work on /opt/airflow/dags/Assignment-1_dags/Q3_dag.py
[2024-12-10T10:45:13.827+0000] {processor.py:914} INFO - Processing file /opt/airflow/dags/Assignment-1_dags/Q3_dag.py for tasks to queue
[2024-12-10T10:45:13.830+0000] {logging_mixin.py:190} INFO - [2024-12-10T10:45:13.830+0000] {dagbag.py:588} INFO - Filling up the DagBag from /opt/airflow/dags/Assignment-1_dags/Q3_dag.py
[2024-12-10T10:45:13.844+0000] {processor.py:925} INFO - DAG(s) 'set_and_read_airflow_variable' retrieved from /opt/airflow/dags/Assignment-1_dags/Q3_dag.py
[2024-12-10T10:45:13.869+0000] {logging_mixin.py:190} INFO - [2024-12-10T10:45:13.869+0000] {dag.py:3239} INFO - Sync 1 DAGs
[2024-12-10T10:45:13.879+0000] {logging_mixin.py:190} INFO - [2024-12-10T10:45:13.879+0000] {dag.py:4180} INFO - Setting next_dagrun for set_and_read_airflow_variable to None, run_after=None
[2024-12-10T10:45:13.892+0000] {processor.py:208} INFO - Processing /opt/airflow/dags/Assignment-1_dags/Q3_dag.py took 0.074 seconds
[2024-12-10T10:45:44.247+0000] {processor.py:186} INFO - Started process (PID=11471) to work on /opt/airflow/dags/Assignment-1_dags/Q3_dag.py
[2024-12-10T10:45:44.248+0000] {processor.py:914} INFO - Processing file /opt/airflow/dags/Assignment-1_dags/Q3_dag.py for tasks to queue
[2024-12-10T10:45:44.251+0000] {logging_mixin.py:190} INFO - [2024-12-10T10:45:44.250+0000] {dagbag.py:588} INFO - Filling up the DagBag from /opt/airflow/dags/Assignment-1_dags/Q3_dag.py
[2024-12-10T10:45:44.262+0000] {processor.py:925} INFO - DAG(s) 'set_and_read_airflow_variable' retrieved from /opt/airflow/dags/Assignment-1_dags/Q3_dag.py
[2024-12-10T10:45:44.279+0000] {logging_mixin.py:190} INFO - [2024-12-10T10:45:44.279+0000] {dag.py:3239} INFO - Sync 1 DAGs
[2024-12-10T10:45:44.288+0000] {logging_mixin.py:190} INFO - [2024-12-10T10:45:44.288+0000] {dag.py:4180} INFO - Setting next_dagrun for set_and_read_airflow_variable to None, run_after=None
[2024-12-10T10:45:44.300+0000] {processor.py:208} INFO - Processing /opt/airflow/dags/Assignment-1_dags/Q3_dag.py took 0.059 seconds
[2024-12-10T10:46:14.637+0000] {processor.py:186} INFO - Started process (PID=11479) to work on /opt/airflow/dags/Assignment-1_dags/Q3_dag.py
[2024-12-10T10:46:14.637+0000] {processor.py:914} INFO - Processing file /opt/airflow/dags/Assignment-1_dags/Q3_dag.py for tasks to queue
[2024-12-10T10:46:14.639+0000] {logging_mixin.py:190} INFO - [2024-12-10T10:46:14.639+0000] {dagbag.py:588} INFO - Filling up the DagBag from /opt/airflow/dags/Assignment-1_dags/Q3_dag.py
[2024-12-10T10:46:14.649+0000] {processor.py:925} INFO - DAG(s) 'set_and_read_airflow_variable' retrieved from /opt/airflow/dags/Assignment-1_dags/Q3_dag.py
[2024-12-10T10:46:14.665+0000] {logging_mixin.py:190} INFO - [2024-12-10T10:46:14.665+0000] {dag.py:3239} INFO - Sync 1 DAGs
[2024-12-10T10:46:14.673+0000] {logging_mixin.py:190} INFO - [2024-12-10T10:46:14.673+0000] {dag.py:4180} INFO - Setting next_dagrun for set_and_read_airflow_variable to None, run_after=None
[2024-12-10T10:46:14.688+0000] {processor.py:208} INFO - Processing /opt/airflow/dags/Assignment-1_dags/Q3_dag.py took 0.056 seconds
[2024-12-10T10:46:44.998+0000] {processor.py:186} INFO - Started process (PID=11488) to work on /opt/airflow/dags/Assignment-1_dags/Q3_dag.py
[2024-12-10T10:46:45.001+0000] {processor.py:914} INFO - Processing file /opt/airflow/dags/Assignment-1_dags/Q3_dag.py for tasks to queue
[2024-12-10T10:46:45.014+0000] {logging_mixin.py:190} INFO - [2024-12-10T10:46:45.013+0000] {dagbag.py:588} INFO - Filling up the DagBag from /opt/airflow/dags/Assignment-1_dags/Q3_dag.py
[2024-12-10T10:46:45.033+0000] {processor.py:925} INFO - DAG(s) 'set_and_read_airflow_variable' retrieved from /opt/airflow/dags/Assignment-1_dags/Q3_dag.py
[2024-12-10T10:46:45.087+0000] {logging_mixin.py:190} INFO - [2024-12-10T10:46:45.086+0000] {dag.py:3239} INFO - Sync 1 DAGs
[2024-12-10T10:46:45.118+0000] {logging_mixin.py:190} INFO - [2024-12-10T10:46:45.118+0000] {dag.py:4180} INFO - Setting next_dagrun for set_and_read_airflow_variable to None, run_after=None
[2024-12-10T10:46:45.143+0000] {processor.py:208} INFO - Processing /opt/airflow/dags/Assignment-1_dags/Q3_dag.py took 0.157 seconds
[2024-12-10T10:47:15.510+0000] {processor.py:186} INFO - Started process (PID=11497) to work on /opt/airflow/dags/Assignment-1_dags/Q3_dag.py
[2024-12-10T10:47:15.512+0000] {processor.py:914} INFO - Processing file /opt/airflow/dags/Assignment-1_dags/Q3_dag.py for tasks to queue
[2024-12-10T10:47:15.515+0000] {logging_mixin.py:190} INFO - [2024-12-10T10:47:15.515+0000] {dagbag.py:588} INFO - Filling up the DagBag from /opt/airflow/dags/Assignment-1_dags/Q3_dag.py
[2024-12-10T10:47:15.527+0000] {processor.py:925} INFO - DAG(s) 'set_and_read_airflow_variable' retrieved from /opt/airflow/dags/Assignment-1_dags/Q3_dag.py
[2024-12-10T10:47:15.547+0000] {logging_mixin.py:190} INFO - [2024-12-10T10:47:15.547+0000] {dag.py:3239} INFO - Sync 1 DAGs
[2024-12-10T10:47:15.556+0000] {logging_mixin.py:190} INFO - [2024-12-10T10:47:15.556+0000] {dag.py:4180} INFO - Setting next_dagrun for set_and_read_airflow_variable to None, run_after=None
[2024-12-10T10:47:15.570+0000] {processor.py:208} INFO - Processing /opt/airflow/dags/Assignment-1_dags/Q3_dag.py took 0.067 seconds
[2024-12-10T10:47:45.958+0000] {processor.py:186} INFO - Started process (PID=11506) to work on /opt/airflow/dags/Assignment-1_dags/Q3_dag.py
[2024-12-10T10:47:45.960+0000] {processor.py:914} INFO - Processing file /opt/airflow/dags/Assignment-1_dags/Q3_dag.py for tasks to queue
[2024-12-10T10:47:45.963+0000] {logging_mixin.py:190} INFO - [2024-12-10T10:47:45.963+0000] {dagbag.py:588} INFO - Filling up the DagBag from /opt/airflow/dags/Assignment-1_dags/Q3_dag.py
[2024-12-10T10:47:45.978+0000] {processor.py:925} INFO - DAG(s) 'set_and_read_airflow_variable' retrieved from /opt/airflow/dags/Assignment-1_dags/Q3_dag.py
[2024-12-10T10:47:46.001+0000] {logging_mixin.py:190} INFO - [2024-12-10T10:47:46.001+0000] {dag.py:3239} INFO - Sync 1 DAGs
[2024-12-10T10:47:46.011+0000] {logging_mixin.py:190} INFO - [2024-12-10T10:47:46.011+0000] {dag.py:4180} INFO - Setting next_dagrun for set_and_read_airflow_variable to None, run_after=None
[2024-12-10T10:47:46.024+0000] {processor.py:208} INFO - Processing /opt/airflow/dags/Assignment-1_dags/Q3_dag.py took 0.073 seconds
[2024-12-10T10:48:16.385+0000] {processor.py:186} INFO - Started process (PID=11515) to work on /opt/airflow/dags/Assignment-1_dags/Q3_dag.py
[2024-12-10T10:48:16.386+0000] {processor.py:914} INFO - Processing file /opt/airflow/dags/Assignment-1_dags/Q3_dag.py for tasks to queue
[2024-12-10T10:48:16.390+0000] {logging_mixin.py:190} INFO - [2024-12-10T10:48:16.390+0000] {dagbag.py:588} INFO - Filling up the DagBag from /opt/airflow/dags/Assignment-1_dags/Q3_dag.py
[2024-12-10T10:48:16.407+0000] {processor.py:925} INFO - DAG(s) 'set_and_read_airflow_variable' retrieved from /opt/airflow/dags/Assignment-1_dags/Q3_dag.py
[2024-12-10T10:48:16.427+0000] {logging_mixin.py:190} INFO - [2024-12-10T10:48:16.427+0000] {dag.py:3239} INFO - Sync 1 DAGs
[2024-12-10T10:48:16.438+0000] {logging_mixin.py:190} INFO - [2024-12-10T10:48:16.438+0000] {dag.py:4180} INFO - Setting next_dagrun for set_and_read_airflow_variable to None, run_after=None
[2024-12-10T10:48:16.448+0000] {processor.py:208} INFO - Processing /opt/airflow/dags/Assignment-1_dags/Q3_dag.py took 0.073 seconds
[2024-12-10T10:48:46.796+0000] {processor.py:186} INFO - Started process (PID=11524) to work on /opt/airflow/dags/Assignment-1_dags/Q3_dag.py
[2024-12-10T10:48:46.798+0000] {processor.py:914} INFO - Processing file /opt/airflow/dags/Assignment-1_dags/Q3_dag.py for tasks to queue
[2024-12-10T10:48:46.802+0000] {logging_mixin.py:190} INFO - [2024-12-10T10:48:46.802+0000] {dagbag.py:588} INFO - Filling up the DagBag from /opt/airflow/dags/Assignment-1_dags/Q3_dag.py
[2024-12-10T10:48:46.817+0000] {processor.py:925} INFO - DAG(s) 'set_and_read_airflow_variable' retrieved from /opt/airflow/dags/Assignment-1_dags/Q3_dag.py
[2024-12-10T10:48:46.838+0000] {logging_mixin.py:190} INFO - [2024-12-10T10:48:46.838+0000] {dag.py:3239} INFO - Sync 1 DAGs
[2024-12-10T10:48:46.848+0000] {logging_mixin.py:190} INFO - [2024-12-10T10:48:46.848+0000] {dag.py:4180} INFO - Setting next_dagrun for set_and_read_airflow_variable to None, run_after=None
[2024-12-10T10:48:46.860+0000] {processor.py:208} INFO - Processing /opt/airflow/dags/Assignment-1_dags/Q3_dag.py took 0.073 seconds
[2024-12-10T10:49:17.160+0000] {processor.py:186} INFO - Started process (PID=11533) to work on /opt/airflow/dags/Assignment-1_dags/Q3_dag.py
[2024-12-10T10:49:17.162+0000] {processor.py:914} INFO - Processing file /opt/airflow/dags/Assignment-1_dags/Q3_dag.py for tasks to queue
[2024-12-10T10:49:17.165+0000] {logging_mixin.py:190} INFO - [2024-12-10T10:49:17.164+0000] {dagbag.py:588} INFO - Filling up the DagBag from /opt/airflow/dags/Assignment-1_dags/Q3_dag.py
[2024-12-10T10:49:17.175+0000] {processor.py:925} INFO - DAG(s) 'set_and_read_airflow_variable' retrieved from /opt/airflow/dags/Assignment-1_dags/Q3_dag.py
[2024-12-10T10:49:17.195+0000] {logging_mixin.py:190} INFO - [2024-12-10T10:49:17.195+0000] {dag.py:3239} INFO - Sync 1 DAGs
[2024-12-10T10:49:17.205+0000] {logging_mixin.py:190} INFO - [2024-12-10T10:49:17.205+0000] {dag.py:4180} INFO - Setting next_dagrun for set_and_read_airflow_variable to None, run_after=None
[2024-12-10T10:49:17.215+0000] {processor.py:208} INFO - Processing /opt/airflow/dags/Assignment-1_dags/Q3_dag.py took 0.062 seconds
[2024-12-10T10:52:34.126+0000] {processor.py:186} INFO - Started process (PID=11536) to work on /opt/airflow/dags/Assignment-1_dags/Q3_dag.py
[2024-12-10T10:52:34.127+0000] {processor.py:914} INFO - Processing file /opt/airflow/dags/Assignment-1_dags/Q3_dag.py for tasks to queue
[2024-12-10T10:52:34.131+0000] {logging_mixin.py:190} INFO - [2024-12-10T10:52:34.130+0000] {dagbag.py:588} INFO - Filling up the DagBag from /opt/airflow/dags/Assignment-1_dags/Q3_dag.py
[2024-12-10T10:52:34.144+0000] {processor.py:925} INFO - DAG(s) 'set_and_read_airflow_variable' retrieved from /opt/airflow/dags/Assignment-1_dags/Q3_dag.py
[2024-12-10T10:52:34.166+0000] {logging_mixin.py:190} INFO - [2024-12-10T10:52:34.166+0000] {dag.py:3239} INFO - Sync 1 DAGs
[2024-12-10T10:52:34.176+0000] {logging_mixin.py:190} INFO - [2024-12-10T10:52:34.176+0000] {dag.py:4180} INFO - Setting next_dagrun for set_and_read_airflow_variable to None, run_after=None
[2024-12-10T10:52:34.188+0000] {processor.py:208} INFO - Processing /opt/airflow/dags/Assignment-1_dags/Q3_dag.py took 0.068 seconds
[2024-12-10T10:53:04.579+0000] {processor.py:186} INFO - Started process (PID=11545) to work on /opt/airflow/dags/Assignment-1_dags/Q3_dag.py
[2024-12-10T10:53:04.581+0000] {processor.py:914} INFO - Processing file /opt/airflow/dags/Assignment-1_dags/Q3_dag.py for tasks to queue
[2024-12-10T10:53:04.585+0000] {logging_mixin.py:190} INFO - [2024-12-10T10:53:04.585+0000] {dagbag.py:588} INFO - Filling up the DagBag from /opt/airflow/dags/Assignment-1_dags/Q3_dag.py
[2024-12-10T10:53:04.603+0000] {processor.py:925} INFO - DAG(s) 'set_and_read_airflow_variable' retrieved from /opt/airflow/dags/Assignment-1_dags/Q3_dag.py
[2024-12-10T10:53:04.621+0000] {logging_mixin.py:190} INFO - [2024-12-10T10:53:04.621+0000] {dag.py:3239} INFO - Sync 1 DAGs
[2024-12-10T10:53:04.629+0000] {logging_mixin.py:190} INFO - [2024-12-10T10:53:04.629+0000] {dag.py:4180} INFO - Setting next_dagrun for set_and_read_airflow_variable to None, run_after=None
[2024-12-10T10:53:04.641+0000] {processor.py:208} INFO - Processing /opt/airflow/dags/Assignment-1_dags/Q3_dag.py took 0.069 seconds
[2024-12-10T10:53:34.969+0000] {processor.py:186} INFO - Started process (PID=11554) to work on /opt/airflow/dags/Assignment-1_dags/Q3_dag.py
[2024-12-10T10:53:34.971+0000] {processor.py:914} INFO - Processing file /opt/airflow/dags/Assignment-1_dags/Q3_dag.py for tasks to queue
[2024-12-10T10:53:34.975+0000] {logging_mixin.py:190} INFO - [2024-12-10T10:53:34.975+0000] {dagbag.py:588} INFO - Filling up the DagBag from /opt/airflow/dags/Assignment-1_dags/Q3_dag.py
[2024-12-10T10:53:34.988+0000] {processor.py:925} INFO - DAG(s) 'set_and_read_airflow_variable' retrieved from /opt/airflow/dags/Assignment-1_dags/Q3_dag.py
[2024-12-10T10:53:35.007+0000] {logging_mixin.py:190} INFO - [2024-12-10T10:53:35.007+0000] {dag.py:3239} INFO - Sync 1 DAGs
[2024-12-10T10:53:35.020+0000] {logging_mixin.py:190} INFO - [2024-12-10T10:53:35.019+0000] {dag.py:4180} INFO - Setting next_dagrun for set_and_read_airflow_variable to None, run_after=None
[2024-12-10T10:53:35.030+0000] {processor.py:208} INFO - Processing /opt/airflow/dags/Assignment-1_dags/Q3_dag.py took 0.068 seconds
[2024-12-10T10:54:05.408+0000] {processor.py:186} INFO - Started process (PID=11563) to work on /opt/airflow/dags/Assignment-1_dags/Q3_dag.py
[2024-12-10T10:54:05.409+0000] {processor.py:914} INFO - Processing file /opt/airflow/dags/Assignment-1_dags/Q3_dag.py for tasks to queue
[2024-12-10T10:54:05.414+0000] {logging_mixin.py:190} INFO - [2024-12-10T10:54:05.414+0000] {dagbag.py:588} INFO - Filling up the DagBag from /opt/airflow/dags/Assignment-1_dags/Q3_dag.py
[2024-12-10T10:54:05.431+0000] {processor.py:925} INFO - DAG(s) 'set_and_read_airflow_variable' retrieved from /opt/airflow/dags/Assignment-1_dags/Q3_dag.py
[2024-12-10T10:54:05.454+0000] {logging_mixin.py:190} INFO - [2024-12-10T10:54:05.454+0000] {dag.py:3239} INFO - Sync 1 DAGs
[2024-12-10T10:54:05.468+0000] {logging_mixin.py:190} INFO - [2024-12-10T10:54:05.468+0000] {dag.py:4180} INFO - Setting next_dagrun for set_and_read_airflow_variable to None, run_after=None
[2024-12-10T10:54:05.479+0000] {processor.py:208} INFO - Processing /opt/airflow/dags/Assignment-1_dags/Q3_dag.py took 0.079 seconds
[2024-12-10T10:54:35.820+0000] {processor.py:186} INFO - Started process (PID=11572) to work on /opt/airflow/dags/Assignment-1_dags/Q3_dag.py
[2024-12-10T10:54:35.821+0000] {processor.py:914} INFO - Processing file /opt/airflow/dags/Assignment-1_dags/Q3_dag.py for tasks to queue
[2024-12-10T10:54:35.824+0000] {logging_mixin.py:190} INFO - [2024-12-10T10:54:35.824+0000] {dagbag.py:588} INFO - Filling up the DagBag from /opt/airflow/dags/Assignment-1_dags/Q3_dag.py
[2024-12-10T10:54:35.834+0000] {processor.py:925} INFO - DAG(s) 'set_and_read_airflow_variable' retrieved from /opt/airflow/dags/Assignment-1_dags/Q3_dag.py
[2024-12-10T10:54:35.853+0000] {logging_mixin.py:190} INFO - [2024-12-10T10:54:35.853+0000] {dag.py:3239} INFO - Sync 1 DAGs
[2024-12-10T10:54:35.862+0000] {logging_mixin.py:190} INFO - [2024-12-10T10:54:35.862+0000] {dag.py:4180} INFO - Setting next_dagrun for set_and_read_airflow_variable to None, run_after=None
[2024-12-10T10:54:35.875+0000] {processor.py:208} INFO - Processing /opt/airflow/dags/Assignment-1_dags/Q3_dag.py took 0.061 seconds
[2024-12-10T11:09:49.794+0000] {processor.py:186} INFO - Started process (PID=11581) to work on /opt/airflow/dags/Assignment-1_dags/Q3_dag.py
[2024-12-10T11:09:49.795+0000] {processor.py:914} INFO - Processing file /opt/airflow/dags/Assignment-1_dags/Q3_dag.py for tasks to queue
[2024-12-10T11:09:49.798+0000] {logging_mixin.py:190} INFO - [2024-12-10T11:09:49.798+0000] {dagbag.py:588} INFO - Filling up the DagBag from /opt/airflow/dags/Assignment-1_dags/Q3_dag.py
[2024-12-10T11:09:49.810+0000] {processor.py:925} INFO - DAG(s) 'set_and_read_airflow_variable' retrieved from /opt/airflow/dags/Assignment-1_dags/Q3_dag.py
[2024-12-10T11:09:49.830+0000] {logging_mixin.py:190} INFO - [2024-12-10T11:09:49.830+0000] {dag.py:3239} INFO - Sync 1 DAGs
[2024-12-10T11:09:49.840+0000] {logging_mixin.py:190} INFO - [2024-12-10T11:09:49.840+0000] {dag.py:4180} INFO - Setting next_dagrun for set_and_read_airflow_variable to None, run_after=None
[2024-12-10T11:09:49.851+0000] {processor.py:208} INFO - Processing /opt/airflow/dags/Assignment-1_dags/Q3_dag.py took 0.065 seconds
[2024-12-10T11:10:20.198+0000] {processor.py:186} INFO - Started process (PID=11590) to work on /opt/airflow/dags/Assignment-1_dags/Q3_dag.py
[2024-12-10T11:10:20.199+0000] {processor.py:914} INFO - Processing file /opt/airflow/dags/Assignment-1_dags/Q3_dag.py for tasks to queue
[2024-12-10T11:10:20.202+0000] {logging_mixin.py:190} INFO - [2024-12-10T11:10:20.202+0000] {dagbag.py:588} INFO - Filling up the DagBag from /opt/airflow/dags/Assignment-1_dags/Q3_dag.py
[2024-12-10T11:10:20.214+0000] {processor.py:925} INFO - DAG(s) 'set_and_read_airflow_variable' retrieved from /opt/airflow/dags/Assignment-1_dags/Q3_dag.py
[2024-12-10T11:10:20.233+0000] {logging_mixin.py:190} INFO - [2024-12-10T11:10:20.233+0000] {dag.py:3239} INFO - Sync 1 DAGs
[2024-12-10T11:10:20.245+0000] {logging_mixin.py:190} INFO - [2024-12-10T11:10:20.245+0000] {dag.py:4180} INFO - Setting next_dagrun for set_and_read_airflow_variable to None, run_after=None
[2024-12-10T11:10:20.257+0000] {processor.py:208} INFO - Processing /opt/airflow/dags/Assignment-1_dags/Q3_dag.py took 0.066 seconds
[2024-12-10T11:10:50.653+0000] {processor.py:186} INFO - Started process (PID=11599) to work on /opt/airflow/dags/Assignment-1_dags/Q3_dag.py
[2024-12-10T11:10:50.654+0000] {processor.py:914} INFO - Processing file /opt/airflow/dags/Assignment-1_dags/Q3_dag.py for tasks to queue
[2024-12-10T11:10:50.657+0000] {logging_mixin.py:190} INFO - [2024-12-10T11:10:50.656+0000] {dagbag.py:588} INFO - Filling up the DagBag from /opt/airflow/dags/Assignment-1_dags/Q3_dag.py
[2024-12-10T11:10:50.673+0000] {processor.py:925} INFO - DAG(s) 'set_and_read_airflow_variable' retrieved from /opt/airflow/dags/Assignment-1_dags/Q3_dag.py
[2024-12-10T11:10:50.690+0000] {logging_mixin.py:190} INFO - [2024-12-10T11:10:50.690+0000] {dag.py:3239} INFO - Sync 1 DAGs
[2024-12-10T11:10:50.700+0000] {logging_mixin.py:190} INFO - [2024-12-10T11:10:50.700+0000] {dag.py:4180} INFO - Setting next_dagrun for set_and_read_airflow_variable to None, run_after=None
[2024-12-10T11:10:50.710+0000] {processor.py:208} INFO - Processing /opt/airflow/dags/Assignment-1_dags/Q3_dag.py took 0.063 seconds
[2024-12-10T12:01:41.634+0000] {processor.py:186} INFO - Started process (PID=11608) to work on /opt/airflow/dags/Assignment-1_dags/Q3_dag.py
[2024-12-10T12:01:41.635+0000] {processor.py:914} INFO - Processing file /opt/airflow/dags/Assignment-1_dags/Q3_dag.py for tasks to queue
[2024-12-10T12:01:41.640+0000] {logging_mixin.py:190} INFO - [2024-12-10T12:01:41.640+0000] {dagbag.py:588} INFO - Filling up the DagBag from /opt/airflow/dags/Assignment-1_dags/Q3_dag.py
[2024-12-10T12:01:41.653+0000] {processor.py:925} INFO - DAG(s) 'set_and_read_airflow_variable' retrieved from /opt/airflow/dags/Assignment-1_dags/Q3_dag.py
[2024-12-10T12:01:41.914+0000] {logging_mixin.py:190} INFO - [2024-12-10T12:01:41.914+0000] {dag.py:3239} INFO - Sync 1 DAGs
[2024-12-10T12:01:41.932+0000] {logging_mixin.py:190} INFO - [2024-12-10T12:01:41.932+0000] {dag.py:4180} INFO - Setting next_dagrun for set_and_read_airflow_variable to None, run_after=None
[2024-12-10T12:01:41.997+0000] {processor.py:208} INFO - Processing /opt/airflow/dags/Assignment-1_dags/Q3_dag.py took 0.370 seconds
[2024-12-10T13:07:34.001+0000] {processor.py:186} INFO - Started process (PID=11617) to work on /opt/airflow/dags/Assignment-1_dags/Q3_dag.py
[2024-12-10T13:07:34.004+0000] {processor.py:914} INFO - Processing file /opt/airflow/dags/Assignment-1_dags/Q3_dag.py for tasks to queue
[2024-12-10T13:07:34.013+0000] {logging_mixin.py:190} INFO - [2024-12-10T13:07:34.013+0000] {dagbag.py:588} INFO - Filling up the DagBag from /opt/airflow/dags/Assignment-1_dags/Q3_dag.py
[2024-12-10T13:07:34.033+0000] {processor.py:925} INFO - DAG(s) 'set_and_read_airflow_variable' retrieved from /opt/airflow/dags/Assignment-1_dags/Q3_dag.py
[2024-12-10T13:07:34.062+0000] {logging_mixin.py:190} INFO - [2024-12-10T13:07:34.062+0000] {dag.py:3239} INFO - Sync 1 DAGs
[2024-12-10T13:07:34.076+0000] {logging_mixin.py:190} INFO - [2024-12-10T13:07:34.076+0000] {dag.py:4180} INFO - Setting next_dagrun for set_and_read_airflow_variable to None, run_after=None
[2024-12-10T13:07:34.092+0000] {processor.py:208} INFO - Processing /opt/airflow/dags/Assignment-1_dags/Q3_dag.py took 0.101 seconds
[2024-12-10T13:23:31.447+0000] {processor.py:186} INFO - Started process (PID=11626) to work on /opt/airflow/dags/Assignment-1_dags/Q3_dag.py
[2024-12-10T13:23:31.448+0000] {processor.py:914} INFO - Processing file /opt/airflow/dags/Assignment-1_dags/Q3_dag.py for tasks to queue
[2024-12-10T13:23:31.450+0000] {logging_mixin.py:190} INFO - [2024-12-10T13:23:31.450+0000] {dagbag.py:588} INFO - Filling up the DagBag from /opt/airflow/dags/Assignment-1_dags/Q3_dag.py
[2024-12-10T13:23:31.460+0000] {processor.py:925} INFO - DAG(s) 'set_and_read_airflow_variable' retrieved from /opt/airflow/dags/Assignment-1_dags/Q3_dag.py
[2024-12-10T13:23:31.478+0000] {logging_mixin.py:190} INFO - [2024-12-10T13:23:31.478+0000] {dag.py:3239} INFO - Sync 1 DAGs
[2024-12-10T13:23:31.487+0000] {logging_mixin.py:190} INFO - [2024-12-10T13:23:31.487+0000] {dag.py:4180} INFO - Setting next_dagrun for set_and_read_airflow_variable to None, run_after=None
[2024-12-10T13:23:31.498+0000] {processor.py:208} INFO - Processing /opt/airflow/dags/Assignment-1_dags/Q3_dag.py took 0.059 seconds
[2024-12-10T13:24:01.799+0000] {processor.py:186} INFO - Started process (PID=11635) to work on /opt/airflow/dags/Assignment-1_dags/Q3_dag.py
[2024-12-10T13:24:01.800+0000] {processor.py:914} INFO - Processing file /opt/airflow/dags/Assignment-1_dags/Q3_dag.py for tasks to queue
[2024-12-10T13:24:01.803+0000] {logging_mixin.py:190} INFO - [2024-12-10T13:24:01.803+0000] {dagbag.py:588} INFO - Filling up the DagBag from /opt/airflow/dags/Assignment-1_dags/Q3_dag.py
[2024-12-10T13:24:01.818+0000] {processor.py:925} INFO - DAG(s) 'set_and_read_airflow_variable' retrieved from /opt/airflow/dags/Assignment-1_dags/Q3_dag.py
[2024-12-10T13:24:01.841+0000] {logging_mixin.py:190} INFO - [2024-12-10T13:24:01.841+0000] {dag.py:3239} INFO - Sync 1 DAGs
[2024-12-10T13:24:01.854+0000] {logging_mixin.py:190} INFO - [2024-12-10T13:24:01.853+0000] {dag.py:4180} INFO - Setting next_dagrun for set_and_read_airflow_variable to None, run_after=None
[2024-12-10T13:24:01.867+0000] {processor.py:208} INFO - Processing /opt/airflow/dags/Assignment-1_dags/Q3_dag.py took 0.075 seconds
[2024-12-10T13:54:00.083+0000] {processor.py:186} INFO - Started process (PID=11644) to work on /opt/airflow/dags/Assignment-1_dags/Q3_dag.py
[2024-12-10T13:54:00.086+0000] {processor.py:914} INFO - Processing file /opt/airflow/dags/Assignment-1_dags/Q3_dag.py for tasks to queue
[2024-12-10T13:54:00.089+0000] {logging_mixin.py:190} INFO - [2024-12-10T13:54:00.089+0000] {dagbag.py:588} INFO - Filling up the DagBag from /opt/airflow/dags/Assignment-1_dags/Q3_dag.py
[2024-12-10T13:54:00.102+0000] {processor.py:925} INFO - DAG(s) 'set_and_read_airflow_variable' retrieved from /opt/airflow/dags/Assignment-1_dags/Q3_dag.py
[2024-12-10T13:54:00.123+0000] {logging_mixin.py:190} INFO - [2024-12-10T13:54:00.123+0000] {dag.py:3239} INFO - Sync 1 DAGs
[2024-12-10T13:54:00.134+0000] {logging_mixin.py:190} INFO - [2024-12-10T13:54:00.134+0000] {dag.py:4180} INFO - Setting next_dagrun for set_and_read_airflow_variable to None, run_after=None
[2024-12-10T13:54:00.147+0000] {processor.py:208} INFO - Processing /opt/airflow/dags/Assignment-1_dags/Q3_dag.py took 0.070 seconds
[2024-12-10T14:29:09.440+0000] {processor.py:186} INFO - Started process (PID=11653) to work on /opt/airflow/dags/Assignment-1_dags/Q3_dag.py
[2024-12-10T14:29:09.443+0000] {processor.py:914} INFO - Processing file /opt/airflow/dags/Assignment-1_dags/Q3_dag.py for tasks to queue
[2024-12-10T14:29:09.446+0000] {logging_mixin.py:190} INFO - [2024-12-10T14:29:09.446+0000] {dagbag.py:588} INFO - Filling up the DagBag from /opt/airflow/dags/Assignment-1_dags/Q3_dag.py
[2024-12-10T14:29:09.460+0000] {processor.py:925} INFO - DAG(s) 'set_and_read_airflow_variable' retrieved from /opt/airflow/dags/Assignment-1_dags/Q3_dag.py
[2024-12-10T14:29:09.482+0000] {logging_mixin.py:190} INFO - [2024-12-10T14:29:09.481+0000] {dag.py:3239} INFO - Sync 1 DAGs
[2024-12-10T14:29:09.494+0000] {logging_mixin.py:190} INFO - [2024-12-10T14:29:09.494+0000] {dag.py:4180} INFO - Setting next_dagrun for set_and_read_airflow_variable to None, run_after=None
[2024-12-10T14:29:09.514+0000] {processor.py:208} INFO - Processing /opt/airflow/dags/Assignment-1_dags/Q3_dag.py took 0.081 seconds
[2024-12-10T14:47:03.998+0000] {processor.py:186} INFO - Started process (PID=11662) to work on /opt/airflow/dags/Assignment-1_dags/Q3_dag.py
[2024-12-10T14:47:04.000+0000] {processor.py:914} INFO - Processing file /opt/airflow/dags/Assignment-1_dags/Q3_dag.py for tasks to queue
[2024-12-10T14:47:04.002+0000] {logging_mixin.py:190} INFO - [2024-12-10T14:47:04.002+0000] {dagbag.py:588} INFO - Filling up the DagBag from /opt/airflow/dags/Assignment-1_dags/Q3_dag.py
[2024-12-10T14:47:04.012+0000] {processor.py:925} INFO - DAG(s) 'set_and_read_airflow_variable' retrieved from /opt/airflow/dags/Assignment-1_dags/Q3_dag.py
[2024-12-10T14:47:04.030+0000] {logging_mixin.py:190} INFO - [2024-12-10T14:47:04.030+0000] {dag.py:3239} INFO - Sync 1 DAGs
[2024-12-10T14:47:04.038+0000] {logging_mixin.py:190} INFO - [2024-12-10T14:47:04.038+0000] {dag.py:4180} INFO - Setting next_dagrun for set_and_read_airflow_variable to None, run_after=None
[2024-12-10T14:47:04.049+0000] {processor.py:208} INFO - Processing /opt/airflow/dags/Assignment-1_dags/Q3_dag.py took 0.056 seconds
[2024-12-10T15:22:39.851+0000] {processor.py:186} INFO - Started process (PID=11671) to work on /opt/airflow/dags/Assignment-1_dags/Q3_dag.py
[2024-12-10T15:22:39.852+0000] {processor.py:914} INFO - Processing file /opt/airflow/dags/Assignment-1_dags/Q3_dag.py for tasks to queue
[2024-12-10T15:22:39.857+0000] {logging_mixin.py:190} INFO - [2024-12-10T15:22:39.856+0000] {dagbag.py:588} INFO - Filling up the DagBag from /opt/airflow/dags/Assignment-1_dags/Q3_dag.py
[2024-12-10T15:22:39.875+0000] {processor.py:925} INFO - DAG(s) 'set_and_read_airflow_variable' retrieved from /opt/airflow/dags/Assignment-1_dags/Q3_dag.py
[2024-12-10T15:22:39.903+0000] {logging_mixin.py:190} INFO - [2024-12-10T15:22:39.903+0000] {dag.py:3239} INFO - Sync 1 DAGs
[2024-12-10T15:22:39.916+0000] {logging_mixin.py:190} INFO - [2024-12-10T15:22:39.916+0000] {dag.py:4180} INFO - Setting next_dagrun for set_and_read_airflow_variable to None, run_after=None
[2024-12-10T15:22:39.935+0000] {processor.py:208} INFO - Processing /opt/airflow/dags/Assignment-1_dags/Q3_dag.py took 0.091 seconds
[2024-12-10T16:40:01.037+0000] {processor.py:186} INFO - Started process (PID=11680) to work on /opt/airflow/dags/Assignment-1_dags/Q3_dag.py
[2024-12-10T16:40:01.040+0000] {processor.py:914} INFO - Processing file /opt/airflow/dags/Assignment-1_dags/Q3_dag.py for tasks to queue
[2024-12-10T16:40:01.046+0000] {logging_mixin.py:190} INFO - [2024-12-10T16:40:01.046+0000] {dagbag.py:588} INFO - Filling up the DagBag from /opt/airflow/dags/Assignment-1_dags/Q3_dag.py
[2024-12-10T16:40:01.062+0000] {processor.py:925} INFO - DAG(s) 'set_and_read_airflow_variable' retrieved from /opt/airflow/dags/Assignment-1_dags/Q3_dag.py
[2024-12-10T16:40:01.084+0000] {logging_mixin.py:190} INFO - [2024-12-10T16:40:01.084+0000] {dag.py:3239} INFO - Sync 1 DAGs
[2024-12-10T16:40:01.094+0000] {logging_mixin.py:190} INFO - [2024-12-10T16:40:01.093+0000] {dag.py:4180} INFO - Setting next_dagrun for set_and_read_airflow_variable to None, run_after=None
[2024-12-10T16:40:01.106+0000] {processor.py:208} INFO - Processing /opt/airflow/dags/Assignment-1_dags/Q3_dag.py took 0.076 seconds
[2024-12-10T17:09:15.475+0000] {processor.py:186} INFO - Started process (PID=11689) to work on /opt/airflow/dags/Assignment-1_dags/Q3_dag.py
[2024-12-10T17:09:15.476+0000] {processor.py:914} INFO - Processing file /opt/airflow/dags/Assignment-1_dags/Q3_dag.py for tasks to queue
[2024-12-10T17:09:15.480+0000] {logging_mixin.py:190} INFO - [2024-12-10T17:09:15.480+0000] {dagbag.py:588} INFO - Filling up the DagBag from /opt/airflow/dags/Assignment-1_dags/Q3_dag.py
[2024-12-10T17:09:15.496+0000] {processor.py:925} INFO - DAG(s) 'set_and_read_airflow_variable' retrieved from /opt/airflow/dags/Assignment-1_dags/Q3_dag.py
[2024-12-10T17:09:15.522+0000] {logging_mixin.py:190} INFO - [2024-12-10T17:09:15.522+0000] {dag.py:3239} INFO - Sync 1 DAGs
[2024-12-10T17:09:15.536+0000] {logging_mixin.py:190} INFO - [2024-12-10T17:09:15.536+0000] {dag.py:4180} INFO - Setting next_dagrun for set_and_read_airflow_variable to None, run_after=None
[2024-12-10T17:09:15.551+0000] {processor.py:208} INFO - Processing /opt/airflow/dags/Assignment-1_dags/Q3_dag.py took 0.085 seconds
[2024-12-10T18:31:13.406+0000] {processor.py:186} INFO - Started process (PID=11698) to work on /opt/airflow/dags/Assignment-1_dags/Q3_dag.py
[2024-12-10T18:31:13.407+0000] {processor.py:914} INFO - Processing file /opt/airflow/dags/Assignment-1_dags/Q3_dag.py for tasks to queue
[2024-12-10T18:31:13.410+0000] {logging_mixin.py:190} INFO - [2024-12-10T18:31:13.410+0000] {dagbag.py:588} INFO - Filling up the DagBag from /opt/airflow/dags/Assignment-1_dags/Q3_dag.py
[2024-12-10T18:31:13.425+0000] {processor.py:925} INFO - DAG(s) 'set_and_read_airflow_variable' retrieved from /opt/airflow/dags/Assignment-1_dags/Q3_dag.py
[2024-12-10T18:31:13.462+0000] {logging_mixin.py:190} INFO - [2024-12-10T18:31:13.461+0000] {dag.py:3239} INFO - Sync 1 DAGs
[2024-12-10T18:31:13.475+0000] {logging_mixin.py:190} INFO - [2024-12-10T18:31:13.474+0000] {dag.py:4180} INFO - Setting next_dagrun for set_and_read_airflow_variable to None, run_after=None
[2024-12-10T18:31:13.492+0000] {processor.py:208} INFO - Processing /opt/airflow/dags/Assignment-1_dags/Q3_dag.py took 0.106 seconds
[2024-12-10T20:13:17.569+0000] {processor.py:186} INFO - Started process (PID=11707) to work on /opt/airflow/dags/Assignment-1_dags/Q3_dag.py
[2024-12-10T20:13:17.575+0000] {processor.py:914} INFO - Processing file /opt/airflow/dags/Assignment-1_dags/Q3_dag.py for tasks to queue
[2024-12-10T20:13:17.581+0000] {logging_mixin.py:190} INFO - [2024-12-10T20:13:17.580+0000] {dagbag.py:588} INFO - Filling up the DagBag from /opt/airflow/dags/Assignment-1_dags/Q3_dag.py
[2024-12-10T20:13:17.596+0000] {processor.py:925} INFO - DAG(s) 'set_and_read_airflow_variable' retrieved from /opt/airflow/dags/Assignment-1_dags/Q3_dag.py
[2024-12-10T20:13:17.624+0000] {logging_mixin.py:190} INFO - [2024-12-10T20:13:17.624+0000] {dag.py:3239} INFO - Sync 1 DAGs
[2024-12-10T20:13:17.637+0000] {logging_mixin.py:190} INFO - [2024-12-10T20:13:17.637+0000] {dag.py:4180} INFO - Setting next_dagrun for set_and_read_airflow_variable to None, run_after=None
[2024-12-10T20:13:17.652+0000] {processor.py:208} INFO - Processing /opt/airflow/dags/Assignment-1_dags/Q3_dag.py took 0.101 seconds
[2024-12-10T21:34:34.453+0000] {processor.py:186} INFO - Started process (PID=11716) to work on /opt/airflow/dags/Assignment-1_dags/Q3_dag.py
[2024-12-10T21:34:34.456+0000] {processor.py:914} INFO - Processing file /opt/airflow/dags/Assignment-1_dags/Q3_dag.py for tasks to queue
[2024-12-10T21:34:34.459+0000] {logging_mixin.py:190} INFO - [2024-12-10T21:34:34.459+0000] {dagbag.py:588} INFO - Filling up the DagBag from /opt/airflow/dags/Assignment-1_dags/Q3_dag.py
[2024-12-10T21:34:34.474+0000] {processor.py:925} INFO - DAG(s) 'set_and_read_airflow_variable' retrieved from /opt/airflow/dags/Assignment-1_dags/Q3_dag.py
[2024-12-10T21:34:34.492+0000] {logging_mixin.py:190} INFO - [2024-12-10T21:34:34.492+0000] {dag.py:3239} INFO - Sync 1 DAGs
[2024-12-10T21:34:34.501+0000] {logging_mixin.py:190} INFO - [2024-12-10T21:34:34.501+0000] {dag.py:4180} INFO - Setting next_dagrun for set_and_read_airflow_variable to None, run_after=None
[2024-12-10T21:34:34.516+0000] {processor.py:208} INFO - Processing /opt/airflow/dags/Assignment-1_dags/Q3_dag.py took 0.069 seconds
[2024-12-10T23:12:32.764+0000] {processor.py:186} INFO - Started process (PID=11724) to work on /opt/airflow/dags/Assignment-1_dags/Q3_dag.py
[2024-12-10T23:12:32.765+0000] {processor.py:914} INFO - Processing file /opt/airflow/dags/Assignment-1_dags/Q3_dag.py for tasks to queue
[2024-12-10T23:12:32.768+0000] {logging_mixin.py:190} INFO - [2024-12-10T23:12:32.768+0000] {dagbag.py:588} INFO - Filling up the DagBag from /opt/airflow/dags/Assignment-1_dags/Q3_dag.py
[2024-12-10T23:12:32.780+0000] {processor.py:925} INFO - DAG(s) 'set_and_read_airflow_variable' retrieved from /opt/airflow/dags/Assignment-1_dags/Q3_dag.py
[2024-12-10T23:12:32.808+0000] {logging_mixin.py:190} INFO - [2024-12-10T23:12:32.808+0000] {dag.py:3239} INFO - Sync 1 DAGs
[2024-12-10T23:12:32.817+0000] {logging_mixin.py:190} INFO - [2024-12-10T23:12:32.817+0000] {dag.py:4180} INFO - Setting next_dagrun for set_and_read_airflow_variable to None, run_after=None
[2024-12-10T23:12:32.828+0000] {processor.py:208} INFO - Processing /opt/airflow/dags/Assignment-1_dags/Q3_dag.py took 0.072 seconds
