[2024-12-16T12:59:27.570+0000] {processor.py:186} INFO - Started process (PID=24189) to work on /opt/airflow/dags/Assignment-4_dags/Q3_dag.py
[2024-12-16T12:59:27.571+0000] {processor.py:914} INFO - Processing file /opt/airflow/dags/Assignment-4_dags/Q3_dag.py for tasks to queue
[2024-12-16T12:59:27.572+0000] {logging_mixin.py:190} INFO - [2024-12-16T12:59:27.572+0000] {dagbag.py:588} INFO - Filling up the DagBag from /opt/airflow/dags/Assignment-4_dags/Q3_dag.py
[2024-12-16T12:59:27.585+0000] {processor.py:925} INFO - DAG(s) 'slack_notification_example' retrieved from /opt/airflow/dags/Assignment-4_dags/Q3_dag.py
[2024-12-16T12:59:27.639+0000] {logging_mixin.py:190} INFO - [2024-12-16T12:59:27.638+0000] {override.py:1911} INFO - Created Permission View: can edit on DAG:slack_notification_example
[2024-12-16T12:59:27.647+0000] {logging_mixin.py:190} INFO - [2024-12-16T12:59:27.647+0000] {override.py:1911} INFO - Created Permission View: can delete on DAG:slack_notification_example
[2024-12-16T12:59:27.653+0000] {logging_mixin.py:190} INFO - [2024-12-16T12:59:27.652+0000] {override.py:1911} INFO - Created Permission View: can read on DAG:slack_notification_example
[2024-12-16T12:59:27.657+0000] {logging_mixin.py:190} INFO - [2024-12-16T12:59:27.656+0000] {override.py:1911} INFO - Created Permission View: can delete on DAG Run:slack_notification_example
[2024-12-16T12:59:27.661+0000] {logging_mixin.py:190} INFO - [2024-12-16T12:59:27.661+0000] {override.py:1911} INFO - Created Permission View: can read on DAG Run:slack_notification_example
[2024-12-16T12:59:27.663+0000] {logging_mixin.py:190} INFO - [2024-12-16T12:59:27.663+0000] {override.py:1911} INFO - Created Permission View: menu access on DAG Run:slack_notification_example
[2024-12-16T12:59:27.667+0000] {logging_mixin.py:190} INFO - [2024-12-16T12:59:27.667+0000] {override.py:1911} INFO - Created Permission View: can create on DAG Run:slack_notification_example
[2024-12-16T12:59:27.671+0000] {logging_mixin.py:190} INFO - [2024-12-16T12:59:27.671+0000] {dag.py:3239} INFO - Sync 1 DAGs
[2024-12-16T12:59:27.679+0000] {logging_mixin.py:190} INFO - [2024-12-16T12:59:27.679+0000] {dag.py:3262} INFO - Creating ORM DAG for slack_notification_example
[2024-12-16T12:59:27.687+0000] {logging_mixin.py:190} INFO - [2024-12-16T12:59:27.687+0000] {dag.py:4180} INFO - Setting next_dagrun for slack_notification_example to 2024-12-15 00:00:00+00:00, run_after=2024-12-16 00:00:00+00:00
[2024-12-16T12:59:27.702+0000] {processor.py:208} INFO - Processing /opt/airflow/dags/Assignment-4_dags/Q3_dag.py took 0.136 seconds
[2024-12-16T12:59:58.361+0000] {processor.py:186} INFO - Started process (PID=24206) to work on /opt/airflow/dags/Assignment-4_dags/Q3_dag.py
[2024-12-16T12:59:58.362+0000] {processor.py:914} INFO - Processing file /opt/airflow/dags/Assignment-4_dags/Q3_dag.py for tasks to queue
[2024-12-16T12:59:58.363+0000] {logging_mixin.py:190} INFO - [2024-12-16T12:59:58.363+0000] {dagbag.py:588} INFO - Filling up the DagBag from /opt/airflow/dags/Assignment-4_dags/Q3_dag.py
[2024-12-16T12:59:58.376+0000] {processor.py:925} INFO - DAG(s) 'slack_notification_example' retrieved from /opt/airflow/dags/Assignment-4_dags/Q3_dag.py
[2024-12-16T12:59:58.390+0000] {logging_mixin.py:190} INFO - [2024-12-16T12:59:58.389+0000] {dag.py:3239} INFO - Sync 1 DAGs
[2024-12-16T12:59:58.402+0000] {logging_mixin.py:190} INFO - [2024-12-16T12:59:58.402+0000] {dag.py:4180} INFO - Setting next_dagrun for slack_notification_example to 2024-12-15 00:00:00+00:00, run_after=2024-12-16 00:00:00+00:00
[2024-12-16T12:59:58.414+0000] {processor.py:208} INFO - Processing /opt/airflow/dags/Assignment-4_dags/Q3_dag.py took 0.057 seconds
[2024-12-16T13:00:29.095+0000] {processor.py:186} INFO - Started process (PID=24228) to work on /opt/airflow/dags/Assignment-4_dags/Q3_dag.py
[2024-12-16T13:00:29.096+0000] {processor.py:914} INFO - Processing file /opt/airflow/dags/Assignment-4_dags/Q3_dag.py for tasks to queue
[2024-12-16T13:00:29.098+0000] {logging_mixin.py:190} INFO - [2024-12-16T13:00:29.098+0000] {dagbag.py:588} INFO - Filling up the DagBag from /opt/airflow/dags/Assignment-4_dags/Q3_dag.py
[2024-12-16T13:00:29.110+0000] {processor.py:925} INFO - DAG(s) 'slack_notification_example' retrieved from /opt/airflow/dags/Assignment-4_dags/Q3_dag.py
[2024-12-16T13:00:29.126+0000] {logging_mixin.py:190} INFO - [2024-12-16T13:00:29.126+0000] {dag.py:3239} INFO - Sync 1 DAGs
[2024-12-16T13:00:29.139+0000] {logging_mixin.py:190} INFO - [2024-12-16T13:00:29.139+0000] {dag.py:4180} INFO - Setting next_dagrun for slack_notification_example to 2024-12-15 00:00:00+00:00, run_after=2024-12-16 00:00:00+00:00
[2024-12-16T13:00:29.154+0000] {processor.py:208} INFO - Processing /opt/airflow/dags/Assignment-4_dags/Q3_dag.py took 0.063 seconds
[2024-12-16T13:00:59.834+0000] {processor.py:186} INFO - Started process (PID=24245) to work on /opt/airflow/dags/Assignment-4_dags/Q3_dag.py
[2024-12-16T13:00:59.836+0000] {processor.py:914} INFO - Processing file /opt/airflow/dags/Assignment-4_dags/Q3_dag.py for tasks to queue
[2024-12-16T13:00:59.841+0000] {logging_mixin.py:190} INFO - [2024-12-16T13:00:59.840+0000] {dagbag.py:588} INFO - Filling up the DagBag from /opt/airflow/dags/Assignment-4_dags/Q3_dag.py
[2024-12-16T13:00:59.859+0000] {processor.py:925} INFO - DAG(s) 'slack_notification_example' retrieved from /opt/airflow/dags/Assignment-4_dags/Q3_dag.py
[2024-12-16T13:00:59.881+0000] {logging_mixin.py:190} INFO - [2024-12-16T13:00:59.880+0000] {dag.py:3239} INFO - Sync 1 DAGs
[2024-12-16T13:00:59.894+0000] {logging_mixin.py:190} INFO - [2024-12-16T13:00:59.893+0000] {dag.py:4180} INFO - Setting next_dagrun for slack_notification_example to 2024-12-15 00:00:00+00:00, run_after=2024-12-16 00:00:00+00:00
[2024-12-16T13:00:59.904+0000] {processor.py:208} INFO - Processing /opt/airflow/dags/Assignment-4_dags/Q3_dag.py took 0.078 seconds
[2024-12-16T13:01:30.599+0000] {processor.py:186} INFO - Started process (PID=24262) to work on /opt/airflow/dags/Assignment-4_dags/Q3_dag.py
[2024-12-16T13:01:30.600+0000] {processor.py:914} INFO - Processing file /opt/airflow/dags/Assignment-4_dags/Q3_dag.py for tasks to queue
[2024-12-16T13:01:30.606+0000] {logging_mixin.py:190} INFO - [2024-12-16T13:01:30.606+0000] {dagbag.py:588} INFO - Filling up the DagBag from /opt/airflow/dags/Assignment-4_dags/Q3_dag.py
[2024-12-16T13:01:30.617+0000] {processor.py:925} INFO - DAG(s) 'slack_notification_example' retrieved from /opt/airflow/dags/Assignment-4_dags/Q3_dag.py
[2024-12-16T13:01:30.633+0000] {logging_mixin.py:190} INFO - [2024-12-16T13:01:30.633+0000] {dag.py:3239} INFO - Sync 1 DAGs
[2024-12-16T13:01:30.648+0000] {logging_mixin.py:190} INFO - [2024-12-16T13:01:30.648+0000] {dag.py:4180} INFO - Setting next_dagrun for slack_notification_example to 2024-12-15 00:00:00+00:00, run_after=2024-12-16 00:00:00+00:00
[2024-12-16T13:01:30.658+0000] {processor.py:208} INFO - Processing /opt/airflow/dags/Assignment-4_dags/Q3_dag.py took 0.066 seconds
[2024-12-16T13:02:01.338+0000] {processor.py:186} INFO - Started process (PID=24279) to work on /opt/airflow/dags/Assignment-4_dags/Q3_dag.py
[2024-12-16T13:02:01.341+0000] {processor.py:914} INFO - Processing file /opt/airflow/dags/Assignment-4_dags/Q3_dag.py for tasks to queue
[2024-12-16T13:02:01.343+0000] {logging_mixin.py:190} INFO - [2024-12-16T13:02:01.343+0000] {dagbag.py:588} INFO - Filling up the DagBag from /opt/airflow/dags/Assignment-4_dags/Q3_dag.py
[2024-12-16T13:02:01.362+0000] {processor.py:925} INFO - DAG(s) 'slack_notification_example' retrieved from /opt/airflow/dags/Assignment-4_dags/Q3_dag.py
[2024-12-16T13:02:01.382+0000] {logging_mixin.py:190} INFO - [2024-12-16T13:02:01.382+0000] {dag.py:3239} INFO - Sync 1 DAGs
[2024-12-16T13:02:01.399+0000] {logging_mixin.py:190} INFO - [2024-12-16T13:02:01.399+0000] {dag.py:4180} INFO - Setting next_dagrun for slack_notification_example to 2024-12-15 00:00:00+00:00, run_after=2024-12-16 00:00:00+00:00
[2024-12-16T13:02:01.417+0000] {processor.py:208} INFO - Processing /opt/airflow/dags/Assignment-4_dags/Q3_dag.py took 0.084 seconds
[2024-12-16T13:02:32.096+0000] {processor.py:186} INFO - Started process (PID=24296) to work on /opt/airflow/dags/Assignment-4_dags/Q3_dag.py
[2024-12-16T13:02:32.097+0000] {processor.py:914} INFO - Processing file /opt/airflow/dags/Assignment-4_dags/Q3_dag.py for tasks to queue
[2024-12-16T13:02:32.100+0000] {logging_mixin.py:190} INFO - [2024-12-16T13:02:32.100+0000] {dagbag.py:588} INFO - Filling up the DagBag from /opt/airflow/dags/Assignment-4_dags/Q3_dag.py
[2024-12-16T13:02:32.110+0000] {processor.py:925} INFO - DAG(s) 'slack_notification_example' retrieved from /opt/airflow/dags/Assignment-4_dags/Q3_dag.py
[2024-12-16T13:02:32.131+0000] {logging_mixin.py:190} INFO - [2024-12-16T13:02:32.131+0000] {dag.py:3239} INFO - Sync 1 DAGs
[2024-12-16T13:02:32.155+0000] {logging_mixin.py:190} INFO - [2024-12-16T13:02:32.155+0000] {dag.py:4180} INFO - Setting next_dagrun for slack_notification_example to 2024-12-15 00:00:00+00:00, run_after=2024-12-16 00:00:00+00:00
[2024-12-16T13:02:32.176+0000] {processor.py:208} INFO - Processing /opt/airflow/dags/Assignment-4_dags/Q3_dag.py took 0.086 seconds
[2024-12-16T13:03:02.893+0000] {processor.py:186} INFO - Started process (PID=24313) to work on /opt/airflow/dags/Assignment-4_dags/Q3_dag.py
[2024-12-16T13:03:02.895+0000] {processor.py:914} INFO - Processing file /opt/airflow/dags/Assignment-4_dags/Q3_dag.py for tasks to queue
[2024-12-16T13:03:02.897+0000] {logging_mixin.py:190} INFO - [2024-12-16T13:03:02.897+0000] {dagbag.py:588} INFO - Filling up the DagBag from /opt/airflow/dags/Assignment-4_dags/Q3_dag.py
[2024-12-16T13:03:02.910+0000] {processor.py:925} INFO - DAG(s) 'slack_notification_example' retrieved from /opt/airflow/dags/Assignment-4_dags/Q3_dag.py
[2024-12-16T13:03:02.949+0000] {logging_mixin.py:190} INFO - [2024-12-16T13:03:02.948+0000] {dag.py:3239} INFO - Sync 1 DAGs
[2024-12-16T13:03:02.972+0000] {logging_mixin.py:190} INFO - [2024-12-16T13:03:02.972+0000] {dag.py:4180} INFO - Setting next_dagrun for slack_notification_example to 2024-12-15 00:00:00+00:00, run_after=2024-12-16 00:00:00+00:00
[2024-12-16T13:03:02.991+0000] {processor.py:208} INFO - Processing /opt/airflow/dags/Assignment-4_dags/Q3_dag.py took 0.104 seconds
[2024-12-16T13:03:33.736+0000] {processor.py:186} INFO - Started process (PID=24330) to work on /opt/airflow/dags/Assignment-4_dags/Q3_dag.py
[2024-12-16T13:03:33.737+0000] {processor.py:914} INFO - Processing file /opt/airflow/dags/Assignment-4_dags/Q3_dag.py for tasks to queue
[2024-12-16T13:03:33.739+0000] {logging_mixin.py:190} INFO - [2024-12-16T13:03:33.739+0000] {dagbag.py:588} INFO - Filling up the DagBag from /opt/airflow/dags/Assignment-4_dags/Q3_dag.py
[2024-12-16T13:03:33.754+0000] {processor.py:925} INFO - DAG(s) 'slack_notification_example' retrieved from /opt/airflow/dags/Assignment-4_dags/Q3_dag.py
[2024-12-16T13:03:33.774+0000] {logging_mixin.py:190} INFO - [2024-12-16T13:03:33.774+0000] {dag.py:3239} INFO - Sync 1 DAGs
[2024-12-16T13:03:33.788+0000] {logging_mixin.py:190} INFO - [2024-12-16T13:03:33.788+0000] {dag.py:4180} INFO - Setting next_dagrun for slack_notification_example to 2024-12-15 00:00:00+00:00, run_after=2024-12-16 00:00:00+00:00
[2024-12-16T13:03:33.801+0000] {processor.py:208} INFO - Processing /opt/airflow/dags/Assignment-4_dags/Q3_dag.py took 0.072 seconds
