[2024-12-16T12:59:27.722+0000] {processor.py:186} INFO - Started process (PID=24191) to work on /opt/airflow/dags/Assignment-3_dags/dag_b.py
[2024-12-16T12:59:27.723+0000] {processor.py:914} INFO - Processing file /opt/airflow/dags/Assignment-3_dags/dag_b.py for tasks to queue
[2024-12-16T12:59:27.725+0000] {logging_mixin.py:190} INFO - [2024-12-16T12:59:27.724+0000] {dagbag.py:588} INFO - Filling up the DagBag from /opt/airflow/dags/Assignment-3_dags/dag_b.py
[2024-12-16T12:59:27.738+0000] {processor.py:925} INFO - DAG(s) 'dag2_status_check' retrieved from /opt/airflow/dags/Assignment-3_dags/dag_b.py
[2024-12-16T12:59:27.791+0000] {logging_mixin.py:190} INFO - [2024-12-16T12:59:27.790+0000] {override.py:1911} INFO - Created Permission View: can edit on DAG:dag2_status_check
[2024-12-16T12:59:27.795+0000] {logging_mixin.py:190} INFO - [2024-12-16T12:59:27.794+0000] {override.py:1911} INFO - Created Permission View: can delete on DAG:dag2_status_check
[2024-12-16T12:59:27.797+0000] {logging_mixin.py:190} INFO - [2024-12-16T12:59:27.797+0000] {override.py:1911} INFO - Created Permission View: can read on DAG:dag2_status_check
[2024-12-16T12:59:27.799+0000] {logging_mixin.py:190} INFO - [2024-12-16T12:59:27.798+0000] {override.py:1911} INFO - Created Permission View: can delete on DAG Run:dag2_status_check
[2024-12-16T12:59:27.801+0000] {logging_mixin.py:190} INFO - [2024-12-16T12:59:27.800+0000] {override.py:1911} INFO - Created Permission View: can read on DAG Run:dag2_status_check
[2024-12-16T12:59:27.802+0000] {logging_mixin.py:190} INFO - [2024-12-16T12:59:27.802+0000] {override.py:1911} INFO - Created Permission View: menu access on DAG Run:dag2_status_check
[2024-12-16T12:59:27.804+0000] {logging_mixin.py:190} INFO - [2024-12-16T12:59:27.804+0000] {override.py:1911} INFO - Created Permission View: can create on DAG Run:dag2_status_check
[2024-12-16T12:59:27.804+0000] {logging_mixin.py:190} INFO - [2024-12-16T12:59:27.804+0000] {dag.py:3239} INFO - Sync 1 DAGs
[2024-12-16T12:59:27.809+0000] {logging_mixin.py:190} INFO - [2024-12-16T12:59:27.809+0000] {dag.py:3262} INFO - Creating ORM DAG for dag2_status_check
[2024-12-16T12:59:27.810+0000] {logging_mixin.py:190} INFO - [2024-12-16T12:59:27.810+0000] {dag.py:4180} INFO - Setting next_dagrun for dag2_status_check to None, run_after=None
[2024-12-16T12:59:27.815+0000] {processor.py:208} INFO - Processing /opt/airflow/dags/Assignment-3_dags/dag_b.py took 0.096 seconds
[2024-12-16T12:59:58.478+0000] {processor.py:186} INFO - Started process (PID=24208) to work on /opt/airflow/dags/Assignment-3_dags/dag_b.py
[2024-12-16T12:59:58.479+0000] {processor.py:914} INFO - Processing file /opt/airflow/dags/Assignment-3_dags/dag_b.py for tasks to queue
[2024-12-16T12:59:58.480+0000] {logging_mixin.py:190} INFO - [2024-12-16T12:59:58.480+0000] {dagbag.py:588} INFO - Filling up the DagBag from /opt/airflow/dags/Assignment-3_dags/dag_b.py
[2024-12-16T12:59:58.487+0000] {processor.py:925} INFO - DAG(s) 'dag2_status_check' retrieved from /opt/airflow/dags/Assignment-3_dags/dag_b.py
[2024-12-16T12:59:58.497+0000] {logging_mixin.py:190} INFO - [2024-12-16T12:59:58.496+0000] {dag.py:3239} INFO - Sync 1 DAGs
[2024-12-16T12:59:58.503+0000] {logging_mixin.py:190} INFO - [2024-12-16T12:59:58.502+0000] {dag.py:4180} INFO - Setting next_dagrun for dag2_status_check to None, run_after=None
[2024-12-16T12:59:58.510+0000] {processor.py:208} INFO - Processing /opt/airflow/dags/Assignment-3_dags/dag_b.py took 0.034 seconds
[2024-12-16T13:00:29.175+0000] {processor.py:186} INFO - Started process (PID=24230) to work on /opt/airflow/dags/Assignment-3_dags/dag_b.py
[2024-12-16T13:00:29.176+0000] {processor.py:914} INFO - Processing file /opt/airflow/dags/Assignment-3_dags/dag_b.py for tasks to queue
[2024-12-16T13:00:29.177+0000] {logging_mixin.py:190} INFO - [2024-12-16T13:00:29.177+0000] {dagbag.py:588} INFO - Filling up the DagBag from /opt/airflow/dags/Assignment-3_dags/dag_b.py
[2024-12-16T13:00:29.186+0000] {processor.py:925} INFO - DAG(s) 'dag2_status_check' retrieved from /opt/airflow/dags/Assignment-3_dags/dag_b.py
[2024-12-16T13:00:29.203+0000] {logging_mixin.py:190} INFO - [2024-12-16T13:00:29.202+0000] {dag.py:3239} INFO - Sync 1 DAGs
[2024-12-16T13:00:29.210+0000] {logging_mixin.py:190} INFO - [2024-12-16T13:00:29.210+0000] {dag.py:4180} INFO - Setting next_dagrun for dag2_status_check to None, run_after=None
[2024-12-16T13:00:29.220+0000] {processor.py:208} INFO - Processing /opt/airflow/dags/Assignment-3_dags/dag_b.py took 0.049 seconds
[2024-12-16T13:00:59.929+0000] {processor.py:186} INFO - Started process (PID=24247) to work on /opt/airflow/dags/Assignment-3_dags/dag_b.py
[2024-12-16T13:00:59.930+0000] {processor.py:914} INFO - Processing file /opt/airflow/dags/Assignment-3_dags/dag_b.py for tasks to queue
[2024-12-16T13:00:59.934+0000] {logging_mixin.py:190} INFO - [2024-12-16T13:00:59.934+0000] {dagbag.py:588} INFO - Filling up the DagBag from /opt/airflow/dags/Assignment-3_dags/dag_b.py
[2024-12-16T13:00:59.944+0000] {processor.py:925} INFO - DAG(s) 'dag2_status_check' retrieved from /opt/airflow/dags/Assignment-3_dags/dag_b.py
[2024-12-16T13:00:59.956+0000] {logging_mixin.py:190} INFO - [2024-12-16T13:00:59.955+0000] {dag.py:3239} INFO - Sync 1 DAGs
[2024-12-16T13:00:59.962+0000] {logging_mixin.py:190} INFO - [2024-12-16T13:00:59.962+0000] {dag.py:4180} INFO - Setting next_dagrun for dag2_status_check to None, run_after=None
[2024-12-16T13:00:59.970+0000] {processor.py:208} INFO - Processing /opt/airflow/dags/Assignment-3_dags/dag_b.py took 0.045 seconds
[2024-12-16T13:01:30.724+0000] {processor.py:186} INFO - Started process (PID=24264) to work on /opt/airflow/dags/Assignment-3_dags/dag_b.py
[2024-12-16T13:01:30.725+0000] {processor.py:914} INFO - Processing file /opt/airflow/dags/Assignment-3_dags/dag_b.py for tasks to queue
[2024-12-16T13:01:30.726+0000] {logging_mixin.py:190} INFO - [2024-12-16T13:01:30.726+0000] {dagbag.py:588} INFO - Filling up the DagBag from /opt/airflow/dags/Assignment-3_dags/dag_b.py
[2024-12-16T13:01:30.732+0000] {processor.py:925} INFO - DAG(s) 'dag2_status_check' retrieved from /opt/airflow/dags/Assignment-3_dags/dag_b.py
[2024-12-16T13:01:30.742+0000] {logging_mixin.py:190} INFO - [2024-12-16T13:01:30.742+0000] {dag.py:3239} INFO - Sync 1 DAGs
[2024-12-16T13:01:30.748+0000] {logging_mixin.py:190} INFO - [2024-12-16T13:01:30.748+0000] {dag.py:4180} INFO - Setting next_dagrun for dag2_status_check to None, run_after=None
[2024-12-16T13:01:30.756+0000] {processor.py:208} INFO - Processing /opt/airflow/dags/Assignment-3_dags/dag_b.py took 0.035 seconds
[2024-12-16T13:02:01.505+0000] {processor.py:186} INFO - Started process (PID=24281) to work on /opt/airflow/dags/Assignment-3_dags/dag_b.py
[2024-12-16T13:02:01.506+0000] {processor.py:914} INFO - Processing file /opt/airflow/dags/Assignment-3_dags/dag_b.py for tasks to queue
[2024-12-16T13:02:01.507+0000] {logging_mixin.py:190} INFO - [2024-12-16T13:02:01.507+0000] {dagbag.py:588} INFO - Filling up the DagBag from /opt/airflow/dags/Assignment-3_dags/dag_b.py
[2024-12-16T13:02:01.516+0000] {processor.py:925} INFO - DAG(s) 'dag2_status_check' retrieved from /opt/airflow/dags/Assignment-3_dags/dag_b.py
[2024-12-16T13:02:01.528+0000] {logging_mixin.py:190} INFO - [2024-12-16T13:02:01.528+0000] {dag.py:3239} INFO - Sync 1 DAGs
[2024-12-16T13:02:01.536+0000] {logging_mixin.py:190} INFO - [2024-12-16T13:02:01.536+0000] {dag.py:4180} INFO - Setting next_dagrun for dag2_status_check to None, run_after=None
[2024-12-16T13:02:01.545+0000] {processor.py:208} INFO - Processing /opt/airflow/dags/Assignment-3_dags/dag_b.py took 0.044 seconds
[2024-12-16T13:02:32.287+0000] {processor.py:186} INFO - Started process (PID=24298) to work on /opt/airflow/dags/Assignment-3_dags/dag_b.py
[2024-12-16T13:02:32.288+0000] {processor.py:914} INFO - Processing file /opt/airflow/dags/Assignment-3_dags/dag_b.py for tasks to queue
[2024-12-16T13:02:32.290+0000] {logging_mixin.py:190} INFO - [2024-12-16T13:02:32.289+0000] {dagbag.py:588} INFO - Filling up the DagBag from /opt/airflow/dags/Assignment-3_dags/dag_b.py
[2024-12-16T13:02:32.299+0000] {processor.py:925} INFO - DAG(s) 'dag2_status_check' retrieved from /opt/airflow/dags/Assignment-3_dags/dag_b.py
[2024-12-16T13:02:32.316+0000] {logging_mixin.py:190} INFO - [2024-12-16T13:02:32.316+0000] {dag.py:3239} INFO - Sync 1 DAGs
[2024-12-16T13:02:32.326+0000] {logging_mixin.py:190} INFO - [2024-12-16T13:02:32.325+0000] {dag.py:4180} INFO - Setting next_dagrun for dag2_status_check to None, run_after=None
[2024-12-16T13:02:32.339+0000] {processor.py:208} INFO - Processing /opt/airflow/dags/Assignment-3_dags/dag_b.py took 0.057 seconds
[2024-12-16T13:03:03.073+0000] {processor.py:186} INFO - Started process (PID=24315) to work on /opt/airflow/dags/Assignment-3_dags/dag_b.py
[2024-12-16T13:03:03.073+0000] {processor.py:914} INFO - Processing file /opt/airflow/dags/Assignment-3_dags/dag_b.py for tasks to queue
[2024-12-16T13:03:03.075+0000] {logging_mixin.py:190} INFO - [2024-12-16T13:03:03.075+0000] {dagbag.py:588} INFO - Filling up the DagBag from /opt/airflow/dags/Assignment-3_dags/dag_b.py
[2024-12-16T13:03:03.082+0000] {processor.py:925} INFO - DAG(s) 'dag2_status_check' retrieved from /opt/airflow/dags/Assignment-3_dags/dag_b.py
[2024-12-16T13:03:03.093+0000] {logging_mixin.py:190} INFO - [2024-12-16T13:03:03.093+0000] {dag.py:3239} INFO - Sync 1 DAGs
[2024-12-16T13:03:03.101+0000] {logging_mixin.py:190} INFO - [2024-12-16T13:03:03.101+0000] {dag.py:4180} INFO - Setting next_dagrun for dag2_status_check to None, run_after=None
[2024-12-16T13:03:03.111+0000] {processor.py:208} INFO - Processing /opt/airflow/dags/Assignment-3_dags/dag_b.py took 0.043 seconds
[2024-12-16T13:03:33.866+0000] {processor.py:186} INFO - Started process (PID=24332) to work on /opt/airflow/dags/Assignment-3_dags/dag_b.py
[2024-12-16T13:03:33.866+0000] {processor.py:914} INFO - Processing file /opt/airflow/dags/Assignment-3_dags/dag_b.py for tasks to queue
[2024-12-16T13:03:33.867+0000] {logging_mixin.py:190} INFO - [2024-12-16T13:03:33.867+0000] {dagbag.py:588} INFO - Filling up the DagBag from /opt/airflow/dags/Assignment-3_dags/dag_b.py
[2024-12-16T13:03:33.874+0000] {processor.py:925} INFO - DAG(s) 'dag2_status_check' retrieved from /opt/airflow/dags/Assignment-3_dags/dag_b.py
[2024-12-16T13:03:33.884+0000] {logging_mixin.py:190} INFO - [2024-12-16T13:03:33.883+0000] {dag.py:3239} INFO - Sync 1 DAGs
[2024-12-16T13:03:33.890+0000] {logging_mixin.py:190} INFO - [2024-12-16T13:03:33.890+0000] {dag.py:4180} INFO - Setting next_dagrun for dag2_status_check to None, run_after=None
[2024-12-16T13:03:33.897+0000] {processor.py:208} INFO - Processing /opt/airflow/dags/Assignment-3_dags/dag_b.py took 0.034 seconds
