[2024-12-16T12:54:27.433+0000] {processor.py:186} INFO - Started process (PID=24060) to work on /opt/airflow/dags/Assignment-3_dags/dag_a.py
[2024-12-16T12:54:27.434+0000] {processor.py:914} INFO - Processing file /opt/airflow/dags/Assignment-3_dags/dag_a.py for tasks to queue
[2024-12-16T12:54:27.438+0000] {logging_mixin.py:190} INFO - [2024-12-16T12:54:27.438+0000] {dagbag.py:588} INFO - Filling up the DagBag from /opt/airflow/dags/Assignment-3_dags/dag_a.py
[2024-12-16T12:54:27.615+0000] {processor.py:925} INFO - DAG(s) 'assignment_3_dag_a' retrieved from /opt/airflow/dags/Assignment-3_dags/dag_a.py
[2024-12-16T12:54:27.700+0000] {logging_mixin.py:190} INFO - [2024-12-16T12:54:27.700+0000] {override.py:1911} INFO - Created Permission View: can edit on DAG:assignment_3_dag_a
[2024-12-16T12:54:27.708+0000] {logging_mixin.py:190} INFO - [2024-12-16T12:54:27.708+0000] {override.py:1911} INFO - Created Permission View: can delete on DAG:assignment_3_dag_a
[2024-12-16T12:54:27.716+0000] {logging_mixin.py:190} INFO - [2024-12-16T12:54:27.716+0000] {override.py:1911} INFO - Created Permission View: can read on DAG:assignment_3_dag_a
[2024-12-16T12:54:27.721+0000] {logging_mixin.py:190} INFO - [2024-12-16T12:54:27.721+0000] {override.py:1911} INFO - Created Permission View: can delete on DAG Run:assignment_3_dag_a
[2024-12-16T12:54:27.725+0000] {logging_mixin.py:190} INFO - [2024-12-16T12:54:27.725+0000] {override.py:1911} INFO - Created Permission View: can read on DAG Run:assignment_3_dag_a
[2024-12-16T12:54:27.730+0000] {logging_mixin.py:190} INFO - [2024-12-16T12:54:27.730+0000] {override.py:1911} INFO - Created Permission View: menu access on DAG Run:assignment_3_dag_a
[2024-12-16T12:54:27.734+0000] {logging_mixin.py:190} INFO - [2024-12-16T12:54:27.734+0000] {override.py:1911} INFO - Created Permission View: can create on DAG Run:assignment_3_dag_a
[2024-12-16T12:54:27.735+0000] {logging_mixin.py:190} INFO - [2024-12-16T12:54:27.734+0000] {dag.py:3239} INFO - Sync 1 DAGs
[2024-12-16T12:54:27.745+0000] {logging_mixin.py:190} INFO - [2024-12-16T12:54:27.744+0000] {dag.py:3262} INFO - Creating ORM DAG for assignment_3_dag_a
[2024-12-16T12:54:27.745+0000] {logging_mixin.py:190} INFO - [2024-12-16T12:54:27.745+0000] {dag.py:4180} INFO - Setting next_dagrun for assignment_3_dag_a to None, run_after=None
[2024-12-16T12:54:27.757+0000] {processor.py:208} INFO - Processing /opt/airflow/dags/Assignment-3_dags/dag_a.py took 0.332 seconds
[2024-12-16T12:54:57.992+0000] {processor.py:186} INFO - Started process (PID=24073) to work on /opt/airflow/dags/Assignment-3_dags/dag_a.py
[2024-12-16T12:54:57.994+0000] {processor.py:914} INFO - Processing file /opt/airflow/dags/Assignment-3_dags/dag_a.py for tasks to queue
[2024-12-16T12:54:57.998+0000] {logging_mixin.py:190} INFO - [2024-12-16T12:54:57.998+0000] {dagbag.py:588} INFO - Filling up the DagBag from /opt/airflow/dags/Assignment-3_dags/dag_a.py
[2024-12-16T12:54:58.051+0000] {processor.py:925} INFO - DAG(s) 'assignment_3_dag_a' retrieved from /opt/airflow/dags/Assignment-3_dags/dag_a.py
[2024-12-16T12:54:58.132+0000] {logging_mixin.py:190} INFO - [2024-12-16T12:54:58.131+0000] {dag.py:3239} INFO - Sync 1 DAGs
[2024-12-16T12:54:58.171+0000] {logging_mixin.py:190} INFO - [2024-12-16T12:54:58.170+0000] {dag.py:4180} INFO - Setting next_dagrun for assignment_3_dag_a to None, run_after=None
[2024-12-16T12:54:58.193+0000] {processor.py:208} INFO - Processing /opt/airflow/dags/Assignment-3_dags/dag_a.py took 0.213 seconds
[2024-12-16T12:55:28.758+0000] {processor.py:186} INFO - Started process (PID=24091) to work on /opt/airflow/dags/Assignment-3_dags/dag_a.py
[2024-12-16T12:55:28.759+0000] {processor.py:914} INFO - Processing file /opt/airflow/dags/Assignment-3_dags/dag_a.py for tasks to queue
[2024-12-16T12:55:28.765+0000] {logging_mixin.py:190} INFO - [2024-12-16T12:55:28.764+0000] {dagbag.py:588} INFO - Filling up the DagBag from /opt/airflow/dags/Assignment-3_dags/dag_a.py
[2024-12-16T12:55:28.785+0000] {processor.py:925} INFO - DAG(s) 'assignment_3_dag_a' retrieved from /opt/airflow/dags/Assignment-3_dags/dag_a.py
[2024-12-16T12:55:28.811+0000] {logging_mixin.py:190} INFO - [2024-12-16T12:55:28.810+0000] {dag.py:3239} INFO - Sync 1 DAGs
[2024-12-16T12:55:28.821+0000] {logging_mixin.py:190} INFO - [2024-12-16T12:55:28.821+0000] {dag.py:4180} INFO - Setting next_dagrun for assignment_3_dag_a to None, run_after=None
[2024-12-16T12:55:28.834+0000] {processor.py:208} INFO - Processing /opt/airflow/dags/Assignment-3_dags/dag_a.py took 0.084 seconds
[2024-12-16T12:55:59.406+0000] {processor.py:186} INFO - Started process (PID=24104) to work on /opt/airflow/dags/Assignment-3_dags/dag_a.py
[2024-12-16T12:55:59.408+0000] {processor.py:914} INFO - Processing file /opt/airflow/dags/Assignment-3_dags/dag_a.py for tasks to queue
[2024-12-16T12:55:59.413+0000] {logging_mixin.py:190} INFO - [2024-12-16T12:55:59.411+0000] {dagbag.py:588} INFO - Filling up the DagBag from /opt/airflow/dags/Assignment-3_dags/dag_a.py
[2024-12-16T12:55:59.431+0000] {processor.py:925} INFO - DAG(s) 'assignment_3_dag_a' retrieved from /opt/airflow/dags/Assignment-3_dags/dag_a.py
[2024-12-16T12:55:59.452+0000] {logging_mixin.py:190} INFO - [2024-12-16T12:55:59.452+0000] {dag.py:3239} INFO - Sync 1 DAGs
[2024-12-16T12:55:59.463+0000] {logging_mixin.py:190} INFO - [2024-12-16T12:55:59.463+0000] {dag.py:4180} INFO - Setting next_dagrun for assignment_3_dag_a to None, run_after=None
[2024-12-16T12:55:59.477+0000] {processor.py:208} INFO - Processing /opt/airflow/dags/Assignment-3_dags/dag_a.py took 0.081 seconds
[2024-12-16T12:56:29.977+0000] {processor.py:186} INFO - Started process (PID=24117) to work on /opt/airflow/dags/Assignment-3_dags/dag_a.py
[2024-12-16T12:56:29.979+0000] {processor.py:914} INFO - Processing file /opt/airflow/dags/Assignment-3_dags/dag_a.py for tasks to queue
[2024-12-16T12:56:29.983+0000] {logging_mixin.py:190} INFO - [2024-12-16T12:56:29.983+0000] {dagbag.py:588} INFO - Filling up the DagBag from /opt/airflow/dags/Assignment-3_dags/dag_a.py
[2024-12-16T12:56:30.020+0000] {processor.py:925} INFO - DAG(s) 'assignment_3_dag_a' retrieved from /opt/airflow/dags/Assignment-3_dags/dag_a.py
[2024-12-16T12:56:30.047+0000] {logging_mixin.py:190} INFO - [2024-12-16T12:56:30.046+0000] {dag.py:3239} INFO - Sync 1 DAGs
[2024-12-16T12:56:30.060+0000] {logging_mixin.py:190} INFO - [2024-12-16T12:56:30.060+0000] {dag.py:4180} INFO - Setting next_dagrun for assignment_3_dag_a to None, run_after=None
[2024-12-16T12:56:30.075+0000] {processor.py:208} INFO - Processing /opt/airflow/dags/Assignment-3_dags/dag_a.py took 0.111 seconds
[2024-12-16T12:57:00.633+0000] {processor.py:186} INFO - Started process (PID=24130) to work on /opt/airflow/dags/Assignment-3_dags/dag_a.py
[2024-12-16T12:57:00.637+0000] {processor.py:914} INFO - Processing file /opt/airflow/dags/Assignment-3_dags/dag_a.py for tasks to queue
[2024-12-16T12:57:00.642+0000] {logging_mixin.py:190} INFO - [2024-12-16T12:57:00.641+0000] {dagbag.py:588} INFO - Filling up the DagBag from /opt/airflow/dags/Assignment-3_dags/dag_a.py
[2024-12-16T12:57:00.662+0000] {processor.py:925} INFO - DAG(s) 'assignment_3_dag_a' retrieved from /opt/airflow/dags/Assignment-3_dags/dag_a.py
[2024-12-16T12:57:00.687+0000] {logging_mixin.py:190} INFO - [2024-12-16T12:57:00.687+0000] {dag.py:3239} INFO - Sync 1 DAGs
[2024-12-16T12:57:00.700+0000] {logging_mixin.py:190} INFO - [2024-12-16T12:57:00.700+0000] {dag.py:4180} INFO - Setting next_dagrun for assignment_3_dag_a to None, run_after=None
[2024-12-16T12:57:00.714+0000] {processor.py:208} INFO - Processing /opt/airflow/dags/Assignment-3_dags/dag_a.py took 0.110 seconds
[2024-12-16T12:57:31.193+0000] {processor.py:186} INFO - Started process (PID=24143) to work on /opt/airflow/dags/Assignment-3_dags/dag_a.py
[2024-12-16T12:57:31.194+0000] {processor.py:914} INFO - Processing file /opt/airflow/dags/Assignment-3_dags/dag_a.py for tasks to queue
[2024-12-16T12:57:31.198+0000] {logging_mixin.py:190} INFO - [2024-12-16T12:57:31.198+0000] {dagbag.py:588} INFO - Filling up the DagBag from /opt/airflow/dags/Assignment-3_dags/dag_a.py
[2024-12-16T12:57:31.213+0000] {processor.py:925} INFO - DAG(s) 'assignment_3_dag_a' retrieved from /opt/airflow/dags/Assignment-3_dags/dag_a.py
[2024-12-16T12:57:31.233+0000] {logging_mixin.py:190} INFO - [2024-12-16T12:57:31.233+0000] {dag.py:3239} INFO - Sync 1 DAGs
[2024-12-16T12:57:31.242+0000] {logging_mixin.py:190} INFO - [2024-12-16T12:57:31.242+0000] {dag.py:4180} INFO - Setting next_dagrun for assignment_3_dag_a to None, run_after=None
[2024-12-16T12:57:31.255+0000] {processor.py:208} INFO - Processing /opt/airflow/dags/Assignment-3_dags/dag_a.py took 0.069 seconds
[2024-12-16T12:58:01.791+0000] {processor.py:186} INFO - Started process (PID=24156) to work on /opt/airflow/dags/Assignment-3_dags/dag_a.py
[2024-12-16T12:58:01.794+0000] {processor.py:914} INFO - Processing file /opt/airflow/dags/Assignment-3_dags/dag_a.py for tasks to queue
[2024-12-16T12:58:01.800+0000] {logging_mixin.py:190} INFO - [2024-12-16T12:58:01.799+0000] {dagbag.py:588} INFO - Filling up the DagBag from /opt/airflow/dags/Assignment-3_dags/dag_a.py
[2024-12-16T12:58:01.823+0000] {processor.py:925} INFO - DAG(s) 'assignment_3_dag_a' retrieved from /opt/airflow/dags/Assignment-3_dags/dag_a.py
[2024-12-16T12:58:01.848+0000] {logging_mixin.py:190} INFO - [2024-12-16T12:58:01.847+0000] {dag.py:3239} INFO - Sync 1 DAGs
[2024-12-16T12:58:01.861+0000] {logging_mixin.py:190} INFO - [2024-12-16T12:58:01.861+0000] {dag.py:4180} INFO - Setting next_dagrun for assignment_3_dag_a to None, run_after=None
[2024-12-16T12:58:01.873+0000] {processor.py:208} INFO - Processing /opt/airflow/dags/Assignment-3_dags/dag_a.py took 0.092 seconds
[2024-12-16T12:58:32.401+0000] {processor.py:186} INFO - Started process (PID=24169) to work on /opt/airflow/dags/Assignment-3_dags/dag_a.py
[2024-12-16T12:58:32.403+0000] {processor.py:914} INFO - Processing file /opt/airflow/dags/Assignment-3_dags/dag_a.py for tasks to queue
[2024-12-16T12:58:32.406+0000] {logging_mixin.py:190} INFO - [2024-12-16T12:58:32.406+0000] {dagbag.py:588} INFO - Filling up the DagBag from /opt/airflow/dags/Assignment-3_dags/dag_a.py
[2024-12-16T12:58:32.431+0000] {processor.py:925} INFO - DAG(s) 'assignment_3_dag_a' retrieved from /opt/airflow/dags/Assignment-3_dags/dag_a.py
[2024-12-16T12:58:32.510+0000] {logging_mixin.py:190} INFO - [2024-12-16T12:58:32.509+0000] {dag.py:3239} INFO - Sync 1 DAGs
[2024-12-16T12:58:32.515+0000] {logging_mixin.py:190} INFO - [2024-12-16T12:58:32.515+0000] {dag.py:4180} INFO - Setting next_dagrun for assignment_3_dag_a to None, run_after=None
[2024-12-16T12:58:32.528+0000] {processor.py:208} INFO - Processing /opt/airflow/dags/Assignment-3_dags/dag_a.py took 0.134 seconds
[2024-12-16T12:59:02.926+0000] {processor.py:186} INFO - Started process (PID=24181) to work on /opt/airflow/dags/Assignment-3_dags/dag_a.py
[2024-12-16T12:59:02.927+0000] {processor.py:914} INFO - Processing file /opt/airflow/dags/Assignment-3_dags/dag_a.py for tasks to queue
[2024-12-16T12:59:02.931+0000] {logging_mixin.py:190} INFO - [2024-12-16T12:59:02.931+0000] {dagbag.py:588} INFO - Filling up the DagBag from /opt/airflow/dags/Assignment-3_dags/dag_a.py
[2024-12-16T12:59:02.947+0000] {processor.py:925} INFO - DAG(s) 'assignment_3_dag_a' retrieved from /opt/airflow/dags/Assignment-3_dags/dag_a.py
[2024-12-16T12:59:02.962+0000] {logging_mixin.py:190} INFO - [2024-12-16T12:59:02.962+0000] {dag.py:3239} INFO - Sync 1 DAGs
[2024-12-16T12:59:02.971+0000] {logging_mixin.py:190} INFO - [2024-12-16T12:59:02.971+0000] {dag.py:4180} INFO - Setting next_dagrun for assignment_3_dag_a to None, run_after=None
[2024-12-16T12:59:02.985+0000] {processor.py:208} INFO - Processing /opt/airflow/dags/Assignment-3_dags/dag_a.py took 0.067 seconds
[2024-12-16T12:59:33.892+0000] {processor.py:186} INFO - Started process (PID=24198) to work on /opt/airflow/dags/Assignment-3_dags/dag_a.py
[2024-12-16T12:59:33.893+0000] {processor.py:914} INFO - Processing file /opt/airflow/dags/Assignment-3_dags/dag_a.py for tasks to queue
[2024-12-16T12:59:33.897+0000] {logging_mixin.py:190} INFO - [2024-12-16T12:59:33.897+0000] {dagbag.py:588} INFO - Filling up the DagBag from /opt/airflow/dags/Assignment-3_dags/dag_a.py
[2024-12-16T12:59:33.907+0000] {processor.py:925} INFO - DAG(s) 'assignment_3_dag_a' retrieved from /opt/airflow/dags/Assignment-3_dags/dag_a.py
[2024-12-16T12:59:33.930+0000] {logging_mixin.py:190} INFO - [2024-12-16T12:59:33.929+0000] {dag.py:3239} INFO - Sync 1 DAGs
[2024-12-16T12:59:33.939+0000] {logging_mixin.py:190} INFO - [2024-12-16T12:59:33.939+0000] {dag.py:4180} INFO - Setting next_dagrun for assignment_3_dag_a to None, run_after=None
[2024-12-16T12:59:33.953+0000] {processor.py:208} INFO - Processing /opt/airflow/dags/Assignment-3_dags/dag_a.py took 0.070 seconds
[2024-12-16T13:00:04.613+0000] {processor.py:186} INFO - Started process (PID=24215) to work on /opt/airflow/dags/Assignment-3_dags/dag_a.py
[2024-12-16T13:00:04.615+0000] {processor.py:914} INFO - Processing file /opt/airflow/dags/Assignment-3_dags/dag_a.py for tasks to queue
[2024-12-16T13:00:04.618+0000] {logging_mixin.py:190} INFO - [2024-12-16T13:00:04.618+0000] {dagbag.py:588} INFO - Filling up the DagBag from /opt/airflow/dags/Assignment-3_dags/dag_a.py
[2024-12-16T13:00:04.634+0000] {processor.py:925} INFO - DAG(s) 'assignment_3_dag_a' retrieved from /opt/airflow/dags/Assignment-3_dags/dag_a.py
[2024-12-16T13:00:04.657+0000] {logging_mixin.py:190} INFO - [2024-12-16T13:00:04.656+0000] {dag.py:3239} INFO - Sync 1 DAGs
[2024-12-16T13:00:04.665+0000] {logging_mixin.py:190} INFO - [2024-12-16T13:00:04.665+0000] {dag.py:4180} INFO - Setting next_dagrun for assignment_3_dag_a to None, run_after=None
[2024-12-16T13:00:04.678+0000] {processor.py:208} INFO - Processing /opt/airflow/dags/Assignment-3_dags/dag_a.py took 0.075 seconds
[2024-12-16T13:00:35.307+0000] {processor.py:186} INFO - Started process (PID=24231) to work on /opt/airflow/dags/Assignment-3_dags/dag_a.py
[2024-12-16T13:00:35.311+0000] {processor.py:914} INFO - Processing file /opt/airflow/dags/Assignment-3_dags/dag_a.py for tasks to queue
[2024-12-16T13:00:35.314+0000] {logging_mixin.py:190} INFO - [2024-12-16T13:00:35.314+0000] {dagbag.py:588} INFO - Filling up the DagBag from /opt/airflow/dags/Assignment-3_dags/dag_a.py
[2024-12-16T13:00:35.328+0000] {processor.py:925} INFO - DAG(s) 'assignment_3_dag_a' retrieved from /opt/airflow/dags/Assignment-3_dags/dag_a.py
[2024-12-16T13:00:35.348+0000] {logging_mixin.py:190} INFO - [2024-12-16T13:00:35.348+0000] {dag.py:3239} INFO - Sync 1 DAGs
[2024-12-16T13:00:35.365+0000] {logging_mixin.py:190} INFO - [2024-12-16T13:00:35.364+0000] {dag.py:4180} INFO - Setting next_dagrun for assignment_3_dag_a to None, run_after=None
[2024-12-16T13:00:35.376+0000] {processor.py:208} INFO - Processing /opt/airflow/dags/Assignment-3_dags/dag_a.py took 0.080 seconds
[2024-12-16T13:01:06.073+0000] {processor.py:186} INFO - Started process (PID=24248) to work on /opt/airflow/dags/Assignment-3_dags/dag_a.py
[2024-12-16T13:01:06.079+0000] {processor.py:914} INFO - Processing file /opt/airflow/dags/Assignment-3_dags/dag_a.py for tasks to queue
[2024-12-16T13:01:06.084+0000] {logging_mixin.py:190} INFO - [2024-12-16T13:01:06.084+0000] {dagbag.py:588} INFO - Filling up the DagBag from /opt/airflow/dags/Assignment-3_dags/dag_a.py
[2024-12-16T13:01:06.097+0000] {processor.py:925} INFO - DAG(s) 'assignment_3_dag_a' retrieved from /opt/airflow/dags/Assignment-3_dags/dag_a.py
[2024-12-16T13:01:06.120+0000] {logging_mixin.py:190} INFO - [2024-12-16T13:01:06.119+0000] {dag.py:3239} INFO - Sync 1 DAGs
[2024-12-16T13:01:06.129+0000] {logging_mixin.py:190} INFO - [2024-12-16T13:01:06.129+0000] {dag.py:4180} INFO - Setting next_dagrun for assignment_3_dag_a to None, run_after=None
[2024-12-16T13:01:06.139+0000] {processor.py:208} INFO - Processing /opt/airflow/dags/Assignment-3_dags/dag_a.py took 0.075 seconds
[2024-12-16T13:01:36.832+0000] {processor.py:186} INFO - Started process (PID=24265) to work on /opt/airflow/dags/Assignment-3_dags/dag_a.py
[2024-12-16T13:01:36.833+0000] {processor.py:914} INFO - Processing file /opt/airflow/dags/Assignment-3_dags/dag_a.py for tasks to queue
[2024-12-16T13:01:36.837+0000] {logging_mixin.py:190} INFO - [2024-12-16T13:01:36.836+0000] {dagbag.py:588} INFO - Filling up the DagBag from /opt/airflow/dags/Assignment-3_dags/dag_a.py
[2024-12-16T13:01:36.852+0000] {processor.py:925} INFO - DAG(s) 'assignment_3_dag_a' retrieved from /opt/airflow/dags/Assignment-3_dags/dag_a.py
[2024-12-16T13:01:36.874+0000] {logging_mixin.py:190} INFO - [2024-12-16T13:01:36.874+0000] {dag.py:3239} INFO - Sync 1 DAGs
[2024-12-16T13:01:36.884+0000] {logging_mixin.py:190} INFO - [2024-12-16T13:01:36.884+0000] {dag.py:4180} INFO - Setting next_dagrun for assignment_3_dag_a to None, run_after=None
[2024-12-16T13:01:36.896+0000] {processor.py:208} INFO - Processing /opt/airflow/dags/Assignment-3_dags/dag_a.py took 0.072 seconds
[2024-12-16T13:02:07.576+0000] {processor.py:186} INFO - Started process (PID=24282) to work on /opt/airflow/dags/Assignment-3_dags/dag_a.py
[2024-12-16T13:02:07.580+0000] {processor.py:914} INFO - Processing file /opt/airflow/dags/Assignment-3_dags/dag_a.py for tasks to queue
[2024-12-16T13:02:07.582+0000] {logging_mixin.py:190} INFO - [2024-12-16T13:02:07.582+0000] {dagbag.py:588} INFO - Filling up the DagBag from /opt/airflow/dags/Assignment-3_dags/dag_a.py
[2024-12-16T13:02:07.596+0000] {processor.py:925} INFO - DAG(s) 'assignment_3_dag_a' retrieved from /opt/airflow/dags/Assignment-3_dags/dag_a.py
[2024-12-16T13:02:07.615+0000] {logging_mixin.py:190} INFO - [2024-12-16T13:02:07.614+0000] {dag.py:3239} INFO - Sync 1 DAGs
[2024-12-16T13:02:07.625+0000] {logging_mixin.py:190} INFO - [2024-12-16T13:02:07.625+0000] {dag.py:4180} INFO - Setting next_dagrun for assignment_3_dag_a to None, run_after=None
[2024-12-16T13:02:07.635+0000] {processor.py:208} INFO - Processing /opt/airflow/dags/Assignment-3_dags/dag_a.py took 0.066 seconds
[2024-12-16T13:02:38.381+0000] {processor.py:186} INFO - Started process (PID=24299) to work on /opt/airflow/dags/Assignment-3_dags/dag_a.py
[2024-12-16T13:02:38.383+0000] {processor.py:914} INFO - Processing file /opt/airflow/dags/Assignment-3_dags/dag_a.py for tasks to queue
[2024-12-16T13:02:38.388+0000] {logging_mixin.py:190} INFO - [2024-12-16T13:02:38.387+0000] {dagbag.py:588} INFO - Filling up the DagBag from /opt/airflow/dags/Assignment-3_dags/dag_a.py
[2024-12-16T13:02:38.401+0000] {processor.py:925} INFO - DAG(s) 'assignment_3_dag_a' retrieved from /opt/airflow/dags/Assignment-3_dags/dag_a.py
[2024-12-16T13:02:38.417+0000] {logging_mixin.py:190} INFO - [2024-12-16T13:02:38.417+0000] {dag.py:3239} INFO - Sync 1 DAGs
[2024-12-16T13:02:38.426+0000] {logging_mixin.py:190} INFO - [2024-12-16T13:02:38.425+0000] {dag.py:4180} INFO - Setting next_dagrun for assignment_3_dag_a to None, run_after=None
[2024-12-16T13:02:38.438+0000] {processor.py:208} INFO - Processing /opt/airflow/dags/Assignment-3_dags/dag_a.py took 0.065 seconds
[2024-12-16T13:03:09.160+0000] {processor.py:186} INFO - Started process (PID=24316) to work on /opt/airflow/dags/Assignment-3_dags/dag_a.py
[2024-12-16T13:03:09.162+0000] {processor.py:914} INFO - Processing file /opt/airflow/dags/Assignment-3_dags/dag_a.py for tasks to queue
[2024-12-16T13:03:09.166+0000] {logging_mixin.py:190} INFO - [2024-12-16T13:03:09.165+0000] {dagbag.py:588} INFO - Filling up the DagBag from /opt/airflow/dags/Assignment-3_dags/dag_a.py
[2024-12-16T13:03:09.181+0000] {processor.py:925} INFO - DAG(s) 'assignment_3_dag_a' retrieved from /opt/airflow/dags/Assignment-3_dags/dag_a.py
[2024-12-16T13:03:09.203+0000] {logging_mixin.py:190} INFO - [2024-12-16T13:03:09.202+0000] {dag.py:3239} INFO - Sync 1 DAGs
[2024-12-16T13:03:09.214+0000] {logging_mixin.py:190} INFO - [2024-12-16T13:03:09.214+0000] {dag.py:4180} INFO - Setting next_dagrun for assignment_3_dag_a to None, run_after=None
[2024-12-16T13:03:09.227+0000] {processor.py:208} INFO - Processing /opt/airflow/dags/Assignment-3_dags/dag_a.py took 0.078 seconds
[2024-12-16T13:03:39.937+0000] {processor.py:186} INFO - Started process (PID=24333) to work on /opt/airflow/dags/Assignment-3_dags/dag_a.py
[2024-12-16T13:03:39.939+0000] {processor.py:914} INFO - Processing file /opt/airflow/dags/Assignment-3_dags/dag_a.py for tasks to queue
[2024-12-16T13:03:39.943+0000] {logging_mixin.py:190} INFO - [2024-12-16T13:03:39.942+0000] {dagbag.py:588} INFO - Filling up the DagBag from /opt/airflow/dags/Assignment-3_dags/dag_a.py
[2024-12-16T13:03:39.956+0000] {processor.py:925} INFO - DAG(s) 'assignment_3_dag_a' retrieved from /opt/airflow/dags/Assignment-3_dags/dag_a.py
[2024-12-16T13:03:39.975+0000] {logging_mixin.py:190} INFO - [2024-12-16T13:03:39.974+0000] {dag.py:3239} INFO - Sync 1 DAGs
[2024-12-16T13:03:39.984+0000] {logging_mixin.py:190} INFO - [2024-12-16T13:03:39.984+0000] {dag.py:4180} INFO - Setting next_dagrun for assignment_3_dag_a to None, run_after=None
[2024-12-16T13:03:39.996+0000] {processor.py:208} INFO - Processing /opt/airflow/dags/Assignment-3_dags/dag_a.py took 0.069 seconds
