[2024-12-05T13:06:07.147+0000] {local_task_job_runner.py:123} INFO - ::group::Pre task execution logs
[2024-12-05T13:06:07.160+0000] {taskinstance.py:2613} INFO - Dependencies all met for dep_context=non-requeueable deps ti=<TaskInstance: send_alert_google_chat.send_alert manual__2024-12-05T13:06:05.999340+00:00 [queued]>
[2024-12-05T13:06:07.165+0000] {taskinstance.py:2613} INFO - Dependencies all met for dep_context=requeueable deps ti=<TaskInstance: send_alert_google_chat.send_alert manual__2024-12-05T13:06:05.999340+00:00 [queued]>
[2024-12-05T13:06:07.165+0000] {taskinstance.py:2866} INFO - Starting attempt 1 of 1
[2024-12-05T13:06:07.173+0000] {taskinstance.py:2889} INFO - Executing <Task(PythonOperator): send_alert> on 2024-12-05 13:06:05.999340+00:00
[2024-12-05T13:06:07.178+0000] {warnings.py:112} WARNING - /home/***/.local/lib/python3.12/site-packages/***/task/task_runner/standard_task_runner.py:70: DeprecationWarning: This process (pid=844) is multi-threaded, use of fork() may lead to deadlocks in the child.
  pid = os.fork()

[2024-12-05T13:06:07.180+0000] {standard_task_runner.py:72} INFO - Started process 845 to run task
[2024-12-05T13:06:07.179+0000] {standard_task_runner.py:104} INFO - Running: ['***', 'tasks', 'run', 'send_alert_google_chat', 'send_alert', 'manual__2024-12-05T13:06:05.999340+00:00', '--job-id', '8', '--raw', '--subdir', 'DAGS_FOLDER/Assignment-1_dags/Q4_dag.py', '--cfg-path', '/tmp/tmpx5spycga']
[2024-12-05T13:06:07.181+0000] {standard_task_runner.py:105} INFO - Job 8: Subtask send_alert
[2024-12-05T13:06:07.213+0000] {task_command.py:467} INFO - Running <TaskInstance: send_alert_google_chat.send_alert manual__2024-12-05T13:06:05.999340+00:00 [running]> on host 7ddf45434502
[2024-12-05T13:06:07.246+0000] {taskinstance.py:3132} INFO - Exporting env vars: AIRFLOW_CTX_DAG_OWNER='***' AIRFLOW_CTX_DAG_ID='send_alert_google_chat' AIRFLOW_CTX_TASK_ID='send_alert' AIRFLOW_CTX_EXECUTION_DATE='2024-12-05T13:06:05.999340+00:00' AIRFLOW_CTX_TRY_NUMBER='1' AIRFLOW_CTX_DAG_RUN_ID='manual__2024-12-05T13:06:05.999340+00:00'
[2024-12-05T13:06:07.247+0000] {taskinstance.py:731} INFO - ::endgroup::
[2024-12-05T13:06:07.259+0000] {crypto.py:82} WARNING - empty cryptography key - values will not be stored encrypted.
[2024-12-05T13:06:09.177+0000] {logging_mixin.py:190} INFO - Message sent successfully!
[2024-12-05T13:06:09.179+0000] {python.py:240} INFO - Done. Returned value was: None
[2024-12-05T13:06:09.195+0000] {taskinstance.py:340} INFO - ::group::Post task execution logs
[2024-12-05T13:06:09.196+0000] {taskinstance.py:352} INFO - Marking task as SUCCESS. dag_id=send_alert_google_chat, task_id=send_alert, run_id=manual__2024-12-05T13:06:05.999340+00:00, execution_date=20241205T130605, start_date=20241205T130607, end_date=20241205T130609
[2024-12-05T13:06:09.269+0000] {local_task_job_runner.py:266} INFO - Task exited with return code 0
[2024-12-05T13:06:09.289+0000] {taskinstance.py:3895} INFO - 0 downstream tasks scheduled from follow-on schedule check
[2024-12-05T13:06:09.293+0000] {local_task_job_runner.py:245} INFO - ::endgroup::
