[2024-12-07T00:59:28.566+0000] {processor.py:186} INFO - Started process (PID=4051) to work on /opt/airflow/dags/Assignment-1_dags/Q2_dag.py
[2024-12-07T00:59:28.566+0000] {processor.py:914} INFO - Processing file /opt/airflow/dags/Assignment-1_dags/Q2_dag.py for tasks to queue
[2024-12-07T00:59:28.568+0000] {logging_mixin.py:190} INFO - [2024-12-07T00:59:28.568+0000] {dagbag.py:588} INFO - Filling up the DagBag from /opt/airflow/dags/Assignment-1_dags/Q2_dag.py
[2024-12-07T00:59:28.573+0000] {processor.py:925} INFO - DAG(s) 'hello_airflow_demo' retrieved from /opt/airflow/dags/Assignment-1_dags/Q2_dag.py
[2024-12-07T00:59:28.584+0000] {logging_mixin.py:190} INFO - [2024-12-07T00:59:28.584+0000] {dag.py:3239} INFO - Sync 1 DAGs
[2024-12-07T00:59:28.591+0000] {logging_mixin.py:190} INFO - [2024-12-07T00:59:28.591+0000] {dag.py:4180} INFO - Setting next_dagrun for hello_airflow_demo to None, run_after=None
[2024-12-07T00:59:28.598+0000] {processor.py:208} INFO - Processing /opt/airflow/dags/Assignment-1_dags/Q2_dag.py took 0.037 seconds
[2024-12-07T02:23:38.221+0000] {processor.py:186} INFO - Started process (PID=4060) to work on /opt/airflow/dags/Assignment-1_dags/Q2_dag.py
[2024-12-07T02:23:38.222+0000] {processor.py:914} INFO - Processing file /opt/airflow/dags/Assignment-1_dags/Q2_dag.py for tasks to queue
[2024-12-07T02:23:38.224+0000] {logging_mixin.py:190} INFO - [2024-12-07T02:23:38.224+0000] {dagbag.py:588} INFO - Filling up the DagBag from /opt/airflow/dags/Assignment-1_dags/Q2_dag.py
[2024-12-07T02:23:38.230+0000] {processor.py:925} INFO - DAG(s) 'hello_airflow_demo' retrieved from /opt/airflow/dags/Assignment-1_dags/Q2_dag.py
[2024-12-07T02:23:38.244+0000] {logging_mixin.py:190} INFO - [2024-12-07T02:23:38.244+0000] {dag.py:3239} INFO - Sync 1 DAGs
[2024-12-07T02:23:38.252+0000] {logging_mixin.py:190} INFO - [2024-12-07T02:23:38.252+0000] {dag.py:4180} INFO - Setting next_dagrun for hello_airflow_demo to None, run_after=None
[2024-12-07T02:23:38.261+0000] {processor.py:208} INFO - Processing /opt/airflow/dags/Assignment-1_dags/Q2_dag.py took 0.047 seconds
[2024-12-07T04:04:49.660+0000] {processor.py:186} INFO - Started process (PID=4069) to work on /opt/airflow/dags/Assignment-1_dags/Q2_dag.py
[2024-12-07T04:04:49.661+0000] {processor.py:914} INFO - Processing file /opt/airflow/dags/Assignment-1_dags/Q2_dag.py for tasks to queue
[2024-12-07T04:04:49.662+0000] {logging_mixin.py:190} INFO - [2024-12-07T04:04:49.662+0000] {dagbag.py:588} INFO - Filling up the DagBag from /opt/airflow/dags/Assignment-1_dags/Q2_dag.py
[2024-12-07T04:04:49.668+0000] {processor.py:925} INFO - DAG(s) 'hello_airflow_demo' retrieved from /opt/airflow/dags/Assignment-1_dags/Q2_dag.py
[2024-12-07T04:04:49.684+0000] {logging_mixin.py:190} INFO - [2024-12-07T04:04:49.683+0000] {dag.py:3239} INFO - Sync 1 DAGs
[2024-12-07T04:04:49.692+0000] {logging_mixin.py:190} INFO - [2024-12-07T04:04:49.692+0000] {dag.py:4180} INFO - Setting next_dagrun for hello_airflow_demo to None, run_after=None
[2024-12-07T04:04:49.701+0000] {processor.py:208} INFO - Processing /opt/airflow/dags/Assignment-1_dags/Q2_dag.py took 0.047 seconds
[2024-12-07T05:13:24.938+0000] {processor.py:186} INFO - Started process (PID=4078) to work on /opt/airflow/dags/Assignment-1_dags/Q2_dag.py
[2024-12-07T05:13:24.938+0000] {processor.py:914} INFO - Processing file /opt/airflow/dags/Assignment-1_dags/Q2_dag.py for tasks to queue
[2024-12-07T05:13:24.940+0000] {logging_mixin.py:190} INFO - [2024-12-07T05:13:24.940+0000] {dagbag.py:588} INFO - Filling up the DagBag from /opt/airflow/dags/Assignment-1_dags/Q2_dag.py
[2024-12-07T05:13:24.945+0000] {processor.py:925} INFO - DAG(s) 'hello_airflow_demo' retrieved from /opt/airflow/dags/Assignment-1_dags/Q2_dag.py
[2024-12-07T05:13:24.959+0000] {logging_mixin.py:190} INFO - [2024-12-07T05:13:24.958+0000] {dag.py:3239} INFO - Sync 1 DAGs
[2024-12-07T05:13:24.964+0000] {logging_mixin.py:190} INFO - [2024-12-07T05:13:24.964+0000] {dag.py:4180} INFO - Setting next_dagrun for hello_airflow_demo to None, run_after=None
[2024-12-07T05:13:24.972+0000] {processor.py:208} INFO - Processing /opt/airflow/dags/Assignment-1_dags/Q2_dag.py took 0.037 seconds
[2024-12-07T06:34:21.229+0000] {processor.py:186} INFO - Started process (PID=4087) to work on /opt/airflow/dags/Assignment-1_dags/Q2_dag.py
[2024-12-07T06:34:21.230+0000] {processor.py:914} INFO - Processing file /opt/airflow/dags/Assignment-1_dags/Q2_dag.py for tasks to queue
[2024-12-07T06:34:21.231+0000] {logging_mixin.py:190} INFO - [2024-12-07T06:34:21.231+0000] {dagbag.py:588} INFO - Filling up the DagBag from /opt/airflow/dags/Assignment-1_dags/Q2_dag.py
[2024-12-07T06:34:21.236+0000] {processor.py:925} INFO - DAG(s) 'hello_airflow_demo' retrieved from /opt/airflow/dags/Assignment-1_dags/Q2_dag.py
[2024-12-07T06:34:21.250+0000] {logging_mixin.py:190} INFO - [2024-12-07T06:34:21.250+0000] {dag.py:3239} INFO - Sync 1 DAGs
[2024-12-07T06:34:21.257+0000] {logging_mixin.py:190} INFO - [2024-12-07T06:34:21.257+0000] {dag.py:4180} INFO - Setting next_dagrun for hello_airflow_demo to None, run_after=None
[2024-12-07T06:34:21.264+0000] {processor.py:208} INFO - Processing /opt/airflow/dags/Assignment-1_dags/Q2_dag.py took 0.039 seconds
[2024-12-07T07:42:17.791+0000] {processor.py:186} INFO - Started process (PID=4096) to work on /opt/airflow/dags/Assignment-1_dags/Q2_dag.py
[2024-12-07T07:42:17.791+0000] {processor.py:914} INFO - Processing file /opt/airflow/dags/Assignment-1_dags/Q2_dag.py for tasks to queue
[2024-12-07T07:42:17.792+0000] {logging_mixin.py:190} INFO - [2024-12-07T07:42:17.792+0000] {dagbag.py:588} INFO - Filling up the DagBag from /opt/airflow/dags/Assignment-1_dags/Q2_dag.py
[2024-12-07T07:42:17.797+0000] {processor.py:925} INFO - DAG(s) 'hello_airflow_demo' retrieved from /opt/airflow/dags/Assignment-1_dags/Q2_dag.py
[2024-12-07T07:42:17.810+0000] {logging_mixin.py:190} INFO - [2024-12-07T07:42:17.810+0000] {dag.py:3239} INFO - Sync 1 DAGs
[2024-12-07T07:42:17.816+0000] {logging_mixin.py:190} INFO - [2024-12-07T07:42:17.816+0000] {dag.py:4180} INFO - Setting next_dagrun for hello_airflow_demo to None, run_after=None
[2024-12-07T07:42:17.824+0000] {processor.py:208} INFO - Processing /opt/airflow/dags/Assignment-1_dags/Q2_dag.py took 0.037 seconds
[2024-12-07T08:47:03.024+0000] {processor.py:186} INFO - Started process (PID=4105) to work on /opt/airflow/dags/Assignment-1_dags/Q2_dag.py
[2024-12-07T08:47:03.025+0000] {processor.py:914} INFO - Processing file /opt/airflow/dags/Assignment-1_dags/Q2_dag.py for tasks to queue
[2024-12-07T08:47:03.026+0000] {logging_mixin.py:190} INFO - [2024-12-07T08:47:03.026+0000] {dagbag.py:588} INFO - Filling up the DagBag from /opt/airflow/dags/Assignment-1_dags/Q2_dag.py
[2024-12-07T08:47:03.031+0000] {processor.py:925} INFO - DAG(s) 'hello_airflow_demo' retrieved from /opt/airflow/dags/Assignment-1_dags/Q2_dag.py
[2024-12-07T08:47:03.042+0000] {logging_mixin.py:190} INFO - [2024-12-07T08:47:03.042+0000] {dag.py:3239} INFO - Sync 1 DAGs
[2024-12-07T08:47:03.048+0000] {logging_mixin.py:190} INFO - [2024-12-07T08:47:03.048+0000] {dag.py:4180} INFO - Setting next_dagrun for hello_airflow_demo to None, run_after=None
[2024-12-07T08:47:03.055+0000] {processor.py:208} INFO - Processing /opt/airflow/dags/Assignment-1_dags/Q2_dag.py took 0.034 seconds
[2024-12-07T10:22:46.378+0000] {processor.py:186} INFO - Started process (PID=4114) to work on /opt/airflow/dags/Assignment-1_dags/Q2_dag.py
[2024-12-07T10:22:46.379+0000] {processor.py:914} INFO - Processing file /opt/airflow/dags/Assignment-1_dags/Q2_dag.py for tasks to queue
[2024-12-07T10:22:46.380+0000] {logging_mixin.py:190} INFO - [2024-12-07T10:22:46.380+0000] {dagbag.py:588} INFO - Filling up the DagBag from /opt/airflow/dags/Assignment-1_dags/Q2_dag.py
[2024-12-07T10:22:46.384+0000] {processor.py:925} INFO - DAG(s) 'hello_airflow_demo' retrieved from /opt/airflow/dags/Assignment-1_dags/Q2_dag.py
[2024-12-07T10:22:46.396+0000] {logging_mixin.py:190} INFO - [2024-12-07T10:22:46.396+0000] {dag.py:3239} INFO - Sync 1 DAGs
[2024-12-07T10:22:46.403+0000] {logging_mixin.py:190} INFO - [2024-12-07T10:22:46.403+0000] {dag.py:4180} INFO - Setting next_dagrun for hello_airflow_demo to None, run_after=None
[2024-12-07T10:22:46.411+0000] {processor.py:208} INFO - Processing /opt/airflow/dags/Assignment-1_dags/Q2_dag.py took 0.037 seconds
[2024-12-07T10:30:52.164+0000] {processor.py:186} INFO - Started process (PID=4123) to work on /opt/airflow/dags/Assignment-1_dags/Q2_dag.py
[2024-12-07T10:30:52.165+0000] {processor.py:914} INFO - Processing file /opt/airflow/dags/Assignment-1_dags/Q2_dag.py for tasks to queue
[2024-12-07T10:30:52.166+0000] {logging_mixin.py:190} INFO - [2024-12-07T10:30:52.166+0000] {dagbag.py:588} INFO - Filling up the DagBag from /opt/airflow/dags/Assignment-1_dags/Q2_dag.py
[2024-12-07T10:30:52.170+0000] {processor.py:925} INFO - DAG(s) 'hello_airflow_demo' retrieved from /opt/airflow/dags/Assignment-1_dags/Q2_dag.py
[2024-12-07T10:30:52.182+0000] {logging_mixin.py:190} INFO - [2024-12-07T10:30:52.182+0000] {dag.py:3239} INFO - Sync 1 DAGs
[2024-12-07T10:30:52.188+0000] {logging_mixin.py:190} INFO - [2024-12-07T10:30:52.188+0000] {dag.py:4180} INFO - Setting next_dagrun for hello_airflow_demo to None, run_after=None
[2024-12-07T10:30:52.195+0000] {processor.py:208} INFO - Processing /opt/airflow/dags/Assignment-1_dags/Q2_dag.py took 0.034 seconds
[2024-12-07T11:20:45.158+0000] {processor.py:186} INFO - Started process (PID=4132) to work on /opt/airflow/dags/Assignment-1_dags/Q2_dag.py
[2024-12-07T11:20:45.158+0000] {processor.py:914} INFO - Processing file /opt/airflow/dags/Assignment-1_dags/Q2_dag.py for tasks to queue
[2024-12-07T11:20:45.160+0000] {logging_mixin.py:190} INFO - [2024-12-07T11:20:45.159+0000] {dagbag.py:588} INFO - Filling up the DagBag from /opt/airflow/dags/Assignment-1_dags/Q2_dag.py
[2024-12-07T11:20:45.164+0000] {processor.py:925} INFO - DAG(s) 'hello_airflow_demo' retrieved from /opt/airflow/dags/Assignment-1_dags/Q2_dag.py
[2024-12-07T11:20:45.176+0000] {logging_mixin.py:190} INFO - [2024-12-07T11:20:45.176+0000] {dag.py:3239} INFO - Sync 1 DAGs
[2024-12-07T11:20:45.182+0000] {logging_mixin.py:190} INFO - [2024-12-07T11:20:45.182+0000] {dag.py:4180} INFO - Setting next_dagrun for hello_airflow_demo to None, run_after=None
[2024-12-07T11:20:45.189+0000] {processor.py:208} INFO - Processing /opt/airflow/dags/Assignment-1_dags/Q2_dag.py took 0.034 seconds
[2024-12-07T12:35:15.843+0000] {processor.py:186} INFO - Started process (PID=4141) to work on /opt/airflow/dags/Assignment-1_dags/Q2_dag.py
[2024-12-07T12:35:15.844+0000] {processor.py:914} INFO - Processing file /opt/airflow/dags/Assignment-1_dags/Q2_dag.py for tasks to queue
[2024-12-07T12:35:15.845+0000] {logging_mixin.py:190} INFO - [2024-12-07T12:35:15.845+0000] {dagbag.py:588} INFO - Filling up the DagBag from /opt/airflow/dags/Assignment-1_dags/Q2_dag.py
[2024-12-07T12:35:15.849+0000] {processor.py:925} INFO - DAG(s) 'hello_airflow_demo' retrieved from /opt/airflow/dags/Assignment-1_dags/Q2_dag.py
[2024-12-07T12:35:15.861+0000] {logging_mixin.py:190} INFO - [2024-12-07T12:35:15.860+0000] {dag.py:3239} INFO - Sync 1 DAGs
[2024-12-07T12:35:15.866+0000] {logging_mixin.py:190} INFO - [2024-12-07T12:35:15.866+0000] {dag.py:4180} INFO - Setting next_dagrun for hello_airflow_demo to None, run_after=None
[2024-12-07T12:35:15.873+0000] {processor.py:208} INFO - Processing /opt/airflow/dags/Assignment-1_dags/Q2_dag.py took 0.033 seconds
[2024-12-07T14:00:58.136+0000] {processor.py:186} INFO - Started process (PID=4150) to work on /opt/airflow/dags/Assignment-1_dags/Q2_dag.py
[2024-12-07T14:00:58.137+0000] {processor.py:914} INFO - Processing file /opt/airflow/dags/Assignment-1_dags/Q2_dag.py for tasks to queue
[2024-12-07T14:00:58.139+0000] {logging_mixin.py:190} INFO - [2024-12-07T14:00:58.139+0000] {dagbag.py:588} INFO - Filling up the DagBag from /opt/airflow/dags/Assignment-1_dags/Q2_dag.py
[2024-12-07T14:00:58.156+0000] {processor.py:925} INFO - DAG(s) 'hello_airflow_demo' retrieved from /opt/airflow/dags/Assignment-1_dags/Q2_dag.py
[2024-12-07T14:00:58.236+0000] {logging_mixin.py:190} INFO - [2024-12-07T14:00:58.235+0000] {dag.py:3239} INFO - Sync 1 DAGs
[2024-12-07T14:00:58.252+0000] {logging_mixin.py:190} INFO - [2024-12-07T14:00:58.252+0000] {dag.py:4180} INFO - Setting next_dagrun for hello_airflow_demo to None, run_after=None
[2024-12-07T14:00:58.267+0000] {processor.py:208} INFO - Processing /opt/airflow/dags/Assignment-1_dags/Q2_dag.py took 0.135 seconds
[2024-12-07T15:40:11.489+0000] {processor.py:186} INFO - Started process (PID=4159) to work on /opt/airflow/dags/Assignment-1_dags/Q2_dag.py
[2024-12-07T15:40:11.490+0000] {processor.py:914} INFO - Processing file /opt/airflow/dags/Assignment-1_dags/Q2_dag.py for tasks to queue
[2024-12-07T15:40:11.491+0000] {logging_mixin.py:190} INFO - [2024-12-07T15:40:11.491+0000] {dagbag.py:588} INFO - Filling up the DagBag from /opt/airflow/dags/Assignment-1_dags/Q2_dag.py
[2024-12-07T15:40:11.496+0000] {processor.py:925} INFO - DAG(s) 'hello_airflow_demo' retrieved from /opt/airflow/dags/Assignment-1_dags/Q2_dag.py
[2024-12-07T15:40:11.508+0000] {logging_mixin.py:190} INFO - [2024-12-07T15:40:11.508+0000] {dag.py:3239} INFO - Sync 1 DAGs
[2024-12-07T15:40:11.514+0000] {logging_mixin.py:190} INFO - [2024-12-07T15:40:11.514+0000] {dag.py:4180} INFO - Setting next_dagrun for hello_airflow_demo to None, run_after=None
[2024-12-07T15:40:11.521+0000] {processor.py:208} INFO - Processing /opt/airflow/dags/Assignment-1_dags/Q2_dag.py took 0.037 seconds
[2024-12-07T17:04:52.425+0000] {processor.py:186} INFO - Started process (PID=4168) to work on /opt/airflow/dags/Assignment-1_dags/Q2_dag.py
[2024-12-07T17:04:52.425+0000] {processor.py:914} INFO - Processing file /opt/airflow/dags/Assignment-1_dags/Q2_dag.py for tasks to queue
[2024-12-07T17:04:52.426+0000] {logging_mixin.py:190} INFO - [2024-12-07T17:04:52.426+0000] {dagbag.py:588} INFO - Filling up the DagBag from /opt/airflow/dags/Assignment-1_dags/Q2_dag.py
[2024-12-07T17:04:52.430+0000] {processor.py:925} INFO - DAG(s) 'hello_airflow_demo' retrieved from /opt/airflow/dags/Assignment-1_dags/Q2_dag.py
[2024-12-07T17:04:52.442+0000] {logging_mixin.py:190} INFO - [2024-12-07T17:04:52.442+0000] {dag.py:3239} INFO - Sync 1 DAGs
[2024-12-07T17:04:52.448+0000] {logging_mixin.py:190} INFO - [2024-12-07T17:04:52.448+0000] {dag.py:4180} INFO - Setting next_dagrun for hello_airflow_demo to None, run_after=None
[2024-12-07T17:04:52.461+0000] {processor.py:208} INFO - Processing /opt/airflow/dags/Assignment-1_dags/Q2_dag.py took 0.040 seconds
[2024-12-07T18:45:06.528+0000] {processor.py:186} INFO - Started process (PID=4177) to work on /opt/airflow/dags/Assignment-1_dags/Q2_dag.py
[2024-12-07T18:45:06.529+0000] {processor.py:914} INFO - Processing file /opt/airflow/dags/Assignment-1_dags/Q2_dag.py for tasks to queue
[2024-12-07T18:45:06.530+0000] {logging_mixin.py:190} INFO - [2024-12-07T18:45:06.530+0000] {dagbag.py:588} INFO - Filling up the DagBag from /opt/airflow/dags/Assignment-1_dags/Q2_dag.py
[2024-12-07T18:45:06.535+0000] {processor.py:925} INFO - DAG(s) 'hello_airflow_demo' retrieved from /opt/airflow/dags/Assignment-1_dags/Q2_dag.py
[2024-12-07T18:45:06.549+0000] {logging_mixin.py:190} INFO - [2024-12-07T18:45:06.549+0000] {dag.py:3239} INFO - Sync 1 DAGs
[2024-12-07T18:45:06.555+0000] {logging_mixin.py:190} INFO - [2024-12-07T18:45:06.555+0000] {dag.py:4180} INFO - Setting next_dagrun for hello_airflow_demo to None, run_after=None
[2024-12-07T18:45:06.563+0000] {processor.py:208} INFO - Processing /opt/airflow/dags/Assignment-1_dags/Q2_dag.py took 0.040 seconds
[2024-12-07T20:05:50.457+0000] {processor.py:186} INFO - Started process (PID=4186) to work on /opt/airflow/dags/Assignment-1_dags/Q2_dag.py
[2024-12-07T20:05:50.457+0000] {processor.py:914} INFO - Processing file /opt/airflow/dags/Assignment-1_dags/Q2_dag.py for tasks to queue
[2024-12-07T20:05:50.459+0000] {logging_mixin.py:190} INFO - [2024-12-07T20:05:50.459+0000] {dagbag.py:588} INFO - Filling up the DagBag from /opt/airflow/dags/Assignment-1_dags/Q2_dag.py
[2024-12-07T20:05:50.464+0000] {processor.py:925} INFO - DAG(s) 'hello_airflow_demo' retrieved from /opt/airflow/dags/Assignment-1_dags/Q2_dag.py
[2024-12-07T20:05:50.477+0000] {logging_mixin.py:190} INFO - [2024-12-07T20:05:50.477+0000] {dag.py:3239} INFO - Sync 1 DAGs
[2024-12-07T20:05:50.484+0000] {logging_mixin.py:190} INFO - [2024-12-07T20:05:50.484+0000] {dag.py:4180} INFO - Setting next_dagrun for hello_airflow_demo to None, run_after=None
[2024-12-07T20:05:50.492+0000] {processor.py:208} INFO - Processing /opt/airflow/dags/Assignment-1_dags/Q2_dag.py took 0.039 seconds
[2024-12-07T21:20:51.204+0000] {processor.py:186} INFO - Started process (PID=4195) to work on /opt/airflow/dags/Assignment-1_dags/Q2_dag.py
[2024-12-07T21:20:51.206+0000] {processor.py:914} INFO - Processing file /opt/airflow/dags/Assignment-1_dags/Q2_dag.py for tasks to queue
[2024-12-07T21:20:51.208+0000] {logging_mixin.py:190} INFO - [2024-12-07T21:20:51.208+0000] {dagbag.py:588} INFO - Filling up the DagBag from /opt/airflow/dags/Assignment-1_dags/Q2_dag.py
[2024-12-07T21:20:51.218+0000] {processor.py:925} INFO - DAG(s) 'hello_airflow_demo' retrieved from /opt/airflow/dags/Assignment-1_dags/Q2_dag.py
[2024-12-07T21:20:51.266+0000] {logging_mixin.py:190} INFO - [2024-12-07T21:20:51.265+0000] {dag.py:3239} INFO - Sync 1 DAGs
[2024-12-07T21:20:51.296+0000] {logging_mixin.py:190} INFO - [2024-12-07T21:20:51.293+0000] {dag.py:4180} INFO - Setting next_dagrun for hello_airflow_demo to None, run_after=None
[2024-12-07T21:20:51.309+0000] {processor.py:208} INFO - Processing /opt/airflow/dags/Assignment-1_dags/Q2_dag.py took 0.130 seconds
[2024-12-07T23:02:14.629+0000] {processor.py:186} INFO - Started process (PID=4204) to work on /opt/airflow/dags/Assignment-1_dags/Q2_dag.py
[2024-12-07T23:02:14.629+0000] {processor.py:914} INFO - Processing file /opt/airflow/dags/Assignment-1_dags/Q2_dag.py for tasks to queue
[2024-12-07T23:02:14.631+0000] {logging_mixin.py:190} INFO - [2024-12-07T23:02:14.631+0000] {dagbag.py:588} INFO - Filling up the DagBag from /opt/airflow/dags/Assignment-1_dags/Q2_dag.py
[2024-12-07T23:02:14.638+0000] {processor.py:925} INFO - DAG(s) 'hello_airflow_demo' retrieved from /opt/airflow/dags/Assignment-1_dags/Q2_dag.py
[2024-12-07T23:02:14.652+0000] {logging_mixin.py:190} INFO - [2024-12-07T23:02:14.652+0000] {dag.py:3239} INFO - Sync 1 DAGs
[2024-12-07T23:02:14.659+0000] {logging_mixin.py:190} INFO - [2024-12-07T23:02:14.659+0000] {dag.py:4180} INFO - Setting next_dagrun for hello_airflow_demo to None, run_after=None
[2024-12-07T23:02:14.669+0000] {processor.py:208} INFO - Processing /opt/airflow/dags/Assignment-1_dags/Q2_dag.py took 0.047 seconds
