[2024-12-07T00:59:28.487+0000] {processor.py:186} INFO - Started process (PID=4050) to work on /opt/airflow/dags/Assignment-1_dags/Q3_dag.py
[2024-12-07T00:59:28.490+0000] {processor.py:914} INFO - Processing file /opt/airflow/dags/Assignment-1_dags/Q3_dag.py for tasks to queue
[2024-12-07T00:59:28.495+0000] {logging_mixin.py:190} INFO - [2024-12-07T00:59:28.494+0000] {dagbag.py:588} INFO - Filling up the DagBag from /opt/airflow/dags/Assignment-1_dags/Q3_dag.py
[2024-12-07T00:59:28.508+0000] {processor.py:925} INFO - DAG(s) 'set_and_read_airflow_variable' retrieved from /opt/airflow/dags/Assignment-1_dags/Q3_dag.py
[2024-12-07T00:59:28.530+0000] {logging_mixin.py:190} INFO - [2024-12-07T00:59:28.530+0000] {dag.py:3239} INFO - Sync 1 DAGs
[2024-12-07T00:59:28.538+0000] {logging_mixin.py:190} INFO - [2024-12-07T00:59:28.538+0000] {dag.py:4180} INFO - Setting next_dagrun for set_and_read_airflow_variable to None, run_after=None
[2024-12-07T00:59:28.553+0000] {processor.py:208} INFO - Processing /opt/airflow/dags/Assignment-1_dags/Q3_dag.py took 0.073 seconds
[2024-12-07T02:23:38.095+0000] {processor.py:186} INFO - Started process (PID=4059) to work on /opt/airflow/dags/Assignment-1_dags/Q3_dag.py
[2024-12-07T02:23:38.097+0000] {processor.py:914} INFO - Processing file /opt/airflow/dags/Assignment-1_dags/Q3_dag.py for tasks to queue
[2024-12-07T02:23:38.109+0000] {logging_mixin.py:190} INFO - [2024-12-07T02:23:38.108+0000] {dagbag.py:588} INFO - Filling up the DagBag from /opt/airflow/dags/Assignment-1_dags/Q3_dag.py
[2024-12-07T02:23:38.135+0000] {processor.py:925} INFO - DAG(s) 'set_and_read_airflow_variable' retrieved from /opt/airflow/dags/Assignment-1_dags/Q3_dag.py
[2024-12-07T02:23:38.160+0000] {logging_mixin.py:190} INFO - [2024-12-07T02:23:38.160+0000] {dag.py:3239} INFO - Sync 1 DAGs
[2024-12-07T02:23:38.180+0000] {logging_mixin.py:190} INFO - [2024-12-07T02:23:38.180+0000] {dag.py:4180} INFO - Setting next_dagrun for set_and_read_airflow_variable to None, run_after=None
[2024-12-07T02:23:38.199+0000] {processor.py:208} INFO - Processing /opt/airflow/dags/Assignment-1_dags/Q3_dag.py took 0.111 seconds
[2024-12-07T04:04:49.558+0000] {processor.py:186} INFO - Started process (PID=4068) to work on /opt/airflow/dags/Assignment-1_dags/Q3_dag.py
[2024-12-07T04:04:49.560+0000] {processor.py:914} INFO - Processing file /opt/airflow/dags/Assignment-1_dags/Q3_dag.py for tasks to queue
[2024-12-07T04:04:49.565+0000] {logging_mixin.py:190} INFO - [2024-12-07T04:04:49.564+0000] {dagbag.py:588} INFO - Filling up the DagBag from /opt/airflow/dags/Assignment-1_dags/Q3_dag.py
[2024-12-07T04:04:49.578+0000] {processor.py:925} INFO - DAG(s) 'set_and_read_airflow_variable' retrieved from /opt/airflow/dags/Assignment-1_dags/Q3_dag.py
[2024-12-07T04:04:49.601+0000] {logging_mixin.py:190} INFO - [2024-12-07T04:04:49.601+0000] {dag.py:3239} INFO - Sync 1 DAGs
[2024-12-07T04:04:49.617+0000] {logging_mixin.py:190} INFO - [2024-12-07T04:04:49.616+0000] {dag.py:4180} INFO - Setting next_dagrun for set_and_read_airflow_variable to None, run_after=None
[2024-12-07T04:04:49.641+0000] {processor.py:208} INFO - Processing /opt/airflow/dags/Assignment-1_dags/Q3_dag.py took 0.099 seconds
[2024-12-07T05:13:24.832+0000] {processor.py:186} INFO - Started process (PID=4077) to work on /opt/airflow/dags/Assignment-1_dags/Q3_dag.py
[2024-12-07T05:13:24.833+0000] {processor.py:914} INFO - Processing file /opt/airflow/dags/Assignment-1_dags/Q3_dag.py for tasks to queue
[2024-12-07T05:13:24.837+0000] {logging_mixin.py:190} INFO - [2024-12-07T05:13:24.837+0000] {dagbag.py:588} INFO - Filling up the DagBag from /opt/airflow/dags/Assignment-1_dags/Q3_dag.py
[2024-12-07T05:13:24.850+0000] {processor.py:925} INFO - DAG(s) 'set_and_read_airflow_variable' retrieved from /opt/airflow/dags/Assignment-1_dags/Q3_dag.py
[2024-12-07T05:13:24.890+0000] {logging_mixin.py:190} INFO - [2024-12-07T05:13:24.889+0000] {dag.py:3239} INFO - Sync 1 DAGs
[2024-12-07T05:13:24.908+0000] {logging_mixin.py:190} INFO - [2024-12-07T05:13:24.908+0000] {dag.py:4180} INFO - Setting next_dagrun for set_and_read_airflow_variable to None, run_after=None
[2024-12-07T05:13:24.922+0000] {processor.py:208} INFO - Processing /opt/airflow/dags/Assignment-1_dags/Q3_dag.py took 0.097 seconds
[2024-12-07T06:34:21.147+0000] {processor.py:186} INFO - Started process (PID=4086) to work on /opt/airflow/dags/Assignment-1_dags/Q3_dag.py
[2024-12-07T06:34:21.148+0000] {processor.py:914} INFO - Processing file /opt/airflow/dags/Assignment-1_dags/Q3_dag.py for tasks to queue
[2024-12-07T06:34:21.151+0000] {logging_mixin.py:190} INFO - [2024-12-07T06:34:21.151+0000] {dagbag.py:588} INFO - Filling up the DagBag from /opt/airflow/dags/Assignment-1_dags/Q3_dag.py
[2024-12-07T06:34:21.165+0000] {processor.py:925} INFO - DAG(s) 'set_and_read_airflow_variable' retrieved from /opt/airflow/dags/Assignment-1_dags/Q3_dag.py
[2024-12-07T06:34:21.185+0000] {logging_mixin.py:190} INFO - [2024-12-07T06:34:21.185+0000] {dag.py:3239} INFO - Sync 1 DAGs
[2024-12-07T06:34:21.197+0000] {logging_mixin.py:190} INFO - [2024-12-07T06:34:21.197+0000] {dag.py:4180} INFO - Setting next_dagrun for set_and_read_airflow_variable to None, run_after=None
[2024-12-07T06:34:21.212+0000] {processor.py:208} INFO - Processing /opt/airflow/dags/Assignment-1_dags/Q3_dag.py took 0.072 seconds
[2024-12-07T07:42:17.688+0000] {processor.py:186} INFO - Started process (PID=4095) to work on /opt/airflow/dags/Assignment-1_dags/Q3_dag.py
[2024-12-07T07:42:17.690+0000] {processor.py:914} INFO - Processing file /opt/airflow/dags/Assignment-1_dags/Q3_dag.py for tasks to queue
[2024-12-07T07:42:17.692+0000] {logging_mixin.py:190} INFO - [2024-12-07T07:42:17.692+0000] {dagbag.py:588} INFO - Filling up the DagBag from /opt/airflow/dags/Assignment-1_dags/Q3_dag.py
[2024-12-07T07:42:17.705+0000] {processor.py:925} INFO - DAG(s) 'set_and_read_airflow_variable' retrieved from /opt/airflow/dags/Assignment-1_dags/Q3_dag.py
[2024-12-07T07:42:17.738+0000] {logging_mixin.py:190} INFO - [2024-12-07T07:42:17.738+0000] {dag.py:3239} INFO - Sync 1 DAGs
[2024-12-07T07:42:17.758+0000] {logging_mixin.py:190} INFO - [2024-12-07T07:42:17.758+0000] {dag.py:4180} INFO - Setting next_dagrun for set_and_read_airflow_variable to None, run_after=None
[2024-12-07T07:42:17.771+0000] {processor.py:208} INFO - Processing /opt/airflow/dags/Assignment-1_dags/Q3_dag.py took 0.090 seconds
[2024-12-07T08:47:02.953+0000] {processor.py:186} INFO - Started process (PID=4104) to work on /opt/airflow/dags/Assignment-1_dags/Q3_dag.py
[2024-12-07T08:47:02.956+0000] {processor.py:914} INFO - Processing file /opt/airflow/dags/Assignment-1_dags/Q3_dag.py for tasks to queue
[2024-12-07T08:47:02.960+0000] {logging_mixin.py:190} INFO - [2024-12-07T08:47:02.960+0000] {dagbag.py:588} INFO - Filling up the DagBag from /opt/airflow/dags/Assignment-1_dags/Q3_dag.py
[2024-12-07T08:47:02.971+0000] {processor.py:925} INFO - DAG(s) 'set_and_read_airflow_variable' retrieved from /opt/airflow/dags/Assignment-1_dags/Q3_dag.py
[2024-12-07T08:47:02.990+0000] {logging_mixin.py:190} INFO - [2024-12-07T08:47:02.990+0000] {dag.py:3239} INFO - Sync 1 DAGs
[2024-12-07T08:47:02.999+0000] {logging_mixin.py:190} INFO - [2024-12-07T08:47:02.999+0000] {dag.py:4180} INFO - Setting next_dagrun for set_and_read_airflow_variable to None, run_after=None
[2024-12-07T08:47:03.012+0000] {processor.py:208} INFO - Processing /opt/airflow/dags/Assignment-1_dags/Q3_dag.py took 0.065 seconds
[2024-12-07T10:22:46.300+0000] {processor.py:186} INFO - Started process (PID=4113) to work on /opt/airflow/dags/Assignment-1_dags/Q3_dag.py
[2024-12-07T10:22:46.301+0000] {processor.py:914} INFO - Processing file /opt/airflow/dags/Assignment-1_dags/Q3_dag.py for tasks to queue
[2024-12-07T10:22:46.303+0000] {logging_mixin.py:190} INFO - [2024-12-07T10:22:46.303+0000] {dagbag.py:588} INFO - Filling up the DagBag from /opt/airflow/dags/Assignment-1_dags/Q3_dag.py
[2024-12-07T10:22:46.318+0000] {processor.py:925} INFO - DAG(s) 'set_and_read_airflow_variable' retrieved from /opt/airflow/dags/Assignment-1_dags/Q3_dag.py
[2024-12-07T10:22:46.341+0000] {logging_mixin.py:190} INFO - [2024-12-07T10:22:46.341+0000] {dag.py:3239} INFO - Sync 1 DAGs
[2024-12-07T10:22:46.355+0000] {logging_mixin.py:190} INFO - [2024-12-07T10:22:46.355+0000] {dag.py:4180} INFO - Setting next_dagrun for set_and_read_airflow_variable to None, run_after=None
[2024-12-07T10:22:46.367+0000] {processor.py:208} INFO - Processing /opt/airflow/dags/Assignment-1_dags/Q3_dag.py took 0.073 seconds
[2024-12-07T10:30:52.090+0000] {processor.py:186} INFO - Started process (PID=4122) to work on /opt/airflow/dags/Assignment-1_dags/Q3_dag.py
[2024-12-07T10:30:52.093+0000] {processor.py:914} INFO - Processing file /opt/airflow/dags/Assignment-1_dags/Q3_dag.py for tasks to queue
[2024-12-07T10:30:52.095+0000] {logging_mixin.py:190} INFO - [2024-12-07T10:30:52.095+0000] {dagbag.py:588} INFO - Filling up the DagBag from /opt/airflow/dags/Assignment-1_dags/Q3_dag.py
[2024-12-07T10:30:52.107+0000] {processor.py:925} INFO - DAG(s) 'set_and_read_airflow_variable' retrieved from /opt/airflow/dags/Assignment-1_dags/Q3_dag.py
[2024-12-07T10:30:52.129+0000] {logging_mixin.py:190} INFO - [2024-12-07T10:30:52.129+0000] {dag.py:3239} INFO - Sync 1 DAGs
[2024-12-07T10:30:52.140+0000] {logging_mixin.py:190} INFO - [2024-12-07T10:30:52.140+0000] {dag.py:4180} INFO - Setting next_dagrun for set_and_read_airflow_variable to None, run_after=None
[2024-12-07T10:30:52.154+0000] {processor.py:208} INFO - Processing /opt/airflow/dags/Assignment-1_dags/Q3_dag.py took 0.070 seconds
[2024-12-07T11:20:45.085+0000] {processor.py:186} INFO - Started process (PID=4131) to work on /opt/airflow/dags/Assignment-1_dags/Q3_dag.py
[2024-12-07T11:20:45.087+0000] {processor.py:914} INFO - Processing file /opt/airflow/dags/Assignment-1_dags/Q3_dag.py for tasks to queue
[2024-12-07T11:20:45.091+0000] {logging_mixin.py:190} INFO - [2024-12-07T11:20:45.090+0000] {dagbag.py:588} INFO - Filling up the DagBag from /opt/airflow/dags/Assignment-1_dags/Q3_dag.py
[2024-12-07T11:20:45.104+0000] {processor.py:925} INFO - DAG(s) 'set_and_read_airflow_variable' retrieved from /opt/airflow/dags/Assignment-1_dags/Q3_dag.py
[2024-12-07T11:20:45.124+0000] {logging_mixin.py:190} INFO - [2024-12-07T11:20:45.124+0000] {dag.py:3239} INFO - Sync 1 DAGs
[2024-12-07T11:20:45.134+0000] {logging_mixin.py:190} INFO - [2024-12-07T11:20:45.134+0000] {dag.py:4180} INFO - Setting next_dagrun for set_and_read_airflow_variable to None, run_after=None
[2024-12-07T11:20:45.144+0000] {processor.py:208} INFO - Processing /opt/airflow/dags/Assignment-1_dags/Q3_dag.py took 0.065 seconds
[2024-12-07T12:35:15.781+0000] {processor.py:186} INFO - Started process (PID=4140) to work on /opt/airflow/dags/Assignment-1_dags/Q3_dag.py
[2024-12-07T12:35:15.783+0000] {processor.py:914} INFO - Processing file /opt/airflow/dags/Assignment-1_dags/Q3_dag.py for tasks to queue
[2024-12-07T12:35:15.787+0000] {logging_mixin.py:190} INFO - [2024-12-07T12:35:15.787+0000] {dagbag.py:588} INFO - Filling up the DagBag from /opt/airflow/dags/Assignment-1_dags/Q3_dag.py
[2024-12-07T12:35:15.796+0000] {processor.py:925} INFO - DAG(s) 'set_and_read_airflow_variable' retrieved from /opt/airflow/dags/Assignment-1_dags/Q3_dag.py
[2024-12-07T12:35:15.813+0000] {logging_mixin.py:190} INFO - [2024-12-07T12:35:15.813+0000] {dag.py:3239} INFO - Sync 1 DAGs
[2024-12-07T12:35:15.820+0000] {logging_mixin.py:190} INFO - [2024-12-07T12:35:15.820+0000] {dag.py:4180} INFO - Setting next_dagrun for set_and_read_airflow_variable to None, run_after=None
[2024-12-07T12:35:15.832+0000] {processor.py:208} INFO - Processing /opt/airflow/dags/Assignment-1_dags/Q3_dag.py took 0.056 seconds
[2024-12-07T14:00:57.638+0000] {processor.py:186} INFO - Started process (PID=4149) to work on /opt/airflow/dags/Assignment-1_dags/Q3_dag.py
[2024-12-07T14:00:57.642+0000] {processor.py:914} INFO - Processing file /opt/airflow/dags/Assignment-1_dags/Q3_dag.py for tasks to queue
[2024-12-07T14:00:57.647+0000] {logging_mixin.py:190} INFO - [2024-12-07T14:00:57.646+0000] {dagbag.py:588} INFO - Filling up the DagBag from /opt/airflow/dags/Assignment-1_dags/Q3_dag.py
[2024-12-07T14:00:57.669+0000] {processor.py:925} INFO - DAG(s) 'set_and_read_airflow_variable' retrieved from /opt/airflow/dags/Assignment-1_dags/Q3_dag.py
[2024-12-07T14:00:57.719+0000] {logging_mixin.py:190} INFO - [2024-12-07T14:00:57.719+0000] {dag.py:3239} INFO - Sync 1 DAGs
[2024-12-07T14:00:57.963+0000] {logging_mixin.py:190} INFO - [2024-12-07T14:00:57.963+0000] {dag.py:4180} INFO - Setting next_dagrun for set_and_read_airflow_variable to None, run_after=None
[2024-12-07T14:00:58.077+0000] {processor.py:208} INFO - Processing /opt/airflow/dags/Assignment-1_dags/Q3_dag.py took 0.459 seconds
[2024-12-07T15:40:11.394+0000] {processor.py:186} INFO - Started process (PID=4158) to work on /opt/airflow/dags/Assignment-1_dags/Q3_dag.py
[2024-12-07T15:40:11.395+0000] {processor.py:914} INFO - Processing file /opt/airflow/dags/Assignment-1_dags/Q3_dag.py for tasks to queue
[2024-12-07T15:40:11.399+0000] {logging_mixin.py:190} INFO - [2024-12-07T15:40:11.399+0000] {dagbag.py:588} INFO - Filling up the DagBag from /opt/airflow/dags/Assignment-1_dags/Q3_dag.py
[2024-12-07T15:40:11.413+0000] {processor.py:925} INFO - DAG(s) 'set_and_read_airflow_variable' retrieved from /opt/airflow/dags/Assignment-1_dags/Q3_dag.py
[2024-12-07T15:40:11.445+0000] {logging_mixin.py:190} INFO - [2024-12-07T15:40:11.445+0000] {dag.py:3239} INFO - Sync 1 DAGs
[2024-12-07T15:40:11.458+0000] {logging_mixin.py:190} INFO - [2024-12-07T15:40:11.458+0000] {dag.py:4180} INFO - Setting next_dagrun for set_and_read_airflow_variable to None, run_after=None
[2024-12-07T15:40:11.473+0000] {processor.py:208} INFO - Processing /opt/airflow/dags/Assignment-1_dags/Q3_dag.py took 0.086 seconds
[2024-12-07T17:04:52.307+0000] {processor.py:186} INFO - Started process (PID=4167) to work on /opt/airflow/dags/Assignment-1_dags/Q3_dag.py
[2024-12-07T17:04:52.310+0000] {processor.py:914} INFO - Processing file /opt/airflow/dags/Assignment-1_dags/Q3_dag.py for tasks to queue
[2024-12-07T17:04:52.312+0000] {logging_mixin.py:190} INFO - [2024-12-07T17:04:52.312+0000] {dagbag.py:588} INFO - Filling up the DagBag from /opt/airflow/dags/Assignment-1_dags/Q3_dag.py
[2024-12-07T17:04:52.344+0000] {processor.py:925} INFO - DAG(s) 'set_and_read_airflow_variable' retrieved from /opt/airflow/dags/Assignment-1_dags/Q3_dag.py
[2024-12-07T17:04:52.381+0000] {logging_mixin.py:190} INFO - [2024-12-07T17:04:52.381+0000] {dag.py:3239} INFO - Sync 1 DAGs
[2024-12-07T17:04:52.396+0000] {logging_mixin.py:190} INFO - [2024-12-07T17:04:52.396+0000] {dag.py:4180} INFO - Setting next_dagrun for set_and_read_airflow_variable to None, run_after=None
[2024-12-07T17:04:52.411+0000] {processor.py:208} INFO - Processing /opt/airflow/dags/Assignment-1_dags/Q3_dag.py took 0.110 seconds
[2024-12-07T18:45:06.416+0000] {processor.py:186} INFO - Started process (PID=4176) to work on /opt/airflow/dags/Assignment-1_dags/Q3_dag.py
[2024-12-07T18:45:06.418+0000] {processor.py:914} INFO - Processing file /opt/airflow/dags/Assignment-1_dags/Q3_dag.py for tasks to queue
[2024-12-07T18:45:06.420+0000] {logging_mixin.py:190} INFO - [2024-12-07T18:45:06.420+0000] {dagbag.py:588} INFO - Filling up the DagBag from /opt/airflow/dags/Assignment-1_dags/Q3_dag.py
[2024-12-07T18:45:06.450+0000] {processor.py:925} INFO - DAG(s) 'set_and_read_airflow_variable' retrieved from /opt/airflow/dags/Assignment-1_dags/Q3_dag.py
[2024-12-07T18:45:06.477+0000] {logging_mixin.py:190} INFO - [2024-12-07T18:45:06.477+0000] {dag.py:3239} INFO - Sync 1 DAGs
[2024-12-07T18:45:06.498+0000] {logging_mixin.py:190} INFO - [2024-12-07T18:45:06.498+0000] {dag.py:4180} INFO - Setting next_dagrun for set_and_read_airflow_variable to None, run_after=None
[2024-12-07T18:45:06.512+0000] {processor.py:208} INFO - Processing /opt/airflow/dags/Assignment-1_dags/Q3_dag.py took 0.104 seconds
[2024-12-07T20:05:50.324+0000] {processor.py:186} INFO - Started process (PID=4185) to work on /opt/airflow/dags/Assignment-1_dags/Q3_dag.py
[2024-12-07T20:05:50.325+0000] {processor.py:914} INFO - Processing file /opt/airflow/dags/Assignment-1_dags/Q3_dag.py for tasks to queue
[2024-12-07T20:05:50.331+0000] {logging_mixin.py:190} INFO - [2024-12-07T20:05:50.330+0000] {dagbag.py:588} INFO - Filling up the DagBag from /opt/airflow/dags/Assignment-1_dags/Q3_dag.py
[2024-12-07T20:05:50.351+0000] {processor.py:925} INFO - DAG(s) 'set_and_read_airflow_variable' retrieved from /opt/airflow/dags/Assignment-1_dags/Q3_dag.py
[2024-12-07T20:05:50.383+0000] {logging_mixin.py:190} INFO - [2024-12-07T20:05:50.383+0000] {dag.py:3239} INFO - Sync 1 DAGs
[2024-12-07T20:05:50.413+0000] {logging_mixin.py:190} INFO - [2024-12-07T20:05:50.413+0000] {dag.py:4180} INFO - Setting next_dagrun for set_and_read_airflow_variable to None, run_after=None
[2024-12-07T20:05:50.441+0000] {processor.py:208} INFO - Processing /opt/airflow/dags/Assignment-1_dags/Q3_dag.py took 0.149 seconds
[2024-12-07T21:20:50.723+0000] {processor.py:186} INFO - Started process (PID=4194) to work on /opt/airflow/dags/Assignment-1_dags/Q3_dag.py
[2024-12-07T21:20:50.725+0000] {processor.py:914} INFO - Processing file /opt/airflow/dags/Assignment-1_dags/Q3_dag.py for tasks to queue
[2024-12-07T21:20:50.734+0000] {logging_mixin.py:190} INFO - [2024-12-07T21:20:50.734+0000] {dagbag.py:588} INFO - Filling up the DagBag from /opt/airflow/dags/Assignment-1_dags/Q3_dag.py
[2024-12-07T21:20:50.762+0000] {processor.py:925} INFO - DAG(s) 'set_and_read_airflow_variable' retrieved from /opt/airflow/dags/Assignment-1_dags/Q3_dag.py
[2024-12-07T21:20:51.042+0000] {logging_mixin.py:190} INFO - [2024-12-07T21:20:51.041+0000] {dag.py:3239} INFO - Sync 1 DAGs
[2024-12-07T21:20:51.131+0000] {logging_mixin.py:190} INFO - [2024-12-07T21:20:51.131+0000] {dag.py:4180} INFO - Setting next_dagrun for set_and_read_airflow_variable to None, run_after=None
[2024-12-07T21:20:51.163+0000] {processor.py:208} INFO - Processing /opt/airflow/dags/Assignment-1_dags/Q3_dag.py took 0.467 seconds
[2024-12-07T23:02:14.509+0000] {processor.py:186} INFO - Started process (PID=4203) to work on /opt/airflow/dags/Assignment-1_dags/Q3_dag.py
[2024-12-07T23:02:14.512+0000] {processor.py:914} INFO - Processing file /opt/airflow/dags/Assignment-1_dags/Q3_dag.py for tasks to queue
[2024-12-07T23:02:14.519+0000] {logging_mixin.py:190} INFO - [2024-12-07T23:02:14.519+0000] {dagbag.py:588} INFO - Filling up the DagBag from /opt/airflow/dags/Assignment-1_dags/Q3_dag.py
[2024-12-07T23:02:14.540+0000] {processor.py:925} INFO - DAG(s) 'set_and_read_airflow_variable' retrieved from /opt/airflow/dags/Assignment-1_dags/Q3_dag.py
[2024-12-07T23:02:14.564+0000] {logging_mixin.py:190} INFO - [2024-12-07T23:02:14.564+0000] {dag.py:3239} INFO - Sync 1 DAGs
[2024-12-07T23:02:14.590+0000] {logging_mixin.py:190} INFO - [2024-12-07T23:02:14.590+0000] {dag.py:4180} INFO - Setting next_dagrun for set_and_read_airflow_variable to None, run_after=None
[2024-12-07T23:02:14.607+0000] {processor.py:208} INFO - Processing /opt/airflow/dags/Assignment-1_dags/Q3_dag.py took 0.115 seconds
